3616
44, 196, 49, 197
28, 234, 39, 234
64, 220, 75, 220
163, 17, 164, 22
20, 129, 24, 130
2, 12, 6, 13
162, 13, 166, 14
79, 66, 90, 66
183, 232, 184, 237
103, 124, 111, 124
46, 50, 57, 50
12, 41, 17, 42
168, 103, 172, 104
57, 136, 65, 136
150, 100, 161, 100
141, 104, 148, 104
19, 247, 27, 247
111, 91, 114, 92
132, 27, 139, 27
49, 241, 57, 241
115, 118, 124, 118
137, 140, 144, 140
3, 75, 10, 75
84, 54, 91, 54
7, 28, 17, 28
7, 217, 10, 219
138, 15, 138, 26
67, 68, 70, 70
139, 148, 144, 149
187, 221, 187, 231
82, 30, 86, 31
79, 175, 89, 175
133, 154, 141, 154
126, 205, 134, 205
22, 227, 23, 230
60, 55, 70, 55
94, 214, 97, 216
96, 69, 107, 69
80, 3, 90, 3
106, 54, 113, 54
58, 195, 69, 195
149, 123, 157, 123
165, 22, 176, 22
83, 243, 94, 243
25, 104, 25, 111
25, 245, 35, 245
7, 67, 9, 70
181, 137, 191, 137
126, 93, 133, 93
29, 156, 31, 159
10, 182, 18, 182
77, 155, 81, 156
14, 222, 19, 223
155, 237, 162, 237
151, 212, 152, 217
18, 173, 28, 173
75, 191, 84, 191
154, 33, 165, 33
84, 212, 95, 212
179, 151, 187, 151
153, 61, 162, 61
114, 28, 118, 29
183, 113, 191, 113
1, 44, 10, 44
181, 186, 186, 187
82, 115, 93, 115
2, 115, 6, 116
10, 48, 11, 53
58, 53, 63, 54
148, 226, 153, 227
72, 195, 81, 195
47, 206, 49, 208
125, 59, 130, 60
75, 166, 84, 166
55, 43, 66, 43
79, 118, 88, 118
161, 15, 169, 15
34, 247, 45, 247
128, 54, 137, 54
81, 237, 90, 237
121, 245, 123, 248
121, 67, 122, 72
104, 172, 112, 172
123, 72, 134, 72
162, 163, 163, 167
177, 58, 188, 58
157, 208, 167, 208
164, 225, 167, 227
1, 65, 10, 65
3, 179, 13, 179
141, 210, 150, 210
9, 236, 11, 239
143, 187, 147, 188
2, 94, 5, 96
162, 239, 173, 239
39, 76, 42, 78
176, 235, 176, 244
0, 17, 4, 18
25, 166, 36, 166
100, 177, 105, 178
68, 214, 79, 214
136, 237, 138, 239
107, 239, 111, 240
163, 138, 172, 138
119, 95, 124, 96
88, 60, 92, 61
55, 220, 58, 222
57, 34, 67, 34
43, 161, 52, 161
150, 36, 160, 36
87, 165, 96, 165
58, 211, 69, 211
162, 207, 171, 207
116, 126, 118, 129
101, 43, 102, 48
50, 178, 60, 178
8, 248, 19, 248
147, 126, 157, 126
167, 127, 171, 128
134, 111, 135, 115
3, 92, 7, 93
78, 109, 89, 109
32, 37, 40, 37
153, 174, 157, 175
53, 97, 56, 99
131, 211, 134, 213
38, 163, 47, 163
14, 121, 21, 121
171, 44, 181, 44
192, 77, 196, 78
91, 219, 94, 221
130, 106, 141, 106
118, 19, 127, 19
93, 74, 96, 75
90, 78, 91, 83
40, 132, 40, 142
151, 198, 155, 199
121, 110, 129, 110
69, 114, 78, 114
136, 60, 139, 61
102, 209, 113, 209
6, 56, 15, 56
4, 106, 14, 106
149, 184, 156, 184
121, 144, 131, 144
56, 162, 61, 163
171, 231, 179, 231
103, 223, 113, 223
27, 40, 30, 42
70, 153, 81, 153
142, 234, 145, 236
182, 163, 185, 164
27, 93, 36, 93
87, 110, 89, 113
43, 65, 44, 69
37, 226, 45, 226
125, 4, 136, 4
193, 220, 198, 221
187, 106, 197, 106
2, 233, 12, 233
186, 90, 193, 90
99, 94, 106, 94
94, 167, 104, 167
55, 214, 62, 214
40, 174, 40, 185
97, 187, 102, 188
63, 27, 67, 28
164, 63, 173, 63
88, 181, 88, 190
140, 74, 141, 79
50, 182, 53, 184
190, 156, 197, 156
167, 221, 178, 221
64, 124, 68, 125
38, 90, 47, 90
138, 159, 139, 164
131, 101, 132, 105
141, 190, 148, 190
47, 124, 58, 124
86, 91, 87, 96
152, 183, 162, 183
147, 196, 155, 196
32, 115, 43, 115
93, 90, 102, 90
163, 102, 173, 102
134, 118, 141, 118
111, 231, 122, 231
21, 237, 32, 237
53, 235, 63, 235
115, 180, 126, 180
31, 231, 42, 231
60, 7, 68, 7
184, 61, 187, 63
11, 12, 22, 12
92, 62, 103, 62
74, 203, 83, 203
58, 5, 62, 6
114, 18, 117, 20
3, 113, 14, 113
75, 0, 86, 0
123, 150, 133, 150
90, 96, 101, 96
138, 102, 145, 102
131, 200, 140, 200
169, 187, 170, 191
77, 45, 78, 50
102, 42, 113, 42
142, 109, 152, 109
8, 55, 16, 55
62, 241, 72, 241
191, 56, 195, 57
169, 83, 180, 83
0, 229, 9, 229
140, 247, 147, 247
11, 160, 21, 160
123, 63, 131, 63
126, 137, 134, 137
45, 116, 56, 116
76, 14, 81, 15
0, 27, 8, 27
62, 57, 67, 58
2, 132, 4, 135
140, 124, 151, 124
170, 9, 181, 9
1, 161, 9, 161
174, 173, 181, 173
167, 26, 177, 26
65, 54, 75, 54
71, 178, 82, 178
61, 193, 70, 193
98, 189, 106, 189
127, 71, 138, 71
87, 205, 88, 210
155, 202, 157, 204
151, 24, 160, 24
110, 107, 121, 107
63, 93, 72, 93
151, 30, 161, 30
164, 240, 174, 240
98, 173, 102, 174
137, 80, 142, 81
21, 206, 31, 206
185, 131, 186, 136
100, 30, 102, 33
34, 157, 45, 157
3, 89, 13, 89
162, 8, 170, 8
26, 195, 28, 197
103, 86, 106, 87
106, 125, 107, 130
189, 179, 198, 179
63, 17, 74, 17
77, 6, 85, 6
38, 248, 45, 248
92, 102, 99, 102
96, 137, 104, 137
44, 238, 55, 238
91, 170, 102, 170
2, 120, 13, 120
0, 102, 11, 102
186, 112, 196, 112
72, 59, 81, 59
46, 191, 51, 192
48, 170, 51, 172
57, 151, 60, 153
119, 76, 119, 86
86, 228, 96, 228
117, 212, 125, 212
87, 161, 98, 161
3, 61, 7, 62
124, 66, 135, 66
65, 245, 73, 245
190, 68, 195, 69
140, 199, 147, 199
8, 32, 13, 33
184, 161, 188, 162
73, 172, 78, 173
153, 104, 156, 106
157, 64, 165, 64
141, 58, 150, 58
193, 21, 193, 30
107, 222, 118, 222
188, 32, 193, 33
153, 232, 162, 232
45, 40, 45, 47
184, 197, 195, 197
132, 58, 135, 60
167, 125, 175, 125
148, 179, 153, 180
62, 76, 69, 76
50, 23, 53, 25
159, 38, 167, 38
15, 197, 16, 200
132, 216, 141, 216
147, 68, 155, 68
24, 238, 35, 238
75, 217, 86, 217
156, 168, 159, 170
102, 245, 106, 246
184, 0, 192, 0
152, 95, 161, 95
189, 163, 198, 163
159, 160, 168, 160
141, 177, 152, 177
165, 165, 168, 166
93, 203, 104, 203
121, 58, 129, 58
61, 218, 66, 219
13, 110, 16, 111
22, 31, 31, 31
143, 67, 146, 68
23, 152, 28, 153
174, 107, 185, 107
19, 84, 27, 84
178, 55, 186, 55
147, 21, 156, 21
143, 31, 153, 31
38, 194, 45, 194
107, 37, 118, 37
43, 91, 48, 92
48, 229, 59, 229
161, 197, 163, 200
85, 240, 88, 242
45, 110, 52, 110
9, 187, 18, 187
128, 217, 133, 218
145, 41, 154, 41
93, 26, 95, 29
24, 12, 32, 12
151, 230, 156, 231
184, 115, 194, 115
20, 132, 28, 132
21, 114, 28, 114
34, 73, 45, 73
56, 204, 64, 204
110, 14, 121, 14
125, 8, 126, 13
157, 44, 160, 45
82, 21, 90, 21
67, 235, 78, 235
28, 75, 30, 78
135, 129, 139, 130
50, 162, 51, 167
68, 20, 77, 20
117, 209, 119, 211
18, 74, 21, 76
168, 88, 169, 93
12, 102, 16, 103
21, 70, 32, 70
184, 64, 194, 64
154, 8, 161, 8
66, 107, 77, 107
104, 25, 106, 28
187, 206, 195, 206
37, 224, 47, 224
133, 117, 142, 117
182, 33, 187, 34
86, 55, 97, 55
117, 217, 126, 217
127, 34, 138, 34
151, 166, 158, 166
49, 148, 57, 148
27, 95, 29, 98
56, 227, 65, 227
125, 26, 136, 26
23, 124, 26, 126
108, 212, 111, 214
55, 161, 55, 171
127, 141, 132, 142
110, 118, 114, 119
160, 58, 170, 58
99, 59, 109, 59
184, 123, 189, 124
182, 109, 186, 110
171, 216, 172, 219
44, 220, 53, 220
17, 14, 27, 14
30, 204, 39, 204
113, 205, 123, 205
57, 145, 68, 145
139, 240, 144, 241
113, 120, 122, 120
24, 243, 34, 243
33, 144, 36, 145
3, 203, 13, 203
55, 57, 58, 59
134, 100, 139, 101
71, 126, 82, 126
191, 207, 195, 208
179, 108, 180, 113
4, 209, 9, 210
122, 157, 133, 157
105, 40, 110, 41
169, 111, 172, 113
109, 200, 118, 200
145, 4, 153, 4
103, 230, 112, 230
3, 243, 6, 245
169, 77, 176, 77
158, 190, 161, 192
12, 112, 23, 112
2, 111, 7, 112
30, 61, 35, 62
170, 152, 181, 152
82, 83, 87, 84
166, 0, 177, 0
43, 58, 46, 59
185, 71, 196, 71
26, 56, 31, 57
9, 222, 10, 226
113, 187, 122, 187
157, 69, 166, 69
31, 72, 40, 72
173, 200, 183, 200
110, 55, 121, 55
155, 79, 166, 79
62, 111, 71, 111
0, 246, 9, 246
187, 146, 190, 148
61, 80, 66, 81
84, 153, 94, 153
149, 117, 151, 120
93, 147, 101, 147
33, 32, 44, 32
20, 43, 23, 44
60, 29, 69, 29
111, 106, 119, 106
1, 57, 12, 57
157, 60, 166, 60
174, 73, 175, 76
56, 36, 66, 36
133, 13, 138, 14
174, 118, 185, 118
181, 182, 192, 182
29, 64, 38, 64
157, 150, 166, 150
54, 18, 59, 19
141, 89, 149, 89
173, 13, 178, 14
46, 111, 51, 112
65, 60, 68, 62
157, 86, 168, 86
95, 72, 105, 72
28, 244, 35, 244
15, 11, 25, 11
169, 47, 176, 47
42, 137, 52, 137
127, 20, 137, 20
96, 52, 104, 52
75, 57, 80, 58
166, 220, 174, 220
183, 125, 193, 125
39, 39, 48, 39
114, 208, 116, 210
125, 80, 128, 82
117, 148, 127, 148
34, 170, 34, 181
176, 99, 181, 100
43, 61, 53, 61
22, 34, 24, 37
163, 3, 174, 3
88, 105, 97, 105
153, 146, 160, 146
50, 69, 61, 69
82, 69, 92, 69
170, 234, 178, 234
41, 94, 41, 104
36, 106, 46, 106
179, 97, 187, 97
153, 115, 158, 116
99, 115, 109, 115
58, 113, 63, 114
92, 93, 102, 93
34, 109, 39, 110
54, 61, 64, 61
23, 211, 24, 214
114, 148, 115, 153
138, 87, 138, 95
190, 149, 198, 149
2, 170, 13, 170
2, 8, 11, 8
99, 13, 110, 13
89, 121, 94, 122
159, 241, 166, 241
8, 119, 19, 119
189, 22, 192, 24
12, 67, 23, 67
11, 73, 19, 73
138, 232, 149, 232
10, 98, 20, 98
60, 157, 62, 160
76, 105, 87, 105
187, 39, 194, 39
97, 143, 106, 143
82, 149, 91, 149
160, 80, 164, 81
137, 57, 147, 57
60, 229, 63, 230
145, 51, 149, 52
44, 158, 55, 158
176, 73, 184, 73
14, 105, 23, 105
176, 185, 186, 185
175, 171, 185, 171
7, 18, 15, 18
13, 13, 23, 13
48, 32, 51, 34
164, 186, 174, 186
136, 176, 147, 176
32, 26, 34, 29
95, 70, 106, 70
31, 82, 42, 82
99, 106, 100, 111
103, 123, 114, 123
169, 132, 174, 133
82, 72, 91, 72
152, 178, 160, 178
65, 98, 74, 98
23, 119, 33, 119
178, 246, 187, 246
8, 185, 17, 185
44, 45, 44, 55
32, 88, 40, 88
46, 198, 54, 198
145, 146, 149, 147
120, 141, 124, 142
104, 192, 113, 192
130, 82, 140, 82
20, 187, 28, 187
20, 5, 23, 6
163, 39, 174, 39
128, 241, 138, 241
187, 44, 197, 44
189, 158, 196, 158
159, 75, 168, 75
94, 201, 105, 201
58, 237, 60, 240
60, 19, 65, 20
27, 189, 38, 189
40, 87, 48, 87
100, 164, 109, 164
57, 72, 66, 72
162, 66, 172, 66
146, 47, 155, 47
118, 16, 122, 17
107, 234, 109, 236
113, 201, 121, 201
41, 134, 46, 135
80, 113, 85, 114
101, 228, 110, 228
59, 120, 70, 120
127, 50, 137, 50
80, 157, 87, 157
160, 7, 171, 7
132, 220, 141, 220
109, 167, 114, 168
85, 85, 95, 85
29, 131, 33, 132
2, 16, 12, 16
143, 121, 151, 121
174, 180, 181, 180
32, 91, 37, 92
11, 20, 12, 23
58, 65, 69, 65
153, 85, 162, 85
72, 45, 75, 47
148, 101, 157, 101
27, 211, 35, 211
103, 161, 111, 161
158, 23, 165, 23
98, 58, 109, 58
119, 198, 122, 199
155, 148, 163, 148
137, 135, 138, 139
72, 181, 72, 190
73, 162, 75, 165
128, 182, 135, 182
195, 39, 197, 41
128, 146, 137, 146
119, 197, 130, 197
133, 49, 144, 49
5, 76, 7, 78
181, 27, 188, 27
85, 51, 93, 51
30, 246, 41, 246
171, 19, 179, 19
105, 126, 105, 134
102, 5, 111, 5
174, 167, 183, 167
61, 83, 71, 83
54, 212, 65, 212
111, 109, 115, 110
155, 131, 159, 132
13, 135, 21, 135
86, 199, 95, 199
180, 77, 184, 78
124, 128, 135, 128
102, 145, 106, 146
169, 146, 169, 157
5, 202, 12, 202
153, 29, 163, 29
62, 119, 71, 119
56, 194, 67, 194
101, 124, 101, 133
160, 225, 163, 227
5, 181, 14, 181
43, 3, 52, 3
124, 223, 133, 223
26, 85, 37, 85
170, 126, 179, 126
187, 213, 198, 213
168, 79, 169, 82
101, 68, 111, 68
133, 126, 142, 126
31, 112, 42, 112
2, 247, 12, 247
128, 183, 139, 183
107, 33, 117, 33
118, 124, 121, 125
9, 129, 10, 132
4, 241, 13, 241
129, 155, 137, 155
84, 64, 88, 65
82, 8, 91, 8
0, 123, 8, 123
166, 161, 167, 164
164, 146, 166, 149
105, 101, 110, 102
70, 197, 80, 197
71, 237, 74, 239
121, 164, 129, 164
87, 106, 91, 107
177, 215, 180, 217
88, 234, 90, 236
69, 117, 74, 118
168, 162, 178, 162
157, 129, 168, 129
173, 120, 184, 120
14, 173, 16, 176
124, 165, 132, 165
111, 136, 122, 136
90, 46, 99, 46
128, 116, 132, 117
53, 105, 58, 106
121, 106, 128, 106
105, 96, 116, 96
157, 230, 166, 230
25, 117, 35, 117
107, 0, 117, 0
42, 212, 45, 213
144, 212, 145, 217
187, 204, 195, 204
5, 214, 14, 214
19, 221, 29, 221
173, 129, 183, 129
26, 7, 37, 7
158, 185, 165, 185
82, 100, 93, 100
49, 231, 50, 235
191, 183, 193, 185
19, 30, 30, 30
85, 130, 93, 130
175, 42, 185, 42
20, 58, 27, 58
117, 214, 128, 214
2, 71, 13, 71
106, 17, 117, 17
188, 221, 190, 224
18, 131, 26, 131
170, 40, 173, 42
85, 47, 93, 47
41, 139, 48, 139
143, 97, 151, 97
10, 235, 20, 235
94, 193, 105, 193
110, 8, 120, 8
119, 188, 127, 188
109, 72, 117, 72
145, 211, 154, 211
49, 38, 59, 38
152, 12, 161, 12
164, 214, 175, 214
41, 72, 49, 72
64, 173, 72, 173
171, 49, 172, 53
32, 105, 43, 105
24, 90, 25, 95
169, 27, 178, 27
112, 38, 121, 38
113, 165, 118, 166
196, 120, 198, 123
16, 144, 21, 145
177, 61, 182, 62
14, 156, 16, 159
4, 24, 13, 24
152, 228, 161, 228
92, 21, 97, 22
35, 38, 43, 38
135, 227, 144, 227
68, 97, 77, 97
96, 67, 104, 67
181, 79, 181, 90
39, 153, 50, 153
196, 26, 197, 31
125, 237, 127, 240
177, 240, 187, 240
137, 246, 148, 246
152, 135, 163, 135
49, 173, 51, 175
78, 42, 88, 42
113, 224, 116, 225
140, 39, 148, 39
181, 170, 191, 170
64, 24, 74, 24
24, 25, 27, 27
48, 100, 53, 101
63, 33, 73, 33
186, 116, 196, 116
93, 84, 102, 84
101, 2, 112, 2
41, 35, 45, 36
37, 154, 41, 155
146, 145, 157, 145
92, 225, 100, 225
60, 101, 62, 104
21, 168, 28, 168
16, 148, 27, 148
110, 204, 121, 204
18, 86, 29, 86
122, 234, 130, 234
194, 79, 197, 81
127, 107, 129, 109
142, 193, 152, 193
131, 191, 136, 192
27, 180, 32, 181
167, 145, 178, 145
163, 96, 165, 99
93, 123, 95, 126
146, 13, 156, 13
152, 220, 157, 221
155, 46, 163, 46
1, 231, 10, 231
145, 19, 156, 19
98, 224, 109, 224
134, 187, 139, 188
145, 15, 149, 16
107, 121, 118, 121
164, 132, 166, 134
91, 231, 102, 231
109, 144, 120, 144
48, 225, 56, 225
195, 4, 197, 6
29, 15, 31, 17
137, 103, 147, 103
167, 43, 177, 43
136, 12, 146, 12
73, 244, 82, 244
59, 247, 69, 247
82, 120, 83, 124
93, 39, 102, 39
143, 23, 151, 23
173, 10, 182, 10
20, 127, 30, 127
156, 234, 160, 235
181, 229, 184, 231
67, 156, 71, 157
157, 206, 167, 206
118, 149, 118, 160
147, 189, 155, 189
36, 139, 38, 142
162, 191, 164, 194
156, 179, 164, 179
84, 86, 93, 86
144, 163, 154, 163
117, 105, 127, 105
31, 122, 41, 122
47, 195, 55, 195
183, 128, 194, 128
132, 9, 136, 10
157, 89, 167, 89
15, 186, 24, 186
132, 235, 141, 235
176, 213, 185, 213
47, 211, 56, 211
44, 0, 55, 0
93, 242, 102, 242
157, 31, 166, 31
75, 183, 83, 183
189, 59, 198, 59
181, 3, 185, 4
82, 136, 84, 139
184, 5, 188, 6
94, 148, 96, 150
153, 161, 164, 161
87, 145, 98, 145
144, 136, 153, 136
62, 15, 70, 15
28, 149, 35, 149
54, 201, 57, 203
148, 151, 158, 151
1, 63, 10, 63
177, 8, 186, 8
3, 169, 13, 169
1, 158, 10, 158
127, 247, 135, 247
168, 116, 179, 116
125, 18, 135, 18
26, 163, 37, 163
99, 92, 107, 92
121, 135, 132, 135
91, 97, 100, 97
10, 39, 20, 39
169, 78, 179, 78
118, 181, 127, 181
74, 3, 79, 4
104, 226, 111, 226
51, 243, 56, 244
103, 77, 107, 78
53, 146, 62, 146
167, 224, 175, 224
177, 75, 181, 76
103, 158, 114, 158
65, 217, 72, 217
112, 242, 120, 242
16, 210, 19, 212
97, 179, 106, 179
122, 75, 129, 75
4, 80, 14, 80
28, 107, 38, 107
118, 173, 126, 173
77, 223, 88, 223
171, 245, 182, 245
184, 29, 188, 30
186, 172, 197, 172
158, 139, 168, 139
176, 31, 183, 31
63, 18, 73, 18
8, 90, 19, 90
68, 171, 75, 171
28, 214, 30, 217
91, 211, 100, 211
115, 104, 123, 104
29, 226, 33, 227
15, 204, 22, 204
52, 185, 56, 186
153, 34, 161, 34
70, 174, 73, 176
188, 142, 190, 144
89, 215, 89, 226
63, 151, 67, 152
92, 73, 100, 73
184, 48, 188, 49
15, 89, 25, 89
148, 202, 151, 204
116, 168, 117, 173
179, 193, 189, 193
120, 174, 123, 176
25, 138, 33, 138
0, 200, 11, 200
48, 119, 58, 119
1, 101, 11, 101
24, 159, 27, 161
37, 65, 42, 66
6, 206, 9, 208
5, 14, 12, 14
137, 122, 147, 122
64, 66, 73, 66
128, 69, 136, 69
16, 45, 17, 49
95, 191, 106, 191
68, 0, 70, 3
130, 95, 137, 95
76, 154, 84, 154
131, 168, 140, 168
138, 42, 149, 42
101, 239, 105, 240
183, 195, 190, 195
116, 2, 125, 2
55, 191, 58, 192
163, 137, 173, 137
60, 32, 70, 32
6, 107, 16, 107
14, 233, 18, 234
179, 220, 180, 224
75, 231, 86, 231
118, 56, 127, 56
26, 219, 30, 220
38, 173, 47, 173
168, 5, 172, 6
54, 48, 65, 48
1, 141, 10, 141
178, 137, 180, 140
98, 56, 108, 56
102, 181, 105, 183
117, 99, 125, 99
41, 215, 49, 215
168, 173, 171, 174
168, 223, 176, 223
97, 79, 107, 79
148, 207, 159, 207
151, 156, 154, 158
81, 119, 92, 119
190, 214, 192, 216
58, 155, 67, 155
155, 54, 165, 54
143, 27, 151, 27
182, 159, 187, 160
148, 1, 155, 1
69, 201, 71, 204
108, 193, 113, 194
81, 27, 81, 35
32, 209, 42, 209
123, 119, 126, 121
95, 12, 104, 12
131, 206, 141, 206
151, 99, 161, 99
104, 109, 107, 110
21, 39, 31, 39
177, 190, 177, 199
127, 159, 130, 161
85, 117, 93, 117
158, 153, 160, 156
151, 133, 162, 133
140, 23, 141, 27
116, 203, 124, 203
12, 141, 14, 143
17, 138, 18, 143
68, 243, 78, 243
26, 80, 36, 80
54, 234, 61, 234
78, 218, 80, 221
121, 189, 123, 191
47, 77, 48, 82
2, 73, 10, 73
180, 23, 185, 24
85, 224, 88, 226
38, 10, 38, 20
174, 57, 184, 57
28, 167, 36, 167
106, 182, 117, 182
146, 143, 154, 143
73, 61, 78, 62
33, 74, 37, 75
37, 71, 46, 71
7, 122, 15, 122
112, 23, 115, 25
27, 121, 37, 121
111, 6, 120, 6
135, 72, 146, 72
2, 86, 13, 86
119, 62, 128, 62
85, 98, 94, 98
184, 173, 193, 173
47, 95, 55, 95
66, 106, 73, 106
29, 114, 37, 114
187, 76, 197, 76
183, 101, 190, 101
63, 159, 73, 159
6, 215, 17, 215
37, 28, 46, 28
115, 241, 125, 241
133, 65, 142, 65
139, 192, 148, 192
169, 94, 171, 96
105, 154, 107, 157
57, 87, 64, 87
100, 9, 105, 10
177, 228, 186, 228
39, 242, 50, 242
104, 34, 115, 34
32, 187, 42, 187
145, 79, 149, 80
141, 86, 146, 87
140, 243, 143, 245
192, 198, 195, 200
137, 9, 146, 9
98, 248, 108, 248
5, 201, 16, 201
42, 199, 51, 199
41, 5, 51, 5
11, 208, 22, 208
175, 165, 183, 165
186, 181, 194, 181
32, 108, 42, 108
83, 246, 85, 248
102, 216, 105, 218
151, 218, 156, 219
149, 153, 152, 155
96, 76, 101, 77
10, 168, 20, 168
178, 190, 188, 190
150, 63, 159, 63
62, 190, 70, 190
33, 83, 40, 83
87, 229, 90, 231
141, 82, 149, 82
181, 122, 190, 122
163, 130, 168, 131
87, 13, 89, 16
2, 127, 10, 127
173, 206, 177, 207
11, 128, 16, 129
114, 50, 124, 50
52, 12, 57, 13
128, 92, 136, 92
145, 111, 150, 112
49, 90, 52, 91
42, 7, 52, 7
141, 14, 151, 14
179, 150, 190, 150
62, 180, 72, 180
158, 248, 168, 248
106, 175, 111, 176
35, 235, 37, 237
66, 132, 74, 132
160, 196, 169, 196
185, 100, 196, 100
132, 37, 139, 37
115, 213, 125, 213
130, 119, 141, 119
26, 233, 36, 233
22, 103, 32, 103
86, 45, 97, 45
79, 46, 89, 46
31, 79, 40, 79
114, 42, 124, 42
155, 76, 165, 76
106, 139, 108, 141
67, 101, 71, 102
48, 224, 58, 224
3, 154, 6, 156
75, 7, 85, 7
173, 46, 184, 46
4, 114, 13, 114
175, 71, 183, 71
177, 50, 182, 51
148, 74, 158, 74
5, 242, 13, 242
179, 66, 189, 66
106, 65, 115, 65
192, 86, 196, 87
173, 18, 182, 18
53, 131, 56, 133
186, 233, 190, 234
50, 197, 61, 197
59, 105, 70, 105
172, 148, 182, 148
29, 58, 33, 59
79, 234, 86, 234
96, 196, 105, 196
129, 201, 140, 201
53, 41, 61, 41
22, 18, 23, 23
166, 62, 174, 62
173, 189, 184, 189
36, 58, 39, 59
70, 209, 71, 213
20, 133, 29, 133
51, 125, 60, 125
37, 147, 40, 149
72, 92, 80, 92
143, 90, 154, 90
82, 56, 87, 57
59, 56, 68, 56
158, 53, 169, 53
190, 245, 198, 245
195, 140, 196, 144
58, 226, 69, 226
49, 75, 60, 75
68, 130, 77, 130
78, 10, 87, 10
93, 235, 104, 235
46, 122, 57, 122
87, 133, 95, 133
73, 246, 81, 246
43, 123, 52, 123
59, 78, 68, 78
61, 39, 71, 39
106, 21, 117, 21
150, 187, 161, 187
53, 233, 61, 233
8, 146, 18, 146
37, 151, 46, 151
156, 243, 160, 244
89, 210, 97, 210
99, 132, 100, 135
161, 158, 171, 158
28, 139, 33, 140
51, 142, 54, 144
111, 44, 122, 44
105, 89, 112, 89
173, 158, 178, 159
40, 205, 48, 205
176, 101, 177, 105
39, 117, 50, 117
74, 192, 82, 192
83, 11, 88, 12
149, 113, 158, 113
123, 207, 128, 208
74, 209, 84, 209
129, 169, 139, 169
12, 149, 21, 149
127, 232, 131, 233
82, 168, 93, 168
139, 83, 144, 84
112, 13, 120, 13
82, 52, 86, 53
74, 78, 83, 78
117, 184, 120, 186
110, 52, 120, 52
171, 36, 173, 38
51, 44, 54, 46
154, 130, 162, 130
146, 144, 157, 144
123, 7, 123, 17
112, 237, 120, 237
124, 224, 125, 229
48, 141, 59, 141
92, 53, 103, 53
73, 9, 74, 14
110, 7, 120, 7
7, 195, 11, 196
64, 64, 72, 64
134, 185, 137, 186
163, 168, 172, 168
42, 164, 47, 165
186, 107, 195, 107
34, 100, 38, 101
109, 15, 120, 15
95, 171, 103, 171
115, 243, 120, 244
124, 55, 134, 55
147, 127, 151, 128
178, 205, 180, 208
60, 223, 69, 223
53, 9, 64, 9
14, 17, 24, 17
169, 176, 177, 176
48, 42, 53, 43
127, 41, 137, 41
159, 122, 163, 123
74, 160, 79, 161
181, 157, 192, 157
2, 4, 5, 6
19, 101, 28, 101
107, 179, 116, 179
14, 192, 16, 195
156, 181, 164, 181
183, 210, 192, 210
67, 228, 75, 228
151, 171, 162, 171
128, 173, 136, 173
171, 175, 179, 175
162, 170, 170, 170
112, 85, 117, 86
132, 76, 137, 77
25, 207, 26, 212
17, 32, 28, 32
177, 183, 185, 183
0, 150, 5, 151
123, 94, 132, 94
78, 101, 81, 103
148, 222, 158, 222
16, 51, 25, 51
37, 216, 48, 216
147, 191, 156, 191
142, 38, 151, 38
23, 3, 27, 4
140, 161, 151, 161
77, 134, 87, 134
160, 117, 170, 117
188, 102, 190, 105
191, 205, 198, 205
45, 74, 55, 74
144, 48, 153, 48
50, 107, 59, 107
109, 218, 112, 220
14, 177, 23, 177
33, 11, 37, 12
146, 10, 156, 10
172, 31, 175, 32
115, 219, 125, 219
51, 8, 60, 8
57, 49, 68, 49
23, 182, 28, 183
29, 134, 36, 134
179, 114, 188, 114
2, 234, 12, 234
94, 60, 105, 60
77, 110, 86, 110
139, 105, 148, 105
31, 23, 38, 23
108, 147, 115, 147
165, 85, 176, 85
183, 85, 185, 88
129, 85, 134, 86
84, 179, 93, 179
88, 198, 98, 198
174, 7, 185, 7
117, 230, 128, 230
115, 66, 123, 66
154, 229, 161, 229
172, 161, 183, 161
175, 59, 186, 59
169, 122, 172, 123
50, 135, 59, 135
112, 11, 122, 11
46, 96, 48, 99
193, 108, 197, 109
174, 98, 183, 98
134, 221, 134, 228
90, 132, 97, 132
71, 208, 82, 208
135, 178, 144, 178
98, 226, 102, 227
130, 231, 141, 231
85, 166, 90, 167
171, 134, 182, 134
108, 133, 113, 134
163, 119, 166, 121
149, 32, 159, 32
103, 104, 113, 104
89, 238, 98, 238
57, 16, 62, 17
170, 146, 173, 147
138, 111, 141, 112
107, 26, 116, 26
29, 197, 39, 197
9, 153, 16, 153
180, 116, 184, 117
15, 118, 24, 118
6, 33, 7, 38
47, 4, 55, 4
112, 61, 122, 61
31, 55, 40, 55
98, 184, 109, 184
137, 202, 140, 204
12, 64, 23, 64
106, 11, 110, 12
85, 62, 89, 63
104, 185, 114, 185
61, 126, 69, 126
186, 196, 193, 196
55, 88, 64, 88
50, 84, 51, 89
11, 126, 21, 126
115, 115, 118, 116
39, 239, 42, 241
159, 74, 166, 74
126, 209, 128, 212
22, 165, 30, 165
13, 151, 24, 151
90, 112, 98, 112
14, 189, 24, 189
4, 163, 12, 163
110, 4, 119, 4
108, 198, 113, 199
141, 69, 150, 69
75, 229, 86, 229
115, 93, 125, 93
163, 45, 171, 45
84, 183, 85, 188
79, 125, 90, 125
127, 57, 134, 57
28, 43, 32, 44
131, 195, 134, 197
67, 149, 71, 150
72, 200, 73, 205
57, 142, 62, 143
169, 11, 172, 13
90, 217, 99, 217
141, 1, 146, 2
182, 91, 191, 91
83, 171, 93, 171
29, 20, 37, 20
195, 134, 196, 139
125, 129, 134, 129
150, 62, 160, 62
58, 172, 60, 174
140, 61, 142, 63
29, 2, 40, 2
148, 247, 158, 247
11, 134, 12, 138
24, 9, 32, 9
78, 198, 87, 198
22, 241, 31, 241
23, 172, 33, 172
104, 198, 106, 200
64, 141, 66, 143
78, 23, 82, 24
48, 73, 56, 73
154, 224, 156, 227
9, 10, 14, 11
118, 74, 128, 74
107, 95, 116, 95
165, 135, 174, 135
37, 34, 47, 34
43, 108, 52, 108
48, 27, 58, 27
178, 92, 187, 92
79, 240, 82, 242
166, 21, 174, 21
89, 1, 99, 1
31, 203, 39, 203
135, 46, 145, 46
34, 221, 41, 221
133, 123, 136, 125
0, 117, 11, 117
24, 224, 33, 224
161, 49, 166, 50
50, 236, 59, 236
150, 159, 161, 159
196, 53, 198, 55
187, 37, 197, 37
123, 127, 134, 127
120, 225, 122, 228
34, 136, 37, 138
30, 95, 40, 95
36, 170, 47, 170
11, 152, 21, 152
142, 139, 151, 139
120, 131, 129, 131
143, 221, 151, 221
15, 81, 26, 81
104, 3, 109, 4
191, 133, 194, 135
114, 192, 122, 192
159, 5, 167, 5
19, 26, 23, 27
150, 57, 157, 57
170, 15, 181, 15
155, 14, 156, 18
152, 118, 162, 118
106, 73, 115, 73
180, 156, 189, 156
83, 48, 93, 48
50, 154, 54, 155
97, 151, 98, 155
92, 233, 102, 233
177, 147, 185, 147
36, 129, 47, 129
174, 166, 184, 166
59, 133, 63, 134
153, 26, 163, 26
36, 126, 47, 126
130, 210, 139, 210
93, 37, 102, 37
24, 185, 35, 185
85, 147, 89, 148
159, 55, 166, 55
92, 80, 102, 80
136, 3, 147, 3
28, 146, 31, 148
165, 178, 170, 179
48, 115, 56, 115
13, 15, 21, 15
138, 116, 147, 116
70, 147, 77, 147
73, 121, 78, 122
41, 142, 44, 143
123, 47, 131, 47
46, 180, 48, 182
151, 148, 154, 150
110, 47, 113, 49
190, 177, 198, 177
82, 88, 84, 90
102, 195, 111, 195
171, 201, 180, 201
93, 87, 101, 87
124, 112, 133, 112
110, 69, 117, 69
105, 197, 116, 197
27, 135, 37, 135
160, 9, 163, 11
49, 120, 54, 121
74, 145, 79, 146
127, 5, 135, 5
131, 208, 142, 208
33, 127, 44, 127
133, 108, 143, 108
179, 36, 188, 36
43, 152, 50, 152
136, 133, 145, 133
113, 140, 122, 140
171, 169, 181, 169
182, 202, 191, 202
24, 65, 35, 65
69, 112, 77, 112
158, 140, 168, 140
168, 4, 175, 4
138, 209, 148, 209
64, 74, 69, 75
47, 109, 55, 109
180, 238, 191, 238
131, 6, 135, 7
31, 198, 36, 199
160, 213, 171, 213
59, 207, 70, 207
92, 222, 103, 222
51, 130, 62, 130
18, 181, 25, 181
59, 189, 69, 189
159, 39, 162, 40
72, 142, 83, 142
44, 113, 54, 113
77, 33, 77, 42
71, 123, 79, 123
166, 222, 174, 222
160, 204, 171, 204
93, 162, 96, 164
30, 210, 41, 210
116, 146, 121, 147
134, 73, 139, 74
141, 150, 146, 151
115, 161, 120, 162
130, 43, 135, 44
0, 66, 9, 66
0, 79, 2, 82
20, 214, 22, 216
188, 83, 193, 84
40, 16, 47, 16
75, 104, 85, 104
53, 128, 60, 128
172, 56, 181, 56
78, 174, 87, 174
149, 160, 158, 160
87, 89, 95, 89
182, 12, 191, 12
150, 173, 160, 173
79, 163, 89, 163
55, 14, 63, 14
145, 173, 148, 175
114, 98, 121, 98
60, 4, 69, 4
29, 169, 40, 169
193, 238, 197, 239
96, 204, 105, 204
29, 174, 31, 177
143, 153, 146, 154
159, 103, 167, 103
124, 64, 134, 64
25, 87, 35, 87
53, 21, 64, 21
162, 222, 165, 224
120, 221, 122, 223
54, 200, 64, 200
7, 94, 9, 97
138, 142, 139, 145
63, 8, 74, 8
79, 47, 81, 50
125, 28, 127, 31
64, 183, 67, 184
42, 138, 53, 138
67, 37, 72, 38
193, 168, 198, 169
13, 92, 20, 92
127, 100, 129, 103
15, 108, 23, 108
121, 151, 123, 154
65, 35, 73, 35
83, 33, 88, 34
143, 26, 150, 26
81, 144, 91, 144
159, 128, 166, 128
93, 195, 101, 195
100, 153, 102, 156
132, 52, 137, 53
135, 0, 140, 1
45, 114, 54, 114
111, 127, 113, 130
174, 137, 175, 141
151, 0, 161, 0
169, 72, 179, 72
42, 146, 46, 147
11, 62, 22, 62
47, 149, 50, 151
79, 132, 86, 132
8, 59, 12, 60
156, 124, 167, 124
138, 186, 147, 186
187, 145, 197, 145
131, 181, 140, 181
0, 84, 11, 84
50, 126, 60, 126
146, 54, 151, 55
181, 17, 191, 17
184, 129, 195, 129
66, 242, 75, 242
149, 22, 157, 22
126, 220, 130, 221
148, 3, 159, 3
30, 51, 35, 52
138, 96, 149, 96
52, 175, 63, 175
87, 138, 89, 140
104, 142, 113, 142
60, 45, 68, 45
106, 39, 116, 39
57, 215, 64, 215
178, 127, 186, 127
167, 33, 170, 35
7, 30, 18, 30
155, 108, 165, 108
51, 65, 54, 67
61, 96, 65, 97
63, 166, 73, 166
60, 221, 65, 222
42, 21, 50, 21
139, 135, 146, 135
111, 246, 115, 247
107, 188, 118, 188
54, 177, 63, 177
141, 37, 149, 37
4, 88, 15, 88
110, 94, 118, 94
79, 128, 89, 128
17, 78, 21, 79
25, 71, 34, 71
136, 6, 146, 6
154, 66, 158, 67
18, 128, 29, 128
114, 227, 116, 230
25, 118, 36, 118
63, 108, 74, 108
93, 232, 101, 232
61, 202, 68, 202
97, 247, 107, 247
82, 140, 86, 141
100, 122, 109, 122
93, 14, 102, 14
0, 193, 10, 193
75, 236, 86, 236
28, 240, 38, 240
177, 219, 188, 219
114, 111, 122, 111
175, 40, 186, 40
188, 63, 196, 63
36, 176, 36, 186
170, 93, 179, 93
170, 164, 180, 164
141, 59, 149, 59
118, 170, 123, 171
110, 156, 117, 156
12, 154, 23, 154
33, 9, 41, 9
47, 131, 50, 133
45, 228, 46, 233
124, 1, 134, 1
92, 31, 97, 32
66, 5, 76, 5
55, 77, 56, 81
94, 118, 104, 118
20, 199, 27, 199
134, 30, 143, 30
96, 36, 103, 36
25, 192, 36, 192
166, 29, 177, 29
164, 232, 174, 232
1, 74, 9, 74
189, 34, 196, 34
189, 119, 196, 119
17, 16, 28, 16
58, 90, 69, 90
155, 176, 165, 176
150, 70, 160, 70
147, 131, 150, 133
114, 43, 124, 43
18, 155, 28, 155
54, 71, 63, 71
96, 15, 106, 15
31, 25, 42, 25
180, 16, 190, 16
93, 180, 103, 180
6, 2, 15, 2
31, 99, 39, 99
186, 174, 190, 175
193, 50, 194, 55
160, 142, 171, 142
50, 26, 59, 26
39, 186, 50, 186
76, 63, 76, 72
65, 95, 75, 95
0, 190, 10, 190
173, 45, 183, 45
179, 121, 188, 121
6, 240, 14, 240
5, 43, 14, 43
136, 165, 146, 165
39, 19, 40, 24
126, 167, 133, 167
6, 124, 11, 125
14, 169, 16, 172
78, 232, 88, 232
186, 9, 194, 9
173, 208, 176, 210
27, 213, 35, 213
135, 172, 145, 172
1, 218, 1, 226
30, 60, 40, 60
176, 2, 187, 2
65, 167, 76, 167
1, 177, 5, 178
132, 147, 137, 148
65, 50, 74, 50
133, 229, 142, 229
0, 87, 10, 87
115, 134, 124, 134
42, 8, 44, 11
46, 176, 49, 178
84, 197, 93, 197
145, 200, 152, 200
71, 223, 73, 225
33, 123, 41, 123
89, 135, 94, 136
26, 5, 37, 5
168, 182, 178, 182
69, 86, 72, 88
57, 94, 57, 104
63, 240, 73, 240
0, 118, 10, 118
31, 124, 39, 124
119, 235, 129, 235
190, 46, 191, 50
64, 25, 75, 25
65, 26, 75, 26
0, 46, 1, 51
63, 16, 73, 16
69, 53, 79, 53
43, 156, 54, 156
77, 89, 80, 91
116, 117, 127, 117
98, 7, 108, 7
90, 40, 98, 40
78, 206, 83, 207
166, 48, 174, 48
103, 1, 114, 1
25, 50, 36, 50
83, 201, 92, 201
55, 46, 65, 46
117, 174, 118, 179
176, 74, 186, 74
86, 9, 97, 9
167, 1, 176, 1
177, 38, 187, 38
71, 69, 71, 79
151, 35, 160, 35
25, 38, 34, 38
4, 136, 9, 137
4, 192, 12, 192
71, 133, 76, 134
102, 229, 112, 229
138, 179, 147, 179
183, 176, 194, 176
60, 246, 69, 246
35, 54, 42, 54
49, 139, 58, 139
31, 97, 34, 98
96, 100, 107, 100
30, 35, 33, 36
27, 49, 35, 49
130, 9, 131, 14
97, 75, 104, 75
24, 162, 33, 162
4, 148, 15, 148
98, 104, 102, 105
79, 159, 88, 159
189, 93, 194, 94
150, 50, 159, 50
69, 230, 80, 230
181, 198, 186, 199
105, 88, 115, 88
131, 98, 136, 99
128, 78, 136, 78
89, 200, 99, 200
131, 193, 138, 193
30, 188, 39, 188
116, 113, 126, 113
67, 179, 78, 179
106, 207, 115, 207
19, 200, 21, 203
58, 186, 69, 186
91, 180, 92, 184
72, 211, 82, 211
57, 242, 65, 242
185, 142, 186, 146
183, 192, 192, 192
187, 89, 197, 89
129, 31, 136, 31
109, 31, 118, 31
91, 186, 100, 186
16, 244, 19, 245
86, 77, 95, 77
6, 172, 13, 172
46, 145, 55, 145
44, 22, 46, 25
20, 178, 29, 178
129, 180, 140, 180
32, 67, 34, 69
179, 212, 188, 212
151, 162, 162, 162
143, 125, 152, 125
74, 40, 76, 42
22, 77, 27, 78
21, 136, 25, 137
87, 59, 96, 59
43, 14, 54, 14
117, 46, 128, 46
59, 52, 70, 52
34, 128, 44, 128
54, 180, 55, 184
62, 67, 73, 67
16, 21, 21, 22
63, 148, 72, 148
173, 114, 177, 115
103, 35, 113, 35
176, 130, 185, 130
42, 100, 46, 101
63, 160, 72, 160
94, 63, 105, 63
33, 152, 40, 152
183, 153, 190, 153
103, 90, 108, 91
94, 6, 105, 6
123, 182, 127, 183
11, 213, 22, 213
39, 93, 50, 93
174, 211, 184, 211
147, 141, 158, 141
122, 37, 130, 37
73, 136, 77, 137
94, 16, 96, 18
15, 225, 26, 225
93, 157, 102, 157
0, 64, 8, 64
80, 81, 89, 81
181, 214, 189, 214
34, 224, 35, 227
117, 88, 126, 88
163, 183, 168, 184
159, 114, 163, 115
3, 204, 14, 204
125, 170, 130, 171
183, 103, 184, 106
117, 193, 122, 194
62, 232, 66, 233
123, 38, 131, 38
159, 2, 169, 2
137, 197, 141, 198
104, 43, 109, 44
58, 47, 65, 47
156, 27, 165, 27
77, 116, 85, 116
131, 236, 140, 236
123, 114, 131, 114
177, 96, 184, 96
12, 238, 20, 238
21, 95, 23, 97
135, 166, 145, 166
180, 203, 185, 204
57, 73, 67, 73
25, 193, 29, 194
110, 112, 115, 113
36, 160, 41, 161
148, 205, 159, 205
112, 67, 117, 68
123, 132, 131, 132
98, 49, 108, 49
150, 91, 158, 91
120, 158, 130, 158
122, 185, 133, 185
12, 180, 22, 180
13, 163, 18, 164
55, 110, 66, 110
119, 133, 128, 133
96, 120, 100, 121
76, 95, 80, 96
126, 84, 134, 84
10, 76, 15, 77
63, 121, 71, 121
35, 1, 44, 1
112, 30, 121, 30
175, 23, 178, 25
61, 30, 71, 30
78, 71, 88, 71
178, 54, 189, 54
81, 129, 89, 129
9, 228, 17, 228
7, 58, 18, 58
20, 236, 30, 236
98, 65, 102, 66
40, 17, 51, 17
115, 22, 125, 22
128, 96, 135, 96
139, 14, 139, 25
195, 18, 196, 21
178, 26, 189, 26
122, 25, 132, 25
134, 29, 143, 29
141, 64, 150, 64
158, 152, 166, 152
2, 21, 6, 22
89, 71, 100, 71
53, 11, 64, 11
37, 84, 48, 84
139, 93, 148, 93
45, 219, 55, 219
133, 175, 141, 175
142, 8, 151, 8
44, 187, 49, 188
152, 127, 161, 127
100, 159, 105, 160
78, 152, 89, 152
122, 242, 133, 242
157, 157, 166, 157
96, 241, 105, 241
28, 19, 37, 19
103, 45, 114, 45
161, 217, 164, 218
73, 73, 84, 73
6, 25, 16, 25
45, 223, 56, 223
76, 18, 80, 19
77, 79, 87, 79
171, 155, 175, 156
91, 16, 91, 27
56, 165, 60, 166
93, 65, 95, 68
183, 67, 186, 68
39, 12, 44, 13
149, 246, 158, 246
9, 144, 13, 145
120, 45, 127, 45
165, 236, 174, 236
11, 219, 22, 219
87, 176, 98, 176
102, 152, 112, 152
73, 180, 82, 180
141, 45, 149, 45
161, 242, 170, 242
18, 1, 27, 1
103, 84, 112, 84
53, 32, 57, 33
38, 62, 46, 62
24, 190, 24, 198
31, 133, 38, 133
140, 7, 149, 7
21, 47, 24, 49
26, 248, 37, 248
67, 248, 77, 248
130, 239, 135, 240
185, 13, 188, 14
134, 51, 141, 51
69, 194, 79, 194
186, 215, 189, 217
131, 194, 142, 194
87, 37, 92, 38
43, 70, 53, 70
10, 210, 14, 211
84, 4, 95, 4
169, 136, 176, 136
169, 248, 178, 248
75, 32, 76, 36
90, 5, 101, 5
70, 51, 81, 51
37, 63, 46, 63
194, 164, 196, 167
0, 100, 10, 100
35, 195, 46, 195
167, 228, 175, 228
114, 101, 123, 101
63, 216, 73, 216
138, 224, 147, 224
108, 245, 116, 245
105, 114, 112, 114
86, 192, 88, 195
108, 216, 119, 216
120, 149, 131, 149
82, 70, 93, 70
51, 127, 58, 127
9, 155, 12, 157
60, 225, 70, 225
159, 112, 163, 113
48, 29, 58, 29
102, 186, 110, 186
128, 39, 133, 40
122, 201, 126, 202
178, 119, 188, 119
77, 63, 80, 65
47, 36, 51, 37
77, 176, 80, 177
33, 214, 36, 216
53, 30, 60, 30
56, 147, 67, 147
1, 204, 1, 212
162, 41, 164, 44
128, 90, 132, 91
70, 198, 75, 199
179, 239, 188, 239
164, 246, 169, 247
114, 83, 118, 84
141, 182, 150, 182
0, 124, 3, 126
123, 146, 127, 147
113, 236, 121, 236
161, 195, 169, 195
106, 217, 116, 217
194, 13, 197, 15
97, 162, 105, 162
161, 57, 170, 57
166, 185, 175, 185
24, 112, 28, 113
60, 42, 70, 42
30, 218, 41, 218
4, 165, 14, 165
3, 164, 12, 164
161, 219, 168, 219
156, 210, 167, 210
175, 149, 183, 149
65, 144, 73, 144
134, 157, 136, 159
35, 31, 45, 31
99, 74, 110, 74
164, 143, 175, 143
165, 16, 167, 19
62, 196, 70, 196
37, 228, 39, 230
101, 23, 109, 23
162, 234, 167, 235
117, 39, 126, 39
54, 112, 63, 112
172, 81, 180, 81
59, 167, 62, 169
0, 216, 10, 216
18, 2, 26, 2
156, 97, 159, 98
9, 230, 19, 230
1, 160, 9, 160
31, 220, 42, 220
154, 120, 159, 121
13, 134, 22, 134
46, 247, 50, 248
168, 203, 179, 203
15, 57, 22, 57
46, 193, 55, 193
116, 77, 118, 79
63, 158, 71, 158
6, 232, 14, 232
82, 75, 91, 75
42, 104, 52, 104
74, 44, 83, 44
166, 97, 174, 97
164, 94, 168, 95
177, 122, 180, 124
10, 61, 19, 61
192, 74, 197, 75
184, 50, 188, 51
37, 130, 47, 130
133, 141, 143, 141
99, 144, 108, 144
103, 174, 112, 174
193, 230, 196, 232
85, 155, 95, 155
14, 184, 23, 184
101, 119, 104, 121
75, 193, 82, 193
91, 230, 101, 230
151, 188, 162, 188
107, 148, 110, 150
150, 80, 159, 80
105, 171, 114, 171
101, 210, 104, 211
73, 31, 80, 31
110, 57, 115, 58
139, 70, 143, 71
82, 27, 87, 28
24, 235, 32, 235
118, 5, 126, 5
113, 233, 116, 235
59, 187, 64, 188
22, 150, 31, 150
134, 171, 144, 171
8, 162, 16, 162
22, 52, 26, 53
155, 163, 160, 164
159, 101, 170, 101
9, 3, 18, 3
81, 220, 88, 220
175, 179, 182, 179
22, 145, 25, 147
96, 219, 99, 221
33, 44, 43, 44
107, 108, 118, 108
89, 213, 93, 214
85, 142, 93, 142
125, 16, 133, 16
111, 131, 119, 131
10, 83, 20, 83
169, 229, 179, 229
90, 30, 91, 35
156, 136, 163, 136
118, 20, 123, 21
66, 229, 73, 229
0, 174, 3, 175
98, 57, 109, 57
115, 51, 126, 51
57, 181, 64, 181
157, 16, 161, 17
92, 107, 94, 110
128, 35, 139, 35
68, 136, 71, 138
96, 166, 107, 166
147, 92, 155, 92
80, 147, 81, 151
0, 140, 10, 140
20, 66, 30, 66
121, 156, 131, 156
94, 206, 101, 206
143, 218, 150, 218
186, 237, 197, 237
148, 25, 159, 25
121, 162, 130, 162
67, 89, 76, 89
157, 199, 160, 201
78, 135, 87, 135
178, 196, 183, 197
2, 189, 10, 189
5, 72, 14, 72
127, 199, 138, 199
12, 206, 17, 207
56, 117, 67, 117
102, 165, 109, 165
171, 69, 181, 69
149, 103, 150, 106
171, 202, 179, 202
17, 165, 21, 166
87, 169, 96, 169
106, 32, 117, 32
91, 208, 101, 208
179, 241, 181, 244
2, 98, 6, 99
62, 31, 72, 31
39, 86, 49, 86
137, 113, 147, 113
58, 44, 65, 44
109, 64, 120, 64
112, 78, 115, 80
0, 29, 1, 34
145, 60, 148, 62
27, 6, 38, 6
132, 28, 141, 28
104, 220, 108, 221
58, 89, 66, 89
66, 168, 76, 168
128, 153, 137, 153
142, 107, 150, 107
108, 183, 119, 183
140, 18, 147, 18
154, 110, 165, 110
128, 138, 131, 140
63, 84, 74, 84
152, 42, 159, 42
66, 85, 76, 85
119, 166, 124, 167
6, 166, 15, 166
91, 116, 100, 116
156, 82, 160, 83
61, 91, 71, 91
42, 200, 51, 200
20, 122, 28, 122
25, 17, 26, 22
47, 76, 57, 76
13, 45, 15, 48
187, 209, 197, 209
1, 199, 8, 199
128, 245, 139, 245
66, 127, 77, 127
121, 126, 132, 126
76, 162, 87, 162
163, 238, 171, 238
135, 11, 144, 11
72, 158, 81, 158
42, 190, 53, 190
29, 94, 37, 94
15, 85, 24, 85
57, 40, 66, 40
132, 189, 139, 189
51, 140, 61, 140
1, 198, 9, 198
56, 10, 67, 10
187, 85, 198, 85
41, 179, 50, 179
147, 20, 157, 20
111, 232, 122, 232
11, 74, 16, 75
76, 212, 81, 213
44, 227, 53, 227
185, 241, 187, 243
188, 95, 198, 95
60, 213, 69, 213
86, 101, 90, 102
108, 87, 117, 87
119, 115, 127, 115
170, 106, 172, 109
172, 86, 176, 87
99, 169, 109, 169
158, 215, 167, 215
25, 230, 35, 230
0, 152, 10, 152
100, 22, 108, 22
7, 205, 18, 205
38, 166, 48, 166
161, 77, 168, 77
78, 17, 89, 17
15, 63, 26, 63
8, 36, 18, 36
161, 65, 170, 65
124, 179, 132, 179
88, 0, 98, 0
183, 20, 187, 21
129, 36, 140, 36
45, 6, 52, 6
152, 102, 157, 103
115, 36, 124, 36
58, 79, 60, 82
168, 177, 175, 177
17, 175, 26, 175
156, 182, 165, 182
77, 238, 87, 238
111, 143, 120, 143
161, 25, 172, 25
66, 82, 75, 82
182, 138, 191, 138
131, 159, 133, 162
181, 139, 190, 139
175, 61, 176, 66
12, 54, 21, 54
56, 150, 65, 150
84, 36, 94, 36
104, 97, 115, 97
20, 230, 21, 233
172, 94, 177, 95
138, 195, 148, 195
6, 6, 11, 7
181, 205, 189, 205
44, 2, 55, 2
143, 248, 152, 248
103, 19, 113, 19
37, 173, 37, 182
137, 83, 137, 94
8, 78, 11, 79
59, 94, 70, 94
101, 107, 103, 110
18, 158, 25, 158
98, 18, 100, 21
155, 238, 155, 245
57, 161, 66, 161
73, 102, 77, 103
179, 168, 189, 168
107, 132, 118, 132
0, 187, 8, 187
173, 247, 184, 247
19, 143, 28, 143
196, 66, 198, 68
17, 102, 27, 102
163, 35, 166, 37
143, 75, 153, 75
22, 59, 26, 60
120, 3, 127, 3
99, 50, 107, 50
181, 52, 185, 53
163, 100, 172, 100
136, 213, 140, 214
127, 219, 136, 219
59, 131, 70, 131
15, 218, 25, 218
11, 35, 20, 35
28, 202, 39, 202
27, 207, 37, 207
106, 211, 116, 211
111, 63, 122, 63
119, 102, 122, 103
151, 137, 158, 137
139, 54, 144, 55
78, 22, 89, 22
155, 111, 165, 111
80, 239, 89, 239
110, 206, 118, 206
62, 244, 69, 244
128, 177, 135, 177
140, 94, 148, 94
78, 68, 89, 68
125, 83, 135, 83
102, 151, 113, 151
143, 202, 146, 203
132, 67, 142, 67
50, 230, 58, 230
7, 45, 7, 54
0, 145, 8, 145
4, 176, 12, 176
82, 39, 92, 39
6, 40, 10, 41
91, 156, 92, 160
154, 59, 165, 59
10, 91, 19, 91
139, 123, 147, 123
57, 62, 60, 64
42, 184, 49, 184
81, 61, 84, 63
119, 123, 126, 123
101, 215, 110, 215
26, 229, 35, 229
128, 21, 136, 21
71, 128, 75, 129
83, 150, 86, 151
143, 157, 146, 159
142, 239, 153, 239
145, 140, 156, 140
38, 26, 43, 27
100, 139, 105, 140
88, 2, 98, 2
183, 15, 190, 15
25, 45, 33, 45
87, 150, 91, 151
6, 5, 17, 5
178, 43, 185, 43
175, 35, 186, 35
36, 244, 45, 244
76, 82, 86, 82
118, 137, 121, 139
152, 93, 163, 93
157, 51, 167, 51
127, 190, 136, 190
30, 232, 40, 232
176, 89, 180, 90
142, 17, 150, 17
148, 44, 156, 44
65, 13, 69, 14
8, 243, 13, 244
47, 118, 57, 118
81, 19, 85, 20
170, 70, 178, 70
0, 121, 10, 121
78, 187, 83, 188
76, 131, 86, 131
97, 64, 108, 64
188, 243, 189, 247
51, 231, 61, 231
106, 137, 110, 138
77, 189, 81, 190
75, 80, 86, 80
170, 194, 175, 195
0, 159, 0, 168
62, 140, 73, 140
179, 188, 190, 188
40, 168, 49, 168
123, 78, 124, 83
54, 199, 64, 199
112, 196, 120, 196
68, 151, 79, 151
123, 187, 132, 187
36, 33, 44, 33
146, 142, 156, 142
85, 121, 87, 123
152, 87, 155, 88
62, 164, 72, 164
172, 181, 179, 181
75, 169, 85, 169
80, 146, 89, 146
128, 29, 131, 30
76, 219, 76, 226
31, 223, 41, 223
16, 123, 18, 125
19, 120, 29, 120
55, 248, 62, 248
14, 37, 19, 38
148, 72, 159, 72
153, 194, 157, 195
93, 207, 104, 207
122, 124, 131, 124
58, 185, 67, 185
159, 189, 166, 189
128, 224, 131, 226
35, 208, 43, 208
1, 236, 3, 238
33, 42, 44, 42
19, 109, 24, 110
78, 200, 81, 201
38, 50, 41, 51
0, 143, 7, 143
13, 53, 21, 53
46, 64, 56, 64
63, 146, 72, 146
124, 48, 129, 49
118, 145, 126, 145
22, 73, 33, 73
16, 33, 19, 34
157, 172, 168, 172
116, 89, 127, 89
140, 85, 150, 85
144, 70, 149, 71
102, 111, 112, 111
88, 10, 99, 10
45, 51, 46, 55
141, 223, 149, 223
119, 97, 130, 97
32, 116, 43, 116
35, 47, 43, 47
53, 205, 58, 206
190, 97, 193, 99
143, 88, 150, 88
83, 29, 91, 29
4, 85, 14, 85
48, 160, 59, 160
190, 165, 192, 168
147, 172, 156, 172
183, 79, 187, 80
67, 215, 75, 215
129, 207, 139, 207
141, 225, 152, 225
197, 8, 198, 11
0, 127, 1, 131
40, 167, 48, 167
116, 49, 123, 49
71, 181, 71, 191
123, 204, 130, 204
2, 186, 12, 186
93, 83, 103, 83
57, 2, 62, 3
81, 202, 92, 202
134, 242, 143, 242
141, 230, 148, 230
17, 191, 21, 192
75, 170, 85, 170
153, 94, 161, 94
54, 176, 65, 176
0, 184, 11, 184
176, 131, 184, 131
46, 245, 51, 246
48, 68, 57, 68
184, 180, 193, 180
132, 143, 135, 145
41, 67, 42, 70
130, 8, 140, 8
13, 217, 23, 217
18, 169, 23, 170
119, 168, 129, 168
116, 9, 121, 10
156, 4, 165, 4
49, 55, 59, 55
126, 215, 133, 215
13, 239, 23, 239
32, 206, 42, 206
1, 194, 10, 194
31, 8, 41, 8
103, 236, 106, 238
147, 5, 152, 6
142, 167, 150, 167
21, 10, 30, 10
66, 134, 69, 135
18, 171, 29, 171
79, 222, 87, 222
177, 209, 181, 210
174, 174, 185, 174
26, 191, 37, 191
141, 130, 151, 130
153, 125, 163, 125
35, 111, 45, 111
2, 183, 12, 183
24, 179, 33, 179
118, 0, 128, 0
91, 236, 100, 236
167, 55, 171, 56
138, 43, 148, 43
112, 190, 117, 191
50, 77, 53, 78
148, 73, 158, 73
58, 22, 67, 22
144, 194, 152, 194
140, 183, 147, 183
64, 231, 74, 231
16, 99, 25, 99
0, 9, 4, 10
32, 48, 42, 48
10, 188, 19, 188
30, 222, 39, 222
79, 173, 89, 173
0, 108, 1, 113
19, 163, 23, 164
91, 128, 99, 128
29, 24, 38, 24
90, 139, 99, 139
194, 22, 196, 24
87, 131, 96, 131
139, 95, 146, 95
80, 43, 91, 43
16, 240, 19, 242
78, 74, 86, 74
177, 39, 185, 39
194, 185, 196, 188
59, 118, 68, 118
132, 47, 135, 48
88, 91, 99, 91
143, 152, 153, 152
43, 214, 51, 214
69, 60, 70, 63
185, 236, 196, 236
152, 233, 153, 238
47, 60, 57, 60
61, 172, 68, 172
153, 107, 164, 107
127, 2, 137, 2
25, 239, 35, 239
89, 209, 99, 209
11, 209, 22, 209
69, 6, 73, 7
75, 1, 86, 1
33, 193, 44, 193
95, 51, 104, 51
38, 75, 48, 75
184, 248, 194, 248
91, 11, 101, 11
74, 67, 75, 72
52, 245, 55, 247
6, 29, 14, 29
146, 138, 155, 138
10, 69, 20, 69
1, 241, 2, 245
188, 7, 195, 7
113, 74, 117, 75
65, 187, 69, 188
153, 109, 162, 109
158, 1, 165, 1
146, 114, 154, 114
137, 170, 148, 170
176, 226, 180, 227
102, 147, 105, 149
103, 232, 106, 233
89, 185, 90, 188
140, 228, 150, 228
123, 122, 133, 122
58, 208, 69, 208
37, 144, 46, 144
27, 28, 31, 29
166, 67, 171, 68
133, 184, 143, 184
3, 33, 4, 37
5, 82, 14, 82
79, 26, 90, 26
128, 202, 132, 203
93, 43, 98, 44
164, 28, 175, 28
187, 178, 198, 178
150, 78, 161, 78
45, 94, 54, 94
108, 163, 117, 163
119, 24, 130, 24
91, 134, 98, 134
7, 19, 10, 21
44, 15, 55, 15
7, 116, 18, 116
54, 166, 54, 174
94, 181, 96, 184
191, 224, 191, 234
169, 30, 178, 30
183, 19, 193, 19
45, 11, 49, 12
177, 47, 185, 47
173, 91, 177, 92
14, 9, 23, 9
100, 190, 111, 190
29, 89, 32, 90
1, 39, 4, 41
94, 168, 102, 168
67, 99, 72, 100
191, 10, 195, 11
77, 224, 82, 225
17, 193, 21, 194
19, 141, 26, 141
79, 87, 90, 87
188, 96, 197, 96
159, 67, 163, 68
77, 5, 88, 5
129, 133, 134, 134
24, 205, 35, 205
190, 60, 197, 60
77, 181, 86, 181
5, 108, 8, 110
157, 177, 167, 177
15, 93, 20, 94
51, 82, 56, 83
64, 139, 72, 139
104, 173, 112, 173
189, 52, 192, 53
137, 56, 144, 56
53, 137, 60, 137
87, 244, 91, 245
103, 170, 111, 170
134, 233, 145, 233
68, 181, 70, 184
58, 243, 67, 243
104, 243, 113, 243
192, 224, 193, 229
101, 225, 108, 225
85, 213, 88, 214
30, 129, 35, 130
13, 65, 21, 65
19, 55, 24, 56
178, 154, 189, 154
126, 248, 136, 248
2, 15, 11, 15
20, 123, 28, 123
31, 165, 39, 165
14, 190, 22, 190
7, 149, 9, 151
53, 86, 54, 89
90, 41, 99, 41
115, 100, 123, 100
92, 174, 97, 175
102, 205, 110, 205
143, 127, 146, 129
15, 8, 26, 8
175, 144, 184, 144
189, 226, 190, 230
184, 200, 189, 201
79, 164, 90, 164
52, 214, 53, 217
78, 204, 83, 205
4, 105, 13, 105
139, 196, 146, 196
58, 23, 61, 25
54, 209, 64, 209
24, 100, 32, 100
155, 211, 164, 211
124, 191, 126, 193
32, 158, 41, 158
77, 106, 86, 106
161, 202, 166, 203
196, 173, 198, 175
174, 218, 183, 218
168, 233, 177, 233
41, 203, 51, 203
13, 20, 15, 23
113, 81, 117, 82
24, 228, 34, 228
108, 81, 112, 82
29, 63, 36, 63
78, 37, 82, 38
148, 201, 156, 201
41, 30, 51, 30
89, 103, 96, 103
166, 197, 176, 197
10, 70, 20, 70
72, 56, 81, 56
69, 233, 80, 233
34, 200, 39, 201
141, 237, 151, 237
161, 84, 170, 84
61, 37, 65, 38
80, 93, 85, 94
85, 126, 89, 127
48, 105, 52, 106
190, 217, 198, 217
11, 229, 20, 229
126, 198, 134, 198
103, 29, 107, 30
185, 70, 196, 70
194, 224, 197, 226
153, 52, 163, 52
35, 120, 46, 120
127, 243, 135, 243
64, 234, 75, 234
150, 242, 154, 243
111, 159, 115, 160
124, 151, 128, 152
26, 144, 31, 145
26, 108, 29, 110
146, 81, 155, 81
109, 27, 118, 27
114, 40, 122, 40
3, 30, 6, 32
61, 123, 68, 123
158, 88, 165, 88
190, 246, 198, 246
161, 205, 171, 205
144, 118, 147, 120
123, 52, 131, 52
91, 141, 100, 141
110, 233, 112, 235
151, 11, 159, 11
39, 237, 49, 237
72, 111, 82, 111
94, 213, 105, 213
4, 139, 15, 139
124, 130, 133, 130
167, 69, 169, 71
45, 66, 49, 67
69, 81, 79, 81
109, 9, 113, 10
175, 178, 186, 178
46, 136, 56, 136
66, 227, 74, 227
0, 234, 0, 242
135, 149, 138, 151
61, 205, 71, 205
77, 54, 82, 55
159, 20, 162, 22
53, 187, 57, 188
195, 240, 197, 242
133, 131, 143, 131
113, 53, 123, 53
191, 102, 195, 103
70, 115, 80, 115
24, 33, 35, 33
136, 222, 145, 222
195, 194, 198, 196
45, 1, 54, 1
99, 234, 106, 234
194, 130, 198, 131
42, 159, 51, 159
42, 221, 47, 222
112, 102, 117, 103
86, 247, 96, 247
97, 26, 102, 27
75, 99, 79, 100
8, 46, 9, 50
47, 204, 55, 204
118, 163, 127, 163
24, 170, 32, 170
170, 183, 173, 184
58, 12, 68, 12
96, 194, 106, 194
152, 117, 159, 117
190, 159, 193, 161
166, 193, 173, 193
177, 141, 185, 141
11, 221, 12, 226
86, 49, 96, 49
92, 95, 101, 95
171, 242, 175, 243
170, 86, 171, 90
104, 244, 112, 244
149, 39, 153, 40
92, 245, 101, 245
76, 227, 83, 227
174, 60, 185, 60
41, 132, 46, 133
78, 143, 88, 143
124, 176, 127, 178
112, 239, 123, 239
88, 88, 98, 88
102, 20, 113, 20
176, 177, 187, 177
137, 132, 144, 132
149, 43, 159, 43
146, 84, 154, 84
52, 51, 63, 51
29, 104, 38, 104
12, 161, 21, 161
144, 108, 153, 108
18, 45, 23, 46
4, 104, 14, 104
78, 215, 87, 215
14, 96, 19, 97
131, 109, 139, 109
108, 202, 113, 203
101, 38, 109, 38
145, 65, 153, 65
11, 167, 18, 167
38, 211, 46, 211
93, 202, 103, 202
159, 220, 160, 224
0, 24, 3, 26
119, 87, 127, 87
172, 68, 179, 68
99, 8, 108, 8
47, 157, 56, 157
53, 165, 53, 174
190, 118, 198, 118
55, 149, 64, 149
150, 28, 158, 28
86, 177, 93, 177
46, 189, 57, 189
143, 66, 151, 66
39, 243, 50, 243
30, 151, 31, 155
190, 72, 198, 72
195, 147, 198, 148
8, 0, 18, 0
63, 224, 70, 224
71, 1, 73, 4
100, 117, 111, 117
132, 32, 143, 32
171, 172, 182, 172
157, 87, 167, 87
159, 105, 170, 105
155, 233, 164, 233
32, 30, 39, 30
14, 115, 22, 115
191, 141, 193, 144
35, 29, 45, 29
38, 52, 42, 53
67, 109, 72, 110
42, 102, 46, 103
25, 46, 32, 46
109, 56, 117, 56
170, 153, 175, 154
1, 227, 9, 227
18, 88, 29, 88
175, 21, 182, 21
47, 213, 58, 213
154, 180, 162, 180
31, 160, 35, 161
131, 87, 133, 89
44, 169, 52, 169
91, 99, 102, 99
52, 84, 61, 84
113, 238, 124, 238
190, 240, 191, 243
49, 39, 59, 39
62, 137, 66, 138
0, 2, 5, 3
83, 67, 92, 67
138, 191, 146, 191
38, 57, 49, 57
75, 16, 82, 16
66, 19, 74, 19
106, 62, 117, 62
28, 242, 38, 242
119, 26, 124, 27
123, 186, 132, 186
134, 217, 139, 218
114, 41, 125, 41
182, 207, 190, 207
194, 210, 198, 211
182, 184, 189, 184
109, 189, 120, 189
154, 216, 162, 216
109, 139, 117, 139
106, 51, 108, 53
139, 98, 143, 99
121, 195, 130, 195
45, 201, 49, 202
102, 135, 110, 135
95, 98, 103, 98
4, 220, 15, 220
157, 47, 166, 47
56, 0, 67, 0
41, 18, 46, 19
117, 233, 125, 233
192, 45, 197, 46
191, 187, 193, 190
190, 154, 198, 154
39, 191, 44, 192
136, 120, 140, 121
92, 15, 93, 20
71, 124, 79, 124
106, 180, 109, 181
145, 164, 154, 164
66, 221, 70, 222
176, 32, 187, 32
121, 244, 132, 244
108, 79, 111, 80
154, 134, 162, 134
91, 239, 99, 239
40, 124, 44, 125
170, 73, 173, 74
165, 244, 174, 244
145, 53, 155, 53
195, 90, 197, 93
58, 203, 68, 203
62, 237, 70, 237
120, 85, 127, 85
8, 212, 15, 212
147, 9, 155, 9
30, 125, 35, 126
11, 246, 21, 246
79, 172, 89, 172
52, 92, 56, 93
29, 190, 37, 190
43, 20, 53, 20
91, 42, 100, 42
131, 234, 141, 234
187, 152, 196, 152
114, 35, 125, 35
119, 65, 128, 65
126, 70, 134, 70
177, 235, 182, 236
122, 107, 125, 109
44, 217, 49, 218
190, 203, 197, 203
120, 216, 129, 216
36, 171, 44, 171
76, 27, 79, 29
36, 131, 46, 131
96, 197, 104, 197
125, 61, 135, 61
3, 191, 14, 191
46, 48, 50, 49
117, 59, 122, 60
29, 136, 33, 137
67, 177, 76, 177
17, 24, 25, 24
143, 77, 151, 77
109, 71, 120, 71
82, 108, 91, 108
192, 136, 194, 138
194, 192, 198, 193
104, 16, 115, 16
185, 102, 187, 105
56, 154, 64, 154
77, 210, 85, 210
166, 107, 167, 112
64, 174, 68, 175
93, 192, 103, 192
77, 184, 80, 186
61, 210, 69, 210
58, 95, 60, 97
164, 154, 167, 156
78, 41, 89, 41
99, 85, 108, 85
38, 177, 38, 184
27, 212, 36, 212
91, 138, 102, 138
137, 115, 146, 115
170, 163, 181, 163
86, 227, 96, 227
1, 166, 4, 168
188, 126, 196, 126
130, 75, 137, 75
33, 150, 41, 150
175, 52, 179, 53
187, 42, 194, 42
71, 221, 75, 222
169, 54, 177, 54
164, 167, 172, 167
93, 127, 100, 127
31, 3, 42, 3
157, 92, 165, 92
93, 82, 103, 82
150, 7, 159, 7
13, 6, 18, 7
179, 94, 187, 94
34, 102, 39, 103
99, 103, 109, 103
61, 191, 70, 191
181, 111, 191, 111
145, 197, 150, 198
134, 15, 137, 16
114, 47, 119, 48
141, 33, 144, 35
19, 234, 26, 234
94, 3, 102, 3
119, 206, 127, 206
142, 168, 151, 168
172, 88, 180, 88
158, 144, 168, 144
46, 226, 57, 226
80, 97, 83, 99
49, 35, 59, 35
42, 234, 46, 235
55, 86, 63, 86
154, 56, 165, 56
9, 26, 14, 27
112, 176, 114, 178
140, 143, 141, 147
132, 38, 140, 38
125, 174, 136, 174
129, 19, 137, 19
0, 54, 3, 55
10, 109, 18, 109
48, 129, 58, 129
110, 3, 119, 3
186, 88, 194, 88
42, 175, 45, 177
90, 50, 98, 50
76, 2, 87, 2
15, 113, 23, 113
23, 82, 26, 83
149, 240, 154, 241
59, 129, 67, 129
76, 245, 85, 245
179, 101, 180, 104
195, 47, 197, 50
69, 22, 74, 23
11, 99, 15, 100
115, 218, 125, 218
25, 213, 26, 216
145, 98, 148, 99
191, 2, 193, 4
162, 126, 169, 126
184, 108, 192, 108
94, 34, 99, 35
46, 9, 50, 10
58, 201, 68, 201
151, 209, 161, 209
47, 239, 52, 240
105, 105, 114, 105
96, 158, 99, 160
178, 1, 189, 1
62, 238, 70, 238
182, 56, 189, 56
71, 141, 81, 141
38, 119, 47, 119
181, 41, 189, 41
97, 212, 107, 212
122, 209, 125, 211
3, 81, 13, 81
177, 11, 187, 11
131, 97, 141, 97
138, 40, 148, 40
2, 213, 10, 213
0, 58, 3, 60
66, 112, 68, 115
131, 68, 142, 68
178, 191, 189, 191
154, 48, 158, 49
179, 28, 182, 30
190, 62, 198, 62
93, 61, 104, 61
89, 205, 100, 205
84, 24, 88, 25
142, 73, 147, 74
2, 220, 3, 225
74, 86, 82, 86
157, 104, 166, 104
35, 81, 46, 81
13, 59, 18, 60
151, 185, 154, 186
179, 5, 183, 6
155, 6, 164, 6
17, 196, 20, 198
151, 167, 160, 167
173, 20, 182, 20
93, 78, 102, 78
30, 141, 35, 142
117, 92, 126, 92
34, 89, 44, 89
187, 127, 197, 127
37, 233, 44, 233
86, 114, 95, 114
75, 77, 84, 77
93, 23, 98, 24
135, 23, 137, 25
48, 28, 57, 28
38, 172, 47, 172
74, 148, 77, 150
175, 79, 180, 80
24, 156, 28, 157
47, 58, 51, 59
153, 214, 157, 215
104, 93, 113, 93
79, 216, 88, 216
182, 80, 182, 88
0, 173, 9, 173
15, 179, 22, 179
122, 143, 129, 143
38, 236, 47, 236
170, 82, 179, 82
135, 223, 137, 225
31, 143, 39, 143
5, 223, 8, 225
188, 82, 198, 82
150, 2, 158, 2
104, 46, 113, 46
100, 112, 103, 114
2, 28, 2, 38
10, 68, 20, 68
10, 94, 13, 96
100, 24, 110, 24
7, 178, 14, 178
168, 98, 172, 99
92, 188, 95, 190
172, 142, 182, 142
182, 220, 183, 225
19, 142, 29, 142
54, 5, 57, 7
185, 120, 195, 120
143, 208, 154, 208
3, 197, 10, 197
195, 227, 198, 229
124, 136, 135, 136
112, 226, 119, 226
33, 217, 43, 217
121, 78, 122, 83
152, 119, 161, 119
137, 219, 147, 219
32, 41, 40, 41
113, 124, 115, 126
93, 54, 104, 54
195, 214, 198, 216
188, 225, 188, 232
108, 146, 115, 146
67, 103, 70, 104
120, 200, 130, 200
7, 130, 8, 135
13, 132, 18, 133
109, 76, 114, 77
93, 25, 102, 25
78, 133, 85, 133
50, 31, 59, 31
55, 85, 63, 85
2, 1, 12, 1
17, 174, 27, 174
90, 57, 95, 58
14, 40, 23, 40
169, 16, 179, 16
2, 171, 13, 171
26, 186, 34, 186
194, 26, 195, 29
165, 114, 172, 114
26, 47, 30, 48
178, 194, 189, 194
89, 104, 97, 104
38, 85, 49, 85
117, 90, 121, 91
119, 149, 119, 159
179, 232, 182, 233
152, 97, 155, 98
85, 137, 94, 137
187, 35, 198, 35
37, 43, 44, 43
165, 61, 172, 61
53, 179, 64, 179
81, 18, 88, 18
85, 178, 96, 178
169, 230, 179, 230
140, 205, 147, 205
116, 246, 119, 248
174, 111, 177, 112
157, 231, 168, 231
146, 233, 149, 234
154, 38, 157, 39
188, 73, 198, 73
129, 62, 139, 62
73, 52, 80, 52
21, 68, 31, 68
14, 71, 24, 71
95, 107, 98, 108
49, 80, 54, 81
27, 0, 38, 0
110, 154, 114, 155
187, 132, 194, 132
47, 146, 52, 147
16, 243, 23, 243
24, 54, 34, 54
165, 199, 174, 199
20, 222, 27, 222
171, 130, 175, 131
56, 108, 61, 109
197, 230, 198, 235
198, 182, 198, 191
51, 232, 58, 232
32, 17, 37, 18
21, 116, 31, 116
93, 101, 104, 101
94, 142, 102, 142
22, 200, 26, 201
18, 42, 25, 42
193, 170, 197, 171
75, 8, 77, 11
78, 136, 81, 138
145, 241, 146, 244
138, 134, 148, 134
193, 110, 198, 111
98, 214, 100, 216
13, 87, 22, 87
191, 222, 196, 223
42, 162, 49, 162
95, 136, 104, 136
87, 246, 96, 246
170, 149, 172, 151
145, 33, 150, 34
23, 231, 28, 232
58, 182, 63, 183
66, 162, 71, 163
127, 191, 130, 193
172, 128, 179, 128
192, 113, 196, 114
141, 36, 148, 36
127, 7, 129, 10
137, 173, 142, 174
158, 174, 163, 175
27, 164, 38, 164
30, 182, 35, 183
8, 174, 11, 175
173, 157, 180, 157
187, 43, 197, 43
65, 206, 75, 206
60, 59, 71, 59
106, 116, 114, 116
168, 225, 177, 225
32, 14, 37, 15
73, 247, 81, 247
165, 211, 169, 212
133, 104, 138, 105
62, 116, 73, 116
184, 98, 189, 99
63, 178, 70, 178
26, 184, 34, 184
131, 79, 134, 81
24, 13, 35, 13
92, 172, 96, 173
191, 218, 196, 219
96, 123, 98, 126
138, 50, 147, 50
183, 75, 190, 75
140, 127, 142, 129
12, 50, 19, 50
0, 103, 10, 103
125, 42, 136, 42
0, 23, 10, 23
73, 185, 74, 189
162, 159, 171, 159
145, 29, 150, 30
126, 228, 133, 228
150, 82, 155, 83
152, 128, 156, 129
167, 121, 178, 121
85, 154, 95, 154
104, 83, 112, 83
111, 122, 119, 122
123, 76, 128, 77
88, 56, 97, 56
110, 221, 118, 221
48, 47, 55, 47
179, 13, 184, 14
194, 182, 196, 184
134, 161, 137, 163
120, 23, 131, 23
150, 165, 161, 165
26, 34, 36, 34
1, 42, 10, 42
32, 77, 37, 78
16, 106, 24, 106
12, 19, 20, 19
2, 106, 3, 110
182, 140, 192, 140
167, 241, 175, 241
158, 106, 167, 106
103, 66, 111, 66
71, 60, 81, 60
131, 230, 140, 230
139, 90, 142, 92
153, 71, 162, 71
54, 217, 62, 217
175, 186, 180, 187
88, 7, 96, 7
189, 27, 192, 29
35, 219, 43, 219
10, 150, 21, 150
88, 92, 95, 92
128, 22, 137, 22
127, 120, 132, 121
150, 45, 154, 46
174, 146, 183, 146
66, 47, 70, 48
11, 130, 18, 130
187, 130, 192, 131
76, 165, 85, 165
17, 156, 22, 157
182, 25, 192, 25
1, 180, 4, 182
138, 157, 142, 158
80, 40, 89, 40
150, 147, 160, 147
48, 56, 58, 56
123, 28, 124, 32
190, 66, 195, 67
70, 218, 75, 219
11, 44, 19, 44
167, 171, 174, 171
72, 48, 76, 49
43, 209, 46, 210
73, 87, 78, 88
2, 19, 6, 20
143, 180, 146, 181
102, 208, 112, 208
29, 168, 37, 168
93, 185, 102, 185
50, 206, 52, 209
106, 241, 110, 242
130, 107, 139, 107
2, 129, 4, 131
81, 91, 85, 92
72, 27, 75, 29
135, 226, 145, 226
150, 37, 160, 37
8, 34, 15, 34
94, 244, 102, 244
55, 100, 56, 104
33, 146, 40, 146
36, 69, 40, 70
91, 223, 102, 223
82, 101, 85, 103
84, 203, 89, 204
2, 90, 7, 91
176, 3, 180, 4
183, 81, 186, 83
53, 90, 57, 91
42, 96, 45, 98
112, 59, 115, 60
188, 77, 191, 79
146, 212, 148, 215
86, 76, 94, 76
152, 14, 154, 17
78, 167, 81, 168
41, 88, 49, 88
20, 188, 29, 188
36, 35, 39, 36
50, 196, 61, 196
1, 142, 10, 142
91, 234, 98, 234
63, 169, 72, 169
59, 122, 70, 122
47, 53, 57, 53
31, 196, 40, 196
146, 206, 156, 206
162, 243, 170, 243
142, 143, 144, 146
61, 98, 64, 100
175, 33, 180, 34
89, 190, 90, 193
160, 72, 164, 73
118, 33, 122, 34
143, 21, 146, 22
140, 19, 142, 22
48, 134, 57, 134
77, 13, 86, 13
40, 227, 43, 229
132, 63, 139, 63
0, 188, 8, 188
89, 240, 92, 242
142, 137, 149, 137
12, 194, 13, 198
62, 165, 72, 165
187, 133, 190, 134
55, 66, 60, 67
25, 36, 29, 37
157, 18, 161, 19
109, 99, 113, 100
1, 228, 8, 228
128, 237, 131, 238
13, 236, 17, 237
70, 21, 80, 21
192, 121, 193, 124
7, 31, 16, 31
43, 78, 45, 80
174, 36, 176, 38
107, 162, 114, 162
50, 201, 53, 202
48, 18, 53, 19
56, 198, 65, 198
27, 200, 32, 201
174, 150, 178, 151
99, 88, 104, 89
0, 69, 0, 76
156, 245, 166, 245
19, 140, 27, 140
186, 164, 188, 167
163, 237, 174, 237
107, 60, 111, 61
103, 129, 104, 133
155, 143, 163, 143
0, 94, 1, 99
168, 148, 168, 157
123, 138, 126, 140
168, 23, 172, 24
18, 41, 26, 41
144, 229, 153, 229
190, 61, 198, 61
95, 47, 99, 48
156, 238, 159, 240
117, 223, 119, 225
82, 158, 90, 158
71, 113, 79, 113
72, 75, 73, 80
141, 162, 143, 164
0, 67, 5, 68
60, 92, 71, 92
78, 139, 81, 140
175, 108, 178, 110
141, 212, 143, 215
164, 10, 166, 12
62, 68, 65, 70
0, 153, 7, 153
2, 205, 5, 206
101, 175, 105, 176
27, 60, 28, 64
28, 83, 32, 84
2, 146, 7, 147
106, 118, 109, 120
65, 153, 69, 154
91, 229, 98, 229
1, 138, 8, 138
192, 12, 193, 17
116, 57, 126, 57
41, 140, 46, 141
68, 232, 77, 232
149, 174, 151, 176
46, 43, 47, 47
37, 213, 40, 215
133, 45, 140, 45
10, 66, 18, 66
91, 218, 101, 218
13, 224, 22, 224
122, 90, 126, 91
155, 153, 157, 156
123, 67, 126, 68
0, 0, 7, 0
102, 123, 102, 133
172, 89, 175, 90
192, 233, 194, 235
198, 97, 198, 105
164, 118, 171, 118
101, 198, 103, 200
195, 159, 198, 161
169, 59, 173, 60
40, 107, 49, 107
1, 159, 12, 159
136, 114, 145, 114
68, 197, 69, 200
63, 2, 67, 3
131, 152, 141, 152
114, 130, 122, 130
112, 169, 115, 170
2, 217, 6, 218
35, 97, 40, 98
107, 145, 117, 145
76, 228, 84, 228
57, 156, 58, 159
47, 22, 49, 25
124, 111, 133, 111
165, 198, 176, 198
17, 103, 21, 104
13, 136, 18, 137
135, 211, 138, 212
169, 215, 170, 218
0, 214, 4, 215
198, 135, 198, 145
2, 195, 6, 196
122, 159, 124, 161
56, 168, 58, 170
172, 190, 175, 192
165, 40, 166, 44
43, 154, 48, 155
154, 236, 163, 236
183, 215, 185, 217
192, 241, 194, 243
40, 201, 44, 202
47, 127, 50, 128
81, 218, 86, 219
101, 71, 108, 71
67, 40, 72, 41
159, 151, 167, 151
49, 96, 56, 96
43, 48, 43, 55
145, 148, 150, 149
185, 117, 196, 117
39, 177, 39, 185
32, 153, 34, 156
47, 62, 52, 63
103, 153, 111, 153
197, 180, 197, 191
177, 64, 181, 65
120, 86, 128, 86
37, 145, 44, 145
139, 4, 143, 5
26, 91, 30, 92
101, 219, 103, 221
147, 235, 150, 236
2, 47, 3, 51
113, 114, 122, 114
4, 46, 5, 51
124, 154, 128, 155
168, 226, 173, 227
86, 248, 97, 248
94, 129, 98, 130
30, 109, 33, 111
123, 222, 123, 229
174, 99, 175, 103
186, 31, 195, 31
172, 204, 177, 205
124, 14, 128, 15
187, 45, 189, 47
113, 240, 123, 240
68, 10, 72, 11
166, 180, 171, 181
37, 4, 46, 4
63, 79, 70, 79
47, 40, 52, 41
173, 49, 176, 51
12, 127, 19, 127
52, 111, 60, 111
140, 100, 149, 100
165, 200, 172, 200
65, 99, 66, 103
73, 36, 74, 39
41, 185, 51, 185
95, 109, 98, 111
196, 101, 197, 105
91, 237, 101, 237
15, 80, 25, 80
68, 143, 77, 143
141, 0, 150, 0
23, 74, 26, 76
187, 155, 198, 155
75, 83, 80, 84
78, 112, 86, 112
6, 167, 9, 168
177, 135, 182, 136
40, 109, 44, 110
12, 52, 20, 52
38, 135, 39, 138
17, 220, 25, 220
75, 186, 76, 190
128, 27, 131, 28
167, 119, 177, 119
147, 156, 150, 158
120, 75, 120, 84
27, 21, 34, 21
114, 220, 125, 220
198, 27, 198, 34
134, 87, 136, 90
31, 76, 38, 76
124, 246, 135, 246
192, 201, 196, 202
83, 15, 86, 16
164, 115, 172, 115
103, 227, 110, 227
35, 67, 40, 68
50, 180, 53, 181
109, 125, 110, 130
194, 0, 197, 2
140, 15, 143, 16
112, 212, 114, 214
193, 150, 198, 151
170, 208, 172, 211
97, 148, 101, 149
82, 58, 89, 58
112, 137, 117, 138
78, 34, 80, 36
156, 196, 159, 197
57, 171, 67, 171
169, 75, 173, 76
128, 56, 136, 56
51, 149, 54, 151
124, 100, 126, 102
196, 197, 198, 200
177, 84, 180, 86
124, 189, 131, 189
137, 10, 145, 10
86, 186, 87, 190
157, 13, 160, 15
18, 227, 21, 228
2, 52, 6, 53
191, 174, 195, 175
104, 112, 108, 113
0, 77, 4, 78
132, 138, 134, 140
5, 235, 8, 237
24, 43, 27, 44
37, 198, 45, 198
187, 109, 191, 110
198, 40, 198, 50
0, 132, 0, 139
190, 244, 198, 244
24, 226, 28, 227
142, 169, 153, 169
140, 185, 150, 185
182, 241, 184, 244
41, 58, 42, 61
114, 198, 118, 199
27, 22, 30, 23
160, 169, 168, 169
56, 74, 63, 74
14, 202, 18, 203
87, 73, 91, 74
154, 192, 157, 193
138, 47, 143, 48
68, 152, 77, 152
83, 193, 85, 196
70, 57, 73, 58
140, 155, 145, 156
24, 176, 28, 177
103, 31, 105, 33
155, 212, 159, 213
54, 138, 61, 138
173, 12, 181, 12
72, 154, 74, 157
168, 36, 170, 38
178, 105, 181, 106
149, 60, 156, 60
190, 247, 197, 247
164, 122, 167, 123
173, 215, 175, 217
0, 217, 0, 228
65, 86, 68, 88
34, 56, 35, 59
122, 98, 130, 98
5, 9, 8, 11
49, 97, 52, 99
171, 34, 174, 35
30, 194, 37, 194
127, 11, 129, 13
47, 142, 50, 144
25, 129, 29, 130
177, 241, 178, 244
114, 172, 115, 175
96, 28, 99, 30
52, 37, 60, 37
90, 63, 92, 65
106, 47, 109, 48
74, 223, 75, 226
72, 212, 75, 213
42, 245, 45, 246
80, 160, 84, 161
183, 18, 194, 18
116, 150, 117, 155
187, 198, 191, 199
167, 31, 171, 32
32, 39, 37, 40
17, 107, 24, 107
23, 115, 31, 115
165, 80, 167, 82
173, 122, 176, 124
163, 187, 167, 188
65, 9, 72, 9
113, 215, 124, 215
139, 86, 140, 89
47, 51, 51, 52
107, 237, 110, 238
89, 123, 92, 124
20, 90, 23, 91
135, 137, 136, 140
4, 59, 7, 60
168, 235, 175, 235
57, 244, 60, 245
66, 44, 73, 44
169, 165, 172, 166
140, 187, 142, 189
125, 43, 129, 44
49, 221, 54, 222
171, 139, 173, 141
173, 5, 178, 6
123, 172, 134, 172
168, 17, 171, 18
149, 213, 150, 217
118, 68, 120, 70
197, 133, 197, 140
94, 86, 102, 86
119, 128, 122, 129
117, 207, 122, 208
94, 19, 97, 20
176, 153, 177, 156
47, 231, 48, 235
37, 45, 42, 46
87, 52, 95, 52
151, 131, 154, 132
60, 26, 62, 28
188, 80, 193, 81
50, 176, 53, 177
0, 12, 1, 15
134, 167, 141, 167
43, 148, 46, 150
158, 193, 161, 194
13, 123, 15, 125
184, 224, 186, 227
166, 190, 168, 192
110, 180, 114, 181
117, 227, 119, 229
73, 93, 78, 94
168, 106, 169, 110
0, 201, 2, 203
43, 239, 46, 241
124, 53, 127, 54
88, 93, 89, 97
139, 137, 141, 139
35, 171, 35, 181
187, 185, 189, 187
115, 119, 122, 119
75, 22, 77, 24
38, 207, 46, 207
151, 110, 153, 112
188, 20, 192, 21
19, 138, 24, 139
74, 74, 77, 76
90, 226, 97, 226
159, 246, 163, 247
157, 217, 160, 219
22, 203, 30, 203
89, 206, 92, 207
0, 36, 0, 45
161, 220, 165, 221
27, 208, 31, 209
8, 37, 13, 38
105, 106, 109, 107
15, 140, 16, 143
167, 9, 168, 12
191, 146, 194, 147
82, 50, 89, 50
168, 49, 170, 52
41, 180, 45, 181
198, 236, 198, 243
64, 132, 65, 135
14, 241, 15, 245
4, 221, 8, 222
151, 181, 155, 182
64, 112, 65, 115
5, 128, 6, 131
54, 23, 57, 25
160, 96, 162, 98
167, 40, 169, 42
23, 190, 23, 198
150, 93, 151, 96
5, 33, 5, 41
