4308
0 0 5 1
6 0 11 1
0 2 11 2
0 3 5 4
6 3 11 4
0 5 11 5
6 6 11 7
0 8 11 8
0 6 5 7
8 9 11 11
0 9 3 11
4 9 7 11
0 13 5 14
0 12 11 12
6 13 11 14
0 16 5 17
0 15 11 15
6 16 11 17
0 20 7 20
0 19 7 19
0 18 11 18
8 19 11 20
0 21 3 23
4 21 7 23
8 21 11 23
0 25 4 26
0 24 8 24
5 25 8 26
9 24 11 26
0 27 2 29
3 27 5 29
6 27 8 29
9 27 11 29
0 31 5 32
0 30 11 30
6 31 11 32
3 33 5 35
0 33 2 35
6 33 8 35
9 33 11 35
0 36 5 37
6 36 11 37
0 38 11 38
6 39 8 41
3 39 5 41
9 39 11 41
0 39 2 41
4 42 7 44
8 42 11 44
0 42 3 44
6 45 11 46
0 47 11 47
0 45 5 46
0 49 5 50
0 48 11 48
6 49 11 50
0 53 11 53
0 51 5 52
6 51 11 52
0 54 3 56
4 54 7 56
8 54 11 56
0 57 3 59
4 57 7 59
8 57 11 59
0 61 8 61
0 62 8 62
0 60 8 60
9 60 11 62
0 65 8 65
0 64 8 64
0 63 8 63
9 63 11 65
0 67 3 68
0 66 8 66
4 67 8 68
9 66 11 68
0 69 3 71
8 69 11 71
0 72 11 72
6 73 11 74
0 73 5 74
6 75 8 77
3 75 5 77
9 75 11 77
0 75 2 77
8 79 11 80
3 78 11 78
0 78 2 80
3 79 7 80
6 81 11 82
0 83 11 83
0 81 5 82
9 84 11 86
1 84 4 86
5 84 8 86
0 89 11 89
0 87 5 88
6 87 11 88
0 90 3 92
4 90 7 92
8 90 11 92
0 93 3 95
4 93 7 95
8 93 11 95
0 96 4 97
0 98 8 98
5 96 8 97
9 96 11 98
0 101 11 101
0 99 5 100
6 99 11 100
0 104 11 104
0 103 11 103
0 102 11 102
0 106 5 107
0 105 11 105
6 106 11 107
0 108 11 108
6 109 11 110
0 109 5 110
4 111 7 113
8 111 11 113
0 111 3 113
4 114 7 116
8 114 11 116
0 114 3 116
8 117 11 119
0 117 3 119
4 117 7 119
0 121 5 122
0 120 11 120
6 121 11 122
0 123 2 125
3 124 6 125
3 123 11 123
7 124 11 125
0 128 11 128
0 126 5 127
6 126 11 127
0 131 11 131
0 130 7 130
0 129 7 129
8 129 11 130
0 132 3 134
4 132 7 134
8 132 11 134
0 137 11 137
0 136 11 136
0 135 11 135
0 140 11 140
0 139 11 139
0 138 11 138
0 143 11 143
0 141 5 142
6 141 11 142
0 144 11 144
6 145 11 146
0 145 5 146
4 147 7 149
8 147 11 149
0 147 3 149
4 150 7 152
8 150 11 152
0 150 3 152
8 153 11 155
0 153 3 155
4 153 7 155
0 157 5 158
0 156 11 156
6 157 11 158
0 160 5 161
0 159 11 159
6 160 11 161
0 162 3 164
4 162 7 164
8 162 11 164
0 165 3 167
4 165 7 167
8 165 11 167
0 170 11 170
0 168 3 169
4 168 7 169
8 168 11 169
0 173 11 173
0 171 5 172
6 171 11 172
0 174 3 176
4 174 7 176
8 174 11 176
0 179 11 179
0 177 5 178
6 177 11 178
0 180 2 182
3 180 5 182
6 180 8 182
9 180 11 182
4 183 7 185
8 183 11 185
0 183 3 185
4 186 7 188
8 186 11 188
0 186 3 188
8 189 11 191
0 189 3 191
4 189 7 191
0 193 5 194
0 192 11 192
6 193 11 194
0 197 11 197
0 196 11 196
0 195 11 195
0 200 11 200
0 198 5 199
6 198 11 199
0 201 3 203
4 201 7 203
8 201 11 203
0 204 3 206
4 204 7 206
8 204 11 206
0 207 3 209
4 207 7 209
8 207 11 209
0 212 8 212
0 210 4 211
5 210 8 211
9 210 11 212
0 213 3 215
4 213 7 215
8 213 11 215
0 216 11 216
6 217 11 218
0 217 5 218
4 219 7 221
8 219 11 221
0 219 3 221
4 222 7 224
8 222 11 224
0 222 3 224
0 227 11 227
0 226 11 226
0 225 11 225
0 228 3 230
4 229 9 230
4 228 11 228
0 233 11 233
0 231 5 232
6 231 11 232
0 236 11 236
0 235 11 235
0 234 11 234
0 238 5 239
0 237 11 237
6 238 11 239
0 240 3 242
4 240 7 242
8 240 11 242
0 243 3 245
4 243 7 245
8 243 11 245
0 246 3 248
4 246 7 248
8 246 11 248
0 249 11 249
12 1 17 2
12 0 23 0
18 1 23 2
12 5 23 5
12 3 17 4
18 3 23 4
12 8 23 8
12 6 16 7
17 6 22 7
12 9 15 11
16 9 19 11
20 9 23 11
12 12 20 12
14 13 19 14
21 12 23 14
12 15 15 17
16 15 19 17
20 15 23 17
12 18 15 20
16 18 19 20
20 18 23 20
12 21 15 23
16 21 19 23
20 21 23 23
12 24 23 24
18 25 23 26
12 25 17 26
16 27 19 29
20 27 23 29
12 27 15 29
18 30 23 31
12 32 23 32
12 30 17 31
18 34 23 35
12 34 17 35
12 33 23 33
12 38 23 38
12 37 23 37
12 36 23 36
12 40 17 41
12 39 23 39
18 40 23 41
12 42 14 44
15 44 23 44
15 42 19 43
20 42 23 43
12 47 23 47
12 45 17 46
18 45 23 46
12 48 15 50
16 48 19 50
20 48 23 50
12 51 15 53
16 51 19 53
20 51 23 53
12 56 23 56
12 54 15 55
16 54 19 55
20 54 23 55
12 58 16 59
12 57 20 57
17 58 20 59
21 57 23 59
12 60 20 60
16 61 20 62
21 60 23 62
12 61 15 62
18 63 23 64
12 65 23 65
12 63 17 64
16 66 19 68
20 66 23 68
12 66 15 68
18 69 23 70
12 71 23 71
12 69 17 70
12 73 17 74
12 72 23 72
18 73 23 74
12 77 23 77
12 75 17 76
18 75 23 76
16 78 19 80
20 78 23 80
12 82 17 83
12 81 23 81
18 82 23 83
12 85 17 86
12 84 23 84
18 85 23 86
12 87 20 87
12 88 15 89
16 88 20 89
21 87 23 89
12 92 23 92
12 90 15 91
16 90 19 91
20 90 23 91
12 93 15 95
16 93 19 95
20 93 23 95
12 96 23 96
18 97 23 98
12 97 17 98
18 99 23 100
12 101 23 101
12 99 17 100
16 102 19 104
20 102 23 104
12 102 15 104
20 105 23 107
12 105 15 107
16 105 19 107
12 109 17 110
12 108 23 108
18 109 23 110
12 113 23 113
12 111 17 112
18 111 23 112
12 114 14 116
15 116 23 116
15 114 19 115
20 114 23 115
14 117 17 119
18 117 21 119
12 120 15 122
16 120 19 122
20 120 23 122
12 123 15 125
16 123 19 125
20 123 23 125
12 128 23 128
12 126 17 127
18 126 23 127
12 131 23 131
12 129 17 130
18 129 23 130
12 132 20 132
16 133 20 134
21 132 23 134
12 133 15 134
18 136 23 137
12 136 17 137
12 135 23 135
18 138 23 139
12 140 23 140
12 138 17 139
20 141 23 143
12 141 15 143
16 141 19 143
12 145 17 146
12 144 23 144
18 145 23 146
12 149 23 149
12 147 17 148
18 147 23 148
12 150 15 152
16 150 19 152
20 150 23 152
12 155 23 155
12 153 17 154
18 153 23 154
12 156 15 158
16 156 19 158
20 156 23 158
12 159 15 161
16 159 19 161
20 159 23 161
12 162 15 164
16 162 19 164
20 162 23 164
12 165 15 167
16 165 19 167
20 165 23 167
12 168 17 169
18 168 23 169
12 170 23 170
16 171 19 173
20 171 23 173
12 171 15 173
12 174 23 174
15 175 20 176
18 177 23 178
12 179 23 179
12 177 17 178
12 181 17 182
12 180 23 180
18 181 23 182
15 183 18 185
19 183 22 185
12 186 15 188
16 186 19 188
20 186 23 188
15 191 23 191
12 189 14 191
15 189 19 190
20 189 23 190
12 194 23 194
12 192 17 193
18 192 23 193
12 195 15 197
16 195 19 197
20 195 23 197
12 198 15 200
16 198 19 200
20 198 23 200
12 203 23 203
12 201 17 202
18 201 23 202
12 204 23 204
18 205 23 206
12 205 17 206
18 207 23 208
12 209 23 209
12 207 17 208
15 210 23 210
19 211 23 212
12 210 14 212
15 211 18 212
18 213 23 214
12 215 23 215
12 213 17 214
12 218 23 218
12 217 23 217
12 216 23 216
12 220 17 221
12 219 23 219
18 220 23 221
12 223 17 224
12 222 23 222
18 223 23 224
12 225 16 226
17 225 20 227
21 225 23 227
12 228 14 230
15 228 18 230
20 228 23 230
12 231 15 233
16 231 19 233
20 231 23 233
12 234 15 236
16 234 19 236
20 234 23 236
12 237 15 239
16 237 19 239
20 237 23 239
12 240 23 240
12 242 23 242
12 241 23 241
18 243 23 244
12 245 23 245
12 243 17 244
18 246 23 247
12 248 23 248
12 246 17 247
12 249 23 249
24 1 29 2
24 0 35 0
30 1 35 2
24 4 29 5
24 3 35 3
30 4 35 5
25 6 28 8
29 6 34 7
24 10 28 11
24 9 32 9
29 10 32 11
33 9 35 11
24 12 35 12
24 14 35 14
24 13 35 13
32 15 35 17
28 15 31 16
24 17 31 17
24 15 27 16
30 18 35 19
24 20 35 20
24 18 29 19
30 22 35 23
24 22 29 23
24 21 35 21
24 25 29 26
24 24 35 24
30 25 35 26
32 27 35 29
24 27 31 27
26 28 31 29
27 32 35 32
24 30 26 32
27 30 31 31
32 30 35 31
24 33 35 33
25 34 30 35
24 36 27 38
28 36 31 38
32 36 35 38
24 39 27 41
28 39 31 41
32 39 35 41
24 43 27 44
24 42 32 42
28 43 32 44
33 42 35 44
24 46 29 47
24 45 35 45
30 46 35 47
24 48 31 48
28 49 31 50
32 48 35 50
24 49 27 50
24 53 35 53
24 52 35 52
24 51 35 51
28 54 31 56
32 54 35 56
24 54 27 56
32 57 35 59
24 57 27 59
28 57 31 59
24 61 29 62
24 60 35 60
30 61 35 62
24 65 35 65
24 63 29 64
30 63 35 64
24 68 35 68
24 67 35 67
24 66 35 66
24 69 27 71
28 69 31 71
32 69 35 71
24 72 27 74
28 72 31 74
32 72 35 74
24 75 27 77
28 75 31 77
32 75 35 77
24 78 27 80
28 78 31 80
32 78 35 80
26 82 31 83
32 81 35 83
24 84 35 84
30 85 35 86
24 85 29 86
30 87 35 88
24 89 35 89
24 87 29 88
30 90 35 91
24 92 35 92
24 90 29 91
32 93 35 95
24 93 27 95
28 93 31 95
24 97 29 98
24 96 35 96
30 97 35 98
24 101 35 101
24 99 29 100
30 99 35 100
24 102 27 104
28 102 31 104
32 102 35 104
24 105 26 107
27 105 29 107
30 106 35 107
24 108 27 110
28 108 31 110
32 108 35 110
24 111 27 113
28 111 31 113
32 111 35 113
24 114 27 116
28 114 31 116
32 114 35 116
24 117 32 117
24 118 28 119
29 118 32 119
33 117 35 119
25 120 28 122
29 120 32 122
33 120 35 122
30 124 35 125
24 124 29 125
24 123 35 123
30 126 35 127
24 128 35 128
24 126 29 127
24 129 27 131
28 129 33 130
31 133 35 134
24 132 26 134
27 132 30 134
24 137 35 137
24 135 29 136
30 135 35 136
24 138 27 140
28 138 31 140
32 138 35 140
24 141 27 143
28 141 31 143
32 141 35 143
24 146 35 146
24 144 29 145
30 144 35 145
24 149 35 149
24 147 29 148
30 147 35 148
24 150 27 152
28 150 31 152
32 150 35 152
24 155 32 155
24 153 28 154
29 153 32 154
33 153 35 155
24 156 35 156
30 157 35 158
24 157 29 158
33 159 35 161
24 161 32 161
24 159 32 159
24 164 35 164
24 163 35 163
24 162 35 162
32 165 35 166
24 165 27 167
28 167 35 167
28 165 31 166
24 169 29 170
24 168 35 168
30 169 35 170
24 171 26 173
27 173 35 173
27 171 30 172
31 171 35 172
24 174 27 176
28 174 31 176
32 174 35 176
27 177 29 179
24 177 26 179
30 177 32 179
33 177 35 179
24 182 35 182
24 180 29 181
30 180 35 181
24 183 27 185
28 183 31 185
32 183 35 185
24 186 27 188
28 186 31 188
32 186 35 188
24 189 27 191
28 189 31 191
32 189 35 191
24 192 35 192
30 193 35 194
24 193 29 194
30 196 35 197
24 196 29 197
24 195 35 195
29 198 32 200
24 198 27 200
30 201 35 202
24 203 35 203
24 201 29 202
32 204 35 206
25 204 28 206
29 204 31 206
24 207 26 209
27 208 32 209
27 207 35 207
24 210 27 212
28 210 31 212
32 210 35 212
24 214 28 215
24 213 32 213
29 214 32 215
33 213 35 215
24 216 27 218
28 216 31 218
32 216 35 218
24 219 27 221
28 221 35 221
28 219 31 220
32 219 35 220
24 222 26 224
27 222 30 224
31 223 35 224
24 226 28 227
24 225 32 225
29 226 32 227
33 225 35 227
24 228 35 228
30 229 35 230
24 229 29 230
28 233 35 233
28 231 31 232
32 231 35 232
24 231 27 233
28 234 31 236
32 234 35 236
24 234 27 236
30 237 35 238
24 239 35 239
24 237 29 238
32 240 35 242
24 240 27 242
28 240 31 242
24 245 35 245
24 243 29 244
30 243 35 244
24 248 35 248
24 246 29 247
30 246 35 247
24 249 35 249
37 0 42 1
43 0 47 1
36 2 47 2
40 3 43 5
44 3 47 5
36 3 39 5
40 6 43 8
44 6 47 8
36 6 39 8
44 9 47 11
36 9 39 11
40 9 43 11
36 13 41 14
36 12 47 12
42 13 47 14
36 16 41 17
36 15 47 15
42 16 47 17
36 18 39 20
40 18 43 20
44 18 47 20
36 21 39 23
40 21 43 23
44 21 47 23
36 24 39 26
40 24 43 26
44 24 47 26
36 27 40 28
36 29 44 29
41 27 44 28
45 27 47 29
36 30 39 32
40 30 43 32
44 30 47 32
36 33 38 35
39 34 42 35
39 33 47 33
43 34 47 35
36 36 47 36
42 37 47 38
36 37 41 38
36 41 47 41
36 39 47 39
39 42 43 43
44 42 47 43
36 42 38 44
39 44 47 44
41 45 44 47
45 45 47 47
37 45 40 47
36 49 41 50
36 48 47 48
42 49 47 50
36 53 47 53
36 51 41 52
42 51 47 52
36 54 39 56
40 54 43 56
44 54 47 56
36 57 39 59
40 57 43 59
44 57 47 59
36 62 47 62
36 60 41 61
42 60 47 61
36 63 39 65
40 63 43 65
44 63 47 65
36 66 39 68
40 66 43 68
44 66 47 68
36 71 47 71
36 69 39 70
40 69 43 70
44 69 47 70
36 72 47 72
42 73 47 74
36 73 41 74
39 77 47 77
39 75 42 76
43 75 47 76
36 75 38 77
39 78 47 78
36 78 38 80
39 80 47 80
39 79 47 79
44 81 47 83
36 81 39 83
40 81 43 83
36 85 41 86
36 84 47 84
42 85 47 86
36 89 47 89
36 87 41 88
42 87 47 88
36 90 39 92
40 90 43 92
44 90 47 92
36 94 40 95
36 93 44 93
41 94 44 95
45 93 47 95
36 98 47 98
36 96 41 97
42 96 47 97
36 99 39 101
40 99 43 101
44 99 47 101
36 104 47 104
36 102 41 103
42 102 47 103
36 105 39 107
40 105 43 107
44 105 47 107
41 109 44 110
36 108 44 108
45 108 47 110
36 109 40 110
40 111 43 113
44 111 47 113
36 111 39 113
40 114 43 116
44 114 47 116
36 114 39 116
44 117 47 119
39 117 42 119
36 121 41 122
36 120 47 120
42 121 47 122
36 125 47 125
36 123 41 124
42 123 47 124
36 128 47 128
36 126 41 127
42 126 47 127
39 129 41 131
36 129 38 131
42 129 44 131
45 129 47 131
36 132 39 134
40 132 43 134
44 132 47 134
36 135 44 135
36 136 39 137
40 136 44 137
45 135 47 137
39 140 47 140
36 138 38 140
39 138 43 139
44 138 47 139
36 141 39 143
40 141 43 143
44 141 47 143
36 144 38 146
39 144 42 146
44 144 47 146
40 147 43 149
44 147 47 149
36 147 39 149
44 150 47 152
40 150 43 151
36 152 43 152
36 150 39 151
36 153 39 155
40 155 47 155
40 153 45 154
36 157 41 158
36 156 47 156
42 157 47 158
44 159 47 161
36 161 43 161
38 159 43 160
36 162 39 164
40 162 43 164
44 162 47 164
36 167 47 167
36 165 39 166
40 165 43 166
44 165 47 166
36 168 39 170
40 168 43 170
44 168 47 170
36 171 40 172
36 173 44 173
41 171 44 172
45 171 47 173
39 174 41 176
36 174 38 176
42 174 44 176
45 174 47 176
36 178 40 179
36 177 47 177
41 178 46 179
36 180 38 182
39 180 42 182
44 180 47 182
40 183 43 185
44 183 47 185
36 183 39 185
39 186 47 186
43 187 47 188
36 186 38 188
39 187 42 188
44 189 47 191
36 189 39 191
40 189 43 191
44 192 47 194
36 192 39 194
40 192 43 194
36 197 47 197
36 195 41 196
42 195 47 196
36 198 39 200
40 198 43 200
44 198 47 200
36 201 39 203
40 201 43 203
44 201 47 203
39 204 41 206
36 204 38 206
42 204 44 206
45 204 47 206
36 207 39 209
40 207 43 209
44 207 47 209
37 210 40 212
41 210 44 212
45 210 47 212
36 213 44 213
36 214 40 215
41 214 44 215
45 213 47 215
36 216 47 216
36 218 47 218
36 217 47 217
40 219 43 221
44 219 47 221
36 219 39 221
42 222 47 223
36 224 47 224
36 222 41 223
42 225 47 226
36 227 47 227
36 225 41 226
36 229 41 230
36 228 47 228
42 229 47 230
36 233 47 233
36 231 41 232
42 231 47 232
36 236 47 236
36 234 41 235
42 234 47 235
36 239 47 239
36 237 41 238
42 237 47 238
36 242 47 242
36 240 41 241
42 240 47 241
36 244 41 245
36 243 47 243
42 244 47 245
36 246 39 248
40 246 43 248
44 246 47 248
36 249 47 249
48 1 53 2
48 0 59 0
54 1 59 2
48 5 59 5
48 3 53 4
54 3 59 4
48 6 51 8
52 6 55 8
56 6 59 8
48 9 51 11
52 9 55 11
56 9 59 11
51 12 53 14
48 12 50 14
54 12 56 14
57 12 59 14
48 17 59 17
48 15 53 16
54 15 59 16
48 20 59 20
48 18 53 19
54 18 59 19
48 23 59 23
48 21 53 22
54 21 59 22
48 24 59 24
54 25 59 26
48 25 53 26
48 29 59 29
48 28 59 28
48 27 59 27
54 30 59 31
48 32 59 32
48 30 53 31
56 33 59 35
48 33 51 35
52 33 55 35
48 37 53 38
48 36 59 36
54 37 59 38
48 41 59 41
48 39 53 40
54 39 59 40
48 42 51 44
52 42 55 44
56 42 59 44
48 47 59 47
48 45 52 46
53 45 58 46
48 48 51 50
52 48 55 50
48 51 51 53
52 51 55 53
56 51 59 53
48 56 59 56
48 54 53 55
54 54 59 55
48 58 52 59
48 57 56 57
53 58 56 59
57 57 59 59
48 60 59 60
54 61 59 62
48 61 53 62
52 63 55 65
56 63 59 65
48 63 51 65
52 66 55 68
56 66 59 68
48 66 51 68
48 71 59 71
48 70 59 70
48 69 59 69
48 74 55 74
56 72 59 74
48 72 51 73
52 72 55 73
48 75 50 77
51 76 54 77
51 75 59 75
55 76 59 77
48 78 51 80
52 78 55 80
56 78 59 80
48 82 53 83
48 81 59 81
54 82 59 83
48 86 56 86
48 84 51 85
52 84 56 85
57 84 59 86
48 87 51 89
52 87 55 89
56 87 59 89
48 91 53 92
48 90 59 90
54 91 59 92
48 93 51 95
52 93 55 95
56 93 59 95
48 96 59 96
54 97 59 98
48 97 53 98
52 99 55 101
56 99 59 101
48 99 51 101
53 102 56 104
57 102 59 104
49 102 52 104
54 105 59 106
48 107 59 107
48 105 53 106
48 109 53 110
48 108 59 108
54 109 59 110
48 113 59 113
48 111 53 112
54 111 59 112
48 116 59 116
48 114 53 115
54 114 59 115
48 117 51 119
52 117 55 119
56 117 59 119
48 120 51 122
52 120 55 122
56 120 59 122
48 123 51 125
52 123 55 125
56 123 59 125
48 126 51 128
52 126 55 128
56 126 59 128
48 131 56 131
48 129 51 130
52 129 56 130
57 129 59 131
48 132 53 133
54 132 59 133
48 134 59 134
52 135 55 137
56 135 59 137
48 135 51 137
52 138 55 140
56 138 59 140
48 138 51 140
54 141 59 142
48 143 59 143
48 141 53 142
48 145 53 146
48 144 59 144
54 145 59 146
48 149 59 149
48 147 53 148
54 147 59 148
48 150 51 152
52 150 55 152
56 150 59 152
48 155 59 155
48 153 53 154
54 153 59 154
48 156 51 158
52 156 55 158
56 156 59 158
48 161 59 161
48 159 53 160
54 159 59 160
48 164 59 164
48 162 51 163
52 162 55 163
56 162 59 163
48 165 51 167
52 165 55 167
56 165 59 167
48 168 59 168
54 169 59 170
48 169 53 170
51 171 54 173
55 171 58 173
48 171 50 173
52 174 55 176
56 174 59 176
48 174 51 176
56 178 59 179
48 177 59 177
50 178 55 179
56 180 59 182
48 180 51 182
52 180 55 182
48 185 59 185
48 183 53 184
54 183 59 184
48 187 53 188
48 186 59 186
54 187 59 188
48 189 50 191
51 190 56 191
57 189 59 191
48 192 51 194
52 192 55 194
56 192 59 194
48 195 50 197
51 195 53 197
54 195 56 197
57 195 59 197
48 198 51 200
52 198 55 200
56 198 59 200
48 203 59 203
48 201 51 202
52 201 55 202
56 201 59 202
48 204 59 204
54 205 59 206
48 205 53 206
53 207 56 209
57 207 59 209
49 207 52 209
52 210 55 212
56 210 59 212
48 210 51 212
56 213 59 215
48 213 51 215
52 213 55 215
48 217 53 218
48 216 59 216
54 217 59 218
48 221 59 221
48 219 53 220
54 219 59 220
48 222 51 224
52 222 55 224
56 222 59 224
48 227 59 227
48 225 53 226
54 225 59 226
48 230 56 230
48 228 52 229
53 228 56 229
57 228 59 230
48 231 51 233
52 231 55 233
56 231 59 233
48 236 59 236
48 234 53 235
54 234 59 235
48 239 59 239
54 237 59 238
48 240 53 241
54 240 59 241
48 242 59 242
56 243 59 245
49 243 52 245
52 246 55 248
56 246 59 248
48 246 51 248
48 249 59 249
60 2 71 2
60 0 65 1
66 0 71 1
60 5 71 5
60 4 71 4
60 3 71 3
60 6 63 8
64 6 67 8
68 6 71 8
60 9 63 11
64 9 67 11
68 9 71 11
60 12 71 12
66 13 71 14
60 13 65 14
66 15 71 16
60 17 71 17
60 15 65 16
64 18 67 20
68 18 71 20
60 18 63 20
67 21 70 23
60 21 62 23
63 21 66 23
60 25 65 26
60 24 71 24
66 25 71 26
60 28 65 29
60 27 71 27
66 28 71 29
60 32 71 32
60 30 65 31
66 30 71 31
60 33 63 35
64 33 67 35
68 33 71 35
60 36 63 38
64 36 71 36
65 37 70 38
60 41 71 41
60 39 65 40
66 39 71 40
60 42 63 44
64 42 66 44
67 42 70 44
60 46 65 47
60 45 71 45
66 46 71 47
60 48 68 48
65 49 68 50
69 48 71 50
60 49 64 50
64 51 67 53
68 51 71 53
60 51 63 53
63 54 66 55
67 54 71 55
60 54 62 56
63 56 71 56
66 57 71 58
60 59 71 59
60 57 65 58
68 60 71 62
60 60 63 62
64 60 67 62
60 63 71 63
61 64 66 65
67 64 71 65
60 66 63 68
64 66 67 68
68 66 71 68
60 70 63 71
60 69 68 69
64 70 68 71
69 69 71 71
60 72 63 74
64 72 67 74
68 72 71 74
60 75 62 77
63 75 65 77
66 75 68 77
69 75 71 77
60 80 71 80
60 78 65 79
66 78 71 79
60 83 71 83
60 81 65 82
66 81 71 82
60 84 65 85
66 84 71 85
60 86 71 86
63 88 67 89
63 87 71 87
68 88 71 89
60 87 62 89
64 90 67 92
68 90 71 92
60 90 63 92
68 93 71 94
60 93 63 95
64 95 71 95
64 93 67 94
60 97 65 98
60 96 71 96
66 97 71 98
60 101 71 101
60 99 65 100
66 99 71 100
60 102 63 104
64 102 67 104
68 102 71 104
60 105 63 107
64 105 67 107
68 105 71 107
60 110 71 110
60 108 65 109
66 108 71 109
60 113 71 113
60 111 65 112
66 111 71 112
64 114 67 116
68 114 71 116
60 119 71 119
60 117 65 118
66 117 71 118
60 120 68 120
63 121 68 122
69 120 71 122
66 123 71 124
60 125 71 125
60 123 65 124
64 126 67 128
68 126 71 128
60 126 63 128
68 129 71 131
60 129 63 131
64 129 67 131
60 133 65 134
60 132 71 132
66 133 71 134
60 136 65 137
60 135 71 135
66 136 71 137
60 138 62 140
63 140 71 140
63 138 67 139
68 138 71 139
60 141 63 143
64 141 67 143
68 141 71 143
60 144 64 145
60 146 68 146
65 144 68 145
69 144 71 146
60 149 71 149
60 147 65 148
66 147 71 148
60 152 71 152
60 150 65 151
66 150 71 151
60 153 63 155
64 153 67 155
68 153 71 155
60 156 71 156
66 157 71 158
60 157 65 158
64 159 67 161
68 159 71 161
60 159 63 161
63 162 65 164
66 162 68 164
69 162 71 164
60 162 62 164
66 166 71 167
60 166 65 167
60 165 71 165
68 168 71 170
60 168 63 170
64 168 67 170
60 173 71 173
60 172 71 172
60 171 71 171
60 174 63 176
64 174 67 176
68 174 71 176
60 179 71 179
60 177 65 178
66 177 71 178
60 180 63 182
64 180 67 182
68 180 71 182
60 183 63 185
64 183 67 185
68 183 71 185
60 186 63 188
64 186 67 188
68 186 71 188
60 189 63 191
64 189 67 191
68 189 71 191
60 192 63 194
64 192 67 194
68 192 71 194
64 195 67 197
68 195 71 197
60 195 63 197
66 198 71 199
60 200 71 200
60 198 65 199
68 201 71 203
60 201 63 203
64 201 67 203
68 204 71 206
60 204 63 206
64 204 67 206
60 208 65 209
60 207 71 207
66 208 71 209
60 212 71 212
60 210 65 211
66 210 71 211
60 215 71 215
60 213 65 214
66 213 71 214
60 217 63 218
60 216 68 216
64 217 68 218
69 216 71 218
60 219 63 221
64 219 67 221
68 219 71 221
60 222 62 224
63 222 65 224
66 223 71 224
60 227 67 227
60 225 63 226
64 225 67 226
68 225 71 227
60 228 63 230
64 230 71 230
66 228 71 229
66 231 71 232
60 233 71 233
60 231 65 232
62 234 65 236
60 237 63 239
64 237 69 238
60 241 65 242
60 240 71 240
66 241 71 242
60 245 71 245
60 243 65 244
66 243 71 244
60 248 71 248
60 247 67 247
60 246 67 246
68 246 71 247
60 249 71 249
76 0 79 2
80 0 83 2
72 0 75 2
81 3 83 5
78 3 80 5
72 3 74 5
75 3 77 5
80 6 83 8
72 6 75 8
76 6 79 8
72 9 74 11
75 10 78 11
75 9 83 9
79 10 83 11
72 14 83 14
72 13 83 13
72 12 83 12
72 15 75 17
76 15 79 17
80 15 83 17
72 18 75 20
76 18 79 20
80 18 83 20
72 21 75 23
76 21 79 23
80 21 83 23
72 24 75 26
76 24 79 26
80 24 83 26
72 27 75 29
76 27 79 29
80 27 83 29
72 31 77 32
72 30 83 30
78 31 83 32
72 33 75 35
76 33 79 35
80 33 83 35
75 36 83 36
75 37 78 38
79 37 83 38
72 36 74 38
76 39 79 41
80 39 83 41
72 39 75 41
78 42 83 43
72 44 83 44
72 42 77 43
72 47 83 47
72 45 77 46
78 45 83 46
72 48 75 50
76 48 79 50
80 48 83 50
72 52 80 52
72 53 80 53
72 51 80 51
81 51 83 53
72 55 75 56
72 54 80 54
76 55 80 56
81 54 83 56
72 58 76 59
72 57 80 57
77 58 80 59
81 57 83 59
72 60 75 62
76 60 79 62
80 60 83 62
72 63 75 65
76 63 79 65
80 63 83 65
72 66 75 68
76 66 79 68
80 66 83 68
76 69 79 71
80 69 83 71
76 72 79 74
80 72 83 74
72 72 75 74
80 75 83 77
75 75 78 77
72 75 74 77
80 78 83 80
72 78 75 80
76 78 79 80
72 83 83 83
72 81 83 81
72 82 83 82
76 84 79 86
80 84 83 86
72 84 75 86
72 87 77 88
72 89 83 89
78 87 83 88
76 90 79 92
72 90 75 92
80 90 83 92
72 93 83 93
72 94 83 94
72 95 83 95
72 96 83 96
72 97 83 97
72 98 83 98
72 99 77 100
72 101 83 101
78 99 83 100
72 102 77 103
78 102 83 103
72 104 83 104
78 106 83 107
72 105 83 105
72 106 77 107
79 108 82 110
73 108 76 110
76 111 80 112
81 111 83 113
72 113 80 113
72 111 75 112
78 114 83 115
72 116 83 116
72 114 77 115
72 117 77 118
78 117 81 119
74 120 79 121
72 125 83 125
72 123 77 124
78 123 83 124
72 126 75 128
76 126 79 128
80 126 83 128
72 131 80 131
72 129 76 130
77 129 80 130
81 129 83 131
72 132 75 134
76 132 79 134
80 132 83 134
72 136 77 137
72 135 83 135
78 136 83 137
72 138 75 140
80 138 83 140
78 142 83 143
72 142 77 143
72 141 83 141
76 144 79 146
80 144 83 146
72 144 75 146
72 149 83 149
72 148 83 148
72 147 83 147
72 152 83 152
72 150 75 151
76 151 83 151
76 150 83 150
74 153 77 155
78 153 81 155
72 158 83 158
72 157 83 157
72 156 83 156
75 159 78 161
79 159 82 161
75 162 77 164
72 162 74 164
78 162 80 164
81 162 83 164
72 165 75 167
76 165 79 167
80 165 83 167
72 168 75 170
76 168 79 170
80 168 83 170
72 171 75 173
76 171 79 173
80 171 83 173
72 176 83 176
72 174 77 175
78 174 83 175
78 177 80 179
75 177 77 179
81 177 83 179
72 177 74 179
78 180 81 182
74 180 77 182
78 183 83 184
72 185 83 185
72 183 77 184
80 186 83 188
72 186 75 188
76 186 79 188
72 191 83 191
72 189 77 190
78 189 83 190
72 194 83 194
72 192 77 193
78 192 83 193
72 195 75 197
76 195 79 197
72 198 75 200
76 198 79 200
80 198 83 200
72 201 75 203
76 201 79 203
80 201 83 203
72 206 83 206
72 204 77 205
78 204 83 205
72 207 75 209
76 207 79 209
80 207 83 209
72 210 75 212
76 210 79 212
80 210 83 212
78 213 83 214
72 215 83 215
72 213 77 214
76 216 79 218
80 216 83 218
72 216 75 218
76 219 79 221
80 219 83 221
72 219 75 221
80 222 83 224
72 222 75 224
76 222 79 224
72 227 83 227
72 225 77 226
78 225 83 226
72 230 83 230
72 228 77 229
78 228 83 229
72 233 83 233
72 231 77 232
78 231 83 232
75 234 77 236
72 234 74 236
78 234 80 236
81 234 83 236
72 238 77 239
72 237 83 237
78 238 83 239
72 240 75 242
77 240 80 242
81 240 83 242
72 243 75 245
76 243 79 245
80 243 83 245
72 246 74 248
75 246 78 248
79 246 82 248
72 249 83 249
84 0 87 2
88 0 91 2
92 0 95 2
84 5 95 5
84 3 89 4
90 3 95 4
84 6 87 8
88 6 91 8
92 6 95 8
84 9 87 11
88 9 91 11
92 9 95 11
86 12 89 14
92 12 95 14
84 15 87 17
88 15 91 17
92 15 95 17
84 18 89 19
90 18 95 19
84 20 95 20
90 21 92 23
87 21 89 23
93 21 95 23
84 21 86 23
90 24 95 25
84 26 95 26
84 24 89 25
93 27 95 29
90 27 92 29
84 27 86 29
87 27 89 29
90 30 92 32
93 30 95 32
84 30 89 31
87 34 90 35
84 33 86 35
87 33 95 33
91 34 95 35
84 36 87 38
88 36 91 38
92 36 95 38
84 39 87 41
88 39 91 41
92 39 95 41
85 42 88 44
92 42 95 44
84 45 87 47
88 45 91 47
92 45 95 47
84 48 87 50
88 48 91 50
92 48 95 50
84 53 95 53
84 52 91 52
84 51 91 51
92 51 95 52
85 54 90 55
91 54 95 55
84 56 95 56
88 57 91 59
92 57 95 59
84 57 87 59
88 60 91 62
92 60 95 62
84 60 87 62
90 63 95 64
84 65 95 65
84 63 89 64
93 66 95 68
85 66 88 68
89 66 92 68
84 71 95 71
84 69 89 70
90 69 95 70
84 72 87 74
88 72 91 74
92 72 95 74
84 77 95 77
84 76 95 76
84 75 95 75
84 78 87 80
88 78 91 80
92 78 95 80
84 81 87 83
88 81 91 83
92 81 95 83
84 84 87 86
88 84 91 86
92 84 95 86
87 87 89 89
84 87 86 89
90 87 92 89
93 87 95 89
84 90 89 91
90 90 95 91
84 92 95 92
84 95 95 95
84 94 95 94
84 93 95 93
87 97 90 98
87 96 95 96
91 97 95 98
84 96 86 98
91 99 94 101
84 99 86 101
87 99 90 101
92 102 95 104
84 102 87 104
88 102 91 104
84 107 95 107
84 105 89 106
90 105 95 106
84 108 87 110
88 108 91 110
92 108 95 110
84 111 87 113
88 111 91 113
92 111 95 113
84 116 95 116
84 114 89 115
90 114 95 115
84 117 88 118
84 119 92 119
89 117 92 118
93 117 95 119
84 122 95 122
84 120 89 121
90 120 95 121
84 123 89 124
90 123 92 125
93 123 95 125
84 126 88 127
89 126 92 127
93 126 95 128
84 128 92 128
88 129 91 131
92 129 95 131
84 129 87 131
88 132 91 134
92 132 95 134
84 132 87 134
84 135 86 137
91 135 95 136
87 137 95 137
87 135 90 136
84 140 92 140
93 138 95 140
84 138 88 139
89 138 92 139
84 143 95 143
84 141 89 142
90 141 95 142
84 146 95 146
84 144 89 145
90 144 95 145
84 147 87 149
88 147 91 149
92 147 95 149
84 152 95 152
89 150 94 151
84 153 88 154
84 155 92 155
89 153 92 154
93 153 95 155
84 156 87 158
88 156 91 158
92 156 95 158
84 159 87 161
88 159 91 161
92 159 95 161
84 162 89 163
90 162 95 163
84 164 95 164
87 166 91 167
87 165 95 165
92 166 95 167
84 165 86 167
88 168 91 170
92 168 95 170
84 168 87 170
93 171 95 173
90 171 92 173
84 171 86 173
87 171 89 173
92 174 95 176
84 174 87 176
88 174 91 176
84 178 89 179
84 177 95 177
90 178 95 179
84 180 87 182
88 180 91 182
92 180 95 182
84 183 87 185
88 183 91 185
92 183 95 185
84 187 89 188
84 186 95 186
90 187 95 188
84 190 89 191
84 189 95 189
90 190 95 191
87 194 95 194
84 192 86 194
87 192 90 193
91 192 95 193
84 195 95 195
85 196 90 197
91 196 95 197
84 198 89 199
90 198 95 199
84 200 95 200
88 201 91 203
92 201 95 203
84 201 87 203
88 204 91 206
92 204 95 206
84 204 87 206
92 207 95 209
84 207 86 209
87 207 90 209
92 210 95 212
84 210 87 212
88 210 91 212
84 214 89 215
84 213 95 213
90 214 95 215
84 216 87 218
88 216 90 218
91 217 95 218
84 221 95 221
84 219 88 220
89 219 94 220
84 224 95 224
84 222 89 223
90 222 95 223
84 227 95 227
84 225 89 226
90 225 95 226
84 228 87 230
88 228 91 230
92 228 95 230
84 231 87 233
88 231 91 233
92 231 95 233
84 234 89 235
90 234 95 235
84 236 95 236
88 237 91 239
92 237 95 239
84 237 87 239
88 240 91 242
92 240 95 242
84 240 87 242
88 243 91 245
92 243 95 245
84 243 87 245
92 246 95 248
84 246 87 248
88 246 91 248
100 0 103 2
104 0 107 2
96 5 107 5
96 4 107 4
96 3 107 3
96 6 101 7
102 6 107 7
96 8 107 8
100 9 103 11
104 9 107 11
96 9 99 11
100 12 103 14
104 12 107 14
96 12 99 14
100 15 103 17
104 15 107 17
96 15 99 17
104 18 107 20
96 18 99 20
100 18 103 20
98 21 101 23
102 21 105 23
96 24 99 26
100 24 103 26
104 24 107 26
96 27 99 29
100 27 103 29
104 27 107 29
96 30 99 32
100 30 103 32
104 30 107 32
96 33 99 35
100 33 103 35
104 33 107 35
96 36 99 38
100 36 103 38
104 36 107 38
96 39 99 41
100 39 103 41
104 39 107 41
96 42 101 43
102 42 107 43
96 44 107 44
101 46 106 47
96 46 100 47
96 45 107 45
99 48 107 48
99 49 107 49
96 48 98 50
99 50 107 50
100 51 103 52
104 51 107 52
96 51 99 53
100 53 107 53
102 55 107 56
96 55 101 56
96 54 107 54
96 58 101 59
96 57 107 57
102 58 107 59
96 60 99 62
100 60 103 62
104 60 107 62
96 63 99 65
100 63 103 65
104 63 107 65
96 66 99 68
100 66 103 68
104 66 107 68
98 69 103 70
104 69 107 71
96 74 107 74
96 72 101 73
102 72 107 73
96 77 107 77
96 75 101 76
102 75 107 76
96 78 101 79
102 78 107 79
96 80 107 80
100 81 103 83
104 81 107 83
96 81 99 83
100 84 103 86
104 84 107 86
96 84 99 86
100 87 103 89
104 87 107 89
96 87 99 89
104 90 107 92
96 90 99 92
100 90 103 92
96 95 107 95
96 93 101 94
102 93 107 94
96 96 99 98
100 96 103 98
104 96 107 98
99 101 107 101
96 99 98 101
99 99 103 100
104 99 107 100
96 104 107 104
96 102 101 103
102 102 107 103
96 105 99 107
100 105 103 107
104 105 107 107
96 108 99 110
100 108 103 110
104 108 107 110
96 111 99 113
100 111 103 113
104 111 107 113
102 114 107 115
96 116 107 116
96 119 107 119
96 117 101 118
100 120 103 122
104 120 107 122
96 120 99 122
102 124 107 125
96 124 101 125
96 123 107 123
104 126 107 128
96 126 99 128
100 126 103 128
96 130 101 131
96 129 107 129
102 130 107 131
96 132 99 134
100 132 103 134
104 132 107 134
96 135 99 137
100 135 103 137
104 135 107 137
96 139 99 140
96 138 104 138
100 139 104 140
105 138 107 140
96 141 99 143
100 141 103 143
104 141 107 143
96 144 99 146
100 144 103 146
104 144 107 146
96 147 99 149
100 147 103 149
104 147 107 149
96 150 101 151
102 150 107 151
96 152 107 152
103 153 106 155
97 154 102 155
99 156 103 157
104 156 107 157
96 156 98 158
99 158 107 158
96 161 107 161
96 160 107 160
96 159 107 159
102 162 107 163
96 164 107 164
96 162 101 163
96 166 101 167
96 165 107 165
102 166 107 167
96 170 107 170
96 168 101 169
102 168 107 169
98 171 101 173
103 171 106 173
96 176 107 176
96 174 101 175
102 174 107 175
96 177 98 179
99 177 101 179
102 177 104 179
105 177 107 179
96 182 104 182
96 180 100 181
101 180 104 181
105 180 107 182
96 185 107 185
96 183 101 184
102 183 107 184
96 187 107 187
96 186 107 186
96 188 107 188
99 191 107 191
99 189 102 190
103 189 107 190
96 189 98 191
100 192 103 194
104 192 107 194
96 192 99 194
96 195 98 197
103 196 107 197
99 196 102 197
99 195 107 195
104 198 107 200
96 198 99 200
100 198 103 200
96 203 107 203
96 201 101 202
102 201 107 202
96 206 107 206
96 204 101 205
102 204 107 205
96 207 99 209
100 207 103 209
104 207 107 209
96 210 99 212
100 210 103 212
104 210 107 212
96 213 98 215
99 215 107 215
99 213 103 214
104 213 107 214
96 218 107 218
96 216 101 217
102 216 107 217
96 219 99 221
100 219 103 221
104 219 107 221
102 222 107 223
96 224 107 224
99 226 102 227
99 225 107 225
103 226 107 227
96 225 98 227
102 228 107 229
96 230 107 230
96 228 101 229
100 231 103 233
104 231 107 233
96 231 99 233
104 234 107 236
96 234 99 236
100 234 103 236
96 239 107 239
96 237 101 238
102 237 107 238
96 240 99 242
100 240 103 242
104 240 107 242
96 243 99 245
100 243 103 245
104 243 107 245
96 248 107 248
96 246 101 247
102 246 107 247
96 249 107 249
112 0 115 2
116 0 119 2
108 0 111 2
112 3 115 5
116 3 119 5
108 3 111 5
116 6 119 8
108 6 111 8
112 6 115 8
108 11 119 11
108 9 113 10
114 9 119 10
110 12 113 14
114 13 119 14
108 17 119 17
108 15 112 16
113 15 118 16
108 18 111 20
112 18 115 20
116 18 119 20
108 21 111 23
112 21 115 23
116 21 119 23
108 24 111 26
112 24 115 26
116 24 119 26
108 27 111 29
112 27 115 29
116 27 119 29
108 31 119 31
108 30 119 30
108 32 119 32
114 33 116 35
111 33 113 35
117 33 119 35
108 33 110 35
114 37 119 38
108 37 113 38
108 36 119 36
108 40 111 41
117 39 119 41
108 39 116 39
112 40 116 41
116 42 119 44
108 42 111 44
112 42 115 44
108 47 119 47
108 45 113 46
114 45 119 46
108 50 119 50
108 48 113 49
114 48 119 49
108 51 111 53
112 51 115 53
116 51 119 53
108 56 119 56
108 54 113 55
114 54 119 55
108 59 119 59
108 57 112 58
113 57 118 58
108 60 111 62
112 60 115 62
116 60 119 62
108 65 116 65
108 64 116 64
108 63 116 63
117 63 119 65
108 66 113 67
114 66 119 67
108 68 119 68
112 69 115 71
116 69 119 71
108 69 111 71
112 72 115 74
116 72 119 74
108 72 111 74
114 75 119 76
108 77 119 77
108 75 113 76
116 78 119 80
108 78 111 80
112 78 115 80
108 83 119 83
108 81 113 82
114 81 119 82
108 86 119 86
108 84 113 85
114 84 119 85
111 89 119 89
108 87 110 89
111 87 115 88
116 87 119 88
108 90 111 92
112 90 115 92
116 90 119 92
108 93 110 95
111 95 119 95
111 93 115 94
116 93 119 94
108 96 111 98
112 96 115 98
116 96 119 98
108 99 111 101
112 99 115 101
116 99 119 101
108 102 113 103
114 102 119 103
108 104 119 104
111 107 119 107
111 105 115 106
116 105 119 106
108 105 110 107
111 108 114 110
116 108 119 110
108 108 110 110
112 111 115 113
116 111 119 113
108 111 111 113
116 114 119 116
108 114 111 116
112 114 115 116
108 119 119 119
108 117 113 118
114 117 119 118
108 120 111 122
112 120 115 122
116 120 119 122
108 123 111 125
112 123 115 125
116 123 119 125
108 126 111 128
112 126 115 128
116 126 119 128
108 129 110 131
111 131 119 131
111 129 115 130
116 129 119 130
108 132 111 134
112 132 115 134
116 132 119 134
108 135 111 137
112 135 115 137
116 135 119 137
108 138 113 139
114 138 119 139
108 140 119 140
111 141 114 143
116 141 119 143
108 141 110 143
114 145 119 146
108 145 113 146
108 144 119 144
112 147 115 149
116 147 119 149
108 147 111 149
116 150 119 152
108 150 111 152
112 150 115 152
108 154 113 155
108 153 119 153
114 154 119 155
108 156 110 158
111 158 119 158
111 156 115 157
116 156 119 157
112 161 119 161
108 159 111 161
112 159 115 160
116 159 119 160
108 162 110 164
111 162 114 164
115 162 118 164
108 165 111 167
112 167 119 167
112 165 115 166
116 165 119 166
108 169 112 170
108 168 116 168
113 169 116 170
117 168 119 170
108 171 111 173
112 171 115 173
116 171 119 173
108 174 113 175
114 174 119 175
108 176 119 176
108 179 119 179
108 178 119 178
112 180 115 182
116 180 119 182
108 180 111 182
108 184 111 185
116 183 119 185
108 183 115 183
112 184 115 185
116 186 119 188
108 186 111 188
112 186 115 188
108 191 119 191
108 189 113 190
114 189 119 190
108 192 110 194
111 192 114 194
116 192 119 194
108 195 111 197
112 195 115 197
116 195 119 197
108 198 111 200
112 198 115 200
116 198 119 200
108 202 113 203
108 201 119 201
114 202 119 203
108 204 111 206
112 204 115 206
116 204 119 206
108 209 116 209
108 207 112 208
113 207 116 208
117 207 119 209
108 210 113 211
114 210 119 211
108 212 119 212
112 213 115 215
116 213 119 215
108 213 111 215
112 216 115 218
116 216 119 218
108 216 111 218
114 219 119 220
108 221 119 221
108 219 113 220
114 222 119 223
108 224 119 224
108 222 113 223
108 227 119 227
108 225 113 226
114 225 119 226
108 228 111 230
112 228 115 230
116 228 119 230
108 232 113 233
108 231 119 231
114 232 119 233
108 234 111 236
112 234 115 236
116 234 119 236
112 237 115 239
116 237 119 239
108 240 111 242
112 240 115 242
116 240 119 242
108 244 112 245
108 243 116 243
113 244 116 245
117 243 119 245
108 246 113 247
114 246 119 247
108 248 119 248
108 249 119 249
120 0 123 2
124 0 127 2
128 0 131 2
120 5 131 5
120 3 125 4
126 3 131 4
120 6 123 8
124 6 127 8
128 6 131 8
120 9 123 11
124 9 127 11
128 9 131 11
120 14 131 14
120 12 125 13
126 12 131 13
120 15 123 17
124 15 127 17
128 15 131 17
120 18 127 18
120 19 127 19
128 18 131 20
120 20 127 20
128 21 131 23
120 21 123 23
124 24 127 26
128 24 131 26
120 24 123 26
126 27 131 28
120 29 131 29
120 27 125 28
128 30 131 32
120 30 123 32
124 30 127 32
128 33 131 35
120 33 123 35
124 33 127 35
120 37 125 38
120 36 131 36
126 37 131 38
120 41 131 41
120 40 131 40
120 39 131 39
120 42 123 44
124 42 127 44
128 42 131 44
120 47 131 47
120 45 125 46
126 45 131 46
120 50 127 50
120 48 123 49
124 48 127 49
128 48 131 50
120 51 123 53
124 51 127 53
128 51 131 53
120 54 125 55
126 54 131 55
120 56 131 56
124 57 127 59
128 57 131 59
120 57 123 59
126 61 131 62
120 61 125 62
120 60 131 60
124 63 127 65
128 63 131 65
120 63 123 65
126 66 131 67
120 68 131 68
120 66 125 67
120 71 131 71
120 69 125 70
126 69 131 70
120 74 131 74
120 72 125 73
126 72 131 73
120 75 123 77
124 75 127 77
128 75 131 77
120 78 123 80
124 78 127 80
128 78 131 80
120 83 131 83
120 81 125 82
126 81 131 82
123 84 125 86
120 84 122 86
126 84 128 86
129 84 131 86
120 88 124 89
120 87 128 87
125 88 128 89
129 87 131 89
120 90 125 91
126 90 131 91
120 92 131 92
124 93 127 95
128 93 131 95
120 93 123 95
126 96 131 97
120 98 131 98
120 96 125 97
124 99 127 101
128 99 131 101
120 99 123 101
120 104 131 104
128 102 131 103
120 102 123 103
124 102 127 103
120 107 131 107
120 105 125 106
126 105 131 106
120 108 123 110
124 108 127 110
128 108 131 110
120 111 123 113
124 111 127 113
128 111 131 113
120 114 123 116
124 114 127 116
128 114 131 116
120 119 131 119
120 117 125 118
126 117 131 118
120 122 131 122
120 120 125 121
126 120 131 121
120 125 131 125
120 123 125 124
126 123 131 124
120 127 125 128
120 126 131 126
126 127 131 128
126 129 131 130
120 131 131 131
120 129 125 130
126 132 131 133
120 134 131 134
120 132 125 133
124 135 131 135
128 136 131 137
120 135 123 137
124 136 127 137
128 138 131 140
120 138 123 140
124 138 127 140
120 143 131 143
120 141 125 142
126 141 131 142
120 145 127 145
120 146 131 146
120 144 127 144
128 144 131 145
120 149 131 149
120 147 125 148
126 147 131 148
120 150 123 152
124 150 127 152
128 150 131 152
120 153 123 154
120 155 128 155
124 153 128 154
129 153 131 155
120 156 123 158
124 156 127 158
128 156 131 158
120 159 123 161
124 159 127 161
128 159 131 161
120 162 125 163
126 162 131 163
120 164 131 164
126 165 131 166
120 167 131 167
120 165 125 166
123 168 131 168
123 169 127 170
128 169 131 170
120 168 122 170
125 172 130 173
120 172 124 173
120 171 131 171
120 176 131 176
120 175 131 175
120 174 131 174
120 179 131 179
120 177 125 178
126 177 131 178
120 180 123 182
124 180 127 182
128 180 131 182
120 184 124 185
120 183 128 183
125 184 128 185
129 183 131 185
120 188 131 188
120 186 125 187
126 186 131 187
120 190 123 191
120 189 128 189
124 190 128 191
129 189 131 191
120 193 125 194
120 192 131 192
126 193 131 194
120 195 123 197
124 195 127 197
128 195 131 197
124 198 127 199
120 198 123 199
128 198 131 200
120 200 127 200
124 201 127 203
128 201 131 203
120 201 123 203
124 204 127 206
128 204 131 206
120 204 123 206
126 207 131 208
120 209 131 209
120 207 125 208
128 210 131 212
120 210 123 212
124 210 127 212
120 215 131 215
120 213 125 214
126 213 131 214
120 216 123 218
124 216 127 218
128 216 131 218
120 219 123 221
124 219 127 221
128 219 131 221
123 222 125 224
120 222 122 224
126 222 128 224
129 222 131 224
120 225 123 227
124 225 127 227
128 225 131 227
120 230 131 230
120 229 131 229
120 228 131 228
120 231 123 233
124 231 127 233
128 231 131 233
120 234 123 236
124 234 127 236
128 234 131 236
123 237 127 238
123 239 131 239
128 237 131 238
120 237 122 239
124 240 127 242
128 240 131 242
120 240 123 242
129 243 131 245
126 243 128 245
120 243 122 245
123 243 125 245
128 246 131 248
121 246 124 248
120 249 131 249
132 2 143 2
132 0 137 1
138 0 143 1
132 4 140 4
132 5 140 5
132 3 140 3
141 3 143 5
132 6 136 7
137 6 140 7
141 6 143 8
132 8 140 8
135 10 139 11
135 9 143 9
140 10 143 11
132 9 134 11
136 12 139 14
140 12 143 14
132 12 135 14
140 15 143 17
132 15 134 17
135 15 138 17
140 18 143 20
132 18 135 20
136 18 139 20
132 21 135 23
138 21 143 22
132 24 135 26
136 24 139 26
140 24 143 26
132 27 135 29
136 27 139 29
140 27 143 29
132 32 143 32
132 30 137 31
138 30 143 31
132 33 135 35
136 33 139 35
140 33 143 35
132 38 143 38
132 36 137 37
138 36 143 37
132 39 135 41
136 39 139 41
140 39 143 41
136 42 139 43
132 42 135 43
140 42 143 44
132 44 139 44
136 45 139 47
140 45 143 47
132 45 135 47
136 48 139 50
140 48 143 50
132 48 135 50
136 51 139 53
140 51 143 53
132 51 135 53
138 54 143 55
132 56 143 56
132 54 137 55
132 59 143 59
132 57 137 58
138 57 143 58
132 60 134 62
135 62 143 62
135 60 139 61
140 60 143 61
132 65 139 65
132 63 135 64
136 63 139 64
140 63 143 65
132 67 137 68
132 66 143 66
138 67 143 68
132 69 136 70
132 71 140 71
137 69 140 70
141 69 143 71
132 74 140 74
132 72 136 73
137 72 140 73
141 72 143 74
133 75 136 77
137 75 140 77
141 75 143 77
132 78 137 79
138 78 143 79
132 80 143 80
133 82 138 83
135 84 137 86
138 84 140 86
141 84 143 86
132 84 134 86
132 87 134 89
139 87 143 88
135 89 143 89
135 87 138 88
140 90 143 92
132 90 135 92
136 90 139 92
132 95 143 95
132 93 137 94
138 93 143 94
132 98 143 98
132 96 137 97
138 96 143 97
132 101 139 101
132 99 135 100
136 99 139 100
140 99 143 101
132 102 135 104
136 102 139 104
140 102 143 104
132 105 134 107
135 105 137 107
138 105 140 107
141 105 143 107
132 108 134 110
135 108 143 108
138 109 143 110
132 111 135 113
136 111 139 113
140 111 143 113
132 114 137 115
138 114 143 115
132 116 143 116
138 118 143 119
132 118 137 119
132 117 143 117
139 120 142 122
134 120 137 122
136 123 139 125
140 123 143 125
132 123 135 125
138 126 143 127
132 128 143 128
132 126 137 127
132 131 143 131
132 129 137 130
138 129 143 130
136 132 139 134
140 132 143 134
132 137 140 137
132 135 136 136
137 135 140 136
141 135 143 137
136 140 143 140
132 138 135 140
136 138 139 139
140 138 143 139
132 141 135 143
136 141 139 143
140 141 143 143
132 145 137 146
132 144 143 144
138 145 143 146
132 147 135 149
136 147 139 149
140 147 143 149
132 150 135 152
136 150 139 152
140 150 143 152
138 153 143 154
132 155 143 155
132 153 137 154
140 156 143 158
132 158 139 158
133 156 138 157
136 159 139 161
140 159 143 161
132 159 135 161
140 162 143 164
132 162 135 164
136 162 139 164
132 167 143 167
132 165 137 166
138 165 143 166
132 168 135 170
136 168 139 170
140 168 143 170
132 172 135 173
132 171 140 171
136 172 140 173
141 171 143 173
132 174 135 176
136 174 139 176
140 174 143 176
132 177 135 179
136 177 139 179
140 177 143 179
132 182 143 182
132 180 137 181
138 180 143 181
132 183 135 185
136 183 139 185
140 183 143 185
132 186 137 187
138 186 143 187
132 188 143 188
135 190 139 191
135 189 143 189
140 190 143 191
132 189 134 191
140 192 143 194
134 192 137 194
138 195 143 196
132 197 143 197
132 195 137 196
140 198 143 200
132 198 135 200
136 198 139 200
132 203 143 203
132 201 137 202
138 201 143 202
132 204 135 206
136 204 139 206
140 204 143 206
132 207 135 209
136 207 139 209
140 207 143 209
132 212 143 212
132 210 137 211
138 210 143 211
132 214 136 215
132 213 140 213
137 214 140 215
141 213 143 215
132 216 135 218
136 216 139 218
140 216 143 218
132 219 135 221
136 219 139 221
140 219 143 221
132 222 135 224
136 222 139 224
140 222 143 224
136 225 140 226
141 225 143 227
132 227 140 227
132 225 135 226
139 228 143 229
135 228 138 229
132 228 134 230
135 230 143 230
136 231 139 233
140 231 143 233
132 231 135 233
140 234 143 236
132 234 135 236
136 234 139 236
140 237 143 239
132 239 139 239
133 237 138 238
132 240 135 241
132 242 143 242
136 240 139 241
140 240 143 241
132 244 137 245
132 243 143 243
138 244 143 245
132 246 135 248
136 246 139 248
140 246 143 248
132 249 143 249
148 0 151 2
152 0 155 2
144 0 147 2
148 3 151 5
152 3 155 5
144 3 147 5
152 6 155 8
144 6 147 8
148 6 151 8
144 11 155 11
144 9 149 10
150 9 155 10
144 12 147 14
148 12 151 14
152 12 155 14
144 17 152 17
144 15 147 16
148 15 152 16
153 15 155 17
144 19 149 20
144 18 155 18
150 19 155 20
144 21 146 23
147 23 155 23
147 21 151 22
152 21 155 22
144 24 147 26
148 24 151 26
152 24 155 26
144 28 149 29
144 27 155 27
150 28 155 29
144 30 146 32
147 30 149 32
150 30 152 32
153 30 155 32
148 33 151 35
152 33 155 35
144 33 147 35
147 36 155 36
147 37 155 37
144 36 146 38
147 38 155 38
150 39 155 40
144 41 155 41
144 39 149 40
150 43 155 44
144 43 149 44
144 42 155 42
144 47 155 47
144 45 149 46
150 45 155 46
144 48 147 50
148 48 151 50
152 48 155 50
144 51 147 53
148 51 151 53
152 51 155 53
147 54 149 56
144 54 146 56
150 54 152 56
153 54 155 56
144 57 147 59
148 57 151 59
152 57 155 59
144 61 149 62
144 60 155 60
150 61 155 62
144 63 147 65
148 63 151 65
152 63 155 65
144 66 149 67
150 66 155 67
144 68 155 68
148 69 151 71
152 69 155 71
144 69 147 71
150 73 155 74
144 73 149 74
144 72 155 72
144 75 147 77
148 76 153 77
152 78 155 80
144 78 147 80
148 78 151 80
144 83 155 83
144 81 149 82
150 81 155 82
144 84 147 85
144 86 151 86
148 84 151 85
152 84 155 86
147 89 155 89
144 87 146 89
147 87 151 88
152 87 155 88
144 92 155 92
145 90 150 91
151 90 155 91
144 93 147 95
148 93 151 95
152 93 155 95
144 96 147 98
148 96 151 98
152 96 155 98
144 101 152 101
144 100 152 100
144 99 152 99
153 99 155 101
144 103 149 104
144 102 155 102
150 103 155 104
148 105 151 107
152 105 155 107
144 105 147 107
148 108 151 110
152 108 155 110
144 108 147 110
153 111 155 113
150 111 152 113
144 111 146 113
147 111 149 113
150 114 155 115
144 116 155 116
144 114 149 115
144 119 155 119
144 117 149 118
150 117 155 118
144 120 147 121
144 122 151 122
148 120 151 121
152 120 155 122
144 123 147 125
148 123 151 125
152 123 155 125
144 126 147 128
148 126 151 128
152 126 155 128
144 129 147 131
148 129 151 131
152 129 155 131
144 132 147 134
148 132 151 134
152 132 155 134
144 135 147 137
148 135 151 137
152 135 155 137
144 138 151 138
144 139 151 139
152 138 155 140
144 140 151 140
147 142 150 143
147 141 155 141
151 142 155 143
144 141 146 143
148 144 151 146
152 144 155 146
144 144 147 146
144 147 146 149
151 148 155 149
147 148 150 149
147 147 155 147
152 150 155 151
144 150 147 152
148 152 155 152
148 150 151 151
152 153 155 155
144 153 147 155
148 153 151 155
145 156 148 158
149 156 151 158
152 156 155 158
144 159 147 161
148 159 151 161
152 159 155 161
144 162 147 164
148 162 151 164
152 162 155 164
144 165 147 167
148 165 151 167
152 165 155 167
146 168 149 170
151 168 154 170
144 172 149 173
144 171 155 171
150 172 155 173
144 174 149 175
150 174 155 175
144 176 155 176
145 177 148 179
149 177 152 179
153 177 155 179
148 180 151 182
152 180 155 182
144 180 147 182
148 183 151 185
152 183 155 185
144 183 147 185
144 188 152 188
153 186 155 188
144 186 147 187
148 186 152 187
152 189 155 191
144 189 147 191
148 189 151 191
144 192 146 194
147 194 155 194
147 192 151 193
152 192 155 193
145 195 148 197
149 195 152 197
153 195 155 197
144 200 152 200
144 198 148 199
149 198 152 199
153 198 155 200
144 201 147 203
148 201 151 203
152 201 155 203
144 204 147 206
148 204 151 206
152 204 155 206
144 209 155 209
144 207 149 208
150 207 155 208
144 210 149 211
150 210 155 211
144 212 155 212
147 213 149 215
150 214 155 215
144 213 146 215
148 218 155 218
148 216 151 217
152 216 155 217
144 216 147 218
150 219 155 220
144 221 155 221
144 219 149 220
150 222 155 223
144 224 155 224
144 222 149 223
144 227 155 227
144 226 155 226
144 225 155 225
144 230 155 230
144 228 149 229
150 228 155 229
144 233 155 233
145 231 150 232
151 231 155 232
144 234 147 236
148 234 151 236
152 234 155 236
144 237 147 239
148 237 151 239
152 237 155 239
144 241 149 242
144 240 155 240
150 241 155 242
144 245 155 245
150 243 155 244
144 246 152 246
144 247 152 247
153 246 155 248
144 248 152 248
144 249 155 249
156 2 167 2
156 0 161 1
162 0 167 1
156 5 167 5
156 4 167 4
156 3 167 3
156 6 159 8
160 6 163 8
164 6 167 8
156 10 160 11
156 9 164 9
161 10 164 11
165 9 167 11
156 12 167 12
157 13 162 14
163 13 167 14
156 16 161 17
156 15 167 15
162 16 167 17
156 19 161 20
156 18 167 18
162 19 167 20
162 21 167 22
156 23 167 23
156 21 161 22
160 24 164 25
165 24 167 26
156 26 164 26
156 24 159 25
160 27 163 29
164 27 167 29
156 27 159 29
164 30 167 32
156 30 159 32
160 30 163 32
164 33 167 35
156 33 159 35
160 33 163 35
156 36 159 38
160 36 163 38
164 36 167 38
156 41 164 41
156 39 159 40
160 39 164 40
165 39 167 41
158 42 161 44
164 42 167 44
156 45 159 47
160 45 163 47
164 45 167 47
156 48 158 50
159 48 162 50
164 48 167 50
156 51 159 53
160 51 163 53
164 51 167 53
156 54 161 55
162 54 167 55
156 56 167 56
160 57 163 59
164 57 167 59
156 57 159 59
162 60 167 61
156 62 167 62
156 60 161 61
162 63 167 64
156 65 167 65
156 63 161 64
164 66 167 68
156 66 159 68
160 66 163 68
164 69 167 71
156 69 159 71
160 69 163 71
156 74 167 74
156 72 161 73
162 72 167 73
156 75 159 77
160 75 163 77
164 75 167 77
156 78 159 80
160 78 163 80
164 78 167 80
156 83 167 83
156 81 161 82
162 81 167 82
156 84 159 86
160 84 163 86
164 84 167 86
156 87 159 89
160 87 163 89
164 87 167 89
160 90 163 92
164 90 167 92
160 93 163 95
164 93 167 95
156 93 159 95
160 96 163 98
164 96 167 98
156 96 159 98
160 99 163 101
164 99 167 101
156 99 159 101
156 104 167 104
156 103 167 103
156 102 167 102
165 105 167 107
156 105 159 107
161 105 164 107
156 108 159 110
160 108 163 110
164 108 167 110
156 111 159 113
160 111 163 113
164 111 167 113
156 116 167 116
156 114 161 115
162 114 167 115
156 117 158 119
159 117 161 119
162 117 164 119
165 117 167 119
156 122 167 122
156 120 161 121
162 120 167 121
156 125 167 125
156 123 161 124
162 123 167 124
156 126 163 126
156 127 163 127
164 126 167 127
156 128 167 128
160 129 163 131
164 129 167 131
156 129 159 131
159 132 167 132
159 133 167 133
156 132 158 134
159 134 167 134
156 135 159 137
160 136 165 137
164 138 167 140
156 138 159 140
160 138 163 140
164 141 167 143
156 141 159 143
160 141 163 143
156 145 161 146
156 144 167 144
162 145 167 146
156 149 167 149
156 147 159 148
160 147 163 148
164 147 167 148
156 152 167 152
156 150 161 151
162 150 167 151
156 155 167 155
156 153 161 154
162 153 167 154
156 157 161 158
156 156 167 156
162 157 167 158
156 159 159 161
160 159 163 161
164 159 167 161
156 162 159 164
160 162 163 164
164 162 167 164
160 165 163 167
164 165 167 167
156 165 159 167
159 168 167 168
159 169 167 169
156 168 158 170
159 170 167 170
162 171 167 172
156 173 167 173
156 171 161 172
164 174 167 176
156 174 159 176
160 174 163 176
156 179 167 179
156 177 161 178
162 177 167 178
156 180 159 182
160 180 163 182
164 180 167 182
156 183 159 185
160 183 163 185
164 183 167 185
157 187 162 188
164 186 167 188
156 190 160 191
156 189 164 189
161 190 164 191
165 189 167 191
156 193 159 194
156 192 164 192
160 193 164 194
165 192 167 194
156 195 159 197
160 195 163 197
164 195 167 197
156 198 161 199
162 198 167 199
156 200 167 200
162 202 167 203
156 202 161 203
156 201 167 201
160 204 163 206
164 204 167 206
156 204 159 206
160 207 163 209
164 207 167 209
156 207 159 209
164 210 167 212
156 210 159 212
160 210 163 212
156 215 167 215
156 213 161 214
162 213 167 214
156 218 167 218
156 216 161 217
162 216 167 217
156 219 159 221
160 219 163 221
164 219 167 221
156 222 159 224
160 222 163 224
164 222 167 224
156 225 158 227
159 225 161 227
162 225 164 227
165 225 167 227
156 230 167 230
156 228 161 229
162 228 167 229
156 233 167 233
156 231 161 232
162 231 167 232
156 234 161 235
162 234 167 235
156 236 167 236
162 238 167 239
156 238 161 239
156 237 167 237
160 240 163 242
164 240 167 242
156 240 159 242
160 243 163 245
164 243 167 245
156 243 159 245
164 246 167 248
156 246 159 248
160 246 163 248
156 249 167 249
168 0 171 2
172 0 175 2
176 0 179 2
168 3 171 5
172 3 175 5
176 3 179 5
168 7 179 7
168 6 179 6
168 8 179 8
172 9 175 11
176 9 179 11
168 9 171 11
176 13 179 14
168 12 179 12
170 13 175 14
172 15 175 17
176 15 179 17
168 15 171 17
176 18 179 20
168 18 171 20
172 18 175 20
168 23 179 23
168 21 173 22
174 21 179 22
168 26 179 26
168 25 179 25
168 24 179 24
168 29 179 29
168 27 173 28
174 27 179 28
168 31 171 32
168 30 176 30
172 31 176 32
177 30 179 32
168 33 171 35
172 33 174 35
175 33 178 35
171 36 173 38
168 36 170 38
174 36 176 38
177 36 179 38
168 40 173 41
168 39 179 39
174 40 179 41
168 42 173 43
174 42 179 43
168 44 179 44
172 45 175 47
176 45 179 47
168 45 171 47
168 50 179 50
168 49 179 49
168 48 179 48
174 52 179 53
168 52 173 53
168 51 179 51
176 54 179 56
168 54 171 56
172 54 175 56
168 59 179 59
168 57 173 58
174 57 179 58
168 60 171 62
172 60 175 62
176 60 179 62
168 63 171 65
172 63 175 65
176 63 179 65
168 68 179 68
168 66 173 67
174 66 179 67
168 69 170 71
171 69 173 71
174 69 176 71
177 69 179 71
168 72 171 74
172 72 175 74
176 72 179 74
168 75 171 77
172 75 175 77
176 75 179 77
168 78 173 79
174 78 179 79
168 80 179 80
172 81 175 83
176 81 179 83
168 81 171 83
172 84 175 86
176 84 179 86
168 84 171 86
172 87 175 89
176 87 179 89
168 87 171 89
176 90 179 92
168 90 171 92
172 90 175 92
168 95 179 95
168 93 173 94
174 93 179 94
168 96 171 98
172 96 175 98
176 96 179 98
168 101 176 101
168 99 172 100
173 99 176 100
177 99 179 101
171 102 173 104
168 102 170 104
174 102 176 104
177 102 179 104
168 107 179 107
168 106 179 106
168 105 179 105
172 108 175 110
176 108 179 110
168 111 171 113
172 111 175 113
176 111 179 113
168 114 176 114
168 115 176 115
177 114 179 116
168 116 176 116
174 117 176 119
171 117 173 119
177 117 179 119
168 117 170 119
176 120 179 122
170 120 173 122
172 123 175 125
176 123 179 125
168 123 171 125
168 128 176 128
177 126 179 128
168 126 172 127
173 126 176 127
168 131 179 131
168 129 173 130
174 129 179 130
168 134 179 134
168 132 173 133
174 132 179 133
168 137 179 137
168 135 171 136
172 135 175 136
176 135 179 136
172 138 175 140
176 138 179 140
168 141 171 143
172 141 175 143
176 141 179 143
168 144 171 146
172 144 175 146
176 144 179 146
168 147 171 149
172 147 175 149
176 147 179 149
168 150 173 151
174 150 179 151
168 152 179 152
172 153 175 155
176 153 179 155
168 153 171 155
171 156 173 158
174 156 176 158
177 156 179 158
168 156 170 158
172 159 175 161
176 159 179 161
168 159 171 161
176 162 179 164
168 162 171 164
172 162 175 164
168 167 179 167
168 165 173 166
174 165 179 166
171 168 174 170
176 168 179 170
171 171 173 173
168 171 170 173
174 171 176 173
177 171 179 173
168 174 171 176
172 174 175 176
176 174 179 176
168 178 173 179
168 177 179 177
174 178 179 179
168 182 179 182
168 181 179 181
168 180 179 180
168 183 171 185
172 183 175 185
176 183 179 185
168 186 173 187
174 186 179 187
168 188 179 188
171 189 175 190
171 191 179 191
176 189 179 190
168 189 170 191
174 192 179 193
168 194 179 194
168 192 173 193
174 196 179 197
168 196 173 197
168 195 179 195
176 198 179 200
168 198 171 200
172 198 175 200
168 203 179 203
168 202 179 202
168 201 179 201
168 204 171 206
172 204 175 206
176 204 179 206
168 207 171 209
172 207 175 209
176 207 179 209
169 210 172 212
176 210 179 212
168 215 179 215
168 213 173 214
174 213 179 214
171 216 173 218
168 216 170 218
174 216 176 218
177 216 179 218
171 219 173 221
168 219 170 221
174 219 176 221
177 219 179 221
168 222 173 223
174 222 179 223
168 224 179 224
174 226 179 227
168 226 173 227
168 225 179 225
172 228 175 230
176 228 179 230
168 228 171 230
172 231 179 231
168 231 171 233
172 233 179 233
172 232 179 232
176 234 179 236
168 234 171 236
172 234 175 236
168 239 179 239
168 237 173 238
174 237 179 238
168 240 171 242
172 240 175 242
176 240 179 242
168 243 171 245
172 243 175 245
176 243 179 245
168 248 179 248
173 246 178 247
168 249 179 249
183 0 186 2
188 0 191 2
180 0 182 2
180 3 182 5
183 5 191 5
183 4 191 4
183 3 191 3
186 6 191 7
180 8 191 8
180 6 185 7
183 10 186 11
180 9 182 11
183 9 191 9
187 10 191 11
180 12 183 14
184 12 187 14
188 12 191 14
180 15 183 17
184 15 187 17
188 15 191 17
180 18 183 20
184 18 187 20
188 18 191 20
184 21 187 23
188 21 191 23
181 24 184 26
183 27 185 29
180 27 182 29
186 27 188 29
189 27 191 29
180 30 187 30
180 31 187 31
188 30 191 31
180 32 191 32
184 33 187 35
188 33 191 35
180 33 183 35
183 36 186 38
187 36 190 38
180 36 182 38
184 39 191 39
180 41 191 41
180 39 183 40
184 40 191 40
186 43 191 44
180 43 185 44
180 42 191 42
180 46 185 47
180 45 191 45
186 46 191 47
180 48 183 50
184 48 187 50
188 48 191 50
180 51 183 53
184 51 187 53
188 51 191 53
180 54 183 56
184 54 187 56
188 54 191 56
180 57 183 59
184 57 187 59
188 57 191 59
180 62 191 62
180 60 185 61
186 60 191 61
180 63 183 65
184 63 191 63
186 64 191 65
180 66 183 68
184 66 187 68
188 66 191 68
186 70 191 71
180 70 185 71
180 69 191 69
186 72 191 73
180 74 191 74
180 72 185 73
189 75 191 77
186 75 188 77
180 75 182 77
183 75 185 77
188 78 191 80
180 78 183 80
184 78 187 80
180 83 191 83
180 81 185 82
186 81 191 82
180 86 191 86
180 84 185 85
186 84 191 85
180 88 185 89
180 87 191 87
186 88 191 89
180 92 191 92
180 91 187 91
180 90 187 90
188 90 191 91
180 94 185 95
180 93 191 93
186 94 191 95
180 96 183 98
184 96 187 98
188 96 191 98
180 100 184 101
180 99 188 99
185 100 188 101
189 99 191 101
180 103 191 103
180 102 191 102
180 104 191 104
184 105 187 107
188 105 191 107
180 105 183 107
184 108 191 108
184 109 191 109
180 110 191 110
180 108 183 109
186 111 191 112
180 113 191 113
180 111 185 112
188 114 191 116
180 114 183 116
184 114 187 116
180 119 191 119
180 117 185 118
186 117 191 118
180 120 183 122
184 120 187 122
188 120 191 122
180 124 184 125
180 123 188 123
185 124 188 125
189 123 191 125
180 128 188 128
180 127 188 127
180 126 188 126
189 126 191 128
180 131 191 131
180 129 185 130
186 129 191 130
182 133 187 134
188 132 191 134
180 136 185 137
180 135 191 135
186 136 191 137
184 138 187 140
188 138 191 140
184 141 187 143
188 141 191 143
180 141 183 143
186 144 191 145
180 146 191 146
180 144 185 145
188 147 191 149
182 147 185 149
188 150 191 152
180 150 183 152
184 150 187 152
180 155 191 155
180 153 185 154
186 153 191 154
180 156 191 156
181 157 186 158
187 157 191 158
183 159 185 161
180 159 182 161
186 159 188 161
189 159 191 161
180 162 183 164
184 162 187 164
188 162 191 164
180 167 191 167
180 165 185 166
186 165 191 166
180 170 191 170
180 168 185 169
186 168 191 169
180 171 183 173
184 171 187 173
188 171 191 173
186 174 191 175
180 176 191 176
186 177 191 178
180 179 191 179
180 177 185 178
183 180 191 180
183 181 191 181
180 180 182 182
183 182 191 182
184 183 187 185
188 183 191 185
180 183 183 185
188 186 191 188
180 186 183 188
184 186 187 188
180 191 191 191
180 189 185 190
186 189 191 190
180 192 183 194
184 192 187 194
188 192 191 194
180 195 183 197
184 195 187 197
188 195 191 197
180 200 191 200
180 198 185 199
186 198 191 199
180 201 183 203
184 201 187 203
188 201 191 203
180 204 183 206
184 204 187 206
188 204 191 206
180 209 191 209
180 208 191 208
180 207 191 207
180 210 185 211
186 210 191 211
180 212 191 212
186 214 191 215
180 214 185 215
180 213 191 213
185 216 187 218
188 216 191 218
181 216 184 218
184 219 187 221
188 219 191 221
180 219 183 221
188 222 191 224
180 222 183 224
184 222 187 224
180 225 183 227
186 226 191 227
180 230 191 230
180 228 185 229
186 228 191 229
183 231 185 233
180 231 182 233
186 231 188 233
189 231 191 233
180 234 183 236
184 234 187 236
188 234 191 236
180 237 183 239
184 237 187 239
188 237 191 239
180 240 183 242
184 240 187 242
188 240 191 242
180 243 183 245
184 243 187 245
188 243 191 245
180 246 185 247
186 246 191 247
180 248 191 248
180 249 191 249
192 0 195 2
196 0 199 2
192 3 195 5
196 3 199 5
193 6 196 8
197 6 199 8
192 9 195 11
196 9 199 11
192 12 195 14
196 12 199 14
193 15 196 17
194 18 199 19
192 20 199 20
196 21 199 23
192 21 195 23
196 24 199 26
192 24 195 26
196 27 199 29
192 27 195 29
192 30 195 32
196 30 199 32
192 33 195 35
196 33 199 35
196 36 199 38
196 39 199 41
192 42 195 44
196 42 199 44
192 45 195 47
196 45 199 47
192 48 195 50
196 48 199 50
192 51 194 53
195 51 198 53
194 54 199 55
192 56 199 56
196 57 199 59
192 57 195 59
196 60 199 62
192 60 195 62
196 63 199 65
192 63 195 65
192 66 195 68
196 66 199 68
192 69 195 71
196 69 199 71
192 72 195 74
196 72 199 74
192 75 194 77
195 75 198 77
192 78 199 78
194 79 199 80
194 81 197 83
196 84 199 86
192 87 194 89
195 87 198 89
192 90 199 90
192 91 199 91
192 92 199 92
196 93 199 95
192 93 195 95
194 96 197 98
195 99 198 101
192 102 195 104
196 102 199 104
192 105 195 107
196 105 199 107
192 108 195 110
196 108 199 110
192 111 195 113
196 111 199 113
192 114 195 116
196 114 199 116
192 117 195 119
196 117 199 119
192 120 195 122
196 120 199 122
192 123 195 125
196 123 199 125
192 126 195 128
196 126 199 128
196 129 199 131
192 129 195 131
196 132 199 134
192 132 195 134
192 137 199 137
194 135 199 136
192 138 195 140
196 138 199 140
192 141 195 143
196 141 199 143
192 144 199 144
193 145 198 146
192 147 195 149
196 147 199 149
192 152 199 152
194 150 199 151
192 153 195 155
196 153 199 155
192 156 195 158
196 156 199 158
196 159 199 161
192 162 195 164
196 162 199 164
192 165 195 167
192 170 199 170
196 168 199 169
192 168 195 169
196 171 199 173
192 171 195 173
192 174 195 176
196 174 199 176
192 177 195 179
196 177 199 179
192 180 195 181
192 182 199 182
196 180 199 181
192 183 195 185
196 183 199 185
192 186 199 186
194 187 199 188
196 189 199 191
195 192 198 194
195 195 198 197
192 198 195 200
196 198 199 200
196 201 199 203
192 201 195 203
193 204 196 206
196 207 199 209
192 207 195 209
192 210 195 212
196 210 199 212
192 213 195 215
196 213 199 215
192 216 195 218
196 216 199 218
192 219 195 221
196 219 199 221
192 222 195 224
196 222 199 224
192 225 195 227
196 225 199 227
192 228 194 230
195 228 198 230
192 231 195 233
196 231 199 233
192 234 195 236
196 234 199 236
193 237 196 239
197 237 199 239
196 240 199 242
192 240 195 242
196 243 199 245
192 243 195 245
192 246 195 248
196 246 199 248
