..........................................................................................................................................................................................................................................................
..........................................................................................................................................................................................................................................................
..........................................................................................................................................................................................................................................................
..........................................................................................................................................................................................................................................................
..........................................................................................................................................................................................................................................................
..........................................................................................................................................................................................................................................................
..........................................................................................................................................................................................................................................................
..........................................................................................................................................................................................................................................................
..........................................................................................................................................................................................................................................................
..........................................................................................................................................................................................................................................................
..........................................................................................................................................................................................................................................................
..........................................................................................................................................................................................................................................................
..........................................................................................................................................................................................................................................................
..........................................................................................................................................................................................................................................................
..........................................................................................................................................................................................................................................................
..........................................................................................................................................................................................................................................................
....................................................................................................................................................................................................................................M.....................
....................................................................................................................................................................................................................................M.....................
....................................................................................................................................................................................................................................M.....................
..........................................................................................................................................................T.........................................................................M.....................
..........................................................................................................................................................T.........................................................................M.....................
..........................................................................................................................................................................................................................................................
..........................................................................................................................................................................................................................................................
..........................................................................................................................................................................................................................................................
..........................................................................................................................................................................................................................................................
...................................................M........................................................................M.............................................................................................................................
...................................................M......................................................................................................................................................................................................
...................................................M.............................................................................M........................................................................................................................
..........................................................................................................................................................................................................................................................
..............................................................M...........................................................................................................................................................................................
..........................................................................................................................................................................................................................................................
..............................................................................................................M..........................................T................................................................................................
.........................................................................................................................................................T................................................................................................
.........................................................................................................................................................T................................................................................................
.......................M........................................................................M........................................................T................................................................................................
................................................................................................M.........................................................................................................................................................
...................T..............................................................MM............M................................................................................................................................M........................
...................T...............................................................M................M.....................................................................................................................................................
....................................................................................................T.....................................................................................................................................................
....................................................................................................M.....................................................................................................................................................
..........................T...............................................................................................................................................................................................................................
...............................................................................................................................................T.T........................................................................................................
...............................................................................................................................................T..........................................................................................................
...............................................................................................................................................T..........................................................................................................
...............................................................................................................................................T..........................................................................................................
....................................................................................................................................................................................................................................M.....................
..........................................................................................................................................................................................................................................................
..........................................................................................................................................................................................................................................................
......................................................................................................M...................................................................................................................................................
..................................................................................T.............................................................................................................................................................M.........
................................................................................................................................................................................................................................................T.........
..........................................T...................M.................................................................................................................................................................................M.........
..........................................T...................M...........................................................................................................................................................................................
..............................................................M................................................................................................................................................T..........................................
..........................................................................................................................................................................................................................................................
..........................................................................................................................................................................................................................................................
..........................................................................................................................................................................................................................................................
...........................................................................................................................................................................................................................................MM.............
.............................................................................................................................................M..............................................................................................M.............
................................................................................................................................................................................................T...........................................T.............
..........................................................................................................................M.....................................................................T...........................................M.............
..........................................................................................................................T.....................................................................T.......T...................................M..M..........
..........................................................................................................................T.....................................................................T...........................................M.............
.........................................T..................................................................................................................................................................................................MM............
............................................................................................................................................................................................................................................M.............
............................................................................................................................................................................................................................................M.............
............................................................................................................................................................................................................................................M.............
..........................................................................................................................................................................................................................................................
..........................................................................................................................................................................................................................................................
..........................................................................................................................................................................................................................................................
...................................................................................................M........T..............................................................................................................M..............................
...................................................................................................T........T.............................................................................................................................................
............................................................................................................T..........MT.................................................................................................................................
...................T...................................................................................................MM.................................................................................................................................
...................T...................................................................................................MM......................................................................................................................MM.........
.......................................................................................T..................................M.....................................................................................................................M.........
.......................................................................................T..........................................................................................................MTM...........................................M.........
..............................................M........................................T..........................................................................................................MMM...........................................M.........
.............................................................................T.........T...........................................................................................................TM................T....................................
........................................................................T....T.....................................................................................................................MM.....................................................
................................M..................................M.........T.....................................................................................................................MM.....................................................
................................M............................................T.....................................................................................................................MM.....................................................
................................M..................................................................................................................................................................MM.....................................................
................................M............M..........................................................................M................................................................T..........T.....................................................
.....................................................................................................M..............................................................................................M.....................................................
....................................................................................................................................................................................................M.......................M.............................
....................................................................................................................................................................................................M.......................T.............................
...........................................TM.......................................................................................................................................................M.......................M.............................
...........................................TT.......................................................................................................................................................M.....................................................
...........................................TT.......................................................................................................................................................M.....................................................
......................M....................TT.............................................................................................................................................................................................................
......................M....................TT....................................T...................M.................M..............................T...................................................................................................
......................M.......................................................................................T.......................................T...................................................................................................
..................................................................................................................T...................................T...................................................................................................
..................................................................................................................T...................................T...................................................................................................
..................................................................................................................M.......................................................................................................................................
........................M..........................................................................M..............M.......................................................................................................................................
..................T.....M..........................................................................T..............M..........................................................M............................................................................
...................................................................................................T..............M..........................................................T............................................................................
..........................................T........................................................T..............M..........................................................M............................................................................
..................................................................................................................M..........................................................................................................M............................
.............................................................................................................................................................................................................................M............................
............................................................................................................................................M.............................................................................................................
...............................................T......................................................................T..............................................................................................T....................................
......................................................................................................................M...................................................................................................................................
...................................................................M..................................................M...................................................................................................................................
......................................................................................................................M.......................................................................................................................T...........
..............................................................................................................................................................................................................................................M...........
.............................................................T................................................................................................................................................................................T...........
........................................................................................................................................................................................................................................T.T...............
..........................................................................................................................................................................................................................M...............T...............
..........................................................................................................................................................................................................................................T...............
............................................................T.............................................................................................................................................................................T...............
............................................................M.............................................................................................................................................................................................
............................................................M.............................................................................................................................................................................................
.T..........................................................T.........M..........................................................................................................M........................................................................
.............T..............................................M.........M...................................................................................................................................................................................
......................T...............................................M...................................................................................................................................................................................
......................M...............................................M...................................................................................................................................................................................
......................T...............................................T...................................................................................................................................................................................
......................T...............................................M...................................................................................................................................................................................
......................M.............T.................................M.....................................................................................................M.............................................................................
......................T.........MT..........................................................................................................................................M.............................................................................
......................T..........M.M......................................................................................................................................................................................................................
.................................M.T..........................................................................................................................................................................................M...........................
.................................M.M...............................................................................................................................T..........................................................T......TT...................
.................................T.T................................T..............................................................................................M.................................................................T....................
.................................M..................................M..............................................................................................M......................................................................................
............T....................M................................T.M.....................................................................................................................................................................................
.................................M................................M.M......................................................M..............................................................................................................................
.................................M........................................................................................................................................................................................................................
..........................................................................................................................................................................................................................................................
........................................................................................................................M........................................................................T........................................................
.................................................................................M......................................M........................................................................M.......................................M................
.................................................................................M................................................T..............................................................M........................................................
................................M.............................................................................M...................M..............T........................................................................................................
..............................................................................................................M..................................T...........................................................................................T............
.................................M............................................................................M..................................T..........T.................T........................................................T.....T............
.................................M............................................................................T..................................T....T.....T.................T...........................................................................
.................................M...............................................M............................M...................................M...T.....T.................T...........................................................................
.................................M...............................................T............................M.......................................T.......................T...................................................T.......................
.................................M...............................................M.......................................................................................MM...T...................................................T.......................
..........................................................................................................................................................................M...............................................................................
.....................................................T......................................................................................................T..................................................M...........M..............................
............................................................................................................................................................T.............................................................................................
............................................................................................................................................................T.................................M...........................................................
........................................................................................................................M...................................T.................................T.....................................................M.....
........................................................................................................................M.....................................................................T.....................................................M.....
...................................................M..........................................................................................................................................T.....................................................M.....
...................................................T.................................................................................................................................................................T..............................M.....
.....................................................................................................................................................M...............................................................T....................................
..........................................................................................................................................................................................................................................................
..........................................................................................T...............................................................................................................................................................
................M.........................................................................T...............................................................................................................................................................
................M...T.....................................................................................................................................................................................................................................
....................T.................................................................................................T...................................................................................................................................
....................M......................................................................T..........................M...................................................................................................................................
....................T.....................................................................................................................................................................................................................................
....................T.................................................M...................................................................................................................T.........................T.....................................
....................M.....................M...........................T.......................................................................................................................................M.....T.....................................
....................T........................................................................................................................................................T..........................M...........M.....................................
.............................................................................................................................................................................M............................................................................
.............................................................................................................................................................................M..................................T.........................................
................................M................M...................................................................T.......................................................M..................................M.........................................
................................T....................................................................................M.T..M..................................................M...........................................................T................
................................M.........................................................................................M...............................................................................................................................
................................MM........................................................T..............................................................................M................................................................................
................T...............MM.......T........................................................................................................................................M...................................................................M...
.................................M.......T............................................................................................................................................................................................................M...
.................................M........................................................................................................................................................................................................................
.................................M...................................................................................................................................................................................................................M....
.................................M........................................................................................................................................................................................................................
......................T..........M..................................................................................................T.....................................................................................................................
....................................................................................................................................M.............................................................................T.......................................
....................................................................................................................................M....................................T........................................T.......................................
....................................................T...............................................................................M............................T...................................T....................................................
.................................................T..................................................................................M.........................M..T...................................M.....M..............................................
............................................................T.......................................................................M.........................M..M.............M.....................M....................................................
...........................................................................................................M........................T.........................T..T...................................M............................T.......................
....................................................................................................................................M.........................M..T................................................................T.......................
...........................................................T......................................................................................................................................................................M.......................
...............................................M...........T.....M....................................................T..........................................................................................................TT.......................
........................M......................T...........M.....M....................................................T...................................................................................................................................
...........................................M...T...........T.....M........................................................................................................................................................M...............................
...............................................T.................M.....................M.M................................................................................................................................M...............................
.................................................................M........................................................................................................................................................M...............................
....................................................................................................M.....................................................................................................................T...............................
....................................................................................................M.....................................................................................................................M..........T....................
..........................................................................................................................................................................................................................M..........T....................
.................................................M............................................................T........T.....................................................T..T....M.....................M..............M..........T....................
...M..................................M..........M..........T....................M............................T..............M..................................................T....M.......M.............T..............M..........T....................
...T........................................................T....................M........T................M..T..............T..................................................M....M...............T.....T..............T..........T.................T..
...M...........TT...............M............M..............M....................T........M........M.......T..T..............T.......M...................................................T.................M...............M...........................M.M
...............TM.....T.........T........T...M..M...............T..................................M.......T..T...M..........T.......T............................T......................T.................................T..................T..........T
...............T......T.........T....T...T...T..M.....................T............................M.......M..T.............M...........................................T................M.................................M........................M....M
...............T................M........T...T..M..............T...................................M.............M..........M.............................M...MM........M......................................T...........M.............................T
...............T................M............T..T..........M.....................M......T.......MTMM.............T................T...M.......M......MTM..M...MT........M..................TM........MTM......TT...........TM............................T
...TMT.MT......TTTMT......MT....TTT..........T.............T.....................T.....MTT......TMMM..................................T.......M......TTM..T...TM........M.........TMM..................MT......M...TM.M....MT.............T..............T
...................T......TT......M.........TTT..........M.T....................TT.....TTM......MMMT...............................MTTTT......T......MMMMTM...TM........T.TMTT................T................M...MM.......TTTTT....TT...M........T.....M
..................TMTT....MT......M.........TTT..........T.............MTT......TTTT...............M..TMMMM..........................................M..................MTTTTM....TMTMTTMTTTTTT................M..TMTM......TMMMT....TT...T.M......M..MM.T
