945
121 91
122 92
123 93
124 94
125 95
126 96
127 97
128 98
129 99
130 100
131 101
132 102
133 103
134 104
135 105
136 106
136 107
136 108
137 107
138 108
139 108
140 108
141 108
142 108
143 108
144 108
145 108
146 108
147 108
148 108
149 108
150 108
151 108
152 108
153 108
154 108
155 108
156 109
156 108
157 108
155 110
154 111
153 112
152 113
151 114
150 115
149 116
148 117
147 118
146 119
147 120
148 121
149 122
150 123
151 124
152 125
153 126
154 127
155 128
156 129
157 130
157 129
158 131
159 132
160 133
160 134
160 135
160 136
160 137
160 138
160 139
160 140
160 141
160 142
160 143
145 120
144 121
143 122
142 123
141 124
140 125
139 126
138 127
137 128
136 129
135 130
134 131
133 132
133 133
133 134
133 135
133 136
133 137
133 138
133 139
133 140
133 141
133 142
133 143
134 138
135 139
136 140
137 141
138 142
139 143
119 91
118 92
117 93
116 94
115 95
114 96
113 97
112 98
111 99
110 100
111 101
112 101
109 101
108 102
107 103
106 104
105 105
104 106
103 107
102 108
101 108
100 108
99 108
98 108
97 108
96 108
95 108
94 108
93 108
92 108
91 108
90 108
89 108
88 108
87 108
86 108
85 108
84 108
83 108
82 108
81 108
80 108
79 108
78 109
78 108
77 108
76 108
75 108
74 108
73 108
72 108
71 107
70 106
69 107
68 108
67 109
66 110
65 111
64 112
63 113
62 114
63 115
64 116
65 117
66 118
67 119
68 120
69 121
70 122
71 122
61 115
60 116
59 117
58 118
57 119
56 120
55 121
54 122
53 123
52 124
51 125
52 126
53 127
54 128
55 129
56 130
57 131
58 132
59 133
60 134
61 135
62 136
63 137
64 138
65 139
66 140
67 141
68 142
69 143
70 143
60 136
59 137
58 138
57 139
56 140
55 141
54 142
53 143
52 143
50 126
49 127
48 128
47 128
46 128
45 128
44 128
43 128
42 128
41 128
40 128
39 128
38 128
37 128
36 128
35 128
34 128
33 128
57 117
56 116
55 115
54 114
69 105
68 104
67 103
66 102
65 101
64 100
63 99
64 98
65 97
66 96
67 95
68 94
69 93
70 93
62 98
61 97
60 96
59 95
58 94
57 93
56 93
55 93
54 93
53 93
52 93
51 93
50 94
49 95
48 96
47 97
46 98
45 99
44 100
43 101
42 102
41 103
40 104
39 105
38 106
37 107
36 107
35 107
34 107
33 107
42 100
41 99
40 98
39 97
38 96
37 95
36 94
35 93
34 92
33 91
79 110
80 111
81 112
82 113
83 114
84 115
85 116
86 117
87 118
88 119
89 120
90 121
91 122
92 123
93 124
94 125
95 126
96 127
97 128
98 129
99 130
100 131
101 132
102 133
103 134
104 135
105 136
106 137
107 138
108 139
109 140
110 141
111 142
112 143
101 134
100 135
99 136
98 137
97 138
96 139
95 140
94 141
93 142
92 143
91 143
102 131
103 130
104 129
105 128
106 127
107 126
108 125
109 124
110 123
111 122
112 122
94 127
93 128
92 129
91 129
115 93
114 92
113 91
112 90
111 89
110 88
109 87
108 86
107 85
106 84
105 83
106 82
107 81
108 80
109 79
110 78
111 77
112 77
104 82
103 81
102 80
101 79
100 78
99 79
98 80
97 81
96 82
95 83
94 84
93 85
92 86
91 86
99 77
98 76
97 75
96 74
95 73
94 72
93 71
92 71
91 71
90 71
89 71
88 71
87 71
86 71
85 71
84 71
83 71
82 71
81 71
80 71
79 71
78 71
77 71
76 71
75 71
74 71
73 71
72 71
71 70
70 69
69 68
68 67
67 66
66 65
65 64
64 63
63 62
62 61
61 62
60 63
59 64
58 65
57 66
56 67
55 68
54 69
53 70
52 71
51 71
50 72
50 70
49 70
48 70
47 70
46 70
45 70
44 70
43 70
42 70
41 70
40 70
39 70
38 70
37 70
36 70
35 70
34 70
33 70
61 60
62 59
63 58
64 57
65 56
66 55
67 54
68 53
69 52
70 51
71 50
60 59
59 58
58 57
57 56
56 55
55 54
54 53
53 52
52 51
51 50
50 49
49 49
48 49
47 49
46 49
45 49
44 49
43 49
43 48
42 49
41 49
40 49
39 49
38 49
37 49
36 49
35 49
34 49
33 49
44 47
45 46
46 45
47 44
48 43
49 42
50 41
51 40
52 39
53 38
54 37
55 36
56 35
57 34
94 70
95 69
96 68
97 67
98 66
99 65
100 64
101 63
102 62
103 61
104 60
105 59
106 58
107 57
108 56
109 55
110 54
111 55
112 56
111 53
112 52
113 51
114 50
115 49
116 48
117 47
118 46
119 45
120 44
120 43
120 42
120 41
120 40
120 39
120 38
120 37
120 36
120 35
120 34
121 34
122 34
123 34
124 34
125 34
126 34
127 34
128 34
129 34
130 34
131 34
132 34
133 34
134 34
135 34
136 34
137 34
138 34
139 34
140 34
141 34
142 34
143 34
144 34
145 34
146 34
147 34
148 34
149 34
150 34
151 34
152 34
153 34
154 34
155 34
156 34
157 34
158 34
159 34
160 34
161 34
162 34
163 35
164 36
165 37
166 38
167 39
168 40
169 41
170 42
171 43
172 44
173 45
174 46
175 46
176 46
177 46
178 46
179 46
180 47
180 46
181 46
182 46
183 46
184 47
185 48
186 48
187 48
188 48
189 48
190 48
191 48
192 48
193 48
194 48
195 48
196 48
197 48
198 48
199 48
200 48
201 48
202 48
203 48
204 48
205 48
181 48
170 44
169 45
168 46
167 47
166 48
165 49
164 50
163 51
162 52
161 53
160 54
159 55
158 56
172 42
173 41
174 40
175 39
176 38
177 37
178 36
179 35
180 34
114 48
113 47
112 46
111 45
110 44
109 43
108 42
107 41
106 40
105 39
104 38
103 37
102 36
101 35
100 34
99 34
98 34
97 34
96 34
95 34
94 34
93 34
92 34
91 34
90 34
89 34
88 34
87 34
86 34
85 34
84 34
83 34
82 34
81 34
80 34
79 34
78 34
99 63
98 62
97 61
96 60
95 59
94 58
93 57
92 56
121 89
122 88
123 87
124 86
125 85
126 84
127 83
128 82
129 83
130 84
131 85
132 86
133 86
134 86
135 86
136 86
137 86
129 81
130 80
131 79
132 78
133 77
134 76
135 75
136 74
136 73
136 72
136 71
137 71
138 71
139 71
140 71
141 71
142 71
143 71
144 71
145 71
146 71
147 71
148 71
149 71
150 71
150 70
151 71
152 71
153 71
154 71
155 71
156 71
157 71
158 72
159 73
160 74
161 75
162 76
163 77
164 78
165 79
166 80
167 81
168 82
169 83
170 84
171 85
172 86
173 87
174 88
175 89
176 90
177 91
177 90
178 90
179 90
180 90
181 90
178 92
178 93
179 93
180 94
181 95
181 96
181 97
181 98
181 99
181 100
181 101
181 102
181 103
181 104
181 105
181 106
181 107
181 108
181 109
181 110
181 111
181 112
181 113
181 114
181 115
181 116
181 117
181 118
181 119
181 120
181 121
181 122
181 123
181 124
181 125
181 126
181 127
181 128
181 129
181 130
181 131
181 132
181 133
181 134
181 135
181 136
181 137
181 138
181 139
181 140
181 141
181 142
181 143
180 112
179 113
178 114
169 81
170 80
171 79
172 78
173 77
174 76
175 75
176 74
177 73
178 72
179 71
180 70
181 69
182 70
183 71
184 72
185 73
186 74
187 75
188 76
189 77
190 78
191 79
192 80
193 81
194 82
195 83
196 84
197 85
198 86
199 87
200 88
201 89
202 90
203 91
203 90
204 90
205 90
204 92
204 93
204 94
204 95
204 96
204 97
204 98
204 99
204 100
204 101
204 102
204 103
204 104
204 105
204 106
204 107
204 108
204 109
204 110
204 111
203 112
202 113
202 114
202 115
202 116
202 117
202 118
202 119
202 120
202 121
202 122
202 123
202 124
202 125
202 126
202 127
202 128
202 129
202 130
202 131
203 123
204 124
205 125
205 104
193 79
194 78
195 77
196 76
197 75
198 74
199 73
200 72
201 71
202 70
203 69
204 69
205 69
164 80
163 81
162 82
161 83
160 84
159 85
158 86
149 69
148 68
147 67
146 66
145 65
144 64
143 63
142 62
141 61
140 60
139 59
138 58
137 57
137 56
136 56
77
33 49
33 70
33 91
33 107
33 128
45 46
48 49
48 70
48 128
50 72
51 71
51 93
52 143
54 114
57 34
70 93
70 143
71 50
71 122
72 71
72 108
78 34
91 86
91 129
91 143
92 56
93 71
93 108
99 34
112 46
112 56
112 77
112 90
112 101
112 122
112 143
120 34
133 86
133 143
136 56
136 71
136 108
136 129
137 56
137 86
139 143
141 34
157 71
157 108
157 129
158 56
158 72
158 86
158 131
160 143
162 34
178 93
178 114
180 34
181 48
181 69
181 90
181 111
181 132
181 143
183 46
184 47
202 131
204 48
204 69
204 90
204 111
205 48
205 69
205 90
205 104
205 125
