3043
280 203
281 204
282 205
283 206
284 207
285 208
286 209
286 208
287 208
288 208
289 208
290 208
291 208
292 208
293 208
294 208
295 208
296 208
297 208
298 208
299 208
300 208
301 208
302 208
303 208
304 208
305 209
305 208
306 208
307 208
308 208
309 208
310 208
311 208
312 208
313 208
314 208
315 208
316 208
317 208
318 208
319 208
320 208
321 208
322 208
323 208
324 208
325 208
326 208
327 209
328 210
329 211
330 211
331 211
332 211
333 211
334 211
335 211
336 211
337 211
338 211
339 211
340 211
341 211
342 211
343 211
344 211
345 211
346 211
347 211
306 210
307 211
308 212
309 213
310 214
311 215
312 216
313 217
314 218
315 219
316 220
317 221
318 222
319 223
320 224
321 225
322 226
323 227
324 228
325 229
326 230
327 231
328 232
329 233
329 232
330 232
331 232
332 232
333 232
334 232
335 232
336 232
337 232
338 232
339 232
340 232
341 232
342 232
343 232
344 232
345 232
330 234
331 235
332 236
333 237
334 238
335 239
336 240
337 241
338 242
339 243
340 244
341 245
342 246
343 247
344 248
344 249
344 250
344 251
344 252
344 253
343 254
342 255
341 256
341 257
341 258
341 259
341 260
341 261
341 262
341 263
324 230
323 231
322 232
322 233
322 234
322 235
322 236
322 237
322 238
322 239
322 240
322 241
322 242
322 243
322 244
322 245
322 246
322 247
322 248
322 249
322 250
305 211
304 212
303 213
304 214
305 214
302 214
301 215
300 216
299 216
287 210
288 211
288 212
288 213
288 214
288 215
288 216
288 217
288 218
288 219
288 220
288 221
288 222
288 223
288 224
288 225
288 226
288 227
288 228
288 229
288 230
288 231
288 232
288 233
288 234
288 235
288 236
288 237
288 238
288 239
288 240
288 241
288 242
288 243
288 244
288 245
288 246
288 247
288 248
288 249
288 250
288 251
288 252
288 253
288 254
288 255
288 256
287 257
286 258
285 259
284 260
283 261
282 262
281 263
280 264
279 265
278 266
277 267
276 268
275 269
274 270
273 271
272 272
271 273
270 274
269 275
268 276
269 277
270 278
271 279
272 280
273 280
267 277
266 278
265 279
264 280
263 281
264 282
265 283
266 284
267 285
268 286
269 287
270 288
271 289
272 290
273 291
274 292
275 293
276 294
277 295
278 296
279 297
280 298
281 299
282 300
283 301
284 302
285 302
276 292
277 291
262 282
261 283
260 284
259 285
258 286
257 287
256 288
256 289
256 290
256 291
256 292
256 293
256 294
256 295
256 296
256 297
256 298
256 299
256 300
256 301
256 302
256 303
256 304
255 305
254 306
254 307
254 308
254 309
254 310
254 311
254 312
254 313
254 314
254 315
254 316
254 317
254 318
254 319
254 320
254 321
254 322
254 323
254 324
254 325
255 309
256 310
257 311
258 312
259 313
260 314
261 315
262 316
263 317
264 318
265 319
266 320
267 321
268 322
269 323
270 324
271 325
272 326
273 327
274 328
275 329
276 330
277 331
278 332
279 333
278 334
277 335
276 336
275 337
274 338
274 339
274 340
280 332
281 331
282 330
283 329
284 328
285 327
286 326
287 325
288 324
289 323
290 323
291 323
292 323
293 323
294 323
295 323
296 323
267 319
268 318
269 317
270 316
271 315
272 314
273 313
274 312
275 312
253 307
252 308
251 309
250 310
249 311
248 312
247 313
246 314
245 315
244 316
243 317
242 318
241 319
240 320
239 321
238 322
237 323
236 324
235 325
234 326
233 327
234 328
235 329
236 330
237 331
238 332
239 333
240 334
241 335
242 336
243 337
244 338
245 339
246 340
247 341
248 342
249 343
250 344
251 345
252 346
253 347
253 346
254 348
255 349
256 350
257 351
258 352
259 353
260 354
260 355
260 356
260 357
260 358
260 359
260 360
260 361
232 328
231 329
230 330
229 331
229 332
229 333
229 334
229 335
229 336
229 337
229 338
229 339
229 340
229 341
229 342
229 343
229 344
229 345
229 346
229 347
229 348
230 347
231 348
232 349
233 350
234 351
235 352
236 353
237 354
238 355
239 356
228 330
227 329
226 328
225 327
224 326
223 325
222 324
221 323
220 322
219 321
218 321
217 321
216 322
216 321
215 321
214 321
213 321
212 321
211 321
210 321
209 321
208 321
207 321
206 321
205 321
204 321
203 321
202 321
201 321
200 321
199 321
198 321
197 320
196 319
195 320
194 321
193 322
192 323
191 324
190 325
189 326
188 327
187 328
186 329
185 330
184 331
183 332
182 333
181 334
180 335
179 336
178 337
177 338
176 339
175 339
174 340
173 341
172 342
171 343
195 318
194 318
193 318
192 318
191 318
190 318
189 318
188 318
187 318
186 318
185 318
184 318
183 318
182 318
181 318
180 318
179 318
178 318
177 318
215 323
216 324
217 324
214 324
213 325
212 326
211 327
210 328
209 329
208 330
207 331
206 332
205 333
204 334
203 335
202 336
201 337
200 338
199 339
200 340
201 341
202 342
203 343
204 344
205 345
206 346
207 347
208 348
209 349
198 340
197 341
196 342
245 313
244 312
243 311
242 310
241 309
240 308
239 307
238 306
237 306
256 286
255 285
254 284
253 283
269 273
268 272
267 271
266 270
265 269
264 268
263 267
262 266
261 265
260 264
259 263
258 262
257 261
256 260
255 259
254 259
253 260
252 261
251 262
250 262
249 262
248 262
247 262
246 262
245 262
244 262
243 262
242 262
279 263
278 262
277 261
276 260
275 259
289 254
290 255
291 256
292 257
293 258
294 259
295 260
296 261
297 262
298 263
299 264
300 265
301 266
302 267
303 268
304 269
305 270
306 271
307 272
308 273
309 274
310 275
311 276
312 277
313 278
314 279
315 280
316 281
317 282
318 283
319 284
320 285
321 286
322 287
321 288
320 289
319 290
318 291
318 292
318 293
318 294
318 295
318 296
318 297
318 298
318 299
318 300
318 301
318 302
318 303
318 304
318 305
318 306
318 307
318 308
318 309
318 310
318 311
318 312
318 313
318 314
318 315
318 316
318 317
318 318
318 319
318 320
318 321
317 322
316 323
315 324
314 325
314 326
314 327
314 328
314 329
314 330
314 331
314 332
314 333
314 334
314 335
314 336
314 337
314 338
314 339
314 340
314 341
314 342
313 343
314 344
315 345
316 346
317 347
318 348
319 349
320 349
312 344
311 345
310 346
309 347
308 348
307 349
306 350
306 351
306 352
306 353
306 354
306 355
306 356
306 357
306 358
306 359
306 360
306 361
306 362
306 363
307 361
308 362
309 363
310 364
311 365
312 366
313 367
314 368
315 369
316 370
305 351
304 352
303 353
302 354
301 355
300 356
299 357
298 358
297 359
296 359
295 359
294 359
293 359
292 359
291 360
291 359
290 359
289 359
288 359
287 359
286 359
285 359
284 359
283 359
282 359
281 359
290 361
289 362
288 363
287 364
286 365
285 366
302 352
301 351
300 350
299 349
298 348
297 347
296 346
295 345
294 344
293 344
319 302
320 303
321 304
322 305
323 306
324 307
325 308
317 292
316 293
315 294
314 295
313 296
312 297
311 298
310 299
309 300
308 300
307 300
306 300
317 280
318 279
319 278
320 277
321 276
322 275
323 274
324 273
325 272
326 271
305 272
304 273
303 274
302 275
301 276
300 277
299 278
300 263
301 262
302 261
303 260
304 259
305 258
287 238
286 239
285 240
284 241
283 242
282 243
281 244
280 245
279 246
278 247
289 226
290 227
291 228
292 229
293 230
294 231
295 232
296 233
297 234
298 235
299 236
300 237
287 214
286 215
285 216
284 217
283 218
282 219
281 220
280 221
279 222
278 223
277 224
276 225
275 226
278 203
277 204
276 205
275 205
274 205
273 205
272 205
271 205
270 205
269 205
268 205
267 205
266 205
265 205
264 205
263 205
262 205
261 205
260 206
260 205
259 205
258 205
257 206
257 205
256 205
255 205
254 205
253 205
252 205
251 205
250 205
249 205
248 205
247 205
246 205
245 205
244 205
243 205
242 205
241 205
240 205
239 205
238 205
237 205
236 204
235 205
234 206
233 207
232 208
231 209
230 210
229 211
228 212
227 213
226 214
225 215
224 216
223 217
222 218
221 219
220 220
219 221
218 222
217 223
216 224
215 225
214 226
213 227
212 228
211 229
210 230
209 231
208 232
207 233
206 234
207 235
208 236
209 237
210 238
211 239
212 240
213 241
214 242
215 243
216 244
217 245
218 246
219 247
220 248
221 249
222 250
223 251
224 252
225 251
226 250
227 249
228 248
229 247
230 247
231 247
232 247
233 247
234 247
235 247
236 247
205 235
204 236
203 237
202 238
201 239
201 240
201 241
201 242
201 243
201 244
201 245
202 246
203 247
203 248
203 249
203 250
203 251
235 203
234 203
233 203
232 203
231 203
230 203
229 203
228 203
227 203
226 203
225 203
224 203
223 203
222 203
221 203
220 203
219 203
218 203
217 203
216 203
215 202
214 202
213 202
212 202
211 202
210 202
209 202
208 202
207 202
206 202
205 202
204 202
203 202
202 202
201 202
200 202
199 202
198 202
197 202
196 202
195 202
194 202
193 202
192 202
191 202
190 202
189 202
188 202
187 202
186 202
185 202
184 202
183 202
182 202
181 202
180 202
179 202
178 202
177 202
176 202
175 203
175 202
174 202
173 201
172 200
171 199
170 198
169 197
168 197
167 197
166 197
165 197
164 197
163 197
162 197
161 197
160 197
159 197
158 197
157 197
156 197
155 197
154 197
153 197
152 197
151 197
150 197
149 197
148 198
147 199
146 200
145 201
144 202
143 202
142 202
141 202
140 202
139 202
138 202
137 202
136 202
135 202
134 202
133 202
132 202
131 203
131 202
130 202
129 202
128 202
127 202
126 202
125 202
124 202
123 202
122 202
121 202
120 202
120 201
119 202
121 200
122 199
123 198
124 197
125 196
126 195
127 194
128 193
130 204
129 205
128 206
127 207
126 208
125 209
124 210
123 211
124 212
125 213
126 214
127 215
128 216
129 217
130 218
131 219
132 219
122 212
121 213
120 214
119 215
118 216
117 217
116 218
115 219
114 220
113 221
112 222
111 223
110 224
109 225
110 226
111 227
112 228
113 229
114 230
115 231
116 232
117 233
118 234
119 235
120 236
121 237
122 238
123 239
124 240
125 241
126 242
127 243
119 237
118 238
117 239
116 240
115 241
114 242
113 243
112 244
111 244
108 226
107 227
106 228
105 229
104 230
103 231
102 232
101 233
100 234
99 235
98 236
97 237
97 238
97 239
97 240
97 241
97 242
110 222
109 221
108 220
107 219
106 218
105 217
104 216
103 215
102 214
101 213
100 212
99 211
98 210
98 209
97 209
96 208
95 207
94 206
93 205
92 204
91 203
90 204
89 205
88 206
87 207
86 208
85 209
84 210
83 211
82 212
83 213
84 214
85 215
86 216
87 217
88 218
89 219
90 220
81 213
80 214
79 215
78 216
77 217
76 218
75 219
74 220
73 221
72 222
71 223
70 224
69 225
68 226
67 227
66 228
65 229
66 230
67 231
68 232
69 233
70 234
71 235
72 236
73 237
74 238
75 239
76 240
64 230
63 231
62 232
61 233
60 234
59 235
58 236
57 237
56 238
55 239
61 231
60 230
59 229
58 228
57 228
56 228
55 228
54 228
53 228
52 228
51 228
51 227
50 228
49 228
48 228
47 228
46 228
45 228
44 228
43 228
42 228
41 228
40 228
39 228
38 228
37 228
36 228
35 228
34 228
33 228
32 228
31 229
31 228
30 228
29 228
32 230
33 231
34 232
35 233
36 234
37 235
38 236
39 237
50 226
49 225
48 224
47 223
46 222
45 221
46 220
47 219
48 218
49 217
50 216
44 220
43 219
42 218
41 217
40 216
39 215
38 214
37 213
36 212
35 211
34 210
33 209
32 208
31 207
30 206
29 205
30 204
31 203
32 202
33 201
34 200
35 199
36 198
37 197
38 196
39 195
39 194
39 193
39 192
39 191
38 190
37 189
36 188
35 187
34 187
33 187
32 187
31 187
30 187
73 219
72 218
71 217
70 216
69 215
68 214
67 213
66 212
65 211
64 210
63 209
62 208
61 207
60 207
92 202
93 201
94 200
95 199
96 198
97 197
98 196
99 195
100 194
101 193
102 192
103 191
104 191
90 202
89 201
88 200
87 199
86 198
85 197
84 196
83 196
82 196
81 196
80 195
79 194
78 193
77 192
78 191
79 190
80 189
81 188
82 187
76 191
75 190
74 189
73 188
72 187
71 186
70 185
69 184
68 183
67 182
66 181
65 182
64 183
63 184
62 185
61 186
60 186
65 180
64 179
63 178
62 177
61 176
60 175
59 174
58 173
57 172
56 171
55 170
54 169
53 168
52 167
51 166
50 165
49 164
48 163
47 162
46 163
46 161
45 160
44 159
43 158
42 157
41 158
40 159
39 160
38 161
37 162
36 163
35 164
34 165
33 166
32 167
31 168
30 169
41 156
40 155
39 154
38 153
37 152
38 151
39 150
40 149
41 148
42 147
43 146
44 145
45 144
46 143
47 142
48 141
49 140
36 151
35 150
34 149
33 148
32 147
31 148
30 148
31 146
30 145
30 144
30 143
30 142
30 141
30 140
30 139
31 138
31 137
31 136
31 135
31 134
31 133
31 132
31 131
31 130
31 129
31 128
31 127
31 126
31 125
31 124
31 123
31 122
31 121
31 120
31 119
31 118
31 117
31 116
31 115
31 114
31 113
31 112
31 111
31 110
31 109
31 108
31 107
31 106
31 105
31 104
31 103
31 102
31 101
31 100
31 99
31 98
31 97
31 96
31 95
31 94
31 93
31 92
31 91
31 90
31 89
31 88
31 87
31 86
31 85
32 84
33 83
33 82
33 81
33 80
33 79
33 78
33 77
33 76
33 75
33 74
33 73
33 72
33 71
33 70
33 69
33 68
33 67
33 66
33 65
33 64
32 63
31 62
31 61
31 60
30 106
32 112
33 113
34 114
35 115
36 116
37 117
38 116
39 115
40 114
41 113
42 112
43 113
44 114
45 115
46 116
47 117
48 118
49 119
50 119
43 111
44 110
45 109
46 108
47 107
48 106
49 105
50 105
51 105
30 118
170 196
176 204
177 205
178 206
179 207
180 208
181 209
182 210
183 211
184 212
185 213
186 214
187 215
188 216
189 217
190 218
191 219
192 220
193 221
194 222
195 223
181 211
180 212
179 213
178 214
177 215
176 216
175 217
174 218
173 219
172 220
171 221
172 222
173 223
174 223
170 222
169 223
168 224
167 225
166 226
165 227
164 228
163 229
162 230
163 231
164 232
165 233
166 234
167 235
168 236
169 237
170 238
171 239
172 240
173 241
174 242
175 243
176 244
177 245
178 246
179 247
180 248
172 242
171 243
170 244
169 244
161 231
160 232
159 233
158 234
157 235
156 236
155 237
154 238
153 239
152 240
151 241
150 242
149 243
148 244
162 228
161 227
160 226
159 225
158 224
157 223
156 222
155 221
154 220
153 220
256 207
255 208
254 209
253 210
252 211
251 212
250 213
251 214
252 215
253 216
254 217
249 214
248 215
247 216
246 217
245 218
244 219
243 220
242 221
241 222
242 223
243 224
244 225
245 226
246 227
247 228
248 229
249 230
250 231
251 232
252 233
253 234
254 235
255 236
256 237
257 238
240 223
239 224
238 225
237 226
261 207
280 201
281 200
282 199
283 198
284 197
285 196
286 195
287 194
288 193
289 192
290 191
291 190
292 189
293 188
294 187
295 186
296 185
297 186
298 187
299 188
300 189
301 190
302 191
303 192
304 193
297 184
298 183
299 182
300 181
301 180
302 179
303 178
303 177
303 176
303 175
303 174
303 173
303 172
303 171
303 170
303 169
303 168
304 169
305 170
306 171
307 172
308 173
309 174
310 175
311 176
312 177
313 178
314 179
315 180
316 181
317 182
318 183
319 184
320 184
321 184
322 184
323 184
324 184
325 184
326 184
327 184
328 185
329 186
330 186
331 186
332 186
333 186
334 186
335 186
336 186
337 186
338 186
339 186
340 186
341 186
342 186
343 186
344 186
345 186
346 186
347 186
348 186
314 177
315 176
316 175
317 174
318 173
319 172
320 171
321 170
322 169
323 168
324 167
325 166
326 165
327 164
328 163
329 164
330 165
331 165
332 165
333 165
334 165
335 165
336 165
337 165
338 165
339 165
340 165
341 165
342 165
343 165
344 165
345 165
346 165
347 165
348 165
349 165
350 166
351 167
352 168
353 169
354 170
355 171
356 172
357 173
358 174
359 175
360 176
361 177
362 178
363 179
364 180
365 181
366 182
367 183
368 184
369 185
370 186
371 187
372 188
373 189
374 190
375 191
376 192
377 193
378 194
379 195
380 196
381 197
382 198
383 199
384 200
385 201
386 202
387 203
388 204
389 205
390 206
391 207
392 208
393 209
394 210
395 211
396 212
397 213
398 214
399 215
400 216
401 217
402 218
403 219
404 220
405 221
406 222
407 223
408 224
409 225
410 226
411 227
412 228
413 229
414 230
415 231
416 232
417 233
418 234
419 235
420 236
421 237
422 238
423 239
424 240
425 241
426 242
427 243
428 244
429 245
430 246
431 247
432 248
433 249
434 250
435 251
436 252
437 253
438 254
439 255
440 256
441 257
442 258
443 259
444 260
445 260
446 260
447 260
448 260
449 260
450 260
451 260
452 260
453 259
454 258
455 257
456 256
457 255
458 254
459 253
460 252
461 251
462 250
463 249
464 248
465 247
466 248
467 249
468 250
469 250
466 246
467 245
468 244
469 243
470 242
471 243
472 244
473 245
474 246
475 247
476 248
477 249
478 250
479 251
480 252
481 253
482 254
483 255
484 256
485 257
486 258
487 259
488 260
489 261
490 261
491 262
492 263
493 264
494 265
495 266
496 267
497 268
498 269
499 270
500 271
501 272
502 273
503 274
504 275
505 276
506 277
507 278
508 279
509 280
510 281
511 282
512 283
513 284
514 284
515 285
516 286
517 287
518 288
519 288
520 288
521 288
522 288
523 288
503 272
504 271
505 270
506 269
507 268
508 267
509 266
510 265
511 264
512 263
513 264
514 265
515 266
516 267
517 267
518 267
519 267
520 267
521 267
522 267
523 267
524 267
499 272
498 273
497 274
496 275
495 276
494 277
493 278
492 279
491 280
490 281
489 282
491 260
492 259
493 258
494 257
495 256
496 255
497 254
498 253
499 252
500 251
501 250
502 249
503 248
504 247
505 246
506 245
507 244
508 243
509 243
471 241
472 240
473 240
474 240
475 240
476 240
477 240
478 240
479 240
480 240
481 240
482 240
483 240
484 240
485 240
486 240
487 240
488 240
489 239
490 238
491 237
492 236
493 235
494 234
495 233
496 232
497 231
498 230
499 229
500 228
501 227
502 226
503 225
504 224
505 223
506 222
507 221
508 220
509 220
496 230
495 229
494 228
441 259
440 260
439 261
438 262
437 263
436 264
435 265
434 266
433 267
432 268
431 269
430 270
429 271
428 270
427 269
426 268
425 268
424 268
423 268
422 268
421 268
420 268
419 268
418 268
417 268
416 268
415 268
414 268
413 268
412 268
411 268
410 268
409 268
408 268
407 268
426 244
425 245
424 246
423 247
422 248
421 249
420 250
419 251
418 252
407 221
408 220
409 219
410 218
411 217
412 216
413 215
414 214
415 213
416 212
417 211
418 210
419 209
420 208
421 207
422 206
423 205
424 204
425 203
426 202
427 201
428 200
429 199
430 198
431 197
432 196
433 195
434 194
435 193
436 192
437 191
438 190
439 189
440 188
441 187
442 186
443 185
444 184
445 183
446 182
447 181
448 180
449 179
450 178
451 177
452 176
453 175
454 174
455 173
456 172
457 171
458 170
459 169
460 168
461 167
462 166
463 165
464 164
465 163
466 162
467 161
468 160
469 159
470 158
471 157
472 156
473 155
474 154
475 153
476 152
477 151
478 150
479 149
480 148
481 147
482 146
483 145
484 144
485 143
486 142
487 143
488 144
489 145
490 146
491 147
492 148
493 149
494 150
495 151
496 152
497 153
498 154
499 155
500 156
501 157
502 158
503 159
504 160
505 161
506 162
507 163
508 164
509 165
510 166
511 167
512 168
513 169
514 170
515 171
516 172
517 173
518 174
519 175
520 176
521 177
522 178
523 179
524 180
523 181
522 182
521 183
520 184
519 185
518 186
517 187
516 188
515 189
515 190
515 191
515 192
515 193
515 194
515 195
515 196
515 197
515 198
515 199
525 180
526 179
527 178
528 177
529 176
530 175
531 174
532 173
533 172
534 171
535 170
536 169
537 169
538 169
487 141
488 140
489 139
490 138
491 137
492 136
493 135
494 134
495 133
496 132
497 131
498 130
499 129
500 128
501 127
502 126
503 125
504 124
505 123
506 122
507 123
508 124
509 125
510 126
511 127
512 128
513 129
514 130
515 131
516 132
517 133
518 134
519 135
520 136
507 121
508 120
509 119
510 119
505 121
504 120
503 119
502 118
501 117
500 116
499 115
498 114
497 113
496 112
495 112
401 219
400 220
399 221
398 222
397 223
396 224
395 225
394 226
393 227
392 228
391 229
390 230
389 231
388 232
387 233
386 234
385 235
384 236
383 237
382 238
381 239
380 240
379 241
378 242
379 243
380 244
381 245
382 246
383 247
384 248
385 249
386 250
387 251
388 252
389 253
388 254
387 255
386 256
386 257
386 258
386 259
386 260
386 261
386 262
386 263
386 264
386 265
386 266
390 252
391 252
392 252
393 252
394 252
395 252
396 252
397 252
377 243
376 244
375 245
374 246
373 247
372 248
371 249
370 250
369 251
368 252
367 253
366 254
366 255
366 256
366 257
366 258
366 259
366 260
366 261
366 262
366 263
329 162
329 161
329 160
329 159
329 158
329 157
329 156
329 155
329 154
329 153
329 152
329 151
329 150
329 149
329 148
329 147
329 146
329 145
329 144
329 143
329 142
330 143
331 144
332 144
333 144
334 144
335 144
336 144
337 144
338 144
339 144
340 144
341 144
342 144
343 144
344 144
345 144
346 144
347 144
348 144
349 144
350 144
350 143
351 142
352 141
353 140
330 141
331 140
331 139
331 138
331 137
331 136
331 135
331 134
331 133
331 132
331 131
331 130
331 129
331 128
331 127
331 126
331 125
331 124
331 123
331 122
331 121
331 120
331 119
331 118
331 117
332 118
333 119
334 119
335 119
336 119
337 119
338 119
339 119
340 119
341 119
342 119
343 119
344 119
345 119
346 119
347 119
348 119
349 119
350 119
351 119
352 119
333 117
334 116
335 115
336 114
337 113
338 112
339 111
340 110
341 109
342 108
343 107
344 106
345 105
346 104
347 103
348 102
349 101
350 100
351 99
352 98
342 106
341 105
340 104
339 103
338 102
337 101
336 100
335 99
334 98
333 97
332 96
331 96
326 163
325 162
324 161
323 160
322 159
321 158
320 157
319 156
318 155
317 154
316 153
315 152
314 151
313 150
312 149
311 148
310 147
309 146
308 145
307 144
306 145
305 146
304 147
306 143
305 142
304 141
303 140
302 139
301 138
300 137
299 136
298 135
297 134
298 133
299 132
300 131
301 130
302 129
303 128
304 127
305 126
306 125
307 124
308 123
309 122
309 121
309 120
309 119
309 118
309 117
309 116
309 115
296 133
295 132
294 131
293 130
292 129
291 128
290 127
289 126
288 125
287 124
286 123
285 122
284 121
283 120
282 119
281 118
280 117
279 116
280 115
281 114
282 113
283 112
284 111
285 110
286 109
287 108
288 107
289 106
290 105
291 104
292 103
293 102
294 101
295 100
296 99
297 98
298 97
299 96
300 95
301 94
302 94
303 94
304 94
305 94
306 94
307 94
308 94
309 94
297 96
296 95
295 94
294 93
293 92
292 91
291 90
278 115
277 114
276 113
275 112
274 111
273 110
272 109
271 108
270 107
269 106
268 105
267 104
266 103
265 102
264 103
263 104
262 105
264 101
263 100
262 99
261 98
260 97
261 96
262 95
263 94
264 93
265 92
266 91
267 90
268 89
269 88
270 88
259 96
258 95
257 94
256 93
255 92
254 91
253 90
252 89
251 88
250 87
249 87
248 88
247 89
246 90
245 91
244 92
243 93
242 94
241 95
240 96
239 97
238 98
237 99
238 100
239 101
240 102
241 103
236 100
235 100
234 100
233 100
232 100
231 100
230 100
229 100
228 100
227 100
226 100
225 100
224 100
223 100
222 99
221 98
220 97
219 96
218 96
217 96
216 96
215 96
214 96
213 96
212 96
211 96
210 96
209 96
208 96
207 96
206 96
205 96
204 96
203 96
202 96
201 96
200 97
200 96
199 96
198 96
197 96
196 96
195 96
195 95
194 96
193 96
192 96
191 96
190 96
189 96
188 96
187 96
186 96
185 96
184 96
183 95
182 94
181 93
180 92
179 91
178 90
177 89
176 90
175 91
174 92
173 93
172 94
171 95
170 96
169 96
178 88
179 87
180 86
181 85
182 84
183 83
184 82
185 81
186 80
187 79
188 78
176 88
175 87
174 86
173 85
172 84
171 83
170 82
169 81
168 80
167 79
167 78
166 78
165 77
164 76
163 75
162 75
161 75
160 75
159 75
158 75
157 75
156 75
155 75
154 75
153 75
152 75
151 75
150 75
149 75
148 75
147 75
146 75
145 76
144 77
143 78
142 79
141 80
140 81
139 82
138 83
137 84
138 85
139 86
140 87
141 88
142 89
143 90
144 91
145 92
146 93
147 94
148 94
136 84
135 84
134 84
133 84
132 84
131 84
130 84
129 84
128 84
127 84
126 84
125 84
124 84
123 84
122 85
122 84
121 84
120 84
119 84
118 84
117 84
116 84
115 84
114 84
113 84
112 84
111 84
110 85
110 84
109 84
108 84
107 84
106 84
105 83
104 82
103 81
102 80
101 79
100 78
99 77
98 76
97 75
98 74
99 73
100 72
101 71
102 70
103 69
104 68
96 74
95 73
94 72
93 71
92 70
91 69
90 68
89 68
88 68
87 68
86 68
85 68
84 68
83 69
82 70
81 71
80 72
79 73
78 74
77 75
76 76
75 77
74 78
75 79
76 80
77 81
78 82
79 83
80 84
81 85
82 86
83 87
84 88
73 79
72 80
71 81
70 82
69 83
68 84
67 85
66 85
65 85
64 85
63 85
62 85
61 85
60 85
59 85
58 85
57 85
56 85
55 85
54 85
53 85
52 85
71 79
70 78
69 77
68 76
67 75
66 74
65 73
64 72
63 71
62 70
61 69
60 68
59 67
58 66
57 65
56 64
81 69
80 68
79 67
78 66
77 65
109 86
108 87
107 88
106 89
105 90
123 86
124 87
125 88
126 89
127 90
137 82
136 81
135 80
134 79
133 78
132 77
131 76
130 75
129 74
128 73
127 72
126 71
125 70
196 94
197 93
198 92
199 91
200 90
201 89
202 88
203 87
204 86
205 85
206 84
207 83
208 82
201 98
202 99
240 94
239 93
238 92
237 91
236 90
235 89
234 88
233 87
232 86
231 85
230 84
229 83
185
29 205
29 228
30 106
30 118
30 139
30 148
30 169
30 187
31 60
31 85
33 64
37 117
39 191
39 237
46 163
49 140
50 119
50 216
51 105
52 85
55 239
56 64
60 186
60 207
62 232
63 85
71 217
76 240
77 65
81 196
82 187
84 68
84 88
90 220
97 242
98 209
104 68
104 191
105 90
106 84
111 223
111 244
119 202
125 70
127 90
127 243
128 193
132 219
146 75
148 94
148 244
149 197
153 220
167 78
169 96
169 244
170 196
171 343
174 202
174 223
175 339
177 318
180 248
184 96
188 78
195 202
195 223
196 342
198 321
201 245
202 99
203 251
208 82
209 349
216 203
216 224
217 245
217 324
223 100
224 252
229 83
229 348
233 327
236 247
237 205
237 226
237 306
239 356
241 103
242 262
249 87
253 283
253 346
254 217
254 259
254 325
256 304
257 238
260 361
261 207
262 105
270 88
273 280
274 340
275 226
275 259
275 312
277 291
278 247
279 333
281 359
282 205
285 302
285 366
288 107
288 256
291 90
293 344
296 323
299 216
299 278
300 237
303 168
304 147
304 193
305 126
305 214
305 258
306 300
306 363
307 172
309 94
309 115
314 342
316 370
318 321
320 349
322 250
322 287
325 229
325 308
326 208
326 271
327 184
328 163
329 142
331 96
331 117
341 263
344 253
345 232
347 211
348 186
349 165
350 144
352 98
352 119
353 140
366 263
368 252
386 266
389 253
397 252
407 268
418 252
429 271
439 255
452 260
469 250
488 240
489 282
490 261
494 228
495 112
509 220
509 243
510 119
512 263
514 284
515 199
520 136
523 288
524 267
525 180
538 169
