944
121 91
122 92
123 93
124 94
125 95
126 96
127 97
128 98
129 99
130 100
131 101
132 102
133 103
134 104
135 105
136 106
136 107
136 108
137 107
138 108
139 108
140 108
141 108
142 108
143 108
144 109
144 108
145 108
145 110
146 111
147 112
148 113
149 114
150 115
151 116
152 117
153 118
154 119
155 120
156 121
157 122
158 123
151 114
152 113
153 112
154 111
155 110
156 109
157 108
158 107
147 114
146 115
145 116
144 117
143 118
142 119
141 120
140 121
139 122
138 123
138 124
139 125
140 126
141 127
142 128
143 129
144 130
143 131
142 132
141 133
142 134
143 135
144 136
145 137
146 138
147 139
148 140
149 141
150 142
151 143
152 143
140 134
139 135
138 136
137 137
136 138
135 139
134 140
133 141
132 142
131 143
137 123
136 123
131 99
132 98
133 97
134 96
135 95
136 94
137 93
119 89
118 88
119 87
120 86
121 85
122 84
123 83
124 82
125 81
126 80
127 79
128 78
129 77
130 76
131 75
132 74
133 73
134 72
135 71
136 71
136 70
137 69
138 68
139 67
140 66
141 65
142 64
143 63
144 62
145 61
146 60
147 61
148 62
149 63
150 64
151 65
152 66
153 67
154 68
155 69
156 70
157 71
158 72
158 73
158 74
158 75
158 76
158 77
158 78
158 79
158 80
158 81
158 82
158 83
158 84
158 85
158 86
159 85
160 86
158 71
147 59
148 58
149 57
150 56
151 56
152 56
153 56
153 55
154 56
154 54
155 53
156 52
157 51
158 50
159 49
160 48
161 47
162 46
163 45
164 44
165 43
166 42
167 43
168 44
169 45
170 46
171 47
172 48
173 49
174 50
175 51
176 52
177 53
178 54
179 55
180 56
181 57
181 58
181 59
181 60
181 61
181 62
181 63
181 64
181 65
181 66
181 67
181 68
181 69
181 70
181 71
181 72
181 73
181 74
181 75
181 76
181 77
181 78
181 79
181 80
181 81
181 82
181 83
181 84
181 85
181 86
181 87
181 88
181 89
181 90
181 91
181 92
181 93
181 94
181 95
181 96
181 97
181 98
181 99
181 100
181 101
181 102
181 103
181 104
181 105
181 106
181 107
181 108
181 109
181 110
181 111
181 112
181 113
181 114
181 115
181 116
181 117
181 118
181 119
180 120
179 121
178 122
177 123
176 124
176 125
176 126
177 125
178 126
179 127
180 128
181 129
182 130
183 131
184 132
183 133
182 134
181 135
180 136
179 137
178 138
177 139
176 140
175 141
174 142
173 143
185 132
186 132
187 132
188 132
181 56
182 55
183 54
184 53
185 54
186 55
187 56
188 57
189 58
190 59
191 60
192 61
193 62
194 63
195 64
196 65
197 66
198 67
199 68
200 69
201 70
202 71
203 72
204 73
204 74
204 75
204 76
204 77
204 78
204 79
204 80
204 81
204 82
204 83
204 84
204 85
204 86
204 87
204 88
204 89
204 90
204 91
204 92
204 93
204 94
204 95
204 96
204 97
204 98
204 99
204 100
204 101
204 102
204 103
204 104
204 105
204 106
204 107
204 108
204 109
204 110
204 111
204 112
204 113
204 114
203 115
202 116
202 117
202 118
202 119
202 120
202 121
202 122
202 123
202 124
203 124
203 123
204 125
203 126
202 127
205 125
205 105
205 104
205 94
205 73
204 72
185 52
186 51
187 51
188 51
189 51
190 51
191 51
192 51
193 51
194 51
195 51
195 50
196 51
197 51
198 52
199 52
200 52
201 52
202 52
203 52
204 52
205 52
194 49
193 48
192 47
191 46
190 45
189 44
188 43
167 41
168 40
169 39
170 38
171 37
172 36
173 35
174 34
175 35
176 35
177 35
162 44
161 43
160 42
159 41
158 40
157 39
156 38
155 37
154 36
153 35
153 34
152 34
151 34
150 34
149 34
148 34
147 34
146 34
145 34
144 34
143 34
142 34
141 34
140 34
139 34
138 34
137 34
136 34
135 34
134 34
133 34
132 34
131 34
130 34
129 34
128 34
127 34
126 34
125 34
124 34
123 34
122 34
121 34
120 34
119 34
118 34
117 34
116 34
115 34
114 34
113 34
112 34
111 34
110 34
109 34
108 34
107 34
106 34
105 34
104 35
104 34
103 34
102 34
101 34
100 34
99 34
98 34
97 34
96 34
95 34
94 34
93 34
92 34
91 34
90 34
89 34
88 34
87 34
86 34
85 34
84 34
83 34
82 34
81 34
80 34
79 34
78 34
77 34
76 34
75 34
74 34
73 34
72 34
71 34
70 34
69 34
68 34
67 35
66 36
65 37
64 38
63 39
62 40
61 41
60 42
59 43
58 44
57 45
56 46
55 47
54 48
53 49
52 49
51 49
50 49
49 49
49 48
48 49
47 50
46 51
45 52
44 53
43 54
42 55
41 56
40 57
39 58
40 59
41 60
42 61
43 62
44 63
45 64
46 65
47 66
46 67
45 68
44 69
43 70
42 71
41 72
40 73
39 74
38 75
37 76
36 77
35 78
34 79
33 80
32 81
31 82
30 83
29 84
36 75
35 74
34 73
33 72
48 66
38 57
37 56
36 55
35 54
34 53
33 52
32 51
45 50
48 47
48 46
48 45
62 38
61 37
60 36
59 35
58 34
105 36
106 37
107 38
108 39
109 40
110 41
111 42
112 43
142 62
141 61
140 60
139 59
138 58
137 57
136 56
117 87
116 86
116 85
115 85
114 84
113 83
112 82
111 81
110 80
109 79
108 78
107 77
106 76
105 75
104 74
103 73
104 72
105 71
106 70
107 69
108 68
109 67
110 66
111 65
112 64
102 72
101 71
100 70
99 69
98 68
97 67
96 68
95 69
94 70
93 71
96 66
95 65
94 64
93 63
92 62
91 61
90 60
89 59
90 58
91 57
92 56
93 55
88 58
87 57
86 56
85 57
85 56
84 56
83 56
82 56
81 56
80 56
79 56
78 56
77 56
76 56
75 56
74 56
73 56
72 56
71 55
84 58
83 59
82 60
81 61
80 62
79 63
78 64
77 65
76 66
75 67
74 68
73 69
72 70
72 71
71 71
115 87
114 88
113 89
112 90
111 91
110 92
109 93
108 94
107 95
106 96
105 97
106 98
107 99
108 100
109 101
110 102
111 103
112 104
112 105
112 106
112 107
112 103
104 98
103 99
102 100
101 101
100 102
99 103
98 104
97 105
96 106
95 107
94 108
93 108
92 108
91 108
90 108
89 108
88 108
87 108
86 108
85 108
84 108
83 108
82 108
81 108
80 108
79 108
78 108
77 108
76 108
75 108
74 108
73 108
72 108
71 107
70 108
70 106
69 105
68 104
67 103
66 102
65 101
66 100
67 99
68 98
69 97
70 96
71 95
72 94
73 93
74 92
64 100
63 99
62 98
61 97
60 98
59 99
58 100
57 101
56 102
55 103
54 104
53 105
52 106
51 107
50 108
49 109
48 110
48 111
48 112
48 113
48 114
48 115
48 116
48 117
48 118
48 119
48 120
48 121
48 122
48 123
48 124
48 125
48 126
48 127
48 128
48 129
47 130
46 131
47 132
48 132
45 130
44 129
43 128
42 127
41 126
40 126
39 126
38 126
37 126
36 126
35 126
34 126
33 126
49 123
50 124
51 125
52 126
53 127
54 128
55 129
56 130
57 131
58 132
59 133
60 134
61 135
62 136
63 137
64 138
65 139
66 140
67 141
68 142
69 143
70 143
71 143
72 143
73 143
74 143
75 143
76 143
77 143
78 143
79 143
79 142
80 143
81 143
82 143
83 143
84 143
85 143
86 143
87 143
88 143
89 143
90 143
91 143
92 143
93 143
94 143
95 143
96 143
97 143
98 143
98 142
99 143
99 141
100 140
101 139
102 138
103 137
104 138
105 139
106 140
107 141
108 142
109 143
110 143
104 136
105 135
106 134
107 133
108 132
109 131
110 130
111 129
112 128
80 141
81 140
82 139
83 138
84 137
85 136
86 135
87 134
88 133
89 132
90 131
91 130
92 129
93 128
63 139
62 140
61 141
60 142
59 143
64 136
65 135
66 134
67 133
68 132
69 131
70 130
71 129
47 112
47 109
46 108
45 108
44 108
43 108
42 108
41 108
40 107
39 106
38 105
37 105
36 105
35 105
34 105
33 105
60 96
59 95
58 94
57 93
56 92
55 91
54 90
53 89
52 88
51 87
101 99
100 98
99 97
98 96
97 95
96 94
95 93
84
195 64
179 137
48 45
132 102
174 34
204 106
112 107
158 107
157 71
131 143
51 87
32 51
205 73
53 89
42 127
92 129
192 47
48 66
158 123
33 105
69 34
136 56
41 108
112 128
137 93
205 94
188 132
205 104
153 34
137 107
136 71
110 143
33 126
93 55
71 129
116 86
137 123
205 125
58 34
69 143
59 143
89 143
93 71
181 56
70 108
48 110
48 111
29 84
132 34
173 143
181 74
72 56
95 93
112 43
188 43
48 132
158 50
136 123
202 127
72 71
93 108
150 56
181 95
112 64
111 34
45 50
174 142
152 143
158 71
177 35
71 55
74 92
93 128
181 116
112 82
204 85
158 86
160 86
197 51
205 52
90 34
71 71
33 72
72 108
