10138
332 269
331 268
330 267
329 266
328 265
327 264
326 263
325 264
324 265
323 266
322 267
321 268
320 269
319 270
318 271
319 272
320 273
321 274
322 275
323 276
324 277
325 278
326 279
327 280
328 281
329 282
330 283
331 284
332 285
333 286
334 287
335 288
336 289
337 290
338 291
339 292
340 293
341 294
342 295
343 296
344 297
345 298
346 299
338 293
337 294
336 295
335 296
334 297
333 298
332 299
331 300
340 291
341 290
342 289
343 288
344 287
345 286
346 285
347 284
348 285
349 286
350 287
351 288
352 289
353 290
354 291
355 292
356 293
357 294
358 295
359 296
360 297
361 298
355 290
356 289
357 288
358 287
359 286
360 285
361 284
362 283
363 284
364 285
365 286
366 287
367 288
368 289
369 290
370 291
371 292
372 293
373 294
374 295
375 296
376 297
370 289
371 288
372 287
373 286
374 285
375 284
376 283
377 282
378 283
379 284
380 285
381 286
382 287
383 288
384 289
385 290
386 291
387 292
388 293
389 294
390 295
391 295
385 288
386 287
387 286
388 285
389 284
390 283
391 282
392 281
393 282
393 281
393 280
394 283
395 284
396 285
397 286
398 287
399 288
400 289
401 290
402 291
403 292
404 293
405 294
406 295
403 290
404 289
405 288
406 287
407 286
408 285
409 284
410 283
411 282
412 281
324 279
323 280
322 281
321 282
320 283
319 284
318 285
317 286
317 270
316 269
315 268
314 267
313 266
312 265
311 264
310 265
309 266
308 267
307 268
306 269
305 270
304 271
303 272
302 271
301 270
300 269
299 268
298 267
297 266
296 265
295 266
294 267
293 268
292 269
291 270
290 271
289 272
288 273
288 272
287 272
286 271
285 270
284 269
283 268
282 267
281 266
280 267
279 268
278 269
277 270
276 271
275 272
274 273
273 274
272 273
271 272
270 271
269 270
268 269
267 268
266 267
265 268
264 269
263 270
262 271
261 272
260 273
259 274
258 275
257 274
256 273
255 272
254 271
253 270
252 269
251 268
250 269
249 270
248 271
247 272
246 273
245 274
244 275
243 276
242 275
241 274
240 273
239 272
238 271
237 270
236 269
235 270
234 271
233 272
232 273
231 274
230 275
229 276
228 277
228 276
228 275
227 276
226 275
225 274
224 273
223 272
222 271
221 270
220 271
219 272
218 273
217 274
216 275
215 276
214 277
213 278
212 277
211 276
210 275
209 274
208 273
207 272
206 271
205 272
204 273
203 274
202 275
201 276
200 277
199 278
198 279
198 278
197 278
196 277
195 276
194 275
193 274
192 273
191 272
190 273
189 274
188 275
187 276
186 277
185 278
184 279
183 280
182 279
181 278
180 277
179 276
178 275
177 274
176 273
175 274
174 275
173 276
172 277
171 278
170 279
169 280
168 281
169 282
170 283
171 284
172 285
173 286
174 287
175 288
176 289
177 290
178 291
179 292
180 293
181 294
182 295
183 296
184 297
185 298
186 299
187 300
188 301
189 302
190 303
191 304
192 305
193 306
194 307
195 308
196 309
188 303
187 304
186 305
185 306
184 307
183 308
182 309
181 310
182 311
183 312
184 313
185 314
186 315
187 316
188 317
189 318
190 319
191 320
192 321
193 322
194 323
195 324
196 325
197 326
198 327
199 328
200 329
201 330
202 331
203 332
204 333
205 334
206 335
207 336
208 337
209 337
201 332
200 333
199 334
198 335
197 336
196 337
195 338
194 339
194 340
195 340
193 340
192 341
191 342
190 343
189 344
188 345
187 346
186 347
187 348
188 349
189 350
190 351
191 352
192 353
193 354
194 355
195 356
196 357
197 358
198 359
199 360
200 361
201 362
202 363
203 364
204 365
201 360
202 359
203 358
204 357
205 356
206 355
207 354
208 353
209 352
198 361
197 362
196 363
195 364
194 365
193 366
193 352
194 351
185 348
184 349
183 350
183 351
183 352
183 353
183 354
184 355
185 356
186 357
186 358
186 359
186 360
186 361
186 362
186 363
186 364
186 365
186 366
186 367
186 368
186 369
185 370
184 371
185 372
186 373
187 374
188 375
189 376
190 377
191 378
192 379
193 380
194 381
195 382
196 383
197 382
198 382
199 382
200 382
201 382
202 382
203 382
204 382
205 382
206 382
207 382
208 382
209 382
210 382
211 382
212 383
213 383
214 383
215 383
216 383
217 383
218 383
219 383
220 383
221 383
222 383
223 383
224 383
225 383
226 383
227 384
228 385
229 386
230 387
231 388
232 389
233 390
234 391
235 392
236 393
237 394
238 395
239 396
239 395
240 395
241 394
242 393
243 392
244 391
245 390
246 389
247 388
248 387
249 386
250 385
251 384
252 383
253 383
254 383
255 383
256 384
256 383
257 383
257 385
258 386
259 387
260 388
261 389
262 390
263 391
264 392
265 393
266 394
267 395
268 396
269 397
270 398
269 395
270 394
271 393
272 392
273 393
274 394
275 395
276 396
277 397
278 398
279 399
280 400
281 400
273 391
274 390
275 389
276 388
277 387
278 386
279 385
280 384
281 383
262 392
261 393
260 394
259 395
258 396
257 397
256 398
261 387
262 386
263 385
264 384
265 383
266 383
245 388
244 387
243 386
242 385
241 384
240 383
240 397
240 398
183 372
182 373
181 374
181 375
181 376
181 377
181 378
181 379
181 380
181 381
181 382
181 383
181 384
180 385
180 386
180 387
180 388
181 387
182 388
183 389
184 390
185 391
186 392
187 393
188 394
189 395
190 396
191 397
192 397
185 393
184 394
183 395
182 396
181 397
185 358
184 359
183 360
182 361
181 362
182 354
183 348
182 347
181 346
180 345
179 344
203 330
204 329
205 328
206 327
207 326
208 325
209 324
210 323
211 324
212 325
213 326
214 327
215 328
216 329
217 330
218 331
219 332
220 333
221 334
222 335
223 336
224 337
225 338
226 339
227 340
228 341
229 342
230 343
231 344
232 345
233 346
234 347
235 348
236 349
237 350
238 351
238 352
238 353
238 354
238 355
238 356
238 357
238 358
238 359
237 358
236 359
235 360
234 361
233 362
234 363
235 364
236 365
237 366
238 366
232 363
231 364
230 365
229 366
228 367
239 351
231 346
230 347
229 348
228 349
227 350
226 351
225 352
224 352
187 318
186 319
185 320
184 321
183 322
182 323
181 324
180 325
190 301
191 300
192 299
193 298
194 297
195 296
196 295
197 294
198 295
199 296
200 297
201 298
202 299
203 300
204 301
205 302
206 303
207 304
208 305
209 306
210 307
211 308
205 300
206 299
207 298
208 297
209 296
210 295
211 294
212 293
213 294
214 295
215 296
216 297
217 298
218 299
219 300
220 301
221 302
222 303
223 304
224 305
225 306
226 307
226 308
227 308
228 309
229 310
230 311
231 312
232 313
233 314
234 315
235 316
236 317
237 318
238 319
239 320
240 321
241 322
242 323
243 324
244 325
245 326
246 327
247 328
248 329
249 330
250 331
251 332
252 333
253 334
254 335
246 329
245 330
244 331
243 332
242 333
241 334
240 335
239 336
248 327
249 326
250 325
251 324
252 323
253 322
254 321
255 320
256 321
256 320
257 322
258 323
259 324
260 325
261 326
262 327
263 328
264 329
265 330
266 331
267 332
268 333
269 334
270 335
271 336
272 337
273 338
274 339
275 340
276 341
277 342
278 343
279 344
280 345
280 346
280 347
280 348
280 349
280 350
280 351
280 352
280 353
280 354
279 353
278 354
277 355
276 356
275 357
274 358
275 359
276 360
277 361
278 362
279 363
280 364
273 359
272 360
271 361
270 362
269 363
268 364
267 365
266 365
265 365
264 365
263 365
262 365
261 365
260 365
259 365
258 365
257 365
274 341
273 342
272 343
271 344
270 345
269 346
268 347
267 348
266 349
265 349
264 350
263 350
262 350
261 350
260 350
259 350
258 350
257 350
256 350
255 350
254 350
276 339
277 338
278 337
279 336
280 335
281 334
263 326
264 325
265 324
266 323
267 322
268 321
269 320
270 319
232 315
231 316
230 317
229 318
228 319
227 320
226 321
225 321
226 306
168 283
167 284
166 285
165 286
164 287
163 288
162 289
161 290
162 291
163 292
164 293
165 294
166 295
167 296
160 291
159 292
158 293
157 294
156 295
155 296
154 297
154 298
153 298
152 299
151 300
150 301
149 302
148 303
147 304
148 305
149 306
150 307
151 308
152 309
153 310
154 311
155 312
154 313
153 314
153 315
153 316
153 317
153 318
153 319
153 320
153 321
153 322
153 323
153 324
153 325
153 326
153 327
153 328
153 329
153 330
153 331
153 332
153 333
153 334
153 335
153 336
153 337
153 338
153 339
153 340
153 341
153 342
152 343
151 344
151 345
151 346
151 347
151 348
151 349
151 350
151 351
151 352
151 353
151 354
151 355
151 356
151 357
152 358
153 359
154 360
155 361
156 362
157 363
158 364
159 365
160 366
161 367
162 368
163 369
164 370
165 371
164 372
163 373
162 374
163 375
164 376
165 377
161 375
160 376
159 377
158 378
157 379
156 380
155 381
154 382
153 383
152 384
152 385
152 386
153 387
154 388
155 389
156 390
157 391
158 392
159 393
160 394
161 395
162 396
163 397
164 398
164 399
163 400
162 401
161 402
160 403
159 404
158 405
157 406
157 407
157 408
157 409
157 410
157 411
157 412
157 413
157 414
158 415
159 416
160 417
161 418
162 419
163 420
164 421
165 422
166 423
167 424
168 425
169 426
170 427
171 428
172 427
173 426
174 425
175 424
176 423
177 422
178 421
179 421
180 421
181 421
182 421
183 421
184 421
185 421
186 421
187 422
188 423
189 424
190 425
191 426
192 427
193 428
194 429
195 430
196 431
197 432
198 433
199 434
200 435
201 434
202 433
203 432
204 431
205 430
206 431
207 432
208 433
209 434
210 435
211 435
206 429
207 428
208 427
209 426
210 425
211 424
212 423
213 422
214 421
215 422
216 423
217 424
218 425
219 426
220 427
221 428
222 429
223 430
224 431
225 432
226 433
227 434
228 435
229 434
230 433
231 432
232 431
233 430
234 429
235 430
236 431
237 432
238 433
239 434
240 435
235 428
236 427
237 426
238 425
239 424
240 423
241 422
242 422
243 423
243 422
244 422
245 422
246 422
247 422
248 422
249 422
250 422
251 422
252 422
253 422
254 422
255 422
256 422
257 422
258 422
259 422
260 422
261 422
262 422
263 422
264 422
265 422
266 422
267 422
268 422
269 422
270 422
271 422
272 423
272 422
273 422
273 424
274 425
275 426
276 427
277 428
278 429
279 430
280 431
281 432
282 433
283 434
284 435
285 436
276 429
275 430
274 431
273 432
272 433
271 434
270 435
278 427
279 426
280 425
281 424
282 423
283 422
284 421
244 424
245 425
246 426
247 427
248 428
249 429
250 430
251 431
252 432
253 433
254 434
255 435
226 435
221 426
222 425
223 424
224 423
225 422
226 421
227 420
198 435
191 428
190 429
189 430
188 431
187 432
186 433
185 434
184 435
193 426
194 425
195 424
196 423
197 422
198 421
199 420
166 425
165 426
164 427
163 428
162 429
163 430
164 431
165 432
166 433
167 434
168 435
169 435
161 430
160 431
159 432
158 433
157 433
167 422
168 421
169 420
158 417
157 418
156 418
156 405
155 404
154 403
153 402
152 401
151 400
150 400
149 400
162 366
163 365
164 364
165 363
166 362
157 365
156 366
155 367
154 368
153 369
152 370
150 345
149 346
148 347
147 348
146 349
145 350
144 351
143 352
142 353
141 354
140 355
139 356
138 357
137 358
136 359
135 359
134 359
133 359
132 359
131 359
130 359
129 359
128 359
127 359
126 359
125 359
124 359
123 359
122 359
121 359
120 360
119 361
120 362
121 363
122 364
123 365
124 366
125 367
126 368
127 369
128 370
129 371
130 372
131 373
132 374
132 375
132 376
132 377
132 378
132 379
132 380
132 381
132 382
132 383
132 384
132 385
132 386
132 387
132 388
132 389
132 390
131 390
130 391
129 392
128 393
127 394
126 395
125 396
124 397
123 398
123 399
123 400
123 401
123 402
123 403
123 404
122 405
123 406
124 407
121 406
120 407
119 408
118 409
117 410
116 411
115 412
114 413
113 414
112 415
112 416
112 417
112 418
112 419
113 420
114 421
115 422
111 420
110 421
109 422
108 423
107 424
106 425
106 426
106 427
106 428
107 427
108 428
109 429
110 430
111 431
112 432
113 433
114 434
115 435
116 436
117 437
118 438
119 439
120 438
121 437
122 436
123 435
124 434
125 433
126 432
127 431
128 430
129 429
130 428
131 428
132 428
133 428
134 428
135 428
136 428
137 428
138 428
139 428
140 428
109 431
108 432
107 433
106 433
125 394
124 393
123 392
122 391
121 390
120 389
119 388
118 387
117 386
118 361
117 361
116 361
115 361
114 361
113 361
112 361
111 361
110 361
109 361
108 361
107 361
106 361
105 361
104 361
103 361
102 362
102 361
101 361
100 361
99 361
98 361
97 361
96 361
95 361
94 361
93 361
92 361
91 361
90 360
89 359
88 358
88 357
87 358
86 358
85 358
84 358
83 358
82 358
81 358
80 358
79 358
78 358
77 358
76 358
75 358
74 358
73 358
72 358
71 358
70 358
69 358
68 358
67 358
66 358
65 358
64 358
63 358
62 358
61 358
60 358
59 358
58 358
57 358
56 358
55 358
54 358
53 358
52 358
51 358
50 358
49 358
48 358
48 357
47 358
46 358
45 359
44 359
43 359
42 359
41 359
40 359
39 359
38 359
37 359
36 359
35 359
34 359
33 360
33 359
32 359
32 361
31 362
30 363
29 364
29 362
28 361
27 360
26 359
25 358
24 357
23 356
22 355
21 355
49 356
50 355
51 354
52 353
53 352
54 351
55 350
56 349
57 348
58 347
59 346
60 345
61 344
60 343
59 342
58 341
59 340
60 339
61 338
62 338
62 337
63 336
64 335
65 334
66 335
67 336
68 337
69 338
70 339
71 340
72 341
73 342
66 333
67 332
68 331
69 330
70 329
71 328
72 327
70 327
69 326
68 325
67 324
66 323
65 322
64 321
63 320
62 319
61 318
60 317
60 316
60 315
60 314
60 313
61 312
62 311
63 310
63 309
63 308
63 307
63 306
62 305
61 304
61 303
61 302
61 301
61 300
61 299
61 298
61 297
61 296
61 295
61 294
61 293
61 292
61 291
62 290
63 290
64 290
60 290
60 289
60 288
60 287
60 286
60 285
60 284
60 283
60 282
60 281
60 280
60 279
61 278
62 277
63 276
64 275
65 274
66 273
67 272
68 271
69 270
70 269
71 268
72 268
72 267
73 268
71 266
70 265
69 264
68 263
67 262
66 261
65 260
66 259
67 258
68 257
69 256
70 255
71 254
72 253
71 252
70 251
69 250
68 249
67 248
66 247
65 246
64 245
65 244
66 243
67 242
68 241
69 240
70 239
71 238
72 237
66 241
65 240
64 239
63 238
62 237
61 236
65 258
64 257
63 256
62 255
57 340
56 339
55 338
54 337
53 336
52 335
51 334
50 333
49 332
48 331
47 330
46 329
45 328
44 327
43 326
42 325
41 325
40 325
39 325
38 325
37 325
36 325
35 326
35 325
34 325
34 327
33 328
32 329
31 330
30 331
29 332
28 333
29 334
30 335
31 336
32 337
33 338
34 339
35 340
27 334
26 335
25 336
24 337
23 338
22 339
21 340
28 331
27 330
26 329
25 328
24 327
23 326
22 325
89 356
90 355
91 354
92 353
93 352
94 351
95 350
96 349
97 348
98 347
99 346
100 345
101 344
102 343
103 342
94 349
93 348
92 347
91 346
101 363
100 364
99 365
98 366
97 367
98 368
99 369
100 370
101 371
102 372
103 373
96 368
95 369
94 370
93 371
92 372
91 373
90 374
89 375
88 376
89 377
90 378
91 379
92 380
93 381
94 382
95 383
96 384
97 385
98 386
99 387
100 388
101 389
102 390
98 388
97 389
96 390
95 391
94 392
93 393
92 394
91 395
90 396
89 397
88 398
87 399
86 400
86 401
86 398
85 397
84 396
83 395
82 394
81 393
80 392
79 391
78 391
77 391
76 391
75 391
74 391
73 391
72 391
71 390
70 389
69 389
68 389
67 389
66 389
65 389
64 390
64 389
63 389
63 391
62 392
61 393
60 394
59 395
58 396
59 397
60 398
61 399
62 400
63 401
64 402
65 403
66 404
67 404
57 397
56 398
55 399
55 397
54 396
53 395
52 394
51 393
50 392
49 391
48 390
49 389
50 388
51 387
52 386
53 385
54 384
55 384
47 389
46 388
45 387
44 386
43 385
42 384
41 383
40 383
91 381
90 382
89 383
88 384
150 343
149 342
148 342
147 342
146 342
145 342
144 342
143 342
142 342
141 342
140 342
139 342
138 342
137 342
136 342
135 342
134 342
133 342
132 342
131 342
130 342
129 342
128 342
127 342
126 342
125 342
124 342
123 342
122 342
121 342
120 342
154 333
154 332
155 333
156 334
157 335
158 336
159 337
160 338
161 339
162 340
163 341
164 342
154 317
155 318
156 319
157 320
158 321
159 322
160 323
161 324
162 325
163 326
158 319
159 318
160 317
161 316
162 315
163 314
164 313
165 312
166 311
152 311
151 311
146 305
145 306
144 307
143 308
142 309
141 310
140 311
139 310
138 310
137 310
136 310
135 310
134 310
133 310
132 310
131 310
130 310
129 310
128 310
127 310
126 310
125 310
124 311
124 310
123 312
122 313
121 314
120 315
119 316
120 317
121 318
122 319
123 320
124 321
125 322
126 323
127 324
128 325
129 325
130 325
131 325
132 325
133 325
134 325
135 325
123 322
122 323
121 324
120 325
118 317
117 316
116 315
115 314
114 313
113 312
112 311
111 310
110 309
109 310
109 309
108 310
107 310
106 310
105 311
105 310
104 310
104 312
103 313
102 314
101 315
100 316
99 317
98 318
99 319
100 320
101 321
102 322
103 323
104 324
105 325
97 319
96 320
95 321
94 322
93 323
92 324
91 325
98 316
97 315
96 314
95 313
94 312
93 311
92 310
91 310
154 295
167 280
166 279
165 278
164 277
163 276
162 275
161 274
160 275
159 276
158 277
157 278
156 279
155 280
154 281
153 282
152 281
153 280
151 280
150 279
149 278
148 277
147 276
146 275
145 274
144 275
143 276
142 277
141 278
140 279
139 280
138 281
138 282
138 283
137 284
136 285
136 286
136 287
136 288
136 289
136 290
136 291
136 292
137 282
136 281
135 280
134 279
133 278
132 277
131 276
130 275
129 274
128 275
127 276
126 277
125 278
124 279
123 280
122 281
121 282
120 281
119 280
118 279
117 278
116 277
115 276
114 275
113 274
112 275
111 276
110 277
109 278
108 279
107 280
106 281
105 282
106 283
107 284
107 283
108 285
109 286
110 287
111 288
112 289
113 290
114 291
115 292
116 293
116 294
116 295
104 281
103 280
102 279
101 278
100 277
99 276
98 277
97 278
96 279
95 280
94 281
93 282
92 283
92 284
92 285
92 286
92 287
92 288
92 289
92 290
92 291
91 283
98 275
97 274
96 273
95 272
94 271
93 270
92 269
91 268
112 273
111 272
110 271
109 270
108 269
107 268
128 273
127 272
126 271
125 270
124 269
123 268
124 267
125 266
126 265
127 264
126 263
125 262
124 261
123 260
122 259
123 258
124 257
125 256
126 255
127 254
128 253
129 252
130 253
131 254
132 255
133 256
134 257
135 258
136 259
137 260
138 261
139 262
130 251
131 251
121 258
120 257
119 256
118 255
117 254
116 253
115 252
116 251
114 251
113 252
112 253
111 253
110 253
109 253
108 253
107 253
106 253
105 253
104 253
103 252
102 252
101 253
101 252
100 252
99 252
98 252
97 252
96 252
95 252
94 252
93 252
92 252
91 252
123 266
139 278
138 277
175 272
174 271
173 270
172 269
171 268
170 267
169 266
168 265
167 264
166 263
165 262
164 261
163 260
162 259
161 258
162 257
163 256
164 255
165 254
166 253
167 252
168 251
169 251
160 257
159 256
158 257
157 258
156 259
155 260
154 261
158 255
157 254
156 253
155 252
155 251
155 250
155 249
155 248
155 247
155 246
155 245
155 244
155 243
155 242
155 241
155 240
155 239
155 238
155 237
154 236
153 235
152 234
152 233
152 232
152 231
152 230
152 229
152 228
152 227
152 226
152 225
152 224
152 223
152 222
152 221
152 220
152 219
152 218
152 217
152 216
152 215
152 214
152 213
152 212
152 211
152 210
152 209
152 208
152 207
152 206
152 205
152 204
152 203
152 202
152 201
152 200
152 199
152 198
152 197
152 196
152 195
152 194
152 193
152 192
153 191
154 190
155 189
156 188
156 187
156 186
156 185
156 184
156 183
156 182
156 181
156 180
156 179
156 178
156 177
156 176
156 175
156 174
156 173
156 172
156 171
156 170
156 169
156 168
156 167
156 166
156 165
156 164
156 163
156 162
156 161
156 160
156 159
156 158
156 157
156 156
156 155
156 154
156 153
156 152
156 151
156 150
156 149
156 148
156 147
157 146
158 145
159 144
160 143
161 142
162 142
162 141
163 142
164 142
165 142
166 142
167 142
168 142
169 142
170 142
171 143
171 142
172 144
173 145
174 146
175 147
176 148
177 149
178 150
179 151
180 152
181 153
182 154
183 155
184 156
185 157
186 158
187 159
188 159
189 159
190 160
190 159
191 159
192 159
193 159
194 159
195 159
196 159
197 159
198 159
199 159
200 159
201 159
202 159
203 159
204 159
205 159
206 159
207 159
208 159
209 159
210 159
211 159
212 159
213 159
214 159
215 159
216 159
217 159
218 159
219 159
220 159
221 159
222 159
223 159
224 159
225 159
226 159
227 159
228 159
229 159
230 159
231 159
232 159
233 159
234 159
235 159
236 159
237 159
238 159
239 159
240 159
241 159
242 159
243 159
244 159
245 159
246 159
247 159
248 159
249 159
250 159
251 159
252 159
253 159
254 159
255 159
256 159
257 159
258 159
259 158
260 158
260 157
261 158
261 156
262 155
263 154
264 153
265 152
266 151
267 152
268 153
269 154
270 155
271 156
272 157
273 158
274 159
275 160
276 161
277 162
278 162
279 162
280 162
281 162
282 162
267 150
268 149
269 148
270 147
271 146
272 145
273 144
274 143
275 142
276 142
277 142
278 142
279 142
280 142
281 142
282 142
266 149
265 148
264 147
263 146
262 145
261 144
260 143
259 142
258 142
257 142
256 142
255 142
254 142
253 142
252 142
251 142
250 142
189 161
188 162
187 163
186 164
185 165
185 155
186 154
187 153
188 152
189 151
190 150
191 149
192 148
193 147
194 146
195 145
196 144
197 143
198 143
199 143
200 143
201 143
202 143
203 143
204 143
205 143
206 143
207 143
208 143
209 143
210 143
211 143
212 143
213 143
214 143
215 143
216 143
217 143
218 143
219 143
220 143
221 143
222 143
223 143
224 143
225 143
226 143
227 143
228 143
229 143
230 143
231 143
232 143
181 151
182 150
183 150
177 151
176 152
175 153
174 154
173 155
172 156
171 157
163 140
164 139
164 138
164 137
164 136
164 135
164 134
164 133
164 132
164 131
164 130
164 129
164 128
164 127
164 126
163 126
162 125
163 124
164 123
161 124
160 123
159 122
158 121
157 120
158 119
159 118
160 117
161 116
162 115
163 114
164 113
165 112
166 111
167 110
168 111
169 112
170 113
171 114
172 115
173 116
174 117
175 118
176 119
177 120
178 121
179 122
168 109
169 108
170 107
171 107
172 107
173 107
174 107
175 107
176 107
177 107
178 107
179 107
180 107
181 107
182 107
183 107
184 107
185 107
186 107
187 107
188 107
189 107
190 107
191 107
192 108
192 107
193 107
194 107
195 107
196 108
197 109
198 110
199 111
200 112
201 113
202 114
203 115
204 116
205 117
206 118
207 119
208 120
209 121
209 122
210 120
211 119
212 118
213 117
214 116
215 115
216 114
217 115
218 116
219 117
220 118
221 119
222 120
223 121
224 122
225 121
226 120
227 119
228 118
229 117
230 116
231 115
232 116
233 117
234 118
235 119
236 120
237 121
238 122
239 123
240 122
241 121
242 120
243 119
244 118
245 117
246 116
247 117
248 118
249 119
250 120
251 121
252 122
253 123
254 124
255 123
256 122
257 121
258 120
259 119
260 118
261 117
262 116
263 115
264 114
265 113
266 112
267 111
268 112
269 113
270 114
271 115
272 116
273 117
274 118
275 119
276 120
277 121
278 122
279 123
280 123
281 123
282 123
274 120
273 121
272 122
271 123
270 124
269 124
273 115
274 114
275 113
276 112
277 111
278 110
279 109
280 108
266 110
265 109
247 115
248 114
249 113
249 112
249 111
249 110
249 109
249 108
232 114
233 113
234 112
234 111
234 110
234 109
234 108
234 107
217 113
218 112
219 111
219 110
219 109
219 108
219 107
201 115
200 116
199 117
198 118
197 119
196 120
195 121
194 122
200 110
201 109
202 108
203 107
204 107
164 111
163 110
162 109
161 108
160 107
159 107
156 119
155 118
154 117
153 118
152 119
151 120
150 121
149 122
153 116
152 115
151 114
150 113
149 112
148 111
147 110
146 109
145 108
144 107
155 176
154 177
153 178
152 179
157 178
158 179
159 180
160 181
161 182
162 183
163 184
164 185
165 186
166 187
167 188
159 178
160 177
161 176
162 175
163 174
164 173
151 191
150 190
149 189
148 188
147 187
146 186
145 185
144 184
143 184
142 184
141 184
140 184
139 184
138 184
137 184
136 183
135 183
134 183
133 183
132 183
131 183
130 183
129 183
128 183
127 183
126 183
125 183
124 183
123 183
122 183
121 183
120 183
119 183
118 183
117 183
116 183
115 183
114 183
113 183
112 183
111 183
110 183
109 183
108 183
107 183
106 184
105 184
104 184
103 184
102 184
101 184
100 184
99 184
98 184
97 184
96 184
95 184
94 184
93 184
92 184
91 183
90 183
89 183
88 183
87 183
86 183
85 183
84 183
83 183
82 183
81 183
80 183
79 183
78 183
77 183
76 183
75 183
74 183
73 183
72 183
71 183
70 183
69 183
68 183
67 183
66 183
65 183
64 183
63 183
62 183
61 183
60 183
59 183
58 183
57 183
56 183
55 183
54 183
53 183
52 183
51 183
50 184
50 183
49 183
48 183
47 183
46 183
45 183
44 183
43 183
42 183
41 183
40 183
39 183
38 183
37 183
36 183
35 183
34 183
33 183
32 183
31 182
30 181
29 180
28 179
27 180
26 181
25 182
24 183
23 184
22 185
21 186
20 187
19 188
27 178
26 177
25 176
24 175
25 174
26 173
27 172
28 171
29 170
30 169
31 168
32 167
33 166
34 165
35 164
36 163
37 162
38 161
39 160
40 159
41 158
42 157
43 156
44 155
45 154
46 153
47 152
48 151
49 152
50 153
51 154
52 155
53 156
54 157
55 158
49 150
50 149
51 148
52 147
53 147
54 146
55 145
56 144
57 143
58 144
59 145
60 146
61 147
62 148
63 149
64 150
65 151
66 152
67 152
62 146
63 145
64 144
65 143
66 142
67 141
68 140
69 139
70 138
71 137
55 143
39 158
24 173
51 185
52 186
53 187
54 188
55 189
56 190
57 191
58 192
59 193
60 194
61 195
60 196
59 197
60 198
61 199
62 200
63 201
64 202
65 203
66 204
67 205
68 206
69 207
70 208
71 209
72 210
72 211
72 212
72 213
72 214
67 203
68 202
69 201
70 200
71 199
72 198
58 198
57 199
56 200
55 201
54 202
53 203
52 204
51 205
50 206
49 207
48 208
47 209
46 210
45 209
44 208
43 207
42 206
41 205
40 204
39 203
38 202
37 201
36 200
35 201
34 202
33 203
32 204
31 205
30 206
29 207
28 208
27 209
28 210
29 211
30 212
31 213
32 214
33 215
34 215
26 209
25 210
25 209
24 209
24 208
23 207
22 206
21 205
20 204
20 203
24 211
23 212
22 213
22 214
22 215
92 182
93 181
94 180
95 179
96 178
97 177
98 176
99 175
100 174
101 173
102 172
103 171
104 170
105 169
106 168
107 167
108 166
109 165
110 164
111 163
112 162
113 161
114 162
115 163
116 164
117 165
118 166
119 167
120 167
114 160
115 159
116 158
117 157
118 156
119 155
120 154
121 155
122 156
123 157
124 156
125 155
126 154
127 155
128 156
129 157
130 158
131 159
132 160
133 161
134 162
134 161
127 153
128 152
129 151
130 150
131 149
132 148
133 147
134 146
119 153
112 160
111 159
110 158
109 157
108 156
107 155
106 154
105 153
106 152
107 151
108 150
109 149
110 148
111 147
112 146
113 145
114 144
115 143
116 142
117 141
118 140
119 139
118 138
117 137
117 136
117 135
117 134
117 133
117 132
117 131
117 130
117 129
117 128
117 127
117 126
117 125
117 124
118 124
119 124
120 124
121 124
122 124
123 124
124 124
125 124
126 124
127 124
116 123
115 122
114 123
113 124
112 124
114 121
113 120
112 119
113 118
114 117
115 116
116 115
117 114
118 113
119 112
120 111
121 110
122 109
123 108
124 107
125 106
126 105
127 104
127 103
114 115
113 114
112 113
111 112
110 111
109 110
108 109
107 109
104 152
103 151
102 150
101 149
100 148
99 147
98 146
97 145
96 144
95 145
94 146
93 147
92 148
91 149
90 150
89 151
88 152
95 143
94 143
93 143
92 143
91 143
91 142
90 143
89 143
88 143
87 143
92 141
93 140
94 139
95 138
96 137
97 136
98 135
99 134
100 133
100 132
101 134
102 135
103 136
104 137
105 167
96 176
95 175
94 174
93 173
92 172
91 171
90 170
89 169
88 168
87 167
153 209
154 210
155 211
156 212
157 213
158 212
159 213
160 214
161 215
162 216
159 211
160 210
161 209
162 208
163 207
164 206
165 205
166 204
167 203
151 211
150 212
149 213
148 214
147 215
146 216
145 217
144 218
143 219
142 220
141 221
140 222
139 223
138 224
137 225
136 224
135 223
134 222
133 221
132 220
131 220
130 220
129 220
128 220
127 220
126 220
125 220
124 220
123 220
123 219
122 220
121 221
120 222
119 223
118 224
117 225
116 226
117 227
118 228
119 229
120 230
121 231
122 232
123 233
115 227
114 228
113 229
112 230
111 231
110 232
109 233
108 234
114 226
113 225
112 224
111 223
110 222
109 221
108 220
107 219
106 220
105 221
104 222
103 223
102 224
101 225
100 226
99 227
98 228
97 229
96 230
95 231
94 232
93 233
93 234
97 227
96 226
95 225
94 224
93 223
92 222
91 221
122 218
121 217
120 216
119 215
118 214
117 213
116 212
115 211
114 210
115 209
116 208
117 207
118 206
119 205
120 204
121 203
122 203
113 209
112 208
111 207
110 206
109 205
108 204
107 203
106 202
147 213
146 212
145 211
144 210
143 209
142 208
141 207
140 206
139 205
138 204
137 203
153 232
156 240
157 239
158 238
159 237
160 236
161 235
162 234
163 233
164 232
165 231
166 231
167 231
190 271
189 270
188 269
187 268
186 267
185 266
184 265
205 270
206 269
207 268
208 267
209 266
210 265
211 264
212 263
213 263
204 269
203 268
202 267
201 266
200 265
199 264
198 263
197 262
196 261
195 260
194 259
193 258
192 257
193 256
194 255
195 254
196 253
197 252
198 251
199 250
199 249
199 248
200 249
198 247
197 246
196 245
195 244
194 243
193 242
192 243
191 244
190 245
189 246
188 247
187 248
186 248
185 248
184 248
194 241
195 240
196 239
197 238
198 237
199 236
200 235
201 234
200 233
199 234
199 233
199 232
198 231
197 230
196 229
195 228
194 227
195 226
196 225
197 224
198 223
199 222
200 221
201 220
202 219
203 220
204 221
205 222
206 223
207 224
208 225
209 226
210 227
211 228
212 229
213 230
214 231
215 232
216 233
217 234
218 235
219 236
220 237
221 238
222 239
223 240
222 241
223 242
224 243
225 244
226 245
227 246
228 247
229 248
221 242
220 243
219 244
218 245
217 246
216 247
215 248
214 248
224 239
225 238
226 237
227 236
228 235
229 234
230 233
231 233
210 225
211 224
212 223
213 222
214 221
215 220
216 219
216 218
217 218
218 217
219 216
220 215
221 214
222 213
223 212
224 211
225 212
226 213
227 214
228 215
229 216
230 217
231 218
232 219
232 218
232 217
233 218
234 217
235 216
236 215
237 214
238 213
239 212
240 213
241 214
242 215
243 216
244 217
245 218
246 219
247 220
246 221
246 222
246 223
246 224
246 225
246 226
246 227
246 228
246 229
246 230
246 231
248 219
249 218
250 217
251 216
252 215
253 214
254 213
255 214
256 215
257 216
258 217
259 218
260 219
261 220
262 221
262 220
263 220
264 219
265 218
266 217
267 218
268 219
269 220
270 221
271 222
272 223
273 224
274 225
275 226
276 226
269 222
268 223
267 224
266 225
265 226
264 227
263 228
262 229
261 230
267 216
268 215
269 214
270 213
271 212
272 211
273 210
274 209
275 208
276 207
277 206
278 207
279 208
280 209
281 210
282 211
278 205
279 204
280 203
281 202
282 201
282 200
282 199
282 198
282 197
282 196
282 195
282 194
282 193
282 192
282 191
282 190
282 189
282 188
282 187
282 186
282 185
282 184
282 183
282 182
282 181
281 186
272 209
271 208
270 207
269 206
268 205
267 204
259 216
260 215
261 215
246 217
240 211
241 210
242 209
243 208
244 207
245 206
246 205
247 204
248 204
248 203
248 202
249 202
250 201
251 200
252 199
253 198
254 197
253 196
252 195
251 194
250 193
249 192
248 191
247 190
246 190
245 190
245 189
248 189
249 188
250 187
251 186
252 185
253 184
254 183
255 182
256 181
257 180
258 181
259 182
260 183
261 184
262 185
263 186
264 187
265 188
266 189
267 189
258 179
259 178
260 177
261 176
262 175
262 174
252 183
251 182
250 181
249 180
225 210
226 209
227 208
228 207
227 206
228 205
229 204
230 203
231 203
231 202
232 203
233 203
230 201
229 200
228 199
227 198
226 197
225 196
224 197
223 198
222 199
221 200
220 201
219 202
218 203
226 195
227 194
228 193
229 192
230 191
231 190
232 189
233 188
226 193
225 192
224 191
223 190
222 189
201 218
200 219
200 218
200 217
199 216
198 215
197 214
196 213
195 212
196 211
197 210
198 209
199 208
200 207
201 206
202 205
203 205
203 204
202 203
201 202
200 201
199 200
198 199
197 198
196 197
197 196
198 195
199 194
200 193
201 192
202 191
203 190
204 190
195 196
194 195
193 194
192 193
191 192
190 193
189 194
189 195
188 195
187 196
186 197
185 198
184 199
183 200
182 201
182 202
182 203
190 191
189 190
188 189
187 188
186 187
187 186
188 185
189 184
190 183
191 182
192 181
193 180
187 184
186 183
185 182
184 181
183 180
193 226
192 225
191 226
190 227
189 228
188 229
187 230
186 231
185 232
184 233
191 224
190 223
189 222
188 221
187 220
186 219
185 218
222 269
223 268
224 267
225 266
226 265
227 264
228 263
229 278
230 279
231 280
232 281
233 282
234 283
235 284
236 285
237 286
238 287
239 288
240 289
241 290
242 291
243 292
244 293
245 294
246 295
247 296
248 297
249 298
250 299
251 300
252 301
253 302
254 303
255 304
256 305
248 299
247 300
246 301
245 302
244 303
243 304
242 305
241 306
250 297
251 296
252 295
253 294
254 293
255 292
256 291
257 290
258 291
259 292
260 293
261 294
262 295
263 296
264 297
265 298
266 299
267 300
268 301
269 302
270 303
271 304
265 296
266 295
267 294
268 293
269 292
270 291
271 290
272 289
273 290
274 291
275 292
276 293
277 294
278 295
279 296
280 297
281 298
282 299
283 300
284 301
285 302
286 303
287 304
288 305
289 306
290 307
291 308
292 309
293 310
294 311
295 312
296 313
297 314
298 315
299 316
300 317
300 318
300 319
300 320
300 321
300 322
300 323
300 324
300 325
300 326
300 327
300 328
300 329
300 330
300 331
300 332
300 333
301 333
302 334
302 335
302 336
302 337
302 338
302 339
302 340
302 341
302 342
302 343
302 344
302 345
302 346
302 347
302 348
303 349
303 350
303 351
303 352
303 353
303 354
303 355
303 356
303 357
303 358
303 359
303 360
303 361
303 362
303 363
303 364
303 365
303 366
303 367
303 368
303 369
303 370
303 371
303 372
303 373
303 374
303 375
303 376
303 377
303 378
303 379
303 380
303 381
304 380
305 381
306 382
305 383
304 384
303 385
303 386
303 387
303 388
303 389
303 390
303 391
303 392
303 393
303 394
303 395
303 396
303 397
303 348
291 310
290 311
289 312
288 313
287 314
286 315
285 316
234 285
233 286
232 287
231 288
230 289
229 290
228 291
227 291
250 267
249 266
248 265
247 264
246 263
245 262
244 261
265 266
264 265
263 264
262 263
261 262
260 261
260 260
259 260
258 259
257 258
256 257
255 256
254 255
253 254
252 253
253 252
254 251
255 250
256 249
257 248
258 247
259 246
260 245
251 252
250 251
249 250
248 249
247 248
246 247
245 246
289 274
290 275
291 276
292 277
293 278
294 279
295 280
296 281
297 282
298 283
299 284
300 285
301 286
302 287
303 288
304 289
305 290
306 291
307 292
308 293
309 294
310 295
311 296
312 297
313 298
314 299
315 300
316 301
317 302
318 303
319 304
320 305
321 306
322 307
323 308
324 309
325 310
326 311
327 312
328 313
329 314
330 315
331 316
332 317
333 318
334 319
335 320
336 321
337 322
338 323
339 324
340 325
341 326
342 327
343 328
344 328
336 323
335 324
334 325
333 326
332 327
331 328
330 329
329 330
328 331
327 332
326 333
327 334
328 335
329 336
330 337
331 338
332 339
333 340
334 341
335 342
336 343
328 337
327 338
326 339
325 340
324 341
323 342
322 343
321 344
325 332
324 331
323 331
322 331
321 331
320 331
338 321
339 320
340 319
341 318
342 317
343 316
344 315
345 314
346 315
347 316
348 317
349 318
350 319
351 320
352 321
353 322
354 323
355 324
356 325
357 326
358 327
359 328
353 320
354 319
355 318
356 317
357 316
358 315
359 314
360 313
361 314
362 315
363 316
364 317
365 318
366 319
367 320
368 321
369 322
370 323
371 324
372 325
373 326
374 327
375 328
376 329
377 330
376 331
375 332
376 333
377 334
378 335
379 336
380 337
374 333
373 334
372 335
371 336
370 337
369 338
368 339
367 340
366 341
365 342
364 343
363 343
362 343
361 343
360 343
359 343
358 343
357 343
356 343
355 343
354 343
353 343
352 343
351 343
367 318
368 317
369 316
370 315
371 314
372 313
373 312
374 312
322 309
321 310
320 311
319 312
318 313
317 314
316 315
315 316
308 295
307 296
306 297
305 298
304 299
303 300
302 301
301 302
294 281
293 282
292 283
291 284
290 285
289 286
288 287
287 288
295 264
294 263
293 262
292 261
291 260
290 259
289 258
290 257
288 257
287 256
286 255
285 254
284 253
283 252
282 251
281 252
280 253
279 254
278 255
277 256
276 257
275 258
283 250
284 249
285 248
286 247
287 246
288 245
289 244
290 243
290 242
291 242
292 241
293 240
294 239
295 238
296 237
297 236
298 235
299 236
300 237
301 238
302 239
303 240
304 241
305 241
299 234
300 233
301 232
302 231
303 230
304 229
303 228
302 227
303 226
304 226
301 226
300 225
300 224
300 223
300 222
300 221
300 220
300 219
300 218
300 217
300 216
300 215
300 214
300 213
300 212
300 211
300 210
300 209
300 208
300 207
300 206
300 205
300 204
300 203
300 202
300 201
300 200
300 199
300 198
300 197
300 196
300 195
300 194
300 193
300 192
300 191
300 190
300 189
300 188
300 187
300 186
300 185
300 184
300 183
300 182
300 181
300 180
300 179
300 178
300 177
300 176
300 175
300 174
300 173
300 172
300 171
300 170
300 169
300 168
300 167
300 166
300 165
300 164
300 163
300 162
300 161
300 160
300 159
300 158
300 157
300 156
300 155
300 154
300 153
300 152
300 151
300 150
300 149
300 148
300 147
300 146
300 145
300 144
300 143
300 142
300 141
300 140
300 139
301 138
301 137
301 136
301 135
301 134
301 133
301 132
301 131
301 130
301 129
301 128
301 127
301 126
301 125
301 124
302 123
303 122
304 121
305 120
306 119
307 118
308 117
309 116
310 115
311 114
312 113
313 112
314 112
315 112
316 112
317 112
318 112
319 112
320 113
320 112
321 113
321 114
322 115
323 116
324 117
325 118
326 119
327 120
328 121
329 122
330 123
331 124
332 125
321 112
322 112
323 112
324 112
325 112
326 112
327 112
328 112
329 112
330 112
331 112
332 112
333 112
334 112
335 112
336 112
337 112
338 112
339 112
340 112
341 112
342 112
343 112
344 112
345 112
346 112
347 113
348 113
349 113
350 113
351 113
352 113
352 112
353 113
354 113
355 113
356 113
357 113
358 113
359 114
359 113
359 112
360 113
361 113
362 114
363 114
364 114
365 114
366 114
367 114
368 115
368 114
369 114
369 113
370 114
371 114
372 114
373 114
374 114
375 114
376 114
376 113
377 114
378 114
379 114
380 114
381 114
382 114
383 115
383 114
384 114
385 114
386 114
387 114
388 114
389 114
390 114
391 114
392 113
393 112
394 111
395 110
396 109
397 108
398 107
399 108
400 109
401 110
402 111
403 112
404 113
404 114
405 114
406 115
407 114
408 113
409 112
410 111
411 110
412 109
413 108
414 107
415 107
416 107
417 107
418 107
419 107
420 107
421 107
422 108
423 109
424 110
425 111
426 112
427 113
428 114
429 115
430 116
431 117
432 118
433 119
434 120
435 121
435 122
435 123
435 124
435 125
436 120
437 119
438 118
439 117
440 116
441 115
442 114
443 115
444 116
445 117
446 118
447 119
448 120
449 121
450 122
451 121
452 120
453 119
454 118
455 117
456 116
457 115
458 116
459 117
460 118
461 119
462 120
463 121
464 122
465 123
466 122
467 121
468 120
469 119
470 118
471 117
472 116
473 117
474 118
475 119
476 120
477 121
478 122
479 123
480 124
480 125
481 123
482 122
483 121
484 120
485 119
486 118
487 117
488 118
489 119
490 120
491 121
492 122
493 123
494 124
495 125
494 126
493 127
492 128
491 129
490 130
489 131
488 132
487 133
486 134
487 135
488 136
489 137
490 138
491 139
492 140
493 141
494 142
495 142
485 135
484 136
483 137
482 138
481 139
480 140
479 141
480 142
478 142
477 143
476 144
475 145
474 146
473 147
472 148
471 149
471 150
471 151
470 150
469 151
468 152
469 153
470 154
471 155
472 156
473 157
474 158
475 159
476 160
477 160
473 159
472 160
471 161
467 153
466 152
465 153
464 154
463 155
462 156
461 157
460 158
459 159
458 160
465 151
464 150
463 149
462 148
461 147
460 146
459 145
471 148
471 147
471 146
496 124
497 123
498 122
499 121
500 122
501 123
502 124
503 125
500 120
501 119
502 118
503 117
504 116
505 115
506 114
507 113
508 112
509 111
509 110
510 112
511 113
512 114
513 115
514 116
515 117
516 118
517 119
518 120
518 121
518 122
518 123
518 124
518 125
517 117
518 116
519 115
520 114
521 113
522 112
523 111
524 110
525 111
526 112
527 113
528 114
529 115
530 116
531 117
532 118
533 119
534 120
535 121
536 122
537 123
538 124
539 125
540 126
541 127
542 128
543 129
544 130
544 131
544 132
544 133
544 134
544 135
544 136
544 137
543 127
544 126
545 125
546 124
547 123
548 122
535 123
534 124
533 125
532 116
533 115
534 114
535 113
536 112
537 111
538 110
539 109
540 108
541 107
542 107
543 107
544 107
545 107
546 107
547 107
548 107
549 107
550 107
551 107
552 107
553 107
554 107
555 107
556 107
557 107
558 107
559 107
560 107
561 107
562 107
563 107
564 107
565 107
566 107
567 107
568 107
569 107
569 106
570 108
571 109
572 110
573 111
574 112
575 113
576 114
577 115
578 116
579 117
580 118
581 119
582 120
583 121
584 122
585 123
586 124
587 125
588 126
589 127
590 128
589 129
590 130
591 131
592 132
593 133
594 134
595 135
596 135
588 130
587 131
586 132
585 133
584 134
583 135
582 136
583 137
584 138
585 139
586 140
587 141
588 142
589 143
590 144
591 145
592 146
593 147
594 148
595 149
596 150
597 151
598 152
599 153
600 154
601 154
602 154
603 154
604 154
605 154
606 154
607 154
608 155
608 154
609 154
610 154
611 154
612 153
613 152
614 151
615 150
616 149
617 148
618 147
619 148
620 149
621 150
622 151
623 152
624 153
625 154
626 155
626 156
626 157
626 158
627 159
627 160
627 161
627 162
626 163
626 164
626 165
626 166
626 167
626 168
626 169
626 170
626 171
626 172
628 161
629 162
627 157
628 156
629 155
630 154
631 153
632 152
633 151
634 150
635 151
636 152
637 153
638 154
639 155
640 156
641 157
642 158
643 159
644 159
635 149
636 148
637 147
637 146
637 145
637 144
637 143
637 142
637 141
637 140
637 139
637 138
637 137
637 136
637 135
619 146
620 145
621 146
622 147
621 144
622 143
622 142
622 141
622 140
622 139
622 138
622 137
622 136
622 135
622 134
622 133
622 132
609 156
610 157
611 158
588 144
587 145
586 146
585 147
584 148
583 149
582 150
581 151
582 152
583 153
584 154
585 155
586 156
587 157
588 158
589 159
590 160
591 161
592 162
593 163
594 164
595 165
596 165
587 159
586 160
585 161
584 162
583 163
582 164
581 165
581 166
581 167
582 168
583 169
584 170
585 171
586 172
587 173
588 174
589 175
590 176
591 177
592 178
593 179
594 180
595 180
596 180
592 180
591 181
590 182
589 183
588 184
587 185
586 186
585 187
586 188
587 189
588 190
589 191
590 192
591 193
592 194
593 195
592 196
591 197
590 198
589 199
588 200
587 201
586 202
587 203
588 204
589 205
590 206
591 207
592 208
593 209
592 210
591 211
591 210
590 212
589 213
588 214
587 215
586 216
585 217
586 218
587 219
588 220
589 221
590 222
591 223
592 224
593 225
592 226
591 227
590 228
589 229
588 230
587 231
586 232
587 233
588 234
589 235
590 236
591 237
592 238
593 239
594 240
592 240
591 241
590 242
589 243
588 244
587 245
586 246
585 247
586 248
587 249
588 250
589 251
590 252
591 253
592 254
593 255
592 256
591 257
590 258
589 259
588 260
587 261
586 262
587 263
588 264
589 265
590 266
591 267
592 268
593 269
594 270
592 270
591 271
590 272
589 273
588 274
587 275
586 276
585 277
586 278
587 279
588 280
589 281
590 282
591 283
592 284
593 285
592 286
591 287
590 288
589 289
588 290
587 291
586 292
587 293
588 294
589 295
590 296
591 297
592 298
593 299
594 300
595 301
596 302
597 303
598 304
599 305
600 306
601 306
602 306
603 306
604 306
605 306
606 306
607 306
608 306
608 305
609 306
609 305
610 306
611 306
612 307
612 306
613 306
613 308
614 309
615 310
616 311
617 312
618 313
619 314
620 315
621 316
622 317
623 318
624 319
625 320
616 313
615 314
614 315
613 316
612 317
611 318
610 319
609 320
608 320
618 311
619 310
620 309
621 308
622 307
623 306
624 305
625 305
592 300
591 301
590 302
589 303
588 304
587 305
586 306
585 307
586 308
587 309
588 310
589 311
590 312
591 313
592 314
593 315
592 316
591 317
590 318
589 319
588 320
587 321
586 322
587 323
588 324
589 325
590 326
591 327
592 328
593 329
593 330
594 330
595 331
596 332
597 333
598 334
599 335
600 336
601 337
602 338
603 339
604 340
605 341
606 341
607 341
608 341
609 341
610 341
611 341
612 341
613 341
614 342
614 341
615 341
615 343
616 344
617 345
618 346
619 347
620 348
621 349
622 350
623 351
624 352
625 353
626 354
627 355
628 356
619 345
620 344
621 343
622 342
623 341
624 341
592 330
591 331
590 332
589 333
588 334
587 335
586 336
585 337
586 338
587 339
588 340
589 341
590 342
591 343
592 344
593 345
592 346
591 347
590 348
589 349
588 350
587 351
586 352
587 353
588 354
589 355
590 356
591 357
592 358
593 359
594 360
593 361
592 362
591 363
590 364
589 365
588 366
587 367
588 368
589 369
590 370
591 371
592 372
593 373
594 374
595 375
594 376
593 377
592 378
591 379
590 380
589 381
588 382
589 383
590 384
591 385
592 386
593 387
594 388
595 389
596 390
594 390
593 391
592 392
591 393
590 394
589 395
588 396
587 397
588 398
589 399
590 400
591 401
592 402
593 403
594 404
595 405
594 406
593 407
592 408
591 409
590 410
589 411
588 412
589 413
590 414
591 415
592 416
593 417
594 418
595 419
594 420
593 421
592 422
591 423
590 424
589 425
588 426
587 427
588 428
589 429
590 430
591 431
592 432
593 433
594 434
595 435
596 435
597 436
598 437
599 438
600 439
601 439
602 439
603 439
604 439
596 437
595 438
594 439
593 440
592 441
591 442
590 443
589 444
594 416
595 415
596 416
597 417
598 418
599 419
600 420
601 421
602 422
603 423
604 424
596 414
587 413
586 414
585 415
584 416
583 417
582 418
581 418
580 419
579 420
578 421
577 422
576 423
575 424
574 425
573 426
572 427
571 428
570 429
569 430
568 431
568 430
567 430
566 430
565 429
564 428
563 427
562 426
561 427
560 428
559 429
558 430
557 431
556 432
555 433
554 434
553 435
552 436
551 437
561 425
560 424
559 423
558 422
557 422
556 422
555 422
554 422
553 422
552 422
551 422
550 421
549 421
548 421
547 421
546 421
545 421
544 421
543 421
542 421
541 421
540 421
539 421
538 421
537 421
536 421
535 422
534 423
533 424
532 425
531 426
530 427
529 428
528 429
529 430
530 431
531 432
532 433
533 434
534 435
535 436
536 436
527 430
526 431
525 432
524 433
523 434
522 435
521 435
521 434
520 433
519 432
518 431
517 430
516 429
515 428
514 429
513 430
512 431
511 432
510 433
509 434
508 435
507 436
507 437
506 435
505 434
504 433
503 432
502 431
501 430
500 429
499 430
498 431
497 432
496 433
495 434
494 435
493 436
492 437
491 436
490 435
489 434
488 433
487 432
486 431
485 430
484 429
483 428
484 427
485 426
486 425
487 424
488 423
489 422
490 421
491 420
482 427
481 426
480 425
479 424
478 423
478 422
477 424
476 425
475 426
474 427
473 428
472 429
471 430
470 431
471 432
472 433
473 434
474 435
475 436
476 437
477 437
469 432
468 433
467 434
466 435
465 436
464 437
470 429
469 428
468 427
467 426
466 425
465 424
464 423
463 422
462 423
461 424
460 425
459 426
458 427
457 428
456 429
455 430
454 431
453 432
452 433
451 434
450 435
449 436
449 437
455 428
454 427
453 426
452 425
451 424
450 423
449 422
448 421
447 422
446 423
445 424
444 425
443 426
442 427
441 428
440 429
439 430
438 431
437 432
436 433
435 434
434 435
434 436
440 427
439 426
438 425
437 424
436 423
435 422
434 421
433 421
433 420
432 421
431 422
430 423
429 424
428 425
427 426
426 427
425 428
424 429
423 430
422 431
421 432
420 433
419 434
418 435
417 436
418 437
419 437
416 437
415 438
414 439
413 440
412 441
411 442
410 443
409 444
408 445
407 446
406 447
405 448
404 449
405 450
406 451
407 452
408 452
403 450
402 451
401 452
400 453
399 454
398 455
397 456
396 457
395 458
395 459
395 460
395 461
395 462
395 463
395 464
395 465
395 466
395 467
395 468
395 469
395 470
395 471
395 472
395 473
395 474
396 475
397 476
398 477
399 478
400 479
401 480
402 481
403 482
404 483
405 484
406 485
407 486
408 487
409 488
410 489
411 490
412 491
413 492
414 493
415 494
416 495
416 496
416 497
416 498
408 485
409 484
410 483
411 482
412 481
413 480
414 479
415 478
416 477
402 483
401 484
400 485
399 486
398 487
397 488
396 489
395 489
394 468
393 469
392 470
391 471
390 472
389 473
388 474
387 475
386 476
385 477
384 478
383 479
382 480
381 481
380 482
379 482
381 479
380 478
379 477
378 476
377 475
376 474
375 473
374 472
373 473
372 474
371 475
370 476
369 477
368 478
367 479
366 480
365 481
364 482
365 479
364 478
363 477
362 476
361 475
360 474
359 473
358 472
357 473
356 474
355 475
354 476
353 477
352 478
351 479
350 480
349 481
348 482
349 483
350 484
351 485
352 486
353 487
354 488
355 489
356 490
357 491
358 492
359 493
360 494
361 495
362 496
363 497
364 498
365 499
366 500
367 501
368 502
369 503
370 504
371 504
372 504
373 504
374 504
355 491
354 492
353 493
352 494
351 495
350 496
349 497
348 497
347 498
346 499
345 500
344 501
345 502
346 503
347 504
348 505
349 506
350 507
351 508
352 509
353 510
354 511
355 512
343 502
342 502
341 502
340 502
339 502
338 502
337 502
336 502
335 502
334 502
333 502
347 483
346 483
345 483
344 483
343 483
342 483
341 483
340 483
339 483
338 483
337 483
336 483
335 484
335 483
334 483
333 483
332 482
331 481
330 481
329 481
328 481
327 481
326 481
325 481
324 481
323 481
322 481
321 481
320 481
319 481
318 481
317 480
316 479
315 478
314 479
313 480
312 481
311 482
310 483
309 484
308 485
307 486
306 487
305 488
304 489
305 490
306 491
307 492
308 492
303 490
302 491
301 490
300 491
299 492
298 493
297 494
296 495
295 496
294 497
293 497
299 490
298 489
297 488
296 487
295 486
294 485
293 484
314 477
313 476
312 476
311 476
310 476
309 476
308 477
308 476
307 476
306 476
305 476
304 476
304 475
303 476
302 475
301 474
300 473
299 472
298 471
297 470
296 469
295 469
294 469
293 469
305 474
306 473
307 472
308 471
309 470
310 469
311 468
312 467
313 466
313 465
313 464
313 463
313 462
313 461
312 460
311 459
310 458
309 457
308 456
307 455
308 454
309 453
310 452
311 451
312 450
313 449
306 454
305 453
304 452
303 451
302 451
301 451
300 451
299 451
350 478
349 477
348 476
347 475
346 474
345 473
344 472
343 471
342 470
341 469
340 468
339 467
338 467
357 471
356 470
355 469
354 468
353 467
373 471
372 470
371 469
370 468
371 467
372 467
369 467
368 466
368 465
368 464
368 463
368 462
368 461
368 460
368 459
368 458
367 457
366 456
365 455
364 454
363 453
362 452
361 452
360 452
359 452
358 452
357 452
356 452
355 452
354 452
353 452
398 453
397 452
396 451
395 450
411 440
410 439
409 438
408 437
407 436
406 435
405 436
404 436
405 434
404 433
403 432
402 431
401 430
400 429
399 428
398 427
397 428
396 429
395 430
394 431
393 432
392 433
391 434
390 435
389 435
399 426
400 425
401 424
402 423
403 422
404 421
397 426
396 425
395 424
394 423
393 422
392 421
391 420
390 420
390 419
389 420
388 419
387 419
386 419
385 419
384 419
383 419
382 419
381 419
380 419
379 419
378 419
377 419
376 419
375 419
374 419
373 419
372 419
371 420
371 419
370 419
369 419
368 419
367 419
366 419
365 419
364 419
364 418
363 419
362 419
361 419
360 419
359 419
358 418
357 418
356 418
355 418
354 418
353 418
352 418
351 418
350 418
349 418
348 418
347 418
346 418
345 418
344 418
343 418
342 418
341 418
340 418
339 418
339 417
338 418
337 418
336 418
335 418
334 419
334 418
333 418
332 418
331 418
330 418
329 418
328 419
327 420
326 420
325 420
324 420
323 420
322 420
321 421
321 420
320 420
319 420
318 420
317 420
316 420
315 420
314 420
313 421
312 422
311 423
310 424
309 425
308 426
307 427
306 428
305 429
304 430
303 431
303 432
303 433
303 434
303 435
307 425
306 424
305 423
304 422
303 421
302 420
322 422
323 423
324 424
325 425
326 426
327 427
328 428
329 429
335 420
336 421
337 422
338 423
339 424
340 425
341 426
342 427
343 428
344 429
340 416
341 415
342 414
343 413
344 412
345 411
346 410
347 409
348 408
349 407
350 406
351 405
352 404
353 404
353 403
353 402
353 401
353 400
353 399
353 398
353 397
353 396
353 395
353 394
353 393
353 392
353 391
353 390
353 389
353 388
352 387
351 386
350 385
349 384
348 383
347 382
346 381
347 380
348 379
349 378
350 377
351 376
352 375
353 374
354 374
354 373
355 372
356 371
357 370
358 369
359 368
360 367
361 368
362 369
363 370
364 371
365 372
366 373
367 374
368 375
369 376
361 366
362 365
363 364
364 363
365 362
366 361
367 361
368 361
369 361
370 360
371 359
372 358
373 357
374 357
375 357
376 357
377 357
378 357
379 357
380 357
381 357
382 357
383 357
384 357
384 356
385 356
386 355
387 354
388 355
389 356
390 357
391 358
392 359
393 360
394 361
395 362
396 363
397 364
398 365
399 365
400 366
401 367
402 368
403 369
404 370
405 371
406 372
407 373
408 373
409 373
393 362
392 363
391 364
390 365
389 366
388 367
387 368
386 369
385 370
384 371
388 353
389 352
390 351
391 350
392 350
393 350
394 350
395 350
396 350
397 350
398 350
399 350
400 349
401 348
402 347
403 346
404 345
405 346
406 347
407 348
408 349
409 350
410 351
411 352
412 353
413 353
405 344
406 343
407 342
408 341
409 340
410 339
411 338
412 337
413 337
414 338
414 337
415 336
416 335
417 334
418 333
419 332
420 331
421 330
422 331
423 332
424 333
425 334
426 335
427 336
428 337
429 338
430 339
431 340
432 341
433 342
434 343
435 344
436 345
437 346
438 347
439 348
440 349
441 350
442 351
443 352
443 353
442 353
441 354
440 355
439 356
438 357
437 358
436 359
435 360
434 361
433 362
433 363
433 364
433 365
433 366
433 367
432 368
432 369
432 370
432 371
432 372
432 373
432 374
432 375
432 376
432 377
432 378
432 379
432 380
432 381
432 382
431 383
430 384
430 385
430 386
430 387
430 388
430 389
430 390
430 391
430 392
431 391
432 392
433 393
434 394
435 395
436 396
437 397
438 398
439 399
440 400
441 401
442 402
443 403
436 394
437 393
438 392
439 391
440 390
441 389
442 388
443 388
444 389
445 390
446 391
447 392
448 393
449 394
450 395
451 396
452 397
453 398
454 399
455 399
448 391
449 390
450 389
451 388
452 387
453 386
454 385
455 384
432 394
431 395
430 396
429 397
430 382
434 364
435 365
436 366
437 367
438 368
439 369
440 370
441 371
442 372
443 373
434 359
433 358
432 357
431 356
430 355
429 354
428 353
437 344
438 343
439 342
440 341
441 340
442 339
443 338
444 338
444 337
445 338
446 339
447 340
448 341
449 342
450 343
451 344
452 345
453 346
454 347
455 348
456 349
457 350
458 351
458 352
459 352
460 353
461 354
462 355
463 356
464 357
465 358
466 359
467 360
468 361
469 362
470 363
470 364
470 365
470 366
470 367
470 368
466 357
467 356
468 355
469 354
470 353
471 352
472 351
473 352
473 353
474 351
475 352
476 353
477 354
478 355
479 356
480 357
481 356
482 355
483 354
484 353
485 352
486 351
487 352
488 353
487 350
488 350
488 349
489 350
490 351
491 352
492 353
493 354
494 355
495 356
496 357
497 358
498 359
499 360
500 361
501 362
502 363
502 364
503 364
504 365
505 366
506 367
507 368
508 369
508 370
509 369
510 369
511 369
512 369
513 369
514 369
515 369
516 370
516 369
517 369
517 371
518 372
519 373
520 374
521 375
522 376
523 377
524 378
525 379
526 380
527 381
528 382
529 383
530 384
530 385
531 384
532 384
533 384
534 384
535 385
535 384
536 384
536 386
537 387
538 388
539 389
540 390
541 391
542 392
543 393
544 394
545 395
546 396
546 397
541 389
542 388
543 387
544 386
545 385
546 384
547 383
548 382
522 378
521 379
520 380
519 381
518 382
517 383
516 384
515 383
514 383
513 383
512 383
511 383
510 383
509 383
508 383
507 383
506 383
503 366
502 367
501 368
496 359
495 360
494 361
493 362
492 363
491 364
490 365
489 366
488 367
487 368
486 368
496 355
497 354
498 353
499 352
500 351
501 352
502 353
503 354
501 350
502 349
503 348
504 347
505 346
506 345
507 344
508 345
509 346
510 347
511 348
512 349
513 350
514 351
515 352
516 353
517 354
518 354
508 343
509 342
510 341
511 340
512 339
513 339
514 339
515 339
516 339
517 339
518 339
519 339
520 339
521 339
522 339
523 339
524 339
525 339
526 339
527 339
528 339
529 339
530 339
531 339
532 339
533 339
534 340
534 339
534 338
535 341
536 342
537 343
538 344
539 345
540 346
539 347
538 348
537 349
536 350
535 351
534 352
533 353
534 354
535 355
536 356
537 357
538 358
539 359
540 360
541 361
542 362
543 363
544 364
544 365
544 366
544 367
541 345
542 344
543 343
544 342
545 341
546 340
547 339
548 338
549 338
550 339
551 340
552 341
553 342
554 343
555 344
556 345
555 346
554 347
553 348
552 349
551 350
550 351
549 352
548 353
557 345
558 345
559 345
560 345
561 345
562 345
563 345
564 345
507 342
506 341
505 340
504 339
489 348
489 347
489 346
489 345
489 344
489 343
489 342
489 341
489 340
489 339
473 350
474 349
474 348
474 347
474 346
474 345
474 344
474 343
474 342
474 341
474 340
474 339
453 344
454 343
455 342
456 341
457 340
458 339
459 338
422 329
423 328
424 327
425 326
426 325
427 324
428 323
429 322
429 321
429 320
429 319
429 318
429 317
429 316
429 315
429 314
429 313
429 312
429 311
429 310
429 309
429 308
428 308
427 308
430 307
431 306
432 305
433 304
434 303
435 302
436 301
437 302
438 303
439 304
440 305
441 306
442 307
437 300
438 299
439 298
440 297
441 296
442 295
443 294
443 293
442 293
441 292
440 291
439 290
438 289
437 288
436 287
435 288
434 289
433 290
432 291
431 292
430 293
437 286
438 285
439 284
440 283
441 282
442 281
443 280
444 279
445 278
446 277
447 278
447 276
448 275
449 274
450 273
451 272
452 271
453 270
454 269
455 268
456 267
445 276
444 275
443 274
442 273
441 272
440 271
439 270
438 269
439 268
440 267
441 266
442 265
443 264
437 268
436 267
435 266
434 265
433 264
432 263
431 264
431 262
431 261
431 260
431 259
431 258
431 257
431 256
431 255
431 254
431 253
431 252
431 251
431 250
431 249
430 249
430 248
429 247
430 246
431 245
432 244
433 243
434 242
435 241
436 240
437 241
438 242
439 243
440 244
441 245
442 246
443 247
444 248
445 249
446 249
447 248
448 247
449 246
450 245
451 244
452 243
453 242
454 241
455 242
456 243
457 244
458 245
459 246
460 247
461 248
460 249
459 250
458 251
457 252
462 247
463 246
464 245
465 244
466 243
467 242
468 241
469 242
470 243
471 244
472 245
473 246
474 247
475 248
476 249
475 250
474 251
473 252
472 252
477 248
478 247
479 246
480 245
481 244
482 245
483 246
484 247
485 248
486 248
482 243
483 242
484 241
485 240
486 239
487 238
488 237
489 238
490 239
491 239
489 236
490 235
491 234
492 233
493 232
494 231
495 230
496 229
497 230
498 231
499 232
500 233
501 234
502 235
503 236
504 237
505 238
506 239
506 237
507 236
508 235
509 234
510 233
511 232
512 231
513 230
514 229
515 228
516 227
517 226
518 225
519 224
498 229
499 228
500 227
501 226
502 225
503 224
504 224
494 229
493 228
492 227
491 226
490 225
489 224
469 240
470 239
471 238
472 237
473 236
474 237
475 237
474 235
475 235
475 234
472 235
471 234
470 233
469 232
468 231
467 230
468 229
469 228
470 227
471 226
472 225
473 224
474 223
466 229
465 228
464 227
463 226
462 225
461 224
460 223
456 241
457 240
458 239
459 238
460 237
437 239
438 238
439 237
440 236
441 235
442 234
428 246
427 245
427 244
427 243
427 242
427 241
427 240
427 239
427 238
427 237
427 236
427 235
427 234
426 233
425 232
424 231
423 230
424 229
425 228
426 227
427 226
428 225
429 224
430 223
431 222
432 221
433 220
434 219
435 219
435 218
434 217
433 216
432 215
431 214
430 213
429 212
428 211
429 210
430 209
431 208
432 207
433 206
434 205
434 204
435 204
436 203
437 202
438 201
439 200
440 199
441 198
442 197
443 198
444 199
445 200
446 201
447 202
448 203
449 204
450 205
443 196
444 195
445 194
446 193
447 193
448 193
449 193
450 193
450 192
451 193
452 192
453 192
454 193
454 192
455 192
456 192
457 192
458 192
459 192
460 192
461 192
462 192
463 192
463 191
464 192
465 192
466 192
467 191
468 190
469 190
469 189
470 188
471 187
472 186
473 185
474 186
475 187
476 188
477 189
478 190
479 191
480 192
481 193
480 194
480 195
480 196
480 197
480 198
480 199
480 200
480 201
480 202
480 203
480 204
480 205
482 192
483 191
484 190
485 189
486 188
487 187
488 186
489 187
490 188
491 189
492 190
493 191
494 192
495 193
496 194
495 195
495 196
495 197
495 198
495 199
495 200
495 201
495 202
495 203
495 204
495 205
497 193
498 192
499 191
500 190
501 189
502 188
503 187
504 188
505 189
506 190
507 191
508 192
509 193
510 194
511 195
510 196
510 197
510 198
510 199
510 200
510 201
510 202
510 203
510 204
510 205
512 194
513 194
514 194
515 194
516 194
517 194
518 194
519 194
520 194
521 194
522 194
523 194
524 194
525 194
526 194
527 195
528 196
529 197
530 198
531 199
532 200
533 201
534 200
535 199
536 198
537 197
538 196
539 195
540 196
540 197
541 197
542 198
543 199
544 200
545 201
546 202
547 203
548 204
549 205
550 206
551 207
552 208
553 209
551 205
552 204
553 203
554 202
555 201
556 200
557 199
558 198
559 197
546 204
545 205
544 206
543 207
542 208
541 209
540 210
539 211
538 212
543 197
544 197
540 194
541 193
542 192
543 191
544 190
545 189
546 188
547 187
548 186
549 185
530 200
529 201
528 202
527 203
526 204
525 205
529 195
530 194
511 193
512 192
513 191
514 190
515 189
504 186
505 185
506 184
507 183
508 182
509 181
510 180
511 179
512 178
513 177
514 176
515 175
516 174
515 173
514 174
513 174
514 172
513 171
512 170
511 169
510 168
509 167
508 166
507 165
506 164
507 163
508 162
509 161
510 160
511 159
512 158
513 157
514 156
515 155
516 154
517 153
518 152
519 151
520 150
521 149
522 148
523 147
518 150
517 149
516 148
515 147
514 146
513 145
512 144
511 143
505 163
504 162
503 161
502 160
501 159
500 158
499 157
498 157
497 157
496 157
495 157
494 157
504 184
503 183
502 182
501 181
500 180
499 179
498 178
497 177
496 176
495 175
496 192
495 191
472 184
471 183
472 182
473 181
474 180
475 179
476 178
477 177
478 176
479 175
480 175
471 181
470 180
469 179
468 178
467 177
466 176
465 175
455 194
456 195
457 196
458 197
459 198
460 199
461 200
462 201
463 202
464 203
465 204
465 205
449 191
448 190
427 210
426 209
425 208
424 207
423 206
422 205
421 204
420 203
419 204
419 202
420 201
421 200
422 199
423 198
424 197
425 196
426 195
427 194
428 193
429 192
430 191
431 190
432 189
433 188
433 187
433 186
433 185
433 184
433 183
433 182
433 181
433 180
433 179
433 178
433 177
433 176
433 175
433 174
433 173
434 172
435 172
436 172
437 172
438 172
439 172
440 172
441 172
432 172
432 171
432 170
432 169
432 168
432 167
432 166
432 165
432 164
432 163
432 162
432 161
432 160
432 159
432 158
431 158
431 157
430 156
430 155
430 154
430 153
430 152
430 151
430 150
430 149
430 148
430 147
430 146
430 145
430 144
430 143
429 144
428 145
427 146
426 147
425 148
424 149
423 150
422 150
421 150
420 150
419 150
418 150
417 150
416 150
415 150
414 149
413 148
412 147
411 146
410 145
409 144
408 143
407 143
406 143
405 143
404 143
403 143
402 143
401 143
400 143
399 143
398 143
397 143
396 143
395 143
394 143
393 143
392 143
391 143
390 143
389 143
388 144
387 144
386 144
385 144
384 144
383 144
382 144
381 144
380 144
379 144
378 144
377 144
376 144
375 144
374 144
431 142
432 142
433 142
434 142
435 142
436 142
437 142
438 142
439 142
440 142
441 142
442 142
433 157
434 157
435 157
436 157
437 157
438 157
439 157
440 157
441 157
442 157
418 201
417 200
416 199
415 198
414 197
413 196
412 197
411 198
410 199
409 200
408 201
407 202
406 203
405 204
404 204
412 195
411 194
410 193
409 192
408 191
407 190
406 189
405 188
404 187
403 186
402 185
401 186
400 187
399 188
398 189
397 190
396 191
395 192
394 193
393 194
392 195
391 195
401 184
400 183
399 182
400 181
401 180
402 179
403 178
404 177
405 176
406 175
407 174
408 174
398 181
397 180
396 180
395 180
394 180
393 180
392 180
391 180
390 179
389 178
388 177
387 176
386 175
385 174
384 173
383 172
382 172
381 172
380 172
379 172
378 172
377 172
376 172
376 171
375 171
374 170
373 171
372 172
371 173
370 174
369 175
368 176
367 177
368 178
369 179
370 180
371 181
372 182
373 183
374 184
375 185
376 186
366 178
365 179
364 180
363 181
362 182
361 183
373 169
372 168
371 168
370 168
369 168
368 168
367 168
366 168
365 168
364 168
363 168
362 168
361 168
360 167
359 167
358 167
357 167
356 167
355 167
354 167
353 167
352 167
351 167
350 167
349 167
348 167
347 167
346 167
345 168
344 169
343 170
342 171
341 172
340 173
339 174
338 175
339 176
340 177
341 178
342 179
343 180
344 181
345 182
337 176
336 177
335 178
334 179
333 180
332 181
331 182
331 181
330 182
330 181
329 182
328 183
327 184
326 184
325 184
324 184
323 184
322 184
338 173
337 172
336 171
335 170
334 169
333 168
332 167
331 166
330 166
329 166
328 166
327 166
326 166
325 166
324 166
323 166
322 166
321 166
320 166
319 166
318 166
317 166
316 166
426 225
425 224
424 223
423 222
422 221
421 220
420 219
437 284
436 283
435 282
434 281
433 280
432 279
444 295
445 296
446 296
447 296
448 297
448 296
449 296
450 296
451 296
452 296
453 296
454 296
455 296
456 296
457 296
458 296
459 295
460 294
461 293
462 292
463 291
464 290
465 289
466 290
467 291
468 292
469 293
470 294
471 295
472 296
473 297
474 298
475 299
476 300
477 301
478 302
479 303
480 304
481 305
482 306
483 307
484 308
485 309
486 310
487 311
488 312
489 313
490 314
490 315
490 316
490 317
490 318
490 319
490 320
490 321
488 310
489 309
490 308
491 308
492 308
493 308
494 308
495 308
496 308
497 308
498 308
499 308
500 308
501 308
501 307
502 308
502 309
503 308
504 308
505 308
506 308
507 308
508 309
508 308
509 308
510 308
511 308
512 308
513 308
514 308
515 308
516 308
517 308
518 307
519 306
520 305
521 304
522 303
523 302
524 301
525 300
526 301
527 302
528 303
529 304
530 305
531 306
532 307
533 308
534 309
535 310
536 311
537 312
538 313
539 314
540 315
541 316
542 317
543 318
544 319
545 320
546 321
547 322
548 323
549 323
550 323
551 323
552 323
539 316
538 317
536 309
537 309
537 308
538 307
539 306
540 305
541 304
542 303
543 302
544 301
545 302
546 303
547 304
548 305
549 306
550 307
551 308
552 308
545 300
546 299
547 298
548 297
549 296
550 295
551 294
552 293
539 304
538 303
537 302
520 303
519 302
518 301
517 300
518 299
519 298
520 297
521 296
522 295
516 299
515 298
514 297
513 296
512 295
511 294
510 294
509 294
508 294
507 294
509 310
510 311
511 312
512 313
513 314
514 315
515 316
516 317
517 318
518 319
519 320
520 321
512 315
511 316
510 317
509 318
508 319
507 320
506 321
505 321
502 306
503 306
487 309
479 305
478 306
477 307
476 308
475 309
474 310
473 311
472 312
471 313
470 314
469 315
470 316
471 317
472 318
473 319
474 320
475 321
468 316
467 317
466 316
465 317
464 318
463 319
462 320
461 321
460 321
465 315
464 314
463 313
462 312
461 311
460 310
459 309
458 308
473 309
481 303
482 302
483 301
484 300
485 299
486 298
487 297
488 296
472 294
473 294
466 288
467 287
468 286
469 285
470 284
471 283
472 282
473 281
474 280
475 279
476 278
477 279
478 279
477 277
478 276
479 275
480 274
481 273
482 272
483 271
484 270
485 269
486 268
486 267
487 267
488 266
489 267
490 268
491 269
492 270
493 271
494 272
495 273
496 274
497 275
498 276
499 277
500 278
501 279
489 265
490 264
491 264
492 264
493 264
494 264
495 264
496 264
497 264
498 264
499 264
500 264
501 264
502 263
503 262
504 261
505 260
506 259
507 258
508 257
509 258
510 259
511 260
512 261
513 262
514 263
515 264
516 265
517 266
518 267
519 268
520 269
521 270
522 271
522 270
523 270
524 270
525 270
526 270
527 270
528 270
529 270
530 270
531 270
532 271
533 272
534 273
535 274
536 275
537 276
538 277
537 278
537 279
537 280
537 281
537 282
537 283
537 284
537 285
539 276
540 275
541 274
542 273
543 272
544 271
545 270
546 269
547 270
548 270
549 270
550 270
551 270
552 270
553 270
554 270
555 270
556 270
557 270
558 270
559 271
559 270
560 270
558 272
557 273
556 274
555 275
554 276
553 277
552 278
521 272
520 273
519 274
518 275
517 276
516 277
516 278
516 279
516 280
509 256
510 255
511 254
512 253
513 252
514 251
515 250
516 251
517 252
518 253
519 254
516 249
517 248
518 247
519 246
520 245
521 244
522 243
523 242
524 241
525 241
526 241
527 241
528 241
529 241
530 242
530 241
531 240
532 239
533 238
534 239
535 240
536 241
534 237
535 236
536 235
537 234
538 235
539 236
540 237
541 238
542 239
543 240
544 241
545 242
546 243
547 244
548 245
547 246
546 247
547 248
548 249
549 250
550 251
551 252
552 253
553 254
545 248
544 249
543 250
542 251
541 252
540 253
539 254
538 255
548 243
549 242
550 241
551 240
552 239
553 239
538 233
539 232
540 231
541 230
542 229
543 228
544 227
545 226
546 225
547 224
548 224
549 224
550 224
551 224
552 224
553 224
540 229
539 228
538 227
523 240
522 239
521 239
478 274
477 273
476 272
475 271
474 270
473 269
472 268
471 267
467 285
466 284
465 283
464 282
463 281
430 312
430 320
431 321
432 322
433 323
434 322
435 322
436 322
437 322
438 322
439 322
440 322
441 322
422 327
421 326
420 325
419 324
418 323
417 322
416 321
415 320
414 319
413 318
412 317
411 316
410 315
409 314
408 315
407 316
406 317
405 318
404 319
403 320
402 321
401 322
400 323
399 322
398 321
397 320
396 319
395 320
394 321
393 322
392 323
391 324
390 325
389 325
395 318
394 317
393 316
392 315
391 314
390 313
389 312
389 311
389 310
408 313
407 312
406 311
405 310
404 310
358 367
357 366
356 365
355 364
354 363
353 362
352 361
351 361
345 380
344 379
343 378
342 377
341 376
340 375
339 376
338 377
337 377
339 374
338 373
337 372
336 371
335 370
334 369
333 368
332 367
332 366
332 365
332 364
332 363
332 362
331 363
330 364
329 365
328 366
327 367
326 368
325 368
324 368
323 368
322 368
321 368
333 362
334 362
335 362
336 362
347 407
346 406
345 405
344 404
343 403
342 402
341 401
340 400
339 399
338 398
337 397
336 398
335 399
335 397
334 396
333 395
332 394
331 393
370 421
369 422
368 423
367 424
368 425
369 426
370 427
371 428
372 429
373 430
374 430
367 426
366 427
365 428
364 429
363 430
362 431
361 432
360 433
359 434
391 418
392 417
393 416
394 415
395 414
396 413
397 412
398 411
399 410
400 409
401 408
402 407
403 406
404 405
391 416
390 415
389 414
388 413
387 412
386 411
385 410
384 409
383 408
382 407
381 406
380 405
379 404
378 404
378 403
377 402
376 401
375 400
374 399
373 398
372 397
372 396
372 395
372 394
424 427
423 426
422 425
421 424
420 423
419 422
501 428
502 427
503 426
504 425
505 424
506 423
506 422
514 427
515 426
516 425
517 424
518 423
519 422
520 421
521 420
520 419
519 418
518 417
517 416
516 415
515 414
514 413
513 412
512 411
511 410
510 409
509 408
508 407
507 406
508 405
509 404
510 403
511 402
512 401
513 400
514 399
515 400
516 400
517 400
518 400
519 400
520 400
521 400
522 400
523 400
506 405
506 404
505 404
504 403
503 402
502 401
501 400
500 400
499 400
498 400
497 400
496 400
495 400
495 399
494 400
493 401
493 400
492 400
491 400
490 399
489 399
488 399
487 399
486 399
485 399
484 399
483 399
482 399
481 399
480 399
479 399
478 399
477 399
477 398
476 399
478 397
479 396
480 395
481 394
480 393
481 392
482 391
483 390
484 389
485 388
486 387
487 386
488 385
489 384
479 392
478 391
477 390
476 389
475 388
474 387
475 386
476 385
477 384
473 386
472 385
471 384
569 432
570 433
571 434
572 435
573 436
574 437
596 404
597 403
598 402
586 398
585 399
584 400
583 401
582 402
581 403
587 383
586 384
585 385
584 386
583 387
582 388
581 388
596 375
597 376
598 377
599 378
600 379
601 380
602 381
603 382
604 383
605 384
606 385
607 386
608 387
609 387
610 387
611 387
612 388
613 389
614 390
615 391
616 392
617 393
618 394
619 395
620 396
621 397
622 398
623 399
624 400
623 401
624 402
625 403
626 404
627 405
627 406
627 407
627 408
627 409
627 410
627 411
627 412
627 413
627 414
619 393
620 392
621 391
622 390
623 389
624 388
625 387
626 386
627 387
628 388
629 389
630 390
631 391
632 392
633 393
634 392
635 393
636 394
637 395
638 396
639 397
640 398
641 399
642 400
642 401
642 402
642 403
642 404
642 405
642 406
642 407
642 408
642 409
642 410
642 411
643 400
640 396
641 396
636 392
637 391
638 390
639 389
640 388
641 387
642 386
643 385
644 384
645 383
646 383
641 385
640 384
639 383
638 382
637 381
636 380
635 379
634 378
633 377
632 376
631 375
630 374
629 373
628 372
627 371
586 368
585 369
584 370
583 371
582 372
581 373
580 374
579 375
578 376
577 377
576 378
575 379
574 380
573 381
572 382
571 383
570 384
569 385
568 386
567 386
566 386
595 360
596 360
585 353
584 354
583 355
582 356
581 357
580 358
594 345
584 338
583 339
582 340
581 341
580 342
579 343
585 323
584 324
583 325
582 326
581 327
580 328
579 328
578 328
584 306
583 307
582 308
581 309
580 310
579 311
578 312
577 313
583 305
582 304
581 303
580 302
579 301
578 300
577 299
576 298
594 285
584 278
583 279
582 280
581 281
580 282
579 283
585 261
584 260
583 261
582 262
581 263
580 264
579 265
578 266
577 267
576 268
583 259
582 258
581 257
580 256
579 256
594 255
595 256
596 257
597 258
598 259
599 260
600 261
601 262
602 263
603 264
604 265
605 266
606 267
607 268
608 268
609 268
610 268
611 269
611 268
612 268
612 270
613 271
614 272
615 273
616 274
617 275
618 276
619 277
620 278
621 279
622 280
623 281
624 282
625 283
616 276
615 277
614 278
613 279
612 280
611 281
610 282
609 283
618 274
619 273
620 272
621 271
622 270
623 269
624 268
584 246
583 245
582 244
581 243
580 242
579 241
591 225
594 225
595 226
596 227
597 228
598 229
599 230
600 231
601 232
602 233
603 234
604 234
605 234
606 234
607 234
608 234
609 234
609 233
610 234
611 235
611 234
612 234
612 236
613 237
614 238
615 239
616 240
617 241
618 242
619 243
620 244
621 245
622 246
623 247
624 248
625 249
618 240
619 239
620 238
621 237
622 236
623 235
624 234
615 241
614 242
613 243
612 244
611 245
610 246
609 246
595 224
596 223
597 222
598 221
599 220
600 219
601 218
602 218
584 218
583 219
582 220
581 221
580 222
579 223
578 224
577 225
576 226
585 203
584 204
583 205
582 206
581 207
580 208
579 209
578 210
577 211
576 211
581 205
582 204
581 203
580 202
579 201
578 200
577 199
576 198
575 197
574 196
594 195
595 196
596 197
597 198
598 199
599 200
600 201
601 202
602 203
603 203
604 203
605 203
606 203
607 203
608 203
609 203
610 204
611 205
612 206
613 207
614 208
615 209
616 210
617 211
618 212
619 213
620 214
621 215
622 216
623 217
610 202
611 202
612 202
613 202
614 202
614 201
615 202
615 200
616 199
617 198
618 197
619 198
620 199
621 200
622 201
623 202
624 202
619 196
620 195
621 194
622 193
623 192
624 191
625 190
626 189
627 188
628 187
585 185
584 184
583 183
582 182
581 181
580 166
579 165
578 164
577 163
576 162
575 161
574 160
573 159
572 158
571 157
570 157
569 157
568 157
567 157
566 157
565 158
564 159
563 159
562 159
561 159
560 159
559 160
559 159
558 160
558 159
558 158
557 159
556 159
555 159
554 159
553 159
552 159
551 159
551 158
551 157
551 156
550 159
549 159
548 159
547 159
546 159
545 159
544 159
543 159
542 159
541 159
540 159
539 159
538 159
537 160
537 159
536 159
536 158
535 159
534 160
533 161
532 162
531 162
530 162
529 162
537 157
538 156
539 155
540 154
541 153
542 152
543 152
538 161
539 162
540 163
541 164
542 165
543 166
544 167
545 168
546 169
547 170
581 135
591 127
592 126
593 125
594 124
595 123
596 122
597 121
598 120
599 119
600 120
601 120
600 118
601 117
602 116
602 115
602 114
602 113
602 112
602 111
602 110
602 109
602 108
602 107
585 121
586 120
576 116
575 117
574 118
573 119
572 119
577 113
578 112
579 111
580 110
581 109
582 108
583 107
584 106
585 105
586 104
539 107
488 116
489 115
490 114
491 113
492 112
493 111
494 110
473 115
474 114
475 113
476 112
477 111
478 110
479 109
479 108
458 114
459 113
460 112
461 111
462 110
463 109
464 108
464 107
443 113
444 112
445 111
446 110
447 109
448 108
449 107
429 117
428 118
427 119
426 120
425 121
424 121
428 112
429 111
430 110
431 109
432 108
433 107
434 107
404 111
405 110
406 110
399 106
400 105
401 104
402 103
403 102
404 101
405 100
404 99
403 98
404 97
405 96
406 95
407 94
408 93
402 97
401 96
400 95
399 96
398 97
397 98
396 99
399 94
398 93
397 92
398 91
399 90
400 89
401 88
402 87
403 86
404 85
405 84
406 83
407 82
408 81
409 80
410 79
411 78
407 80
406 79
405 78
404 77
403 76
402 75
401 74
400 73
401 72
402 71
403 70
404 69
405 68
406 67
407 66
408 65
409 64
410 63
411 63
411 62
412 61
413 60
414 59
415 58
415 57
415 56
415 55
415 54
415 53
415 52
415 51
415 50
415 49
415 48
416 56
416 57
417 58
418 59
419 60
420 61
421 62
422 63
399 72
398 71
397 70
396 69
395 68
394 67
393 66
392 65
391 64
390 63
389 62
388 61
389 60
390 59
391 58
392 57
393 56
394 55
395 54
396 54
387 60
386 59
385 59
384 59
383 59
382 59
381 60
381 59
380 58
379 57
378 56
377 55
376 54
375 53
374 52
373 53
372 54
371 55
370 56
369 57
368 58
367 59
366 60
365 59
364 58
363 57
362 56
361 55
360 54
359 53
358 54
357 55
356 56
355 57
354 58
353 59
352 60
351 61
352 62
353 63
354 64
355 65
356 66
357 67
358 68
359 69
360 70
361 71
362 72
363 73
364 74
365 75
366 76
366 75
367 75
368 74
369 74
370 74
371 74
372 74
367 77
367 78
367 79
367 80
367 81
367 82
367 83
367 84
367 85
367 86
358 70
357 71
350 60
351 59
349 59
348 58
347 57
346 56
345 55
344 54
343 55
342 56
341 57
340 58
339 59
338 60
337 61
336 62
337 63
338 64
339 65
340 66
341 67
342 68
343 69
344 70
343 71
342 72
341 73
342 74
343 75
344 76
345 77
346 78
347 79
348 80
349 81
350 82
351 83
351 84
352 84
352 83
340 74
339 75
338 76
337 77
343 53
342 52
341 51
340 50
339 49
338 48
337 47
336 47
336 46
335 45
334 44
334 43
334 42
334 41
334 40
334 39
334 38
334 37
334 36
334 35
334 34
334 33
334 32
373 51
372 50
371 49
370 48
369 47
368 46
367 45
366 45
366 44
367 43
368 42
369 41
370 40
371 39
372 38
373 37
374 36
375 35
365 43
364 42
363 41
362 40
361 39
360 38
359 37
358 38
357 39
356 40
355 41
354 42
353 43
352 44
351 44
358 36
357 35
356 34
356 33
356 32
356 31
356 30
356 29
400 87
399 86
398 85
397 84
396 84
384 116
385 117
386 118
387 119
388 120
389 121
390 122
391 123
392 124
393 125
394 125
395 125
396 125
397 125
398 125
399 125
400 125
401 125
402 125
403 125
385 119
384 120
383 121
382 122
381 123
380 124
379 125
378 125
360 111
361 110
360 109
359 108
358 107
357 106
356 105
355 104
354 103
353 102
353 101
353 100
353 99
353 98
358 115
357 116
356 117
355 118
356 119
357 120
358 121
359 122
360 123
361 124
362 125
363 125
354 119
353 120
352 121
351 122
350 123
349 124
348 125
308 115
307 114
306 113
305 112
304 111
303 110
302 109
301 109
301 108
301 107
301 106
301 105
301 104
301 103
301 102
301 101
301 100
301 99
301 98
301 97
301 96
301 95
301 94
302 93
303 92
304 92
305 92
306 92
307 92
308 92
309 92
310 92
311 92
312 92
300 93
300 92
300 91
300 90
300 89
300 88
300 87
300 86
300 85
300 84
300 83
300 82
300 81
300 80
300 79
301 79
302 78
303 77
304 77
305 77
306 77
307 77
308 77
309 77
310 77
311 77
312 77
299 78
298 79
297 79
298 77
297 76
296 75
295 74
294 73
293 72
292 72
291 72
290 72
289 72
288 72
287 72
286 72
294 71
295 70
296 69
297 68
298 67
299 66
300 65
301 64
300 63
299 62
298 61
297 60
298 59
299 58
300 57
301 56
302 55
303 54
304 53
305 52
306 53
307 54
308 55
309 56
310 57
311 58
312 59
313 60
314 61
315 62
316 62
306 51
307 50
308 49
300 55
299 54
298 53
297 52
296 51
295 50
294 49
293 50
293 49
293 48
293 47
293 46
293 45
293 44
292 51
291 52
290 53
289 54
288 55
287 56
286 57
299 94
302 129
303 130
304 131
305 132
306 133
307 134
308 135
309 136
310 137
311 138
312 139
313 140
314 141
315 142
316 142
317 142
318 142
319 142
320 142
321 142
322 142
323 142
324 142
325 142
326 142
327 142
328 142
329 142
330 142
331 143
332 143
333 143
334 143
335 143
336 143
337 143
338 143
339 143
340 143
341 143
342 143
343 143
344 143
345 143
346 144
347 145
348 146
349 147
350 148
351 148
352 148
353 148
354 148
355 148
356 148
297 234
296 233
295 232
294 231
293 230
292 229
291 228
290 227
289 227
282 249
281 248
280 247
279 246
278 245
277 244
276 243
275 243
310 263
309 262
308 261
307 260
306 259
305 258
304 257
304 256
327 262
328 261
329 260
330 259
331 258
332 257
333 256
334 255
335 256
336 257
337 258
338 259
339 260
340 261
341 262
342 263
343 264
344 265
345 266
346 267
347 268
348 269
342 261
343 260
344 259
345 258
346 257
347 256
348 255
349 254
350 255
351 256
352 257
353 258
354 259
355 260
356 261
357 262
358 263
359 264
360 265
361 266
362 267
363 268
357 260
358 259
359 258
360 257
361 256
362 255
363 254
364 253
365 254
366 255
367 256
368 257
369 258
370 259
371 260
372 261
373 262
374 263
375 264
376 265
377 266
378 267
372 259
373 258
374 257
375 256
376 255
377 254
378 253
379 252
379 251
380 253
381 254
382 255
383 256
384 257
385 258
386 259
387 260
388 261
389 262
390 263
391 264
392 265
393 265
387 258
388 257
389 256
390 255
391 254
392 253
393 252
394 251
395 252
396 253
397 254
398 255
399 256
400 257
401 258
402 259
403 260
404 261
405 262
406 263
407 264
408 265
408 266
402 257
403 256
404 255
405 254
406 253
407 252
408 251
409 251
409 250
408 249
407 248
406 247
405 246
404 245
403 244
402 243
401 242
400 241
399 240
400 239
401 238
402 237
403 236
404 235
405 236
403 234
402 233
401 232
400 231
399 230
398 229
397 230
396 231
395 232
394 233
393 234
392 235
391 236
390 236
397 228
396 227
395 226
394 225
394 224
394 223
394 222
394 221
333 254
332 253
331 252
330 251
329 250
328 249
327 248
328 247
329 246
330 245
331 244
332 243
333 242
334 241
334 240
335 240
336 239
337 238
338 237
339 236
340 235
341 234
342 233
343 234
344 235
345 236
346 237
347 238
348 239
349 239
343 232
344 231
345 230
346 229
347 228
348 227
349 226
350 225
351 224
352 223
353 222
354 221
355 220
356 219
357 220
358 221
359 222
360 223
361 224
362 225
363 226
364 227
364 228
364 229
364 230
364 231
364 232
364 233
364 234
364 235
364 236
364 237
364 238
365 226
366 225
367 224
368 223
369 222
370 221
371 220
372 221
373 222
374 223
375 224
376 225
377 226
378 227
379 227
372 219
373 218
374 217
375 216
376 215
377 214
378 213
379 212
357 218
358 217
359 216
360 215
361 214
362 213
363 212
364 212
364 211
363 210
363 209
363 208
363 207
363 206
363 205
363 204
363 203
349 224
341 232
340 231
339 230
338 229
337 228
336 227
335 226
334 225
335 224
336 223
337 222
338 221
339 220
340 219
341 218
340 217
341 216
342 215
343 214
344 213
345 212
346 211
347 210
348 209
339 216
338 215
337 214
336 213
335 212
334 211
333 212
332 213
331 214
330 215
329 216
328 217
327 218
326 219
325 220
324 221
323 222
322 223
321 224
320 225
319 226
333 210
333 209
332 209
331 208
330 207
329 206
328 205
327 204
326 203
325 202
324 202
323 202
322 202
326 247
325 246
324 245
323 244
322 243
321 242
320 241
325 262
324 261
323 260
322 259
321 258
320 257
319 256
847
447 278
581 135
209 352
301 64
596 390
333 210
625 283
490 321
315 142
171 142
400 323
472 252
369 361
157 433
256 398
107 219
62 183
389 435
303 435
477 437
443 293
197 294
320 331
297 79
581 151
519 224
154 261
336 47
171 157
348 482
243 159
271 304
369 376
348 125
609 233
625 305
544 197
72 198
395 450
164 342
299 451
596 414
62 200
581 166
218 203
281 383
455 384
184 421
254 422
345 314
336 62
422 63
395 459
398 350
604 424
19 188
348 497
488 353
609 246
625 320
442 142
72 214
441 322
159 107
375 35
302 287
274 143
195 324
479 108
196 144
301 109
106 433
581 181
641 396
166 362
519 254
184 435
455 399
281 400
238 366
395 474
391 114
154 295
460 223
604 439
293 44
67 404
167 188
376 297
49 332
259 260
486 368
442 157
429 338
198 159
301 124
107 268
609 268
495 125
393 125
333 270
226 306
72 237
395 489
460 237
167 203
120 167
381 59
359 419
290 242
551 422
183 280
443 353
533 353
102 390
591 210
107 283
609 283
334 32
214 248
495 142
61 358
87 143
121 359
338 467
434 107
122 109
364 253
282 181
72 253
257 290
351 361
524 110
514 399
346 112
578 328
290 257
551 437
598 402
628 187
506 404
489 224
591 225
204 190
319 226
448 190
331 300
443 373
194 122
378 267
167 231
282 196
254 124
477 160
518 125
560 270
427 308
405 236
288 273
299 94
87 167
302 348
55 384
622 132
450 205
138 277
506 422
552 278
410 63
443 388
353 389
348 209
245 246
495 175
362 283
282 211
255 320
538 212
580 358
219 107
433 323
409 251
260 143
391 180
293 469
569 106
200 218
55 399
622 147
319 256
136 292
212 293
552 293
443 403
353 404
458 296
233 188
276 226
538 227
501 264
149 122
391 195
258 159
465 123
519 339
88 376
293 484
506 383
609 341
179 344
458 308
552 308
306 382
346 167
233 203
243 276
88 384
374 312
495 205
265 349
536 241
463 422
501 279
626 172
71 137
300 318
262 174
602 107
389 143
240 398
359 434
62 255
211 435
374 327
164 399
122 183
72 327
285 436
91 221
507 294
193 366
416 477
404 405
300 333
627 371
224 337
424 121
380 337
367 86
530 194
456 267
474 339
112 124
348 269
366 341
337 377
332 125
93 234
241 306
181 310
195 382
624 202
491 239
122 203
434 204
314 420
579 241
404 421
305 241
316 62
117 386
611 387
60 279
596 135
224 352
416 498
384 356
229 248
505 321
76 358
250 142
330 142
430 143
169 251
91 252
429 397
105 325
64 290
122 218
240 435
77 183
579 256
404 436
623 401
492 437
312 77
596 150
329 330
228 367
351 44
470 368
152 370
469 190
384 371
379 482
169 266
209 122
286 303
512 158
35 340
91 268
363 125
627 414
442 234
103 342
624 234
312 92
408 452
596 165
408 93
124 310
351 59
646 383
32 183
29 364
199 420
360 313
152 385
293 497
460 321
317 286
552 323
174 107
210 323
357 71
181 362
231 218
471 146
538 255
476 399
406 110
316 112
86 401
449 437
257 365
433 367
167 296
67 152
198 263
551 156
308 49
318 481
410 483
213 159
252 195
624 268
231 233
471 161
530 270
503 306
396 54
353 452
564 345
475 237
156 418
181 382
182 203
302 420
100 132
510 205
478 422
353 98
198 278
593 315
547 170
315 316
458 352
548 353
104 137
122 281
155 246
127 103
465 175
396 69
331 393
34 215
353 467
449 107
136 359
21 340
539 107
272 289
181 397
602 218
361 110
163 326
420 219
335 399
523 400
574 437
549 185
593 330
104 152
334 225
346 299
239 336
396 84
393 265
24 173
21 355
489 339
127 124
269 124
559 197
533 125
184 233
442 307
321 344
303 272
196 309
548 382
210 382
329 418
316 166
363 203
521 420
334 240
433 421
465 205
488 310
566 386
269 422
637 135
393 280
553 209
363 497
413 353
260 245
503 354
538 317
579 283
91 283
586 104
184 248
379 212
430 249
372 394
207 143
116 251
596 180
459 145
330 181
494 110
637 147
334 255
227 291
322 184
473 294
119 439
391 295
553 224
543 152
321 368
406 189
355 512
378 404
289 227
379 227
586 120
516 265
103 373
184 265
534 338
62 338
273 158
594 195
164 123
444 338
36 200
473 309
106 202
91 310
322 202
553 239
258 275
151 311
389 310
361 168
248 202
577 313
280 349
432 279
516 280
140 428
332 285
225 321
566 430
189 107
404 143
232 143
379 251
91 325
265 109
246 217
389 325
553 254
226 435
361 183
156 147
280 364
137 184
491 400
430 293
204 365
522 295
544 367
116 295
504 224
139 262
213 263
415 48
494 157
500 158
354 374
246 231
132 375
471 267
73 268
363 268
608 305
435 125
256 305
545 270
108 234
156 162
579 343
518 307
91 346
137 203
506 239
169 420
491 420
594 240
320 241
419 422
115 422
396 99
239 351
153 280
68 389
164 173
408 174
132 390
119 139
270 319
329 429
520 321
55 143
234 107
546 397
91 361
120 325
521 435
255 435
344 328
399 365
337 77
419 437
20 203
308 476
501 368
137 225
366 45
119 153
500 190
572 119
581 373
409 373
224 122
55 158
301 302
194 339
642 411
165 377
480 125
624 341
120 342
629 162
529 162
22 215
61 236
374 419
366 60
489 384
404 204
284 421
214 421
308 492
194 351
581 388
441 172
428 353
300 139
628 356
475 321
480 142
374 430
419 107
131 251
193 180
457 252
107 109
372 74
153 327
331 112
264 365
464 437
182 295
581 403
88 152
267 189
300 154
592 300
228 159
333 483
189 195
149 342
73 342
581 418
106 310
266 383
267 204
203 205
300 169
213 278
330 315
356 29
463 281
377 282
480 175
608 320
486 248
333 502
345 143
464 107
144 107
554 107
287 288
152 179
104 253
594 255
523 147
92 184
300 184
507 437
376 113
411 78
183 150
349 224
303 368
244 261
361 298
484 190
254 335
152 192
431 158
611 158
548 122
486 267
408 266
574 196
378 125
123 233
199 233
594 270
318 271
336 343
300 199
211 308
286 57
185 165
139 310
344 418
225 383
349 239
152 203
477 384
471 384
448 421
480 205
536 421
254 350
275 243
285 316
433 173
412 281
168 281
518 354
576 211
130 428
199 248
445 249
344 429
594 285
300 214
46 358
220 143
162 216
183 180
286 72
303 397
135 325
249 108
345 182
336 362
152 218
509 110
349 254
242 291
47 183
149 400
359 328
536 436
394 221
275 258
474 223
406 295
433 188
488 296
516 369
304 226
281 334
576 226
352 83
443 264
601 120
316 301
566 157
179 122
549 338
459 338
644 159
123 266
152 233
135 342
390 236
22 325
273 274
430 382
404 310
254 383
166 311
609 203
40 383
419 204
389 420
516 384
525 205
530 385
368 458
241 422
626 386
49 207
376 171
473 353
347 284
151 357
240 321
537 285
589 429
511 143
372 467
418 323
204 107
261 215
280 108
394 251
180 325
623 217
34 325
192 397
270 398
185 218
169 435
435 219
304 256
415 150
376 186
222 189
124 407
228 263
589 444
414 338
364 482
450 122
261 230
504 339
282 123
537 302
576 268
39 158
313 449
427 234
63 307
594 345
331 166
105 167
521 239
228 276
478 279
544 137
513 174
364 212
313 464
625 249
282 142
374 144
374 504
249 180
106 361
596 360
134 146
216 218
107 183
198 435
92 291
270 435
434 436
356 148
515 189
269 334
576 298
364 227
431 264
209 337
239 123
596 375
458 160
403 125
134 161
216 233
503 125
282 162
351 343
364 238
240 383
227 420
