2819
278 203
277 204
277 205
277 206
277 207
277 208
277 209
276 210
275 211
275 212
275 213
275 214
275 215
275 216
275 217
275 218
275 219
275 220
275 221
275 222
275 223
275 224
275 225
275 226
275 227
275 228
275 229
275 230
276 231
276 230
277 232
278 233
279 234
280 235
281 236
282 237
283 238
284 239
285 240
286 241
287 242
288 243
289 244
289 245
289 246
289 247
289 248
289 249
288 250
287 251
287 252
287 253
287 254
287 255
287 256
287 257
287 258
287 259
287 260
287 261
287 262
287 263
288 264
286 264
286 265
285 265
284 266
283 267
282 268
281 269
280 270
279 271
278 272
277 273
276 274
275 275
274 276
273 277
272 278
271 279
270 280
269 281
268 282
267 283
266 284
267 285
268 286
269 287
270 288
271 289
272 290
273 291
274 292
275 293
276 294
277 295
278 296
279 297
280 298
281 299
282 300
283 301
284 302
285 303
286 304
287 305
288 306
289 307
290 308
291 309
292 310
293 311
294 312
295 313
296 314
297 315
298 316
299 317
300 318
301 319
302 320
303 321
304 322
305 323
306 324
307 325
308 326
309 327
310 328
311 329
312 330
313 331
314 332
314 333
314 334
314 335
314 336
314 337
314 338
314 339
314 340
314 341
314 342
314 343
314 344
314 345
314 346
314 347
313 348
313 349
313 350
313 351
313 352
313 353
313 354
313 355
313 356
313 357
313 358
313 359
312 360
311 361
310 362
309 363
310 364
311 365
312 366
313 367
314 368
315 369
316 370
308 364
307 365
306 366
305 367
304 368
303 369
302 368
301 367
300 366
299 365
298 365
297 365
296 365
295 365
294 365
293 365
292 365
291 365
290 365
289 365
288 365
287 365
286 365
285 365
284 365
283 365
312 358
312 348
311 348
310 348
309 348
308 348
315 336
316 337
317 338
318 339
319 340
315 334
310 326
311 325
312 324
313 323
314 322
315 321
316 320
317 319
318 319
299 319
298 320
297 321
296 322
295 323
294 324
293 325
292 326
291 327
292 328
293 329
294 330
295 331
296 332
297 333
298 334
290 328
289 329
288 330
287 331
286 332
285 333
284 334
283 335
282 336
281 337
280 338
279 339
278 340
277 341
276 342
275 343
275 344
275 345
275 346
275 347
275 348
275 349
278 338
277 337
276 336
275 335
274 334
273 333
272 332
299 315
300 314
284 304
283 305
282 306
281 307
280 308
279 309
278 310
280 296
281 295
282 294
283 293
284 292
285 291
286 291
287 291
288 291
284 290
283 289
265 285
264 286
263 287
262 288
261 289
260 290
259 291
258 292
257 293
256 294
255 295
256 296
257 297
258 298
259 299
260 300
261 301
262 302
254 296
253 297
252 298
252 299
252 300
252 301
252 302
252 303
252 304
252 305
251 306
251 305
250 304
250 307
250 308
250 309
250 310
250 311
250 312
250 313
250 314
250 315
250 316
250 317
250 318
250 319
250 320
250 321
250 322
250 323
250 324
250 325
250 326
249 327
248 328
247 329
246 330
245 331
244 332
245 333
246 334
247 335
248 336
249 337
250 338
251 339
252 340
253 340
243 333
242 334
241 335
240 336
239 337
238 338
237 339
236 340
235 341
234 342
233 343
234 344
235 345
236 346
237 347
238 348
239 349
240 350
241 351
242 352
243 353
244 354
245 355
246 356
247 357
248 358
249 359
250 360
251 361
252 361
232 344
231 345
230 346
231 347
232 347
229 347
228 348
227 349
226 350
225 350
224 350
223 350
222 350
221 350
220 350
219 350
237 337
236 336
235 335
234 334
233 333
232 333
232 332
231 331
230 330
231 329
232 328
233 327
234 326
229 329
228 328
227 327
226 326
225 325
224 324
223 324
223 323
222 322
221 322
220 322
219 322
218 322
217 322
216 322
215 322
214 322
213 322
212 322
211 322
210 322
209 322
208 322
207 322
206 322
205 322
204 322
203 323
202 324
201 325
200 326
199 327
198 328
197 329
196 330
195 331
194 332
193 331
192 330
191 329
190 328
189 327
188 326
187 325
186 326
185 327
184 328
183 329
182 330
181 331
180 332
179 333
180 334
181 335
182 336
183 337
184 338
185 339
186 340
187 341
188 342
189 343
190 344
191 345
192 346
193 346
193 345
194 344
195 343
196 342
197 341
198 340
179 335
178 336
177 337
176 338
175 339
174 340
173 341
172 342
186 324
185 323
184 322
183 321
183 320
182 320
181 321
181 320
181 319
180 318
179 319
178 320
177 321
176 322
175 323
179 317
179 316
179 315
203 321
202 320
201 319
200 319
222 325
221 326
251 319
252 320
253 321
254 322
255 323
258 290
257 289
256 288
255 287
254 286
253 285
252 284
251 283
288 257
288 256
288 253
289 254
290 255
291 256
292 257
293 258
294 259
295 260
296 261
297 262
298 263
299 264
300 265
301 266
302 267
303 268
304 269
305 270
306 271
307 272
308 273
309 274
310 275
311 276
312 277
313 278
314 279
315 280
316 281
317 282
318 283
319 284
320 285
321 286
322 286
317 284
316 285
315 286
314 287
315 288
316 289
317 290
318 291
319 292
320 293
321 294
322 295
323 296
324 297
325 298
313 288
312 289
311 290
310 291
309 292
308 293
307 294
295 258
296 257
297 256
298 255
299 254
300 253
301 252
302 252
290 243
291 242
292 241
293 240
294 239
295 238
296 237
297 236
298 235
299 234
300 233
301 232
302 231
278 235
277 236
276 237
275 238
274 239
273 240
272 241
271 242
270 243
269 244
268 245
267 246
266 247
265 248
264 249
263 250
264 251
265 252
266 253
267 254
268 255
269 255
262 251
261 252
260 253
259 254
258 255
257 256
256 257
256 256
255 257
254 258
253 259
252 259
251 259
250 259
249 259
248 259
247 259
246 259
245 259
266 245
265 244
264 243
263 242
262 241
261 240
260 239
259 238
258 237
257 236
274 210
273 209
272 209
271 209
270 209
269 209
268 209
267 209
266 209
265 209
264 209
263 209
262 209
261 209
260 209
259 210
258 211
257 212
256 213
255 214
254 215
253 216
252 217
251 218
250 219
249 220
248 221
247 222
246 223
245 224
244 225
243 226
242 227
241 228
240 229
239 230
239 231
239 232
239 233
239 234
239 235
239 236
239 237
239 238
239 239
238 238
237 239
236 240
235 241
234 242
233 243
232 244
231 245
230 246
229 247
228 248
227 249
226 250
225 251
224 252
239 229
240 227
239 226
238 225
237 225
248 219
247 218
246 217
245 216
244 215
243 214
242 213
241 212
240 211
239 210
238 209
237 210
236 211
235 212
234 213
233 214
232 215
231 216
230 217
229 218
228 219
227 220
226 221
225 222
224 223
223 224
222 225
221 226
220 227
219 228
218 229
217 230
216 231
215 232
214 233
213 234
212 235
211 236
210 237
209 238
208 239
207 240
206 241
205 242
204 243
203 242
202 243
201 244
200 245
199 246
198 247
197 248
196 249
195 250
194 250
193 250
192 250
191 250
190 250
226 219
225 218
224 217
223 216
222 215
221 214
220 213
219 212
218 211
217 210
216 209
215 210
214 211
213 212
212 213
211 214
210 215
209 216
208 217
207 218
206 219
205 218
204 217
203 216
202 217
201 218
200 219
199 220
198 221
197 221
202 215
201 214
200 213
199 212
198 211
197 210
196 209
195 208
194 207
193 206
192 205
191 204
190 203
191 202
192 201
193 200
194 200
189 202
188 203
187 204
186 205
185 206
184 207
183 208
182 209
181 210
180 211
179 212
178 213
177 214
176 215
175 216
174 217
173 218
172 219
173 220
174 221
175 222
176 223
177 224
178 225
179 226
180 227
181 228
182 229
171 220
170 220
169 220
168 220
167 220
166 220
165 220
164 220
163 220
162 220
161 221
161 220
160 221
160 220
159 220
158 220
157 220
156 220
155 221
155 222
156 223
157 224
158 225
159 226
160 227
161 228
162 229
163 230
164 231
165 232
166 233
167 234
168 235
169 236
161 230
160 231
159 232
158 233
157 234
156 235
155 236
156 237
157 238
158 239
159 240
160 241
161 242
162 243
163 244
164 245
165 246
166 247
167 248
168 249
154 237
153 238
152 239
151 240
150 241
149 242
148 243
147 244
148 245
148 246
146 243
145 242
144 242
143 242
142 242
141 242
140 242
139 242
138 242
137 242
136 242
135 242
134 242
133 242
154 221
154 220
153 221
153 220
152 220
151 220
150 219
149 219
148 219
147 219
146 219
145 219
144 219
143 219
142 219
141 219
140 219
139 219
138 219
137 219
136 219
135 219
134 219
133 219
132 219
131 219
130 219
129 218
130 217
131 216
132 215
133 214
134 213
135 212
136 211
137 210
138 209
139 208
140 207
141 206
142 205
143 204
144 203
145 202
146 201
147 200
148 199
149 198
150 198
147 198
146 197
145 196
144 195
143 194
142 194
128 217
127 216
126 215
125 214
124 213
123 212
122 211
121 210
120 209
119 210
118 211
117 212
116 213
115 214
114 215
113 216
112 217
111 218
110 219
109 220
109 221
110 221
111 222
108 221
107 222
106 223
105 224
104 225
103 226
102 227
102 228
102 229
102 230
102 231
102 232
102 233
102 234
102 235
102 236
101 236
100 237
99 238
98 239
97 240
96 241
95 242
103 235
104 236
105 237
106 238
107 239
108 240
109 241
110 242
111 243
101 234
101 226
100 225
99 224
98 223
97 224
96 225
95 226
94 227
93 228
92 229
91 230
97 222
96 221
95 221
94 221
93 222
93 221
92 221
91 221
90 221
89 221
88 221
88 220
87 221
86 220
85 219
84 218
83 217
82 216
81 217
81 215
80 214
79 215
78 216
77 217
76 218
75 219
74 220
73 221
72 222
71 223
70 224
69 225
68 226
67 227
66 228
65 229
64 230
63 231
64 232
65 233
66 234
67 235
68 236
69 237
70 238
71 239
72 240
73 240
62 232
79 213
78 212
77 211
76 210
75 209
76 208
77 207
78 206
79 206
74 208
73 207
72 206
71 205
70 204
69 203
68 204
67 205
66 206
65 207
64 208
68 202
69 201
70 200
71 199
72 198
73 197
74 196
75 195
76 194
77 193
78 192
79 191
80 190
81 189
82 188
67 201
66 200
65 199
64 198
63 197
62 196
61 195
60 194
59 193
60 192
61 191
62 190
63 189
64 188
65 187
66 186
58 192
57 191
56 191
55 191
54 191
53 191
52 191
51 191
50 191
49 191
48 191
47 191
46 192
45 193
44 194
43 195
42 196
41 197
40 198
39 199
38 200
37 201
36 202
35 203
34 204
33 205
33 206
34 207
35 208
36 209
37 210
38 211
39 212
40 213
41 214
42 215
43 216
32 205
31 205
30 205
29 206
29 207
29 208
29 209
29 210
29 211
29 212
29 213
29 214
29 215
29 216
29 217
29 218
29 219
29 220
29 221
29 222
29 223
29 224
29 225
30 224
31 225
32 226
33 227
34 228
35 229
36 230
37 231
38 232
39 233
40 234
41 235
42 236
43 237
31 227
30 228
29 228
28 206
27 207
26 207
25 207
24 207
29 205
36 200
35 199
34 198
33 197
32 196
31 195
30 194
45 191
46 190
45 189
44 188
43 187
42 186
41 185
40 184
39 183
38 182
37 181
38 180
39 179
40 178
41 177
42 176
43 175
44 174
45 173
46 172
47 171
48 170
49 169
48 168
47 167
46 166
45 165
44 164
44 163
44 162
36 180
35 179
34 178
33 177
32 176
31 175
30 174
30 173
30 172
30 171
30 170
30 169
30 168
30 167
30 166
30 165
30 164
30 163
30 162
30 161
30 160
30 159
30 158
30 157
30 156
30 155
30 154
30 153
30 152
30 151
30 150
30 149
30 148
30 147
30 146
30 145
30 144
30 143
30 142
30 141
30 140
30 139
30 138
30 137
30 136
30 135
30 134
30 133
30 132
30 131
31 131
32 130
33 129
34 128
35 127
36 128
37 129
38 130
39 131
40 132
40 133
41 133
42 134
43 135
44 136
45 137
46 138
47 139
48 140
45 135
46 134
47 133
48 132
49 131
50 130
51 129
52 128
53 127
54 127
36 126
37 125
37 124
37 123
37 122
37 121
37 120
37 119
37 118
37 117
37 116
37 115
37 114
37 113
37 112
37 111
36 112
38 110
39 109
40 108
41 107
42 106
43 105
44 104
45 104
46 104
47 104
48 104
49 104
49 103
50 104
51 104
52 104
36 110
35 109
34 108
33 107
32 106
31 105
31 104
31 103
31 102
31 101
31 100
31 99
31 98
31 97
31 96
31 95
31 94
31 93
31 92
31 91
31 90
31 89
31 88
31 87
31 86
31 85
31 84
31 83
31 82
31 81
31 80
31 79
31 78
31 77
31 76
31 75
31 74
31 73
31 72
31 71
31 70
31 69
32 68
33 67
34 66
35 65
36 66
37 67
38 68
39 69
40 70
41 71
42 72
43 73
44 74
45 75
46 76
47 77
48 77
39 67
40 66
41 65
42 64
43 63
44 62
45 62
33 65
32 64
31 63
30 62
32 83
30 94
29 95
28 96
27 97
26 98
119 208
118 207
117 206
116 205
115 204
114 203
113 202
112 201
111 200
110 201
109 202
108 203
107 204
106 205
105 206
104 207
103 208
102 209
112 199
113 198
114 197
115 196
116 195
117 194
118 193
119 192
120 191
121 190
112 197
111 196
110 195
109 194
108 195
107 194
106 193
105 192
104 191
103 190
102 189
155 220
183 206
182 205
181 204
180 203
179 202
178 201
177 200
176 199
175 198
174 197
173 196
215 208
215 207
215 206
215 205
215 204
215 203
215 202
215 201
237 208
236 207
236 206
236 205
236 204
278 205
279 206
280 207
281 208
282 209
283 210
284 211
285 212
286 213
287 214
288 215
289 216
290 215
291 214
292 213
293 212
294 211
295 211
296 211
297 211
298 211
299 211
300 211
301 211
302 211
303 211
280 201
281 200
282 199
283 198
284 197
285 196
286 195
287 194
288 193
289 192
290 191
291 190
292 189
293 188
294 187
295 186
296 185
297 186
298 187
299 188
300 189
301 190
302 191
303 192
304 192
297 184
298 183
299 182
300 181
301 180
302 179
303 178
303 177
303 176
303 175
303 174
303 173
303 172
303 171
303 170
303 169
303 168
304 169
302 169
304 167
305 166
305 165
305 164
305 163
305 162
305 161
305 160
305 159
305 158
305 157
305 156
305 155
305 154
305 153
305 152
305 151
305 150
305 149
305 148
305 147
305 146
305 145
305 144
305 143
305 142
305 141
305 140
305 139
305 138
305 137
305 136
305 135
305 134
305 133
306 132
307 131
308 130
309 129
310 128
311 127
312 126
313 125
314 124
315 123
316 122
317 121
318 122
319 123
320 124
321 125
322 126
323 127
324 128
325 129
326 130
327 131
328 131
318 120
319 119
320 118
321 117
322 117
323 117
324 117
325 117
326 117
327 116
328 115
329 116
330 117
331 117
329 114
330 113
331 112
332 111
333 110
334 109
335 108
336 107
337 106
338 105
339 106
340 107
341 108
342 109
343 110
344 111
345 112
346 113
347 114
348 115
349 116
350 117
351 118
352 119
342 107
343 106
344 105
345 104
346 103
347 102
348 101
349 100
350 99
351 98
352 98
337 104
336 103
335 102
334 101
333 100
332 99
331 98
331 97
331 96
320 116
319 115
318 114
317 113
316 112
315 111
314 110
313 109
312 108
311 109
310 110
309 111
308 112
307 113
311 107
310 106
309 105
308 104
308 103
308 102
308 101
308 100
308 99
308 98
308 97
308 96
308 95
308 94
306 130
305 129
304 128
303 127
302 126
301 125
300 124
299 123
298 122
297 121
296 120
295 119
294 118
293 117
292 116
291 115
290 114
289 113
288 112
287 111
286 110
285 109
286 108
287 107
284 108
283 107
282 106
281 105
280 104
279 103
278 102
277 101
276 100
277 99
278 98
279 97
280 96
281 95
282 94
283 93
284 92
285 91
286 90
287 89
275 99
274 98
273 97
272 96
271 95
270 96
269 97
268 98
267 99
266 100
265 101
264 102
263 103
263 104
262 104
261 104
260 104
259 104
258 104
257 104
256 104
255 104
254 104
253 104
252 104
251 104
250 104
249 104
248 104
247 104
246 104
270 94
269 93
268 92
267 91
266 90
265 89
266 88
264 88
263 87
262 87
261 87
260 87
259 87
258 87
257 87
256 87
255 87
254 87
253 87
252 87
251 87
250 87
249 87
248 87
247 87
246 86
246 85
245 85
244 85
243 85
242 85
241 85
240 85
239 85
238 85
237 85
236 85
235 85
234 85
233 85
232 85
231 85
230 85
229 85
228 85
228 84
227 85
226 85
226 84
225 85
225 86
224 87
223 88
222 89
221 90
220 91
219 92
220 93
221 94
222 95
223 96
224 97
225 98
226 99
225 100
224 100
218 93
217 94
216 95
215 96
214 97
213 98
213 99
212 98
211 98
210 98
209 98
208 98
207 99
207 98
206 97
205 96
204 95
203 94
202 93
201 92
200 91
199 92
198 93
197 94
196 95
195 96
194 97
199 90
198 89
197 88
198 87
199 86
200 85
201 84
202 83
203 82
204 81
196 87
195 86
194 85
193 84
192 83
191 82
190 81
189 80
188 81
188 80
187 80
187 79
186 78
185 77
184 76
187 82
186 83
185 84
184 85
183 86
182 87
181 88
180 89
179 90
178 91
177 92
176 93
175 94
174 95
173 96
173 94
172 93
171 92
170 91
169 90
168 89
167 88
166 87
165 86
164 87
163 88
162 89
161 90
160 91
159 92
164 85
163 84
162 83
161 82
160 81
161 80
162 79
163 78
164 77
159 80
158 79
157 78
156 79
155 80
154 81
153 82
152 83
151 84
150 85
149 86
148 87
147 88
146 89
145 90
144 91
143 92
142 91
141 90
140 89
139 88
138 87
137 86
136 86
135 86
134 86
133 86
132 86
131 86
130 86
129 86
128 86
127 86
126 85
125 84
124 84
124 83
123 84
122 84
121 84
120 84
119 84
118 84
117 84
116 84
115 84
114 84
113 84
112 84
111 84
110 84
109 84
108 84
107 84
106 84
105 83
104 82
103 82
102 82
102 81
102 80
102 79
102 78
102 77
102 76
102 75
102 74
102 73
102 72
102 71
102 70
102 69
101 82
100 82
99 82
98 82
97 82
96 82
95 82
94 82
93 82
92 82
91 82
90 82
89 82
88 83
87 84
86 83
85 82
84 81
83 80
82 79
81 78
80 77
79 76
78 75
77 74
76 75
75 76
74 77
73 78
72 79
71 80
70 81
69 82
68 83
67 84
66 85
72 77
71 76
70 75
69 74
68 73
67 72
66 71
65 70
64 69
63 68
62 67
78 73
79 72
80 71
81 70
81 69
81 68
81 67
81 66
123 82
123 81
123 80
123 79
123 78
123 77
123 76
123 75
123 74
123 73
123 72
123 71
152 81
151 80
150 79
149 78
148 77
147 76
146 75
145 74
144 73
143 72
206 100
225 83
304 148
303 149
306 151
307 152
308 153
309 154
310 155
311 156
312 157
313 158
314 159
315 160
316 161
317 162
318 163
319 164
320 165
321 166
322 167
323 168
324 169
325 170
326 171
327 172
318 161
319 160
320 159
321 158
322 157
323 156
324 155
325 154
326 153
327 152
328 152
328 151
329 152
330 153
331 154
332 155
333 156
334 157
335 158
336 159
337 160
338 161
339 162
340 163
341 164
342 165
343 166
344 167
345 168
346 169
347 170
348 171
348 172
348 173
348 174
348 175
348 176
348 177
348 178
348 179
348 180
348 181
348 182
348 183
348 184
348 185
348 186
348 187
348 188
347 189
346 190
345 191
344 192
343 193
342 194
341 195
340 196
339 197
340 198
341 199
342 200
343 201
344 202
345 203
346 204
347 205
338 198
337 199
336 200
335 201
334 202
333 203
332 204
331 205
330 206
329 207
328 208
329 209
330 210
331 211
332 212
333 213
334 214
335 215
336 216
337 217
338 218
339 219
340 220
341 221
342 222
343 223
344 224
345 225
346 226
347 227
348 228
349 229
350 230
351 231
352 232
353 233
354 234
355 235
356 236
357 237
358 238
359 239
360 240
361 241
362 242
363 243
364 244
365 245
366 246
367 247
368 248
369 249
370 250
371 251
372 252
373 253
374 254
374 255
374 256
375 255
376 256
377 257
378 258
379 259
380 260
381 261
382 262
383 263
384 264
385 265
386 266
387 266
388 266
389 266
390 266
391 266
392 266
393 266
394 266
395 266
396 267
397 268
398 269
399 269
400 269
401 269
402 269
403 269
404 269
405 269
406 269
407 269
407 268
408 269
408 268
409 269
410 269
411 269
412 269
413 269
414 269
414 268
415 269
416 269
417 270
418 271
419 271
420 271
421 271
422 271
423 271
424 271
425 271
426 271
427 271
428 271
429 271
430 270
431 269
432 268
433 267
434 266
435 265
436 264
437 263
438 262
439 261
440 260
441 259
442 258
443 258
444 258
445 258
446 258
447 258
448 258
449 258
450 259
450 258
451 257
452 256
453 255
454 254
455 253
456 252
457 251
458 250
459 249
460 248
461 247
462 248
463 249
464 250
465 250
462 246
463 245
464 245
465 245
466 245
467 245
468 245
469 245
470 246
470 245
471 245
472 245
473 245
474 245
475 245
476 245
477 245
478 246
478 245
479 245
480 245
481 245
482 245
483 245
484 245
485 245
486 245
487 244
488 243
489 242
490 241
491 240
492 239
493 238
494 237
495 236
496 235
497 234
498 235
499 235
498 233
499 232
500 233
501 234
502 235
503 236
504 237
505 238
506 239
507 240
508 241
509 242
510 243
511 244
512 244
500 231
501 230
502 229
503 228
504 227
505 226
506 225
506 224
506 223
506 222
506 221
506 220
506 219
506 218
507 217
508 216
509 215
510 214
511 213
512 212
513 211
514 210
515 209
515 208
515 207
515 206
515 205
515 204
516 203
517 202
518 201
519 200
520 199
521 198
522 197
523 196
524 195
525 194
525 193
525 192
525 191
525 190
525 189
525 188
525 187
525 186
524 187
523 187
522 187
521 187
520 187
519 187
526 185
527 184
528 183
529 182
530 181
531 180
532 179
533 178
534 177
535 176
536 175
536 174
536 173
536 172
536 171
536 170
536 169
537 168
538 167
539 167
535 168
534 167
533 166
532 165
531 164
530 163
529 162
528 161
527 160
526 159
525 158
524 157
523 156
522 155
521 154
520 153
519 152
518 151
517 150
516 149
515 148
514 147
513 146
512 145
513 144
514 143
515 142
516 141
517 140
518 139
519 138
520 137
521 136
520 135
519 134
518 133
517 132
516 131
515 130
514 129
513 128
512 127
511 126
510 125
509 124
509 123
509 122
509 121
509 120
509 119
509 118
509 117
509 116
509 115
508 114
507 113
506 112
505 111
504 110
503 109
502 108
501 107
500 106
499 106
498 106
497 106
496 106
495 106
494 106
493 106
492 106
531 178
530 177
471 247
472 248
473 249
474 250
475 251
476 252
477 253
478 254
479 255
480 256
481 257
482 258
483 259
484 260
485 261
486 262
487 263
488 264
489 265
490 266
490 267
491 267
492 268
493 269
494 270
495 271
496 272
497 273
498 274
499 275
500 276
501 277
502 278
503 279
504 280
505 281
506 282
507 283
508 284
509 284
510 284
510 283
511 284
511 282
512 281
513 282
514 283
513 280
514 279
515 280
516 281
517 282
518 283
519 284
520 285
521 286
522 287
523 288
515 278
516 277
517 276
518 275
519 274
520 273
521 272
522 271
523 270
497 275
496 276
495 277
494 278
493 279
492 280
491 281
490 282
489 283
488 283
491 265
492 264
493 263
494 262
495 261
496 260
497 259
498 258
499 257
451 260
452 261
438 260
437 259
436 258
435 257
434 256
433 255
397 266
398 265
399 264
400 263
401 262
402 261
403 260
404 259
405 258
406 257
407 256
408 255
409 254
410 253
411 252
382 260
383 259
384 258
385 257
386 256
387 255
388 254
389 253
390 252
377 259
376 260
375 261
374 262
373 263
372 263
370 252
369 253
368 254
367 255
366 256
365 257
364 258
363 259
362 260
361 261
360 262
359 263
357 239
356 240
355 241
354 242
353 243
352 244
327 209
326 210
325 211
325 212
325 213
325 214
325 215
325 216
325 217
325 218
325 219
325 220
325 221
325 222
325 223
325 224
325 225
325 226
325 227
325 228
325 229
324 230
324 229
323 231
322 232
322 233
322 234
322 235
322 236
322 237
322 238
322 239
322 240
322 241
322 242
322 243
322 244
322 245
322 246
322 247
323 246
324 247
325 248
326 249
327 250
328 251
329 252
330 253
331 254
332 255
333 256
334 257
335 258
336 259
337 260
338 261
339 261
340 261
341 261
342 261
343 261
344 261
336 261
335 262
334 263
333 264
332 265
331 266
330 267
328 249
329 248
330 247
331 246
332 245
324 249
323 250
322 251
321 252
326 208
334 200
333 199
332 198
331 197
330 196
329 195
328 194
327 193
349 170
339 160
340 159
341 158
342 157
343 156
344 155
345 154
346 153
347 152
348 151
349 150
349 149
350 149
350 148
351 147
352 146
352 145
352 144
352 143
352 142
352 141
188
287 89
349 170
133 242
465 250
225 83
200 319
143 92
319 340
288 264
307 294
300 314
539 167
198 340
82 188
298 334
193 346
54 127
352 119
266 88
204 81
91 230
30 194
62 67
390 252
452 261
276 230
148 246
287 107
302 169
331 117
194 97
347 205
429 271
269 255
283 289
30 62
372 263
287 331
250 304
308 273
252 361
283 365
514 283
288 291
236 204
352 141
85 82
303 211
62 232
291 309
79 206
492 106
490 266
123 71
277 209
215 201
307 113
44 162
499 235
328 131
506 219
521 136
512 244
206 100
49 169
164 77
269 281
332 245
262 302
255 323
368 248
194 200
151 220
523 270
45 62
330 267
224 252
143 72
48 77
486 245
81 66
203 242
304 192
159 92
173 196
161 221
352 98
142 194
32 83
130 219
184 76
81 217
499 257
308 94
328 151
515 204
221 326
289 216
523 288
509 115
321 252
29 228
411 252
219 350
325 298
322 286
302 231
318 319
519 187
179 315
246 104
127 86
272 332
344 261
172 342
121 210
275 349
216 209
66 186
111 222
30 131
106 84
73 240
345 225
237 225
102 189
257 212
64 208
256 256
26 98
359 263
173 96
43 216
289 248
302 252
408 268
308 348
326 208
168 249
488 283
45 191
433 255
237 239
263 104
305 129
324 229
278 310
111 243
327 172
52 104
30 152
303 149
102 209
316 370
348 188
48 140
224 100
102 69
303 369
251 283
245 259
24 207
253 340
257 236
349 149
43 237
530 177
218 229
182 229
150 198
389 266
95 242
175 323
197 221
352 244
66 85
327 193
246 85
30 173
38 110
234 326
176 215
169 236
311 109
190 250
121 190
232 347
331 96
