23 2735 7463 3578 6630 3469 9299 6253 1981 8415 5140 6560 9295 574 6419 8013 4382 2158 8270 2822 2337 6210 3562 8535
37 6689 7957 580 1794 1170 3596 9452 5466 481 1326 8796 9949 4034 4327 9133 9912 7629 3845 9264 7384 26 3130 3241 5525 7288 8680 7345 2183 2666 2555 7485 1362 504 8943 3965 5446 1439
23 3090 7956 6649 7088 5875 5332 2439 4942 7363 4915 941 2582 5084 2701 3162 2725 1952 7611 7801 2073 4057 108 1931
8 1209 1135 6953 3916 5796 1373 3244 7581
26 6466 273 55 583 7229 2589 6740 5377 3842 5650 2771 8804 7118 1768 7498 8051 9077 4219 5929 2535 5872 909 7750 3212 449 7015
31 5018 4435 2507 1492 8739 4910 3188 2518 6141 6078 4371 7761 4871 4937 6548 2504 214 4547 7521 6938 3344 1895 9098 7688 6614 7568 6693 1195 3110 8717 7527
20 9313 2356 3457 2531 8149 9406 7553 1697 6409 5291 7535 2453 2477 4301 8891 9301 5294 8163 5760 8171
28 2519 5424 1883 7287 2079 945 3424 277 8835 6012 6729 646 5838 560 4195 40 8638 8159 6681 2561 3222 7886 5420 3142 2027 6388 632 5886
10 549 1866 8227 712 6464 9198 6782 2238 3408 7825
30 4525 9675 8395 9291 3147 8493 4866 1264 912 7259 3673 8177 2139 2995 5448 8052 6773 4827 7385 9197 5928 5467 1825 1585 1173 9759 4474 5224 557 6260
32 5934 8029 3138 457 8991 8128 8173 2368 2525 1193 6218 9659 5353 880 1075 4518 3416 8920 3747 7674 5789 4708 1103 9253 9437 8352 7964 6028 9387 6339 6603 5571
23 4679 9158 5193 7037 9441 3454 5314 9110 6414 9218 4473 8233 6281 9522 6894 8608 2301 7869 5311 7300 5494 8451 6060
5 88 5497 7227 1007 1022
33 7109 6647 1480 8645 3851 2234 4564 9838 8268 4688 9043 1501 9630 4388 8841 347 4719 7545 2149 373 2125 5594 3214 5806 6770 6057 3153 9747 5855 7976 325 4909 9317
36 2465 3371 8728 4877 8586 6304 4630 3200 6742 8989 4481 9546 7239 8160 9328 2229 8291 6437 1516 8961 4259 4710 6552 8689 4251 8778 8060 8322 5197 336 9567 3836 7776 707 1473 8350
23 519 2316 5304 219 6912 5008 2989 4690 2151 7368 5600 3505 8004 8017 1821 4303 5044 7039 8859 729 6300 4865 58
4 4309 8670 5475 2528
22 5970 9550 7665 1443 9408 6094 3986 4840 9302 5385 7635 1457 72 7890 2868 2779 5776 8114 7951 3020 8319 3934
28 4839 4637 5649 8412 5260 9623 4019 1810 7967 7998 1283 1073 2431 3389 9933 2427 3419 4859 4041 8313 2170 4458 2847 8636 7950 3987 5125 8543
28 5324 7928 7799 6745 6762 9440 9248 6156 1051 5247 2938 947 7195 7262 2990 2085 2785 3582 8476 4738 7584 1099 3456 5121 1868 0 1722 7441
17 719 8973 1143 3330 5019 7084 4178 2616 5423 9986 7954 5798 9971 2773 4987 9796 3386
20 606 6916 8675 6418 5727 7891 9144 9252 7153 8972 8936 8845 6760 8684 3899 1390 6384 6084 5293 5665
26 423 4008 8578 2480 3754 8746 21 1819 7819 6083 8933 6431 3908 3881 5893 451 1649 9201 8132 5897 1408 6334 8232 8923 3656 2225
22 1776 4984 9852 4455 6410 5621 3701 6024 1169 9234 8018 2565 2397 4667 3592 9998 1624 6683 3395 9740 3286 7356
29 6031 3082 2665 374 8869 5033 121 8952 4734 4539 5519 9225 1753 5558 7326 5582 1237 1740 8399 7644 6637 4707 9206 452 5207 4611 6546 828 2463
27 187 84 157 9207 1194 8803 7193 529 7019 382 1787 9790 7334 249 1533 8003 8097 3864 7844 8096 5688 1043 6317 5150 790 4140 4563
38 6663 9799 2278 7709 3294 4260 4537 4935 6296 4867 5120 7172 3615 3038 348 5557 4532 1203 6104 2024 7351 5640 5421 7021 9958 8966 7247 9096 7786 1616 9008 746 3978 9323 9875 5718 9146 3284
18 1066 8758 8187 2033 9134 6784 2667 4879 949 1271 1692 1598 3127 2034 3847 453 512 9868
34 5335 5885 8420 9698 8630 3236 1630 2838 2520 5049 502 119 4782 7628 5584 921 115 2906 7592 8148 1612 2042 2923 8299 3841 213 6490 7292 771 2047 4118 4492 8066 923
17 8175 5192 6961 3647 693 7620 9455 1049 2763 8964 2594 1301 7496 4383 6294 5280 3264
31 1560 3257 1489 9267 7086 9680 1729 3789 7364 7411 2797 3373 7197 2467 5708 8550 2137 2154 6785 1466 1316 3955 7155 7185 1351 9047 9648 8082 3111 1226 4124
14 4758 1724 1838 7889 7704 3160 9412 1564 3614 2486 4339 9461 6302 3643
33 3817 4618 2559 585 7612 7320 2106 2143 2511 1054 3833 4493 494 7971 9272 1330 2054 7167 4009 1471 238 4316 3960 3777 9029 8885 3800 5236 9600 6817 3762 8898 9829
27 3580 3197 2748 2742 4154 4250 7685 832 8191 8695 5803 3675 396 4247 6677 3750 6775 3699 9378 5389 7397 7330 2381 3355 6314 6976 8000
27 6252 5913 3099 8956 5700 9167 6684 4106 6974 5763 8844 7520 9683 4923 4222 4402 8234 1379 5657 9961 7973 2318 8405 3872 9025 2114 8022
21 1273 3030 2324 5808 6457 315 6804 6450 4207 1863 8035 2802 7445 7604 6865 5221 4329 5883 2289 5408 7899
20 7499 4058 4475 2538 7677 4794 2539 4088 2333 986 595 9070 5014 2648 4689 7806 7453 3028 9865 231
13 1867 4829 5782 6211 3597 134 7734 285 5607 727 4023 3023 9693
10 7965 3855 8406 8271 3540 7585 3426 3191 9738 7110
16 6822 5716 9411 6843 666 2209 514 8691 8446 3225 4230 1764 3185 472 2312 7625
12 2432 3555 7141 113 3546 6150 8346 1655 3885 5234 5091 5891
17 7070 3654 8345 8569 8127 836 4004 6144 3132 6516 148 7261 6598 6311 8332 4886 5501
29 1178 3949 8272 2680 4406 3846 4638 366 3902 2231 9237 1566 5168 2646 6691 5938 4783 2371 6723 2929 3254 810 9010 3349 9568 480 4904 5817 702
30 3055 8102 9473 5818 5487 5006 5307 7882 3759 649 9228 2760 4221 6726 1217 6612 7101 9250 8471 2918 4943 9308 9174 7667 1663 8365 9465 4506 144 2100
15 4742 1005 7318 8783 7325 8663 6401 1462 7052 4795 7163 6981 906 1570 2840
17 8890 9848 2433 5126 9343 8818 6468 4797 3950 8802 8602 5524 7409 1350 5977 3458 3125
14 6002 4855 6115 1978 2233 1593 9459 6594 7244 2010 8255 5923 3347 6221
4 8773 7940 692 4471
36 8292 4214 9820 8484 4428 9246 7768 284 4704 7856 8737 3434 4244 3862 8871 5569 8450 7823 5801 3428 7286 545 731 5220 1124 5128 6406 7371 8012 5728 5767 5588 4434 9448 8561 8722
35 672 2008 6607 7329 5890 5025 7557 3583 6814 5366 2556 9482 2248 7339 5473 8007 9706 7462 8539 184 534 7179 6604 9899 496 3413 1795 4272 6335 8888 8607 6789 7395 82 1929
24 7475 5902 7188 3005 7230 3329 9602 720 7867 6392 2041 5656 8367 4713 178 6579 1309 5070 8721 8033 7990 1961 1966 2172
36 8477 2576 2313 7455 1605 7180 2791 6786 5954 4202 1684 1693 2171 2693 2621 6231 4591 2631 3351 1266 3283 4619 6813 2721 9973 6792 9439 6194 6411 2730 68 9259 9811 6273 7533 8874
31 5235 6724 3410 1407 109 6493 2928 2642 6021 5917 8112 1902 7276 120 3657 2875 5372 3799 2607 9074 8109 1681 2479 4279 4549 1714 1597 9163 1382 2325 6753
25 6277 3253 1353 8184 2128 4347 2011 395 8027 6926 3121 3079 1982 670 7782 5997 351 4516 2974 4134 5434 7481 535 7375 4243
29 2720 1105 313 1152 709 1110 7697 5610 3691 1368 7755 6939 8334 4881 3438 9725 3568 2489 2022 4026 9414 1126 9885 8341 7476 4671 5179 9354 4540
23 9409 9449 415 9232 3731 1199 2345 1236 7999 3689 7003 8248 5736 7279 8349 221 7202 6019 1841 9938 8098 3819 6148
13 2920 7913 645 4099 2505 6737 7316 1008 1679 6036 6591 685 948
16 4094 117 6039 7926 5532 4092 3796 2506 3359 4727 3548 9984 1615 2815 1652 4374
12 3629 4143 2176 3246 7590 5013 1567 1076 4684 7959 8714 6499
23 677 6695 1735 3667 696 4885 5112 4200 5089 1010 4246 417 7710 5751 6270 6484 2184 5725 6839 5073 7650 3962 2430
10 3607 7399 7877 7064 7156 6199 2736 4811 8538 7733
21 9679 4842 1993 5227 7398 9128 9595 6206 199 596 8995 1239 5951 4328 1710 1417 7987 6921 7009 1592 4941
24 1097 4894 268 3655 7512 3572 1524 7567 172 9018 8421 8882 5837 1523 3258 1930 7712 8063 9376 4232 7583 5589 6230 4325
21 9752 541 3008 8458 1778 6904 5862 4335 3004 5257 9367 1936 269 1739 7317 3671 9792 653 12 9753 4292
9 6670 7468 362 2488 110 7023 9484 2926 1304
15 1757 9283 5402 3918 6123 9985 9702 7785 4605 8101 2173 1067 2502 3975 2724
41 5440 9979 6361 8787 1113 2963 661 9012 6125 1 8937 4880 2075 9992 7894 7508 8562 9983 3672 3372 5139 4912 4970 3912 8049 3448 3074 1707 9099 7100 5195 4271 8579 7044 3248 5935 2372 3335 4951 6417 7404
21 9514 8509 5218 4693 7104 2523 825 3585 483 9190 100 8403 91 8970 967 7493 6515 8572 706 4122 6152
25 2571 6228 6269 2424 3990 3849 5748 9349 5597 3628 6234 1337 5165 3730 4945 6623 5755 9391 3835 460 3151 6991 2516 8057 5173
22 563 1422 5123 2630 1071 4856 4985 2148 1727 1606 331 1083 62 995 3179 1950 5735 5599 3856 5476 5077 8877
14 6381 1528 1563 6066 461 6566 8125 1922 4691 955 4242 2457 2253 3620
12 9003 920 6633 2166 5856 2401 839 4020 330 531 2385 1880
34 3549 8962 1414 4208 7357 6164 8040 4703 6563 7092 2696 9684 9195 9357 7778 5632 3044 6179 7570 5233 2478 2344 4748 3223 3943 312 664 5749 3040 3273 390 8423 7888 8862
35 4601 9325 8213 6502 4781 2123 2711 3092 7243 2967 4806 8530 5267 1369 9900 8542 8953 8193 1255 3645 8661 3776 1388 8297 6759 1858 6828 1829 7251 9069 7639 182 3741 2529 7017
11 7657 8179 3333 7948 5138 9590 9931 2347 3679 6191 1038
18 2015 92 4913 2270 7014 7918 5005 3 1296 537 8325 9597 1782 1405 5149 2195 8276 7376
32 8708 372 957 6139 817 2714 5500 4836 9897 3622 4828 52 4939 816 9734 3150 7352 733 6667 3805 2155 6945 8716 5820 1095 1419 8363 2321 5055 5720 3514 1948
21 5860 4307 3281 7911 9649 2426 9316 3786 6327 5601 7548 1537 1942 3946 138 7490 4062 6888 9884 2281 2758
33 9847 5615 4706 842 166 2915 7372 7236 1628 7211 1733 7342 5861 7770 9268 2052 9333 1783 4075 2765 8294 6758 1654 9501 7827 5823 410 5175 9599 5949 6087 2691 3825
19 2883 568 2603 7993 2512 7804 8394 6586 5288 404 4488 4022 8452 9676 246 6288 4047 8301 5586
35 9913 1245 1352 3205 3904 193 6885 7920 2835 9785 3992 5908 50 5966 8738 7327 4870 6105 3935 4889 2719 3854 5826 5028 4422 6535 2182 7544 4149 6310 587 1809 8001 5398 224
22 5445 1888 61 3168 2297 6910 8540 936 5986 8863 1918 8704 2226 2860 7056 9772 5096 6291 5515 3838 5198 638
29 9976 6541 8932 5491 8629 4635 2904 8521 6634 8795 1079 9242 8378 7988 2122 8857 5556 714 9456 9509 367 5206 1333 8942 6176 749 5896 5547 9916
40 4078 8342 7028 6110 9851 8574 9874 7312 4376 7579 6967 4744 6416 3646 1448 4085 1638 6833 5529 8136 6366 5552 6061 9584 914 8887 5681 2218 6267 2876 850 5345 9468 4841 7955 2287 1290 1677 869 8740
12 8310 222 5245 5393 2293 1121 4717 1539 3101 9420 3331 8824
16 9888 5341 3692 5881 3708 2769 7502 399 1402 9205 4144 3299 220 5350 8358 1284
32 6263 6662 4546 1090 4184 5507 7870 3972 3433 5437 3790 2846 7949 4566 680 9337 5097 9400 5921 866 9258 6049 6690 5338 8145 7983 2219 3427 3059 6323 7057 5543
30 1305 6807 3564 4644 5952 353 7503 2867 3231 7045 8401 4634 9643 9533 8199 1990 9828 9415 8084 1661 4284 7295 5130 5613 3931 5361 9635 6624 4592 8377
17 6815 9216 6160 9733 3249 739 699 8774 9559 1904 5012 7246 9068 4798 1412 4206 1855
28 3307 9523 3025 610 4056 7140 8262 8020 5060 9401 7779 6793 2109 5191 8775 5484 8997 2447 5122 3711 548 345 3464 1484 5974 9058 1295 1562
17 303 7862 3119 6989 6716 9612 7080 3075 7222 7645 5210 4323 6863 3982 2851 558 2620
18 4071 4495 4586 7435 7198 5721 933 4953 5050 2160 8303 3889 3871 4185 6533 6266 295 7472
21 1335 7114 4414 6924 6068 530 5425 5957 8093 1634 7284 1706 8180 5750 673 899 5609 3042 4310 8122 939
32 2917 8840 8564 8557 6658 3170 6053 9487 782 2731 3493 6618 1325 516 8494 4772 6830 6897 8258 1485 261 7076 1249 3920 6532 5118 6108 322 7073 5825 5362 1367
5 8731 3693 5991 1744 4321
20 8878 7847 6247 3685 5709 2359 7904 9079 1690 8392 3927 9582 5319 5936 2070 251 5022 7537 2353 464
35 1138 8204 7711 5358 1734 4833 1995 3717 6903 2937 4541 5713 7555 2192 4892 4263 2959 8492 2634 6679 2365 6860 3412 735 2101 1703 5505 5741 3998 2450 2656 5162 7002 770 913
26 9619 489 1332 8290 2147 7226 5503 6480 578 5064 9574 8460 2715 1850 3489 9877 3360 7160 5987 651 4367 8269 4500 6943 6365 438
22 7013 9231 8992 6006 4289 8669 8498 8417 5585 9059 3517 1974 9893 5618 4448 5940 2914 3945 2152 8526 616 3274
12 2061 7293 1784 1372 4959 3202 6521 8461 5592 3500 3069 1962
29 5086 961 5598 6767 477 9052 2784 2975 1208 1416 1420 3266 4454 4360 3296 4952 4509 9365 2638 1120 6998 4193 2475 3218 8941 7681 1082 8957 3569
32 7929 741 9020 554 6654 3826 9087 965 9286 8348 7534 5764 3782 2319 3186 3356 5134 798 1444 9857 7480 2223 6590 8495 6396 3423 6007 1403 4785 7673 998 8331
24 5300 3149 2327 1228 7210 6669 6220 6356 4139 8742 2404 7456 4969 5684 2910 202 2228 9418 6993 8744 7151 1939 7739 8921
13 1315 2418 6109 6779 4229 3563 1694 2349 479 3983 2277 3611 4158
34 9707 5222 8024 9974 1251 1959 9100 2394 9101 2395 7805 3843 4117 1429 6930 2909 4394 4264 8383 4543 9142 2713 7354 3178 1657 4461 7942 4283 1490 3957 8455 8275 6840 3063
20 7429 567 6329 1024 513 9869 9251 6397 6432 7969 5286 8633 745 192 6193 9794 3504 8808 8178 9227
19 7861 3988 6965 5858 6239 6338 3199 2754 4070 7519 4837 2460 834 3627 7722 5616 1147 1204 5225
15 4059 24 2429 9166 3579 1013 1635 5189 3396 2305 1272 7492 3778 5298 5903
27 5299 29 6189 726 200 5535 1200 4404 3270 611 7209 2673 3532 4227 1299 9687 6386 8261 4906 2768 2004 9017 7294 5612 5930 7128 7522
25 6783 445 7687 1803 4449 319 9001 9934 1911 7440 1682 1666 2350 6937 5989 3716 3385 1374 1334 763 5542 6212 3863 5253 6890
33 7401 622 8086 1406 5654 5369 5554 326 35 9037 2613 8324 6946 2314 799 2468 3163 2144 7099 3328 6827 1596 2403 4341 3282 7841 8230 4390 9764 759 5944 7938 5504
30 3167 9935 7116 3384 3354 267 633 1256 2260 1943 5567 4159 5041 8764 3714 7125 1116 2712 2772 6337 6577 9697 4183 5781 7157 4640 6045 7059 1559 2508
14 3444 4150 6424 8489 2942 8435 1625 3129 655 8940 2654 1475 9031 6190
23 769 1833 8520 3409 1874 2548 6866 3115 8212 6982 1275 2340 2793 7741 1092 2890 1270 1691 5961 3048 6934 2879 89
22 3696 9392 821 2558 2156 2315 1590 405 1882 2269 5321 3091 5924 1881 6153 3923 5831 7705 5790 1001 1084 8897
37 9305 7952 6694 9405 8425 8459 7224 8410 7934 572 7477 5426 6178 1476 5305 3606 4055 2568 8544 8470 9185 8958 1486 7670 3011 4576 9108 985 9953 960 4324 5604 1892 4315 9781 6944 8453
15 9563 789 9011 7690 378 2919 3345 1521 9516 30 2958 1752 2513 338 1555
11 2247 7716 5463 1696 4419 900 2310 1258 4203 6978 4641
30 4377 7119 1323 400 7379 7113 4353 1820 8646 6820 3406 7708 7735 8169 357 6167 1302 3320 3407 4275 7839 6373 6867 5591 9749 4142 6750 4723 9215 3346
19 6412 4687 4873 8302 3029 368 5284 8304 8872 8813 2354 5255 2517 2968 3243 3486 5787 5147 181
9 2135 2828 1384 6849 6851 5983 1582 7981 3638
20 713 2986 4882 2944 9806 419 5712 8059 7663 380 175 5792 9478 5040 4012 1905 8916 7531 7142 8402
27 2949 311 7479 4331 3531 3228 281 7754 4821 6235 8545 4217 9428 999 7497 576 7332 2863 4928 7241 2046 299 3637 6242 6258 2770 307
15 700 2941 3321 3774 6791 570 6328 5363 7828 2624 8503 8409 4049 6051 976
35 8703 1664 4098 6794 8055 8426 8902 951 4656 6182 617 9475 2044 7315 3981 5619 6562 3534 857 2443 3973 242 6628 1025 8914 340 5791 1824 7744 3715 4501 7985 8260 1293 1456
21 3442 6952 9670 3527 3608 9072 4578 1179 6376 1450 4370 9531 2028 5053 4146 5142 6964 1751 5894 758 247
37 1543 3743 6913 5572 8370 9944 2605 9735 6399 1644 9288 3466 7857 8551 3661 3894 11 809 6565 5052 9665 2752 4982 1811 4917 848 2824 7338 4116 2490 6731 3280 6664 623 9311 6073 6917
15 6831 2020 4788 1227 658 9864 3338 7762 118 1589 2393 959 8253 6795 3812
32 6901 6900 7186 9402 4648 6951 2783 4396 2140 8615 4344 6359 1297 3394 7078 5786 2841 9490 7627 4746 8050 6229 8839 3769 8751 191 4983 9674 7649 1472 1261 5312
20 6403 1845 8030 3122 3829 2907 1695 6980 8822 6720 3175 4577 1404 1731 4994 9467 6434 7586 5931 3586
15 3156 3103 5027 7810 9463 5480 9921 7374 7596 797 70 421 5978 3880 3543
14 2384 5384 1094 5739 1375 4579 3878 9966 2454 888 5652 7702 2878 9172
14 8518 734 1879 3358 6154 80 1188 631 5266 1044 6914 8959 7335 1088
33 5769 2869 394 7864 3148 6558 3459 9274 442 4733 3220 9375 7595 3165 7081 9632 9611 897 408 3767 6382 1775 9016 6878 8577 9756 2005 5775 1848 8866 7069 1718 8947
13 9393 2912 5161 2296 1438 7129 7451 2335 4421 3105 2573 5174 2813
10 7040 4346 7640 7849 3276 1860 8715 7638 9927 9569
33 1515 8559 2774 19 9090 4223 4084 8464 2651 1281 2979 546 7103 509 4224 1875 384 3198 9193 3823 8388 4757 4922 3240 1440 8183 8558 3971 9876 5443 7943 4725 9476
27 1992 1269 3976 9965 4299 2112 7692 6280 4256 8263 1338 5702 9106 1709 6495 4430 3154 3000 6429 940 1572 8522 4900 5889 9067 3644 8374
29 6198 9581 8698 1447 3575 9996 9666 5636 6473 5303 2999 8642 300 4415 4773 3570 4499 7024 4407 5849 6469 8491 5565 6798 5035 8443 6632 6400 7760
16 8640 9121 9471 9571 1765 793 5078 1575 5095 2764 8501 1287 4416 5988 3727 8089
15 3869 6321 2749 7449 6219 4210 4191 5950 2625 7079 131 7038 1191 4273 1701
18 375 5971 5387 7471 8323 1030 3068 6922 7434 5371 3809 54 2339 6224 6845 9878 7348 6405
35 8329 3471 6044 1637 4583 9920 7631 4228 4029 2105 3970 4356 9963 1220 987 9000 9553 9843 6146 3980 3353 2542 5490 2499 8393 9854 5800 7089 3084 7509 5726 8861 9507 5973 4281
19 474 1815 3697 6404 2641 3196 9691 2626 697 9030 977 1835 6570 9177 7679 6610 7359 652 9049
8 5868 6456 6780 8965 1411 5102 8565 6527
17 1040 4536 1609 2357 7346 5250 5101 4921 37 9368 2632 8165 1265 5590 2733 4234 7773
29 5693 5343 5237 8274 7574 3375 8681 6034 9576 2355 9561 6297 5301 8534 5694 4569 7062 2398 4960 6264 1274 6854 4573 6545 2747 3687 265 7758 5108
14 9140 5381 8189 3758 1363 8554 506 9118 4021 4063 5914 9006 7237 8563
33 6706 297 9187 2738 2536 4437 2422 8832 6836 439 8766 8791 6402 7191 6672 388 5317 1519 3979 7419 8776 3523 577 6823 5943 6551 7358 9746 2830 6250 1115 1341 2664
28 5717 9626 3245 1773 3104 4815 9757 2570 2600 1046 2527 2415 6041 4453 4625 2614 1921 5258 5176 7800 45 2162 3630 4817 4298 5659 5563 5895
22 2695 6485 4387 9544 1869 9105 4520 2186 6174 4097 7598 6180 2496 6037 5275 1481 6895 5731 9942 3107 5318 4286
16 768 5990 3067 7406 128 435 5593 2343 9038 4014 1061 1940 1479 4181 1020 1230
15 4090 5406 3239 9046 8158 5710 2118 4153 7323 9345 1529 9732 2567 9358 641
28 9084 4066 7108 2110 7361 544 9300 1248 4515 2037 7790 3256 5911 2948 4168 5512 5109 7851 7526 2249 4808 3041 4504 3287 3591 5682 9417 2117
13 4379 9901 3049 9347 8376 3891 8573 4048 7630 2670 4567 7871 8553
15 7561 6656 1512 8073 7000 1460 6398 169 2473 9044 8975 1594 2689 4823 437
31 4494 6529 3640 8449 9320 2455 47 1430 39 8413 2065 7866 6824 8745 2611 3501 1053 8829 217 9244 5509 2692 7540 60 3140 8384 9669 3378 6368 994 8910
14 8950 8587 190 5743 7319 6003 9804 7253 5409 2119 3974 833 8662 9377
16 4948 6004 1218 2537 1386 2686 657 7808 2290 3230 5272 4447 6348 2609 2019 3417
23 8711 867 7793 8293 6444 889 5274 9183 8842 703 9730 3195 5677 6315 8931 9399 1366 2746 5397 1202 3797 4189 807
16 6135 7846 608 3381 1670 7728 5993 418 3728 4589 8240 6717 845 5508 8797 7036
11 3651 1192 7671 1919 6355 2127 762 3134 6458 3172 3994
25 8736 6884 5295 5156 6584 4786 6062 2187 3798 5959 1069 1012 724 8140 1736 3503 3526 6995 8619 9525 7053 8124 9277 4779 5819
15 5213 5948 3208 5746 3601 5214 4875 8614 5187 5642 7684 589 2069 4991 1545
21 7020 8713 206 482 9549 7698 7034 4854 9846 1081 7532 7817 4677 1934 3610 2309 4033 5444 8641 1805 207
22 3311 499 9754 9919 3234 305 2274 7820 3365 5215 4215 5916 123 1760 4702 9745 7350 9555 8138 5647 2271 3313
24 8209 5744 4170 3989 4080 4666 6526 9761 9481 3867 4853 8864 2402 6462 5171 9489 2759 3745 3180 9494 5839 9589 910 3688
21 5113 1973 350 2931 4487 5411 2084 7192 609 1769 124 6936 9148 3106 7290 9383 4392 1549 1437 792 3723
9 1651 1421 8088 7813 7719 8265 8497 2055 5848
24 627 5698 6765 3193 9767 1314 5778 3682 4351 2222 8466 781 6233 7646 2775 3653 4946 1329 1683 2940 9717 5696 2203 4622
27 1984 6752 3334 8868 8768 3802 2076 4497 7837 8062 6932 3811 5163 7065 613 5157 3832 2380 3312 9269 5912 4633 7617 6872 7257 1699 6994
16 902 3865 3403 975 9947 98 9179 7732 1738 5603 8075 1643 2893 8481 6542 2939
25 9137 4352 8998 3751 9444 1761 4902 7353 4754 7853 1321 8853 7978 3771 2252 4896 5242 9120 9499 5057 1306 675 1951 5415 8789
18 2788 874 1276 5955 4658 660 4709 6850 6391 5039 7266 5692 5715 1027 2376 4545 3857 7881
21 8848 7792 493 2856 2235 152 233 1322 2068 9212 3076 9386 5873 1157 1435 755 3733 3633 6 9532 9536
30 3951 5510 9255 3066 9512 2551 6132 6593 6248 3997 9724 3963 4096 6488 7132 5216 1394 2197 4674 801 3820 2522 167 9040 8364 6766 301 2697 1359 3380
31 4511 4255 7737 8772 3807 7203 7730 3609 8510 7234 275 8105 7587 3449 5104 77 5271 386 7721 815 3242 9204 2707 9618 765 4672 4620 5418 3702 8070 9918
14 2006 6200 2382 2060 3435 9364 4838 9519 1680 2629 466 3860 1813 6650
28 6747 1100 5996 4109 6202 9104 9071 6643 3482 8981 4433 4802 5340 2861 7392 2358 5456 4198 8172 5110 6732 1712 7170 5960 8080 6911 7133 9281
18 2026 4661 7637 9696 8133 2825 2852 3952 7187 1198 3157 5094 7298 6583 1087 2130 7996 9326
10 8021 7347 9462 1743 2996 3483 3551 7121 3725 9360
16 2436 2957 3603 9925 1623 1068 9279 1851 9217 6046 8893 4570 9898 2540 6433 3928
13 2899 892 7546 1994 6567 881 674 5116 387 8788 4700 3324 2007
24 864 6208 4450 1779 2246 6181 6363 3977 4997 4597 7454 7966 738 1183 7388 2466 8107 9895 598 4927 2554 3080 4364 432
8 5359 4233 3317 7446 3114 2751 9293 7433
11 6877 1588 2690 1252 8071 2767 3492 4606 4542 5697 8069
18 6735 7373 2464 4749 1968 4872 9822 2547 8111 9750 3720 5845 8756 5874 8880 7283 5865 8618
25 8699 7927 3073 3554 4957 1884 4485 159 2377 7466 6279 7407 4456 6642 5664 151 5154 3027 3844 6600 1586 8226 263 8375 9304
24 5034 6307 3991 3602 2992 7494 4986 4930 4384 8782 9817 7194 7672 4135 4745 1763 1933 9588 1285 8683 1927 5348 1254 7459
13 7575 8231 8969 4961 4401 7487 7669 8282 9294 302 8654 9176 6613
24 8104 3368 601 5627 5495 6313 7425 74 1561 7898 1383 8616 2268 686 5827 2911 5412 8913 6606 9773 1495 5416 1923 3883
22 9685 3430 4225 4705 6446 3663 85 9381 3155 542 7422 8182 3077 894 3508 7930 6531 5898 9760 4735 3612 5877
31 8566 8462 8207 7277 6652 4171 6380 3839 7907 8506 6120 6696 8108 5243 4188 8621 9506 4369 6308 7333 160 8336 4926 954 7597 8061 5551 3791 443 4803 2845
29 7082 4194 2566 935 7386 4966 9964 230 6106 8918 6857 8903 6137 9863 5032 2873 7753 4361 7258 6796 7603 6553 9336 7831 7238 3781 8091 1055 5244
24 9768 4164 9890 950 4205 5695 3451 6237 5452 8257 2206 3421 9379 9758 5023 294 6692 5925 3383 8356 932 8982 8606 3229
5 328 6741 4848 3739 2591
14 1689 5771 2056 4065 3905 3308 4654 6713 8571 5342 3238 8666 9374 1006
10 1852 6756 9830 5566 4973 9199 9186 6972 7694 3861
18 9191 8328 2649 6703 9180 2930 3326 5847 3211 9240 7865 8533 6920 8099 3141 5320 2378 9515
23 8792 2881 9511 9116 5453 7448 2362 1062 636 938 490 2694 9821 9233 6928 1711 8828 2201 3350 2363 3884 5703 7458
18 271 9813 8309 854 9527 1676 8038 3031 4043 819 7328 8496 9534 647 2943 3087 7826 218
20 9306 3779 6710 2470 9429 907 2675 993 6163 979 2557 6463 7233 3369 7281 6715 7489 1003 1210 8480
2 6377 7678
19 8277 7648 8915 2338 6023 6251 6172 4236 1960 2 3039 4330 402 5502 2237 3516 3996 925 1956
14 8979 3461 9469 5920 381 2952 2900 4123 5400 4857 2346 8397 4013 5020
22 7428 4196 565 3680 6101 8151 9833 4491 2043 523 1639 3210 7178 9270 2796 2189 8475 5984 6086 9050 2728 3824
23 1674 9627 7465 989 5477 7382 9171 5628 1494 9505 1259 9844 6915 3295 2874 8904 5730 4457 9480 3152 5785 1262 6960
7 8967 1356 4054 3033 59 4348 7001
8 8447 8254 3840 2409 6580 7746 7693 2053
19 1530 7355 8344 7798 7939 7832 7914 344 8068 9435 1358 3337 323 9024 7201 962 9766 1247 2658
29 3024 9282 8588 6818 3906 8854 2482 6871 4326 8243 659 8820 3722 8911 8516 9498 8549 2204 6309 9500 1164 5056 2194 7158 8223 6988 4220 7676 4846
25 6155 8784 1777 6886 9564 5405 2809 5219 7794 624 2546 4971 4963 471 264 8215 5048 9580 3853 9637 7714 8123 7311 8980 1410
19 7117 2681 1267 3795 2352 6825 5382 9950 7370 9324 4340 434 6375 3561 9091 1140 5471 8185 1212
27 3176 248 2717 4965 6905 8743 7205 5804 8917 8284 8335 3481 2579 9911 8634 1445 526 8036 2888 4484 4412 6080 7577 3064 1510 9334 6494
30 9495 3557 2663 8379 9948 8585 9639 9322 8767 740 6816 9774 4067 9175 78 8771 3217 6050 9261 1656 3815 2870 8441 4968 2604 8043 4446 3858 9131 5723
26 6168 3947 1260 7174 6222 7516 7231 3498 2063 581 5217 6996 5910 3706 2685 5843 2002 5784 5454 79 1086 1141 8626 2610 5395 1808
27 5517 212 6340 4862 3793 4552 8214 1364 3761 6619 736 6064 6486 7718 6733 4368 227 6075 9788 9122 4765 236 5544 4363 831 8120 3588
13 6159 1002 2025 5373 9542 9867 9348 9704 7072 878 4425 787 8727
24 2230 41 7580 8856 3370 823 9737 397 2885 7383 8875 226 2003 3581 1957 1380 7083 648 8078 2243 5449 9776 9887 4091
19 9503 7102 7787 2799 8236 671 2217 5169 524 9229 928 433 6858 4694 9594 6320 7970 5333 7482
7 4467 412 7807 3072 7547 5969 3755
26 8892 8434 6550 475 6089 2790 6925 6751 9361 2444 3201 1424 1291 4621 1446 1906 4513 8755 5595 2855 1442 2326 1972 2865 3310 2163
8 873 3292 4237 3300 556 4974 2099 4891
32 8548 3821 718 6000 4291 7208 3194 3181 2966 1716 9192 7296 3339 1468 689 4044 1317 2494 8362 8242 7893 6318 6668 6646 334 6555 5633 9373 4129 8429 1185 4005
19 6455 2198 6413 9450 4585 1319 7071 9126 132 3956 3577 6477 8196 1064 6959 8519 1903 4553 7467
14 8978 5757 9705 4411 4465 5867 8142 6209 9955 5788 9850 1483 3093 5404
26 6875 3017 3325 7816 3746 377 4824 8064 7403 6829 8810 9708 6459 5085 1964 1608 4726 3322 6195 8685 1801 2843 7303 4305 8044 9765
24 4112 5205 6711 5182 7884 161 4958 6971 5844 6426 8843 320 3536 5687 1538 6371 9994 2091 3235 5051 3415 3525 5296 2597
30 8203 2657 1830 9654 5783 4007 8951 8761 969 7764 163 6680 5364 2048 3808 8281 5098 8305 5496 8206 571 1225 667 2905 7814 1898 4479 5939 2886 9673
14 3773 4863 9042 4595 2954 7176 1831 4651 7529 7389 3613 4218 2242 7972
27 4575 209 2896 4035 1487 3393 7812 6331 76 454 8343 7944 2960 6543 3336 743 1131 4427 4102 2294 966 9606 2993 6330 6487 5714 8054
11 9556 6255 8419 3936 5531 6508 2136 3488 2492 3431 5232
9 3291 6452 4533 414 6047 1165 4936 7910 5067
26 3910 1640 6352 3047 9457 3215 177 4888 2108 254 2164 1461 8307 5999 4893 5180 4290 7402 3404 2414 149 3538 6704 9211 7027 8422
13 1142 615 1508 9872 8298 7933 6962 7727 2373 7796 9592 958 1000
30 7314 8637 6503 2927 6537 1509 3770 4441 3305 4211 5526 6838 2737 6625 2850 9879 1953 4053 8907 3764 291 6653 1172 525 4269 8202 1579 430 4145 6853
28 4624 1233 9951 1685 225 7135 2291 7873 2972 1096 6085 4378 5117 4280 2461 2493 600 8389 9063 8515 7514 6390 4680 5753 8612 2227 8723 1636
27 245 7248 7085 5539 5263 292 1553 9928 8058 7843 5302 777 9421 2437 7507 2950 5080 5851 7280 2485 2750 2165 5623 4697 8008 1542 5538
6 3362 7483 7147 8083 3589 2029
14 8786 8536 849 6196 6272 1511 3785 9388 4113 8928 862 9968 3341 8019
30 6192 4980 4064 3445 6512 1436 2388 5021 4209 2808 9881 274 9330 4032 5072 9902 8668 752 784 441 4760 3683 9243 9427 13 6099 5485 7783 6271 2564
24 8224 6749 4115 9065 772 97 8815 2933 4460 5625 3660 4276 7897 2097 2655 8201 5153 4530 2550 3405 7723 3480 1137 3289
29 9845 640 9712 4990 7068 2330 1470 9987 8289 4899 2595 7582 1463 9086 1499 2615 8732 7105 4572 8657 3275 6496 7696 7606 7517 5407 296 4883 9184
8 3510 1399 9997 8311 5047 5499 3279 1569
12 2074 7444 5103 9932 5010 7878 2727 8090 185 944 7980 1642
24 5540 57 6438 1557 9138 8667 1568 4470 6306 8141 1125 9510 4950 6687 87 2392 9145 4444 1279 5493 6616 2839 5265 4929
31 1177 7337 2781 6639 5170 5100 4397 1944 235 612 153 3763 6478 7012 94 8286 1648 198 8126 5111 5432 8467 3520 5410 3665 9703 4918 4277 2200 2818 8850
19 2495 511 3502 2732 6407 1246 17 6289 1678 1954 2334 4908 2628 2786 1514 6246 6492 1837 9831
25 1970 6927 9276 4636 9624 8603 5462 1591 7560 9780 1827 1715 9605 7273 1926 748 8537 1397 8707 6207 3224 7235 8674 9396 2755
25 7975 5090 6984 4615 704 5374 8809 6674 4561 9136 7106 5880 4517 9667 8584 3662 2575 8457 6022 5549 1878 5024 5587 1118 6467
26 730 95 4410 9620 3879 3477 8785 9151 6907 6864 3135 7046 2563 4804 8763 9403 4373 3668 3834 6511 4052 4180 2858 1758 4156 142
28 1955 7602 5663 5054 2981 2374 9694 3285 9143 2400 1946 3137 3511 3391 8473 8162 8709 1749 6249 9529 8174 2013 2211 4778 3713 9389 2819 4445
10 2782 8219 4137 607 3940 244 9652 8316 280 9287
27 150 5686 8682 922 6216 4593 3439 8028 9160 4701 6891 806 4464 9835 5793 359 9315 2524 1026 4751 1726 7183 756 1887 4861 9430 7223
25 8440 5347 2787 5674 3290 105 6161 1393 8225 6880 6682 9366 8129 6734 9422 4669 4252 8340 7264 6990 6761 7784 5230 6919 6342
5 9543 5777 2167 3539 5821
25 9636 1797 908 5481 3174 3269 6378 4343 4357 1976 3061 5754 9404 1793 1021 4610 9808 6500 6569 7123 4216 7824 6507 4077 6063
16 9078 4807 6498 8955 6244 1415 3895 1979 8760 5768 6238 7343 7968 9977 7641 8154
22 8198 6718 7554 665 3319 3054 5766 1441 7642 2240 5941 9474 9593 6262 3748 5183 9653 6351 1894 9356 1174 3367
14 3541 7876 6856 3036 2059 1565 1725 711 4163 9849 5394 2205 7781 492
7 2718 5669 6958 2421 1488 1658 6127
23 9385 4101 241 1349 8665 8984 6882 4775 9741 5559 7077 695 8650 1622 4831 7408 605 1849 1536 2961 5536 316 7937
16 409 5626 2077 4652 9981 7010 2275 715 2174 5878 1282 4777 5211 6617 8181 8596
12 364 7291 7591 393 9088 1153 7774 8762 8948 8106 796 6559
13 332 6601 9678 8523 7729 4528 101 1526 6700 3002 7803 2196 257
7 5887 5756 9832 7162 3315 1004 4796
7 6879 2284 6738 1781 7550 785 2951
7 2780 6475 5352 942 8118 8938 6544
12 4507 7686 5799 5124 9346 3071 8139 7228 8838 8238 20 2509
25 4665 6245 3453 1215 9466 691 9655 847 3507 6581 7510 7536 9578 8676 2980 8600 7181 6599 3626 5469 5065 5836 1060 8137 2441
29 9805 4686 1977 5422 1232 2661 1109 3203 8827 9089 6134 6808 3213 2994 4204 1502 1017 7982 7299 2295 6126 4030 4614 3260 1713 1093 805 3204 6111
25 4502 2216 3414 4643 2434 9035 7643 1459 7659 2501 4489 5770 4565 9318 9170 6509 6564 5634 1621 4108 4510 532 983 3780 9940
17 5282 2261 9130 4017 5553 7992 5276 6673 2637 2908 1938 6955 431 2103 1865 9915 4018
5 5541 6058 2982 2660 2049
16 8382 9382 8653 1496 6274 6082 4584 586 1861 8819 3233 9083 6055 2012 1498 8730
17 7249 4826 6454 9341 708 9539 7633 7122 5141 7863 8216 7834 8865 321 8308 7460 2208
14 4761 507 4403 9062 4045 6757 934 2898 1292 1774 255 1914 1395 1626
15 1804 6430 2207 7256 1023 2533 9398 2795 1659 5555 2953 2094 7565 73 7795
14 1221 5212 9795 4409 8188 5576 6081 3909 1891 5155 3959 8725 9658 7206
23 8351 3816 7683 5779 6261 9972 4119 425 5099 8326 5470 6859 333 7945 3018 8528 3822 8781 6899 4753 1400 5758 7115
17 8157 4107 6173 46 990 23 8235 3010 1059 5752 9129 4554 3518 5876 9545 6011 7700
28 6536 9557 2000 8273 5082 3524 2810 352 6103 4282 1104 890 3925 3293 1277 361 4442 8567 5468 6714 3801 6935 9257 8411 7559 5637 722 3617
25 3866 5699 3915 6615 6026 3169 4089 1211 7830 7624 4248 1688 5919 1107 6145 4462 5346 8046 9540 9203 4741 1935 2862 9558 2794
19 9744 6966 7096 9263 9641 7564 6056 7931 8814 3271 174 2583 2098 9891 1425 406 4268 4186 5841
16 5017 8747 6969 8876 64 1862 2866 389 1238 3126 9668 8770 4350 8884 9577 5672
5 9631 5888 6293 1817 5370
32 7430 3022 3057 552 1181 9952 5310 9701 9823 4550 501 2438 683 2341 1747 7331 5259 2739 8976 467 6660 829 9271 289 4998 7051 6881 401 8552 7766 2659 1646
13 5285 956 2036 8831 7759 767 872 788 1149 8251 579 750 5953
20 3830 9353 3542 6357 3190 8116 826 1859 2107 1799 7726 3924 4073 279 2956 2644 7653 7872 701 9723
31 1527 1518 9657 1667 992 5853 5701 8990 6283 6367 1541 9221 7004 9541 9447 8347 875 6675 2872 654 1244 4732 416 2877 3576 8152 3698 6445 7307 5390 2897
17 4349 1580 7464 8478 9034 7304 3598 747 3379 7845 5429 7087 5119 7035 2998 2134 5273
28 6265 3938 4938 3232 643 8945 9859 6114 8749 4890 9278 2016 8954 6847 3900 968 4864 1798 1360 4534 3189 3642 669 8726 2821 7111 4424 3021
17 3263 2497 9871 7883 6119 6133 2543 4858 7903 698 8031 4265 2062 8076 5975 6016 7437
17 428 4558 3398 7682 5279 883 5062 1876 304 7615 8593 4947 8427 7107 8280 4903 978
28 1313 1503 5351 8034 6638 4639 1846 5899 8014 1391 7474 3874 9321 594 7250 9969 2282 7771 9076 4095 8712 8834 5269 9332 6626 5828 737 8131
15 5562 7610 6513 9978 8161 8006 2619 1085 7932 204 436 9210 3787 8508 4432
32 4673 9769 1723 4587 6705 8671 6719 1864 286 2842 7749 5670 4916 515 7599 1011 2283 3472 4110 9727 6640 522 5068 6136 2704 1619 4901 8648 2032 8337 391 8700
10 3462 3108 3966 6076 2288 1129 5148 2157 9714 2411
8 1223 306 1452 2683 7756 1823 4799 6870
11 3512 1111 8445 5660 1985 3429 5608 4426 7488 2175 6517
25 8448 266 2180 5344 6491 5356 9566 4293 4642 9141 6157 2844 6171 283 1885 7797 2093 6707 8387 9726 4239 5840 2806 1599 9721
17 3490 3605 9524 8110 1886 2126 3261 2924 1872 6659 65 2636 3145 3752 7855 2894 3088
25 5516 7662 7387 2095 6344 8103 215 6301 194 8246 3484 4925 1836 6568 1063 7486 4721 7518 9280 911 8053 7289 2185 9960 9736
26 7666 5668 146 5724 2602 8220 5074 5256 5201 2882 103 1342 5326 4845 6790 4176 7426 8456 2827 2816 6524 3440 1128 9614 9993 2922
27 7255 6474 354 4366 7169 9027 2035 9238 6898 4768 916 1328 7217 7802 6282 1432 7623 9312 5762 5617 4556 8386 2880 6573 6257 9906 6439
25 8338 3411 3921 164 7840 871 7275 2264 4559 964 8360 2256 4681 420 4975 2199 4514 6557 8295 4010 6844 1347 8278 7042 6185
38 2973 9254 846 1647 5036 7041 403 444 2220 5835 6345 2645 458 8366 3139 8692 171 3399 6033 676 7032 7925 500 5863 9423 1385 3301 7168 9873 8488 1161 635 2623 8211 4197 8371 2848 3402
18 6420 5158 2653 2386 1098 3775 5879 2057 5486 9508 2153 5904 9946 9783 6869 4238 7767 6834
17 9045 7572 1500 9819 9710 8555 9570 1311 5915 8801 3432 2021 5313 6556 4235 1163 5513
13 168 5711 1474 3418 3062 2702 2541 3056 440 5884 6889 8087 9834
18 5829 830 9182 3721 2578 4792 3648 7769 8659 8926 3425 3574 5992 8748 9080 6810 3650 8330
27 533 1601 8155 9127 3098 9284 4249 2534 8186 4685 6038 6728 6436 5722 7016 9009 9957 4524 7921 1925 5178 3265 9454 4 5439 5046 1150
27 4720 3783 4914 4555 9394 1620 7829 9837 3146 3450 3547 4582 7935 8166 4000 9055 7892 1877 7833 1552 143 4649 2286 2280 5029 2090 5063
11 9633 6645 1294 5238 8851 8266 4086 7909 3749 3120 901
17 9815 2916 1106 6809 2304 1721 9980 7822 1389 459 8624 8590 6116 9239 2236 905 8047
25 9628 1843 2639 9135 7636 4300 9132 1455 7984 7415 2191 4898 974 5166 1229 7050 8777 2491 5596 5926 6295 818 6461 8527 2586
19 6360 4050 5240 8079 9751 1346 9809 9975 5995 8830 4472 232 863 5292 6940 7743 4165 3401 9914
25 9926 8146 2934 6575 9617 1453 4617 6098 8505 9810 8150 5810 9092 8067 5645 3374 2678 7204 1035 3792 9608 794 1653 1547 7906
25 6547 1222 3732 6336 6698 1937 8500 9438 1197 8511 754 4843 592 8599 205 1036 7302 5671 4600 6576 6595 1454 2113 1136 7539
12 2399 9575 32 9610 5690 2652 3930 6333 355 5092 129 5071
32 6942 3666 1627 559 7344 6902 9729 4776 15 6059 9157 6774 9384 6483 7549 7917 5427 5270 1822 6117 9413 4812 2080 49 859 2962 7074 1958 8541 6819 8372 5631
27 1908 3565 3420 761 3636 4607 8094 886 1016 5864 9709 776 6149 4631 8729 2687 2202 8197 4766 7989 2145 6631 6702 3712 4729 9990 8195
4 9640 3058 3026 4887
17 9586 4940 1355 3124 9645 8780 5907 4125 4675 3085 4978 7340 4060 2936 503 5742 7713
4 498 6048 896 4027
9 3632 4869 9681 2776 7043 4006 3297 3705 7112
11 1240 4028 8194 2984 3624 7267 4128 4314 5482 1042 6090
25 3083 210 2997 141 369 508 137 9784 5042 3593 4647 2500 7552 5761 2800 2849 5774 4632 5435 5264 9123 3158 4160 3929 5937
28 318 208 9537 2745 6589 2406 9882 4068 3877 8576 9298 547 543 7752 6528 3506 3237 9352 1574 9041 2255 8999 5159 2267 1467 1573 8582 7049
9 1206 7924 8428 1603 7809 4337 4332 2814 6453
25 1986 1491 5107 3993 1613 9075 1595 8644 6268 4072 5133 9023 6908 6655 3161 6072 4151 2976 9178 9956 5773 7946 6364 7215 4042
17 135 5816 5662 1331 4400 9019 5190 5438 9502 973 1091 7450 2133 4962 840 2410 7252
32 9297 9625 6985 9923 8228 6013 9836 5451 8416 6605 1029 9941 4992 9748 8317 6999 917 53 6522 9032 7589 681 8100 2307 1133 3460 3184 5644 8499 690 8870 4662
25 4920 6186 9492 4318 5287 5045 2072 2407 6699 1907 1047 9661 112 6948 3136 528 8944 8769 5927 2120 6621 3388 4844 5575 6721
20 69 5602 9477 8529 6597 876 7145 6389 8741 5061 4718 5379 2311 6802 8318 5706 4025 4380 1720 1190
26 3875 290 6739 8368 3818 9159 8560 7274 8895 4884 678 3948 2837 9460 3013 4038 2308 6520 3954 7008 176 9775 9771 9782 9309 6093
32 3050 4602 4372 2585 6893 5622 8486 9073 8373 7149 7788 7651 4801 8649 8250 4740 9716 9616 7908 6014 4187 6017 9905 6010 6539 3035 197 8925 9432 4040 8490 9573
3 4830 2741 5982
23 3544 2577 5135 6346 8860 189 4074 5909 694 201 6077 6175 356 603 3558 5842 2836 9371 6112 1614 6096 8210 795
12 4011 3911 5918 165 8369 4759 4399 1698 8267 8611 8279 5857
5 4482 895 8306 6441 3478
22 4285 5892 2442 8546 8239 5083 9292 6970 929 4512 8381 668 814 7858 5570 8570 9124 7423 5202 7138 7219 6518
22 6029 4629 81 5564 5824 463 8620 8960 1814 7006 4440 1854 7854 8946 1915 1187 6092 1336 8905 8622 9004 3533
25 9485 1792 2250 1910 9202 5866 8190 8485 5009 4623 9054 9908 575 8906 3828 7124 6347 4166 44 5707 1216 2298 9650 2487 3259
10 8816 9954 6285 6986 51 5011 298 3043 270 626
9 7196 9763 5081 7336 4972 5813 2698 8221 1139
13 1997 2212 7139 6835 7199 7473 3363 7736 6032 6124 9827 86 4338
21 2440 656 4659 3958 8597 5579 8800 6746 7680 1123 6622 7130 4486 2903 5850 6611 9603 2066 1708 630 8994
21 3475 9314 9497 629 7513 8237 8963 133 5658 684 1525 3352 7470 3001 7443 4627 6107 4174 9552 5474 7146
20 9109 2178 6213 8909 8687 7573 536 2804 2241 3772 8807 2596 7189 1989 4212 7652 1171 4459 7439 9803
25 8285 6316 5511 5678 5228 6896 2320 379 4981 9433 2452 1308 800 1741 5981 4626 8469 5401 4678 5328 5905 9814 1158 1507 7600
38 448 8085 1913 5241 930 4130 4398 3133 8296 3621 8288 9896 4964 2740 6975 5675 5419 1988 195 9688 8846 6918 9115 2562 5947 5488 6852 8005 2726 783 9168 4354 4308 7349 4568 7175 2273 9472
26 6128 4613 376 7263 4756 4819 2977 538 2532 9442 1818 25 1730 1205 573 5822 1080 9660 9189 4079 1327 4296 2322 170 4319 4955
28 802 6842 9164 8042 102 5043 7745 8245 9479 4711 4851 2299 9718 2417 9431 1196 4389 5772 6781 6489 2987 5871 3886 9154 5812 9922 3914 7058
27 780 2181 7901 3530 9082 4907 4266 3474 6165 282 6778 1786 877 4809 3684 4612 9791 6506 6278 9861 9007 1540 9936 662 8879 8156 8333
32 5732 1465 9538 1324 9647 2045 5160 5465 4924 6821 9407 1767 9155 9355 7461 7260 8627 5349 7538 4747 3183 4755 7396 5246 1231 1506 3571 1602 5666 1242 971 2169
28 2425 4016 1201 6305 5830 553 6243 2766 3509 3173 8431 1834 6042 2859 363 6947 5747 4692 7308 8002 2801 1788 1662 2593 9097 5629 9196 1558
26 8823 1873 753 5375 6956 2753 8617 4105 3227 2272 1428 5004 3447 946 3387 3081 2258 9488 8658 6448 9642 6933 495 107 3664 9860
12 1186 5428 8037 8652 2969 4594 7614 4317 229 9909 3422 3097
26 6069 2635 4297 7232 9209 7916 6374 2884 4699 3247 584 8598 3277 9894 67 851 8927 2038 9755 3206 7593 9862 7310 5811 3887 9380
17 7874 5719 8575 9419 3366 7777 8719 8753 5200 8041 5355 764 7571 6065 5653 1478 7093
25 2031 3112 5433 3784 9731 3896 4834 1532 2179 2040 4114 4498 2945 953 3573 1310 8881 4560 2104 4333 3917 7218 9601 6514 1645
19 2132 7922 8259 9742 3623 1660 808 1464 6203 6769 1289 2971 5980 9372 6217 926 8677 7393 8147
16 211 5679 1431 8312 2580 1320 6129 3187 446 9339 861 6354 7997 4911 4490 7953
7 1550 476 3848 5144 8321 9517 1052
27 7097 1686 3117 5457 1048 716 1348 9208 4628 7148 6240 7626 5956 6204 7313 5805 2587 9663 6325 6226 8971 7184 3522 2853 5460 7731 6227
15 9562 4141 1381 2088 8287 1370 7144 7431 5354 3143 5533 3012 4133 1343 7166
18 4003 2323 1762 1182 4588 9699 6592 5030 644 3019 3681 2643 1288 5399 2456 4977 590 8217
7 9289 3760 6349 7214 6322 7725 9013
16 4657 4024 952 9028 7562 5323 8987 6806 7689 5278 6292 5704 8524 9739 4100 3491
24 497 5069 7912 9165 4477 6460 342 6868 3635 243 5530 5832 1719 7852 4609 1130 5759 705 1812 2361 9119 2389 7011 9770
11 9483 7031 5378 8222 5459 2671 8765 4393 9290 4683 9970
29 9613 66 7278 4664 8164 485 4800 8798 3007 3070 5527 582 8513 6777 3707 6130 5186 6276 2030 309 855 7054 9786 4814 7469 2820 7836 2677 3737
26 9634 3537 2831 6422 7216 7150 6319 9826 8779 5167 2364 1056 6651 407 3695 9587 6394 7242 7405 9719 3922 2606 234 3734 2618 1300
11 856 6009 3729 3926 5331 6074 9591 9296 7530 3014 2096
12 4405 1146 884 7 6768 4548 8468 3670 455 4728 3941 9677
13 3566 4764 7811 2115 1504 2023 5329 2601 5143 3470 1235 6505 7061
26 3594 5815 1746 7941 5001 5630 9800 9351 5635 1947 3599 7505 7378 2328 6142 868 5414 2650 140 1398 3545 6534 7524 2408 8594 4716
17 6425 7668 7438 9604 9858 7515 7724 2921 843 8218 8705 4121 5000 3006 6187 9331 835
19 3740 127 9458 4270 5514 2612 2383 561 9880 8115 1298 8354 2617 2895 9883 1214 9451 3559 6350
17 5620 9064 9410 2857 9222 8610 7075 8623 8639 4408 6177 5461 8939 6931 383 56 398
12 8192 5492 5506 8908 562 3109 6035 7391 4931 3984 2329 5606
24 6771 982 422 8806 1168 1458 4989 1790 8883 7164 3182 3443 1307 1154 2451 4529 5518 628 1901 9048 3703 7772 5854 2300
17 1963 7994 1745 9962 7301 9496 4714 1531 2901 6443 8547 7271 9230 8153 9181 5979 3631
23 1755 1365 1250 1583 4274 1700 5534 4278 8134 1980 518 6578 4810 5550 7835 5325 2257 2521 1156 3652 2138 5545 7154
28 7380 9273 5962 2292 1166 6883 9607 6983 4590 5561 6184 3897 7447 2367 5339 4155 9443 858 4737 9005 9840 9350 8482 8463 4790 343 4695 1134
15 9743 6538 8504 1263 6744 9021 3634 1611 5392 8837 5643 9390 139 3641 3890
31 9579 4944 7221 3476 3556 7842 2978 6290 3893 4312 3873 2190 7063 8361 5383 2699 63 8117 2891 1675 1089 8894 6701 4598 4650 7268 1576 8327 3128 1909 2276
13 6764 6523 1587 2817 6805 8968 8825 9690 8168 1732 7742 5942 9711
11 2245 3116 3468 9156 6197 1785 3837 9266 879 3903 6479
13 9464 6648 5088 8300 7715 4031 5076 3859 8026 7542 4523 262 5573
28 9002 4544 7245 1631 9889 3669 4147 6800 6140 5268 2086 887 7879 3473 6312 2757 2396 9762 4771 1577 276 3519 6725 5037 7977 6676 5334 980
8 1949 9033 3102 6587 3465 8244 1844 6170
15 3616 3051 8353 2640 106 3086 5965 4192 2131 1772 4580 5661 6997 2210 3032
21 7442 1175 8609 7282 6476 4213 6727 1748 3694 9798 9056 7974 4660 9664 2469 5229 3595 2188 8934 9999 7182
25 1102 8176 4503 6832 1117 5105 7305 2498 5031 7757 9967 5002 6079 9113 6661 1253 6214 4438 4996 3094 392 1207 8690 4531 4241
23 984 9262 2706 6657 3499 130 6848 2722 1396 484 8400 7566 6861 1945 8048 7377 9989 9841 145 4261 9787 6644 5376
23 7190 4645 8595 7066 1912 8339 9644 3323 5249 5577 3392 1618 5164 2965 1704 7095 5127 1426 1847 7751 7390 2544 3618
29 4245 751 9842 3513 4696 9812 6121 3765 6223 2370 6423 4805 5026 8833 3455 4322 1167 1548 4381 8625 9807 860 4226 2251 4476 2224 757 8710 3528
11 7152 853 7558 3901 8407 4787 865 4358 4443 8974 2445
