55 6428 719 1813 395 436 5941 4214 3462 3844 8234 5313 9773 1760 1373 8746 1542 4298 4566 7880 1194 3715 4334 4140 3603 2408 2080 6137 4371 9707 264 7778 999 4051 2309 8587 9534 9156 3473 3621 3549 8312 401 4536 3739 2421 7461 2559 79 426 6573 4890 2781 3530 8696 7456
47 45 2584 9601 7609 8472 4433 5324 8027 7721 4948 9961 2591 1245 4874 3018 7105 7815 9812 4223 1023 1698 2390 7893 917 3897 9647 744 7635 5708 864 201 4537 9849 8739 826 1546 6569 5629 6201 7923 127 2616 7843 2400 7965 561 6906
51 9475 4182 1387 9243 3991 3476 8872 1558 6005 8697 7180 15 1095 704 6105 5863 4015 3040 6369 9172 5053 739 3146 3028 6156 7558 1673 9659 3891 1845 2639 9337 1101 9142 5858 3093 458 139 1617 6592 7465 50 1470 2691 1543 4820 9423 3664 2273 2254 3227
54 6198 295 6891 5673 3704 5241 68 7744 3845 443 4082 3318 2258 1996 513 3528 2738 5887 437 1477 8794 5420 584 5347 1935 8722 6601 1621 4723 4669 3344 4112 6802 7500 1763 4451 3245 9944 5099 8340 3115 2471 3294 1506 4624 8965 2478 1509 3607 8959 4714 4963 1596 2894
49 8103 1711 8896 5967 1285 6623 1862 5553 2640 6516 3671 3851 5052 3326 7296 1735 5278 974 5036 9051 8591 6388 4633 9283 4814 3740 1403 303 5957 9709 2319 2628 6259 8863 7274 8359 5019 2072 6887 6141 9576 8935 5805 2942 2907 3829 4184 9478 6491
54 6599 5254 4141 558 1833 328 2855 7042 3324 5115 9811 653 3680 7668 792 9055 2644 1904 7675 2142 1839 3912 4370 7847 3379 9281 2943 2052 4028 2935 8611 5828 3686 1249 3271 693 1571 7206 8414 7823 8703 4711 7169 543 9789 372 7019 3727 4196 9788 3652 8317 8180 7688
39 156 7138 6042 962 2652 7179 7918 5195 5476 1100 7351 432 8471 5436 1689 6361 8627 7308 6684 9010 9261 5767 3599 8534 3327 8626 3248 3414 1043 3052 4731 3270 3699 8838 8243 1930 7747 7049 6835
59 6440 2446 3766 280 8590 9361 8049 3291 1016 6123 3783 7691 745 7441 9350 2917 5570 2303 6740 4292 1643 9090 3825 4988 2255 5770 2685 8538 2977 7258 6321 2951 2292 1341 4865 6443 2131 5620 9541 3497 8521 506 3165 4209 9063 9948 3559 5158 8527 4531 4688 6867 47 166 7631 5178 9873 5674 5921
39 1566 1574 7760 3452 4757 4318 1822 4249 9974 238 5610 1674 4975 2531 2950 6385 594 2725 609 9381 2369 5214 6545 6768 3960 7027 2402 246 3761 6019 5961 7263 6801 3022 7998 3706 3141 8533 717
47 8450 3511 7545 5245 8952 3921 6363 7798 6973 7575 1985 7980 1787 3667 8569 3854 5303 3170 2562 4031 3262 2522 6586 3606 5998 7560 3124 331 3849 1483 5048 6208 3747 95 9617 7758 9047 6204 56 483 3445 1775 5902 1153 3947 3062 6955
45 6261 3709 1938 6557 5944 1691 4660 4937 2042 7323 2815 5308 5860 2394 6027 2609 3541 8532 7312 9455 7088 9712 3213 9513 1858 414 248 3737 508 1901 5745 7530 5250 7659 9661 1878 3112 2104 7508 6052 769 2915 2481 7322 7690
49 4467 6507 7822 4751 5545 7982 2971 7707 3150 1890 9484 8701 2166 9678 7488 6652 1821 9851 4388 1259 9067 5192 7824 7983 1988 1044 1796 7388 7682 3700 5076 3895 1376 2975 6110 7225 4372 7624 8208 6281 6602 1017 4907 2063 2990 1928 6279 3386 6422
57 2822 3155 9742 5160 9246 8835 3598 4717 1499 6748 1554 6073 8884 5783 9856 5188 5637 3486 7393 2797 7592 1767 5502 4652 9173 4401 1867 1292 4676 6565 1047 2245 3805 6315 8313 2702 7504 7814 890 6805 6467 7389 9945 3154 5599 2405 8043 6921 7726 3816 3349 4674 3468 282 1503 5284 2217
65 5876 333 2600 8039 4349 4246 9200 7689 2876 1675 3763 7084 3009 8966 9874 6262 6452 8834 6686 150 6538 3185 4889 6296 6344 8668 8147 7195 7043 5093 1494 6540 6106 6079 803 8082 1656 8671 6193 4876 7971 3658 3593 2575 897 1966 9539 1731 8045 6838 1449 1765 731 5032 1601 5609 3161 2969 1399 6680 6732 6843 3375 6216 9600
45 9151 8544 4754 2365 9131 288 1964 434 2147 8663 515 185 8488 1411 8005 1620 3532 1545 5121 5597 8369 7213 6508 8886 6414 7656 4839 4113 1927 3325 1748 7366 4854 8181 3924 9259 4342 6248 2257 2067 1327 1345 3422 7641 5738
53 9738 1826 1965 1466 482 596 6683 3772 1021 4279 540 7279 9190 2049 9915 4495 8634 8798 6793 2846 4641 1242 9254 70 1948 2225 514 3319 9717 5419 3885 5554 4399 4837 8496 176 8452 1476 6700 9265 2102 4075 6465 6076 787 7770 9642 205 9904 8918 3957 8216 8351
38 1134 1048 7735 7855 6001 4543 3681 4507 7335 9352 2526 9899 357 571 2126 4053 1276 3537 9540 320 541 8577 6562 4017 7597 6329 8655 5382 4833 1647 7672 3553 2949 6649 241 8921 9511 7041
57 8033 9191 4523 6392 993 5703 8961 7216 8543 227 6664 3618 5127 5349 3612 3954 2168 629 8046 208 7149 9753 7468 6711 5366 7472 4497 4892 9466 5073 2413 8761 751 6692 9344 9666 4072 5546 5790 2341 64 4261 7874 8354 1658 8427 8706 6103 6335 8032 9633 6533 1115 852 3958 1315 977
45 2234 8394 9850 5984 4944 1614 6790 627 7485 5542 5714 971 8790 996 4048 7316 1219 7450 1435 9862 5106 8604 4092 1176 9824 213 4776 112 4475 3638 5853 4173 5190 4155 7228 7074 2250 1714 4380 4998 8548 764 7315 7215 3595
57 835 6885 8551 2563 7781 2090 5973 7331 7026 8193 6504 2912 9362 8235 6162 3304 8493 323 5659 9690 718 1309 3058 6927 8145 2262 8345 6253 4160 6895 2237 733 1057 1088 7889 9553 5098 1582 1075 6558 4142 3597 3624 4810 4729 7897 6 4798 3014 2308 6377 5374 9100 9555 2956 900 1921
53 9670 7643 4473 9858 27 3505 9787 6155 2736 4607 4123 7249 7176 9147 6618 5619 33 4089 8263 8389 685 3158 6584 576 8150 5119 5222 1837 5311 8214 5083 9651 4081 3963 5758 3662 5487 7447 9875 807 7095 6984 3613 2248 8197 8081 9535 7731 587 451 6776 2380 5029
37 1959 4119 6603 3775 1751 7581 5310 9123 2013 4165 7436 6658 173 6274 7993 6434 4689 8855 5118 9233 4148 318 8860 5485 5001 756 9867 5078 2035 8405 4296 5341 6541 7714 9667 9099 3173
47 1179 3831 3590 8372 862 1893 7611 2012 4480 4966 7985 421 8693 7144 7286 7327 7891 2313 6312 1326 3086 6268 4679 9815 7863 3817 3846 1319 3147 8989 5761 3003 7114 3389 5730 1616 887 7269 4646 5864 7791 4995 6667 120 1559 3913 8816
35 2995 9180 6197 1187 7205 1035 5149 1491 7979 1139 8778 9286 9120 3696 8766 3186 8711 2622 3644 0 2433 2435 2470 6328 1602 5071 1104 9280 7884 5330 5581 6433 3578 9905 9881
50 7678 306 4065 5370 5801 4057 256 2479 1758 8277 7667 7842 7347 1354 5343 2892 6515 8877 4504 4101 1163 9750 8536 1303 8752 2576 6716 8140 8490 234 7615 5199 2425 4357 875 4405 4806 9028 6913 7454 8998 1110 880 1108 6769 8555 2567 2712 5928 9161
56 3039 7674 7186 8207 6879 8740 5908 8781 8566 5895 5263 3992 5020 2339 8526 2298 8494 2794 2158 1882 9457 6300 9949 9436 7038 4638 5530 3546 8047 2610 8821 2998 3065 210 8610 6146 6617 4321 9316 1155 3977 6239 8647 6619 8955 2393 6222 196 2706 1486 8416 9452 6598 212 9941 9932
60 187 3660 8220 8099 8407 6543 4236 551 3579 6463 4327 8324 3582 3331 5520 6912 1229 6764 6550 943 2960 5035 2030 4153 7935 2946 9309 5306 8149 48 6438 1606 9674 5899 6487 3261 7832 2726 3255 549 3357 4198 5684 4563 6342 9374 5589 828 4468 3426 8554 8343 8695 8979 6305 6988 5678 7926 9968 1793
46 5266 4189 3075 5388 6062 3693 6857 6819 8118 1700 3417 4697 35 4514 5435 5138 3182 3803 1306 2179 2843 9203 1406 5015 628 2800 3401 2741 938 3004 4010 9016 97 9125 727 1902 708 11 9450 9074 6490 2523 4698 7852 6947 2518
37 9053 9159 2993 2830 3720 9727 9826 7793 8971 7552 8841 4151 229 5713 2775 232 8410 7526 117 7629 8123 4792 21 1622 4519 5480 5291 9072 5943 7943 6771 8928 4512 7362 8898 6441 647
52 2734 1999 4322 804 9157 9417 2777 1037 9966 6237 3623 593 9097 738 3703 456 1865 5506 2207 8013 1226 8889 2153 7370 3795 8334 9185 1392 6119 8975 1918 645 5174 1632 8684 8113 9239 3788 3200 4463 149 3687 2885 4936 7192 3457 2904 5667 2031 7474 8514 9109
56 2717 8946 4077 3265 8504 2332 3656 9408 5207 6410 2555 5066 4001 1138 2642 4231 5446 4545 5074 5355 4396 6666 4062 9842 3863 3670 3490 5854 8814 4743 9060 1070 3525 4815 7546 101 226 2690 2208 9000 4508 9843 5933 7827 6455 5085 8708 891 396 5092 287 2985 9015 5204 4747 6405
48 2603 3016 526 5354 1359 4632 8026 736 1051 5298 5148 304 1293 8178 2918 3297 6752 4950 6615 3341 5369 4588 9885 3648 7664 6188 5550 1389 223 8908 2753 2108 2445 8480 3790 608 1394 8473 6372 707 4102 8382 520 876 8929 2751 6325 8110
50 7849 9168 7324 5041 34 7922 6474 3268 3 2343 7383 1217 7974 703 6036 6057 9059 5862 7670 4825 5579 7321 58 2845 3096 5842 3672 4207 7737 5252 5640 2118 4618 6788 5625 5626 7444 6047 1501 4176 5225 7647 5725 2703 4590 9358 7885 9431 2155 2367
49 2150 1579 5500 7613 3665 5952 9441 7871 5077 487 2459 7177 4628 4252 6816 3114 9864 4472 2513 6574 54 2412 2124 5290 9739 7509 6072 1848 812 6939 490 7684 5931 104 7293 6855 5710 8127 2612 3838 4850 7601 3842 2211 4973 2572 8272 3038 2157
35 2921 7080 2182 8948 5532 49 8586 2169 9745 9795 484 2403 9531 5763 8499 9917 9575 353 4591 5137 2495 225 3893 3382 382 1137 1535 6075 1876 2128 2127 7940 5571 41 624
57 9058 9049 7914 4760 3581 4949 5097 1424 9460 1339 4503 9646 2228 170 2145 1597 5598 1239 171 9391 6731 8176 590 43 6309 435 4589 4194 9231 4864 6015 2558 143 3753 2508 9050 379 4719 5977 591 6247 2641 8059 8357 2934 9318 1447 2483 3438 1281 8712 2571 103 3226 6271 4956 7021
52 6430 9371 8128 9117 9695 446 3333 9128 2506 5244 6278 4587 2677 163 7464 3802 8476 9260 8318 9087 7108 1085 3629 8915 1892 4054 9480 5778 2827 6525 1984 6165 1355 5892 8923 8163 8287 821 3688 4150 3848 9112 6059 8376 8895 3668 3083 578 2530 4014 2611 3708
55 1434 3922 2414 2847 7708 8073 5914 4870 3914 3172 5566 7232 8162 1715 3757 3292 6868 6554 9537 2710 3917 5670 5159 3887 1692 1189 2735 1402 6951 909 1314 1142 9595 2888 4106 1033 9345 5103 6571 9972 2553 6139 4733 8802 4369 4360 8845 415 4346 5734 2143 3279 1778 6301 3116
55 7318 7782 5062 1660 8364 8205 7235 5889 9743 1186 2557 276 4650 8438 1560 6794 5522 216 5353 3905 8687 5976 1089 1218 7761 8862 2651 9127 9029 8967 9057 4132 3695 6471 7557 6175 4883 3945 3809 959 3223 8456 6858 4255 9924 6011 5196 1939 240 8750 3168 8487 5897 4635 7264
26 2870 577 6770 1330 5156 6756 6826 6267 789 4582 4565 5803 7072 2682 5450 7112 8378 2187 3418 7236 3068 1240 4863 1008 1699 351
41 3448 1572 1492 5613 3911 7380 6935 5112 4560 9816 5210 6299 9599 8848 4193 3215 2989 3229 2040 3563 5438 710 3961 6880 4816 8102 6101 296 2865 7220 2926 3157 3988 3779 8582 467 1739 3918 5007 8096 9914
39 2368 9861 5262 9692 286 8406 3781 9039 9735 8204 6966 4745 8828 252 1304 5490 5429 1419 4440 6997 8437 5611 6701 8255 539 1537 5205 4706 9928 6023 8930 7749 3023 8690 5009 1951 8736 5513 1268
50 2635 3873 3860 2335 8415 5794 7244 2140 7742 1267 2633 3380 1264 1681 2101 1282 5857 7201 662 6979 4444 9499 6037 4262 2028 8213 4732 8231 7589 6044 7692 588 2270 1702 4301 9386 4225 3874 7311 6733 8635 7252 9301 8836 1375 7788 3993 6074 5736 4881
62 2922 9714 9340 4671 4303 766 9568 3260 9891 9130 1197 9520 294 785 6125 81 1487 6859 6244 4550 6559 4527 363 7268 5412 997 4266 140 1929 5993 3377 5606 5346 6837 9598 775 5447 1224 3822 4016 5288 3217 2222 9062 1843 8411 9691 1869 2115 3493 105 4271 5110 2275 2448 9586 7002 1136 8443 2952 8194 9604
52 5371 9321 4398 9960 2765 1125 7787 7173 3302 7636 4917 2141 2966 9980 3411 7239 7467 7915 4478 6978 2289 3234 3320 1096 642 7989 7077 580 5006 367 4610 8336 9487 8571 9985 1252 3564 6645 2764 1107 9605 4912 9508 2732 5408 4320 2862 6013 5466 7968 9505 936
51 5959 4935 4574 2795 144 1410 9592 8833 684 3118 221 5499 9238 4358 9133 1707 4083 8042 833 5501 9654 8616 2066 5974 1952 7242 4417 8675 3889 6147 9668 7159 6877 6417 8367 8704 8361 9373 1381 6420 5792 783 3996 9886 7119 4877 8987 4841 7261 5269 7649
49 6056 7653 7794 7448 3027 8356 9304 896 8950 2186 5226 4655 6421 3238 7381 7637 5682 7910 793 4413 6630 4559 7135 9720 4818 5962 1905 2939 7172 2181 6712 847 8380 9639 5088 6355 6579 7512 7754 441 2328 7289 8515 9962 2544 6442 1697 5551 2528
39 2758 2452 3210 7439 563 9019 7295 2930 4104 2536 1028 8025 332 8067 4374 4515 7007 9081 5909 568 2348 7102 4335 2206 4838 2910 8186 646 3007 6131 433 4366 2398 6356 9748 5970 1665 3436 2451
59 3183 3516 3233 5837 4805 6497 5136 1704 1066 3903 6407 1421 8530 3455 979 8681 2057 2840 8564 8609 5157 6919 9853 2707 2071 9976 8573 2705 6368 1972 2657 3944 838 1461 1636 7853 5646 407 9295 4493 1903 2045 3252 2696 7160 1324 7954 3994 6659 9342 4407 2203 1119 6360 9474 3218 2431 8819 7187
55 6975 1143 3169 3361 8286 928 460 3295 9428 706 5307 9242 236 7538 4040 3364 7767 9857 7267 4823 1919 8956 9769 3317 3393 178 8109 8148 1664 5652 7564 9209 9427 9077 583 1940 6144 5339 9399 3676 8789 4908 4042 4517 8077 6798 2268 3024 4940 9330 9410 2007 9343 8909 6787
45 9822 8078 8698 5326 9288 1364 552 4803 4535 1024 7579 3391 2358 9963 2279 2375 5125 800 2161 9548 7466 4564 7958 1920 7340 6721 4943 3576 6403 5806 5493 8866 7133 9746 6373 3843 1528 6886 6109 9903 517 3959 9064 511 75
59 4891 7584 3145 8724 5147 6668 9447 6347 4060 7569 6888 7014 2693 5153 817 6910 4009 3610 2053 5368 1547 8201 8365 8873 7541 6750 7045 83 8562 7377 4952 6882 8482 1352 7146 984 8498 3837 3089 5754 1945 7302 8209 242 7562 349 5286 9277 44 8803 9947 7223 8978 870 6264 9802 8465 5723 592
46 2139 8090 1595 5595 1842 40 8130 3396 2085 3412 1917 9461 5274 7111 7755 468 1317 525 5514 995 161 9092 2076 5689 3241 9458 6182 7346 5072 6841 8175 9119 7912 180 3378 7963 657 6067 2721 3015 8100 3906 4353 3956 7537 2288
51 3636 207 5955 8386 1805 9492 3339 6231 4415 5968 2212 2137 6481 6746 7361 1322 9183 5457 8581 8518 5838 4460 9500 5869 7740 9672 5132 9923 1726 3211 1114 5731 1977 1495 3231 9998 6469 3751 3342 7786 8557 8474 5173 7281 8018 9030 3421 4548 7764 7921 845
56 8725 3423 5524 5535 8468 3856 8143 6402 968 8261 5117 1562 4983 4309 3272 3858 8646 6971 3711 550 2061 7024 7610 9839 7275 6648 1870 339 5833 2342 1052 8926 7184 8276 3869 7881 8804 9801 7685 9859 699 1479 3098 2261 8146 8516 5593 4947 1464 4552 8236 953 8092 7153 2623 7917
62 3353 934 5798 8607 4494 6980 1247 1712 7183 2205 3005 5461 2048 1429 2236 3332 682 8831 9406 4452 6547 7405 4640 4325 5235 3176 9274 2654 5856 4204 7596 5027 4761 9729 4934 5692 9929 6775 72 3967 5338 2621 366 6080 5305 9620 9020 8058 2866 6503 3041 796 2189 1672 1313 966 3857 1690 5988 7341 8385 9577
53 389 2417 1752 7030 4390 9104 8565 3519 8464 4227 4355 3346 7299 6167 7379 1299 2310 902 5769 2538 5189 5603 7432 1934 6829 9411 6338 2185 449 6977 7803 6334 4557 1581 6678 9641 2997 6314 9230 8735 7904 1072 4569 6774 1718 7868 4608 7463 8830 6029 3931 6952 3082
51 5482 1753 9360 3492 3551 6610 528 5632 4442 4476 8714 7957 289 1794 9831 8381 690 4377 3192 7202 6572 9368 3246 1091 6908 861 5135 8135 3073 923 6195 7956 748 9193 8433 2884 1995 8747 1237 1626 5261 2819 4479 8244 6673 8941 9918 5240 5320 7162 5107
52 3187 660 3562 816 626 7115 128 6250 2396 3177 4784 375 8266 964 3556 1836 5496 5843 3144 391 2629 9529 4657 9300 428 3199 2761 2759 1054 7888 6384 9419 6512 613 507 4752 3615 1803 5172 978 7121 1474 7478 8953 8484 7817 7371 5042 2804 5562 6179 496
48 4611 654 2864 553 4951 810 6890 5965 8875 8624 9754 7723 7679 5671 899 9356 5580 402 1440 8718 5163 7163 3654 8993 6567 3487 9562 2426 5699 4316 3721 9996 3978 7829 3293 4842 7 1202 4485 1500 9198 7376 7717 4287 616 3760 677 6722
38 8172 7633 4049 1824 9662 7720 5756 9336 8166 9522 3560 9095 7845 9322 7773 243 4831 2919 3254 7651 413 8284 2656 7949 2589 585 1068 8732 8291 8199 6734 9429 5321 1605 7920 8451 5257 8470
45 3060 8595 9561 4878 9366 7251 4769 1520 4219 7151 8820 4636 6566 4221 5315 2525 7390 5012 1872 6531 6609 972 1000 5169 4212 6406 6353 6124 5246 154 2932 9114 5814 4403 8104 5234 9637 2927 3930 9143 843 1875 7533 9481 7364
47 820 5777 6257 5516 4710 952 5949 7430 5883 2138 9546 4350 3281 5875 7356 8377 4044 8004 3784 1269 1849 1861 5329 7059 7877 8938 6811 5122 965 4845 2224 4843 8758 1013 6326 6288 4359 2449 8212 9357 7085 7736 9379 8160 9841 1397 6207
56 8598 9988 8299 1539 352 9868 8434 8850 1670 1983 6655 667 3950 3620 8237 4181 5318 3847 308 2410 9006 1248 2909 7407 8253 9979 6582 1172 2842 1667 5519 2193 2475 1050 8196 7570 3162 4911 5572 6140 5164 1561 9926 118 2503 2987 3910 1374 7644 5582 566 7518 9912 6159 3467 4087
41 4172 1141 9543 4107 7703 2083 8988 7409 7037 2100 9983 310 8665 3095 6941 3812 1294 4199 2671 3896 9683 381 5464 1591 1201 4513 921 3862 723 7445 4267 8606 4291 2088 2911 3305 8583 9544 8265 9255 5666
57 3883 4764 2648 1130 188 3312 7894 4824 7650 6869 3266 4677 3731 2346 3804 6990 5596 3513 5296 4758 5168 5935 9733 2595 4888 5238 7091 2928 686 798 8448 7237 3705 7025 9207 3446 9299 3692 3067 9409 6104 5841 7333 9294 3394 122 6468 4220 2002 8748 8449 6917 8622 5536 8195 8024 3030
62 3190 8097 9215 724 750 3496 7946 6729 4807 1924 9227 6416 8733 5456 1448 919 8072 1639 184 7561 2176 3791 6183 6813 2699 6763 3646 2220 533 1439 6432 2111 3013 7353 9426 5236 5672 4868 5043 705 4439 3600 3097 3691 9652 695 7354 6086 5402 2718 2510 9863 7107 5430 65 6189 824 6830 7165 1990 5690 8799
56 9392 3875 9488 3240 474 9248 6931 4766 5475 2069 1779 8052 4436 8699 5940 6718 4867 5525 4553 2154 6112 4692 4315 9619 3544 9798 8588 3069 8593 1493 9228 1321 4749 125 2171 8601 3886 7673 2742 579 9313 9331 5221 2197 5946 7713 7544 6506 2881 8105 8290 2349 2957 9827 3642 6575
48 6933 9435 9328 1831 846 8492 8969 4169 1909 9933 1772 9751 5423 1462 4739 2024 1994 147 9762 5253 261 1011 4130 84 2355 5830 4423 5839 1853 1451 9290 3853 8288 2653 9103 8495 6777 6270 3738 725 7657 8510 88 859 5386 8225 6055 3818
37 5832 6488 6796 8903 5938 1014 6092 9378 9397 1025 4933 7338 8256 9338 8723 9737 5314 7032 7009 2416 2354 4218 7363 3920 7069 354 1941 4086 9783 9911 8692 6608 4859 5140 2810 711 7577
47 2223 2851 138 1817 773 5503 4765 429 7724 2573 3518 5400 1241 4248 7870 9989 1151 4724 9451 6160 790 886 1329 6145 8507 9043 7104 1046 664 8621 3884 8041 7168 7241 8457 4528 3413 1019 2025 9347 390 5780 8771 3472 3529 3021 1445
62 8141 586 5919 7662 8453 2381 9498 3503 8678 1746 4238 1816 7309 6635 7384 130 9884 2767 5585 7482 9590 3242 9407 851 4642 7981 4799 5510 9442 1792 6412 5592 6191 7525 6454 8842 1553 9959 9421 2287 8129 8139 7932 3109 4191 3824 4742 4786 9401 1757 5469 5623 1534 4755 8852 2978 2302 8768 8683 3555 697 63
55 5260 5014 8561 7566 4392 6600 8400 6970 8003 5751 5128 3735 1737 1644 5416 9721 3443 164 7317 8036 1064 1132 6276 8857 5894 600 2632 559 5356 4970 2484 8425 2113 5617 2344 988 3861 9623 1005 1874 5677 2976 1958 3710 5215 5918 2441 5372 788 6842 8167 5836 1099 4539 9784
54 9106 4768 4616 7382 9718 1956 1531 6754 6032 7116 3164 9462 4278 9955 3205 2745 3439 841 7046 6097 6697 3743 6693 7838 4179 9287 8650 3063 7725 3684 4280 8688 2034 716 8900 7495 4972 2861 9234 6641 1513 5576 8157 7301 6899 714 235 2329 5161 4135 2267 6596 6065 6172
50 3117 4852 1568 2086 698 8927 8592 8431 2858 2384 3259 4200 397 5058 2096 7896 9078 9186 5401 4055 8603 9889 5904 4857 3892 3407 359 9490 2743 3568 7431 7171 2326 6786 3409 2593 4570 5287 5884 7585 6083 6827 8869 6285 8785 728 2159 9603 7490 5016
58 691 8849 2146 3076 4474 281 665 8120 3064 8282 3410 404 931 504 7607 4307 7513 1127 8700 925 4542 7190 8131 3434 5811 9809 2859 8115 3010 7298 6375 7953 2464 8550 7556 8295 7499 8497 7999 4847 478 2026 8300 3732 9807 9614 3395 1569 364 607 3066 7711 8782 1820 1079 9645 2587 1868
30 2849 102 6669 8246 9755 4896 2221 385 5742 9675 720 3194 4547 4157 3463 4109 6521 3639 8226 3485 1090 8600 5995 9496 7658 942 2953 6161 4254 9346
40 6096 6423 9155 3827 275 7984 2442 8924 6616 3669 9272 9395 6215 5748 2233 4562 4931 8912 1301 4726 7336 3609 4276 6629 5378 5648 8867 5688 6760 1741 8161 913 5563 8301 1369 8374 1473 836 8715 470
55 681 4078 8644 3929 5653 191 5462 598 2037 8540 780 4834 4391 1604 5478 9121 3079 1784 1944 9725 177 2961 2601 358 400 257 9970 2760 5292 6378 1962 3974 9334 512 9252 958 1887 335 5825 2521 8230 5421 1755 4013 5381 6799 8576 5819 8219 7677 9765 2444 6542 2791 7368
55 6781 1109 9594 2766 6597 3119 9820 3937 7475 1140 5237 3919 8906 879 408 7022 6643 7598 2337 5508 9771 560 1709 8769 954 198 1968 8329 6448 5956 2315 9560 3596 3432 7428 2988 4653 8817 9656 410 6825 2669 459 8648 6631 818 634 5985 4228 7386 4811 3311 9987 1891 7903
41 2038 13 4469 9194 6154 3878 2954 271 8053 5005 6551 6359 9648 9437 8641 8874 3398 1256 6914 2062 5852 5451 3132 9800 1094 4120 4312 5746 1840 5755 8396 6739 2272 5165 3966 1184 4540 2668 7908 5486 1766
45 5604 5467 8657 5492 2 8547 1398 2051 5251 5726 7110 4621 6744 8292 7869 3675 1083 2183 6989 4990 9501 4578 1308 9325 4027 830 8847 4162 1931 6528 148 7372 3617 1200 2196 2210 1728 2094 8619 6149 2879 9768 3634 3517 969
36 6570 4960 929 1038 2554 7481 2756 8063 6348 6292 1203 9565 8897 499 927 4263 4900 7401 3565 8917 8260 7802 3392 6449 5219 7948 5716 5191 6451 6653 5484 7141 6863 6900 6031 6091
53 6130 6424 2636 6330 377 2583 2263 2940 2003 8613 2914 6681 1575 3836 555 2868 1898 8741 2728 8812 6535 3908 8325 168 1349 546 636 8721 55 8020 7962 9326 6991 6127 9711 5807 1077 6243 6536 3053 442 9353 573 6358 2385 9927 3328 4237 4461 9847 6173 5033 6413
51 6812 3611 9688 6595 854 8919 2244 6936 1278 3811 1178 4084 4175 1165 1055 1592 7866 4672 4185 4885 230 4929 5070 1754 1069 8824 322 9833 858 2724 3778 8066 2551 4551 245 7124 8401 1720 7350 1563 19 4429 9137 4445 1859 1129 6040 4746 6366 8117 9563
56 327 3387 7995 5583 5213 8297 26 3987 3524 9150 2201 6753 4887 5901 5925 1770 3489 9986 4465 9149 8206 1423 8628 4945 6707 6814 564 7990 6612 6024 1416 8168 6530 1469 7155 6963 9653 7959 8524 2347 3538 3469 4409 7523 9032 4571 6745 2731 9476 7856 6028 6823 950 6806 1508 7207
50 701 9282 2698 994 7343 2330 5966 5345 9699 9224 8327 7543 1220 4313 2280 6856 3484 8008 2948 2465 1418 3220 2704 9359 9430 9681 7909 1886 7733 6905 5150 3880 1955 5605 5194 6004 1026 6401 2773 3689 4971 4484 298 8388 8308 5787 9018 8879 4712 5987
41 5634 1925 8440 7395 6200 4773 9470 5377 2391 9223 2762 2136 3604 123 3368 4986 4161 3983 2869 982 9570 9169 5385 2974 9171 5788 6194 6290 7902 7977 2294 2376 2491 6251 652 8981 7930 378 3148 2902 2099
45 8854 7937 2191 9913 3972 2813 544 8885 5534 906 3707 678 4639 2106 91 7872 7227 4205 7660 3777 1307 620 5906 7247 193 6884 8843 355 9597 2580 7550 7250 9449 8888 6548 1497 6273 4510 4450 3859 6783 5471 8891 8037 7417
44 8980 4830 4662 4066 7096 5846 9756 16 5668 2701 1969 6464 8368 6622 9848 420 4264 8689 7484 4665 3431 384 5694 832 8384 5994 7130 7075 4477 4424 9810 4125 6396 7994 5631 9726 6839 2665 4663 2455 5452 4848 1297 9335
48 9581 4466 9031 8152 4568 2000 3149 4217 7020 3744 4730 4673 5302 1676 1082 2835 2097 2547 1708 1548 1002 3453 4295 387 2463 7860 831 6483 2006 1819 7212 9630 3535 8519 2087 3690 3032 206 2336 661 3081 8779 3214 4683 6320 5361 3870 2681
50 5835 6229 7297 1271 1437 3258 5564 6778 4458 7449 9052 9384 3367 5082 2058 6411 7065 9898 2613 2064 1609 1694 5509 3402 6999 9855 4906 3121 9655 4382 8807 4368 1383 4656 3890 4704 1743 2598 8403 7098 3000 9025 1404 9438 4268 8539 8412 1212 98 7234
47 9145 4114 1577 9764 1425 4701 8934 6765 4311 2774 6212 9495 9044 3110 9012 6192 680 1838 2424 8796 5786 8095 2256 1736 5187 7433 9473 9516 5893 4216 3750 1232 1912 1183 6661 9572 1254 6577 3936 5344 3057 5216 6810 2719 7722 4964 6627
49 7833 2265 8502 9740 2496 5608 2785 5886 5113 2512 3867 5483 4046 2752 9629 5360 9781 2937 219 8466 8258 7536 4921 9728 239 3094 4045 6166 4549 6861 2945 1780 7023 8056 3372 1273 7797 5283 8738 8951 3084 3841 1538 7807 5809 7951 3345 6513 694
53 3425 3968 4922 8366 687 3471 6168 1835 2570 1745 7367 7790 791 2920 5916 3103 8001 1883 6690 7942 4047 7771 7928 9372 2790 8639 7792 4317 7238 8355 8190 3129 4232 9387 2660 1216 7964 9693 272 3397 1078 317 195 3163 983 3208 9582 730 5729 6235 1946 8964 7460
53 9832 6950 9925 8315 1599 9443 1191 3833 9584 2836 2482 2599 2304 422 768 4096 8006 8913 2637 5424 3587 1888 9415 9267 1370 2230 9375 6862 3020 403 1489 9278 9694 2428 5220 1171 2251 4258 4737 3567 7266 9722 7501 6583 1877 4490 2938 192 2776 2456 7399 9770 2084
63 5455 42 7901 2091 476 3765 9685 5129 7890 6563 6922 8549 6242 8421 5796 1414 8442 365 1368 8463 8249 5704 2009 5601 8153 4720 8813 8899 4376 7846 603 2730 4226 1413 6611 7221 471 5399 3754 500 2662 7780 9938 8676 142 8531 2529 9977 4039 4593 6339 6832 1393 9320 5256 556 7966 7850 2585 7978 9607 6647 5273
51 3440 1769 2672 8267 9559 5826 9515 3036 3755 3881 8500 8111 5218 1174 9240 689 8182 3313 7036 569 6252 5411 6665 4180 2973 1146 254 4700 8972 4496 6850 3113 5389 5986 4826 9901 2366 9245 8881 6852 8014 2162 5765 4695 8353 6332 4775 7568 2494 3748 2980
43 7320 4974 5336 1196 1807 450 4067 3373 7528 4903 132 7349 1032 6256 9921 753 4435 4914 2720 5259 7001 9844 6749 6006 2882 2581 2462 5394 1346 1625 9521 3178 2392 8179 2282 7972 8672 1947 6637 6184 8986 7805 1911
47 9351 4804 5233 9251 676 2323 6211 4304 9622 7960 5700 5879 6225 9593 8159 2020 2878 1262 2981 700 2872 7196 3047 5037 211 1584 8429 3475 8397 7821 9610 4651 7498 857 9978 2812 4367 1279 7152 6654 6041 8305 7900 3072 9163 7820 2107
40 1785 1386 2996 5557 8432 5528 702 7638 3855 7867 5724 1257 4393 2129 6522 4145 204 1074 6210 8815 916 2014 5427 863 1894 2324 2226 3927 8029 9551 121 5549 9698 2828 1446 5317 2075 4791 7294 9212
54 2772 5465 3877 7639 5939 6214 2874 7219 6102 6815 6844 5126 9329 5170 4524 901 3770 4521 3167 991 1228 9704 292 9906 2900 5063 6174 2645 9008 7491 1409 7013 6698 1169 3571 2299 4812 1619 4982 1384 6126 3725 9369 8079 4121 5039 5337 7332 2311 7100 937 869 7063 2994
44 2440 6638 9440 23 6687 4994 6992 2604 5881 4034 2906 9640 8910 220 9504 4486 6902 6817 4454 4684 5096 1444 1914 2739 6742 5695 7779 9046 2792 8304 4763 5616 5111 329 4721 2046 1594 4138 6136 7738 8061 6068 1727 4516
45 6340 5057 4634 9506 8625 3953 3907 1631 9489 740 5348 6007 5850 5376 141 9554 3156 5100 9634 1290 7328 2643 3290 6085 6352 6892 6539 5697 1284 4007 7686 9479 6254 5558 5342 1786 1981 9148 3796 5526 2008 3101 8784 3188 6014
51 7277 3236 5130 1896 2793 1556 8017 4909 6925 6275 1776 6444 8250 5867 1238 3619 3625 2499 6436 4577 2243 3925 4281 9412 5963 7620 3514 7310 1598 1613 2231 4596 4299 8973 3550 454 4330 5929 5656 9132 217 5319 9364 1900 6022 7154 9805 5747 1288 9573 7004
46 8044 2297 6425 1250 9937 610 6703 7028 6389 8423 6186 5146 9339 5523 648 7387 5701 9628 5200 799 2500 5820 1453 5924 7189 7079 5655 7093 2473 3976 9199 7599 129 9205 5155 7101 8811 2537 2749 9045 4518 5618 6217 6974 1791 3006
48 9141 7256 3756 2607 9538 7222 3128 2152 7358 1860 8083 60 2353 5448 1659 9549 8992 1076 2359 6727 630 8328 4134 4117 6230 4432 135 8215 1395 6674 2675 2534 1482 920 2821 2806 4208 5145 3627 6053 1347 3614 5936 8068 6008 7861 6663 8636
39 493 8057 9211 94 7511 416 7421 6379 5693 3033 7988 3830 380 266 6523 5142 5384 5059 1960 5162 3136 6337 4240 2972 834 9779 5636 6589 7067 6937 5264 6477 5025 5358 6702 172 501 6266 6942
48 8858 7148 6021 3632 3247 9791 656 7120 7969 1417 1175 1608 6000 4718 784 4627 8756 8093 2744 6874 8541 2624 2511 3989 8511 6820 1899 7939 9218 1933 5913 1144 4930 1744 157 4471 8882 8942 7385 2625 9611 9897 6870 6934 9493 5992 1328 9686
47 5588 5046 7337 3482 7397 6459 6177 1260 6876 8933 3001 9394 939 7369 1525 1895 1871 5900 4158 7727 4844 9247 6976 9007 5367 1170 3894 6398 7795 8087 4609 6605 4308 1274 2638 6713 5459 5569 427 9894 4680 9071 9152 3285 1627 5823 7414
52 1408 1764 6319 2803 1348 6640 8481 9732 1863 1059 8751 1907 6767 2218 73 8754 9803 2770 9235 7068 8659 9179 9311 1401 9024 9893 5567 3376 8269 5463 6685 6529 1332 3933 9684 9657 1031 1857 7128 6317 1815 5849 1105 1550 9444 4586 2493 3403 5473 3531 6632 2103
55 3216 1846 3533 7015 8977 479 1275 1926 9836 8936 7992 3275 7086 8865 8050 9477 8572 2908 8349 2274 871 7419 5322 3362 7039 1723 1206 2370 9187 7157 5782 8925 2056 713 7126 1231 7563 6875 9237 2733 1478 2363 8716 7799 8174 3946 581 5633 5586 2959 951 3769 6061 4875 9510
47 3491 602 5030 7606 9992 3701 9940 5669 3866 4926 4195 1430 7406 2301 7800 9571 3745 1759 1797 5791 4599 5817 406 5504 7058 8051 14 263 4406 4103 3125 1623 6058 6297 7198 9402 2545 197 9069 77 5950 3092 4592 9383 5717 3570 9418
45 2098 9213 6720 2890 5721 5529 108 7458 8745 3126 53 4795 4597 93 5587 4251 8040 472 3545 452 6228 5373 4488 6282 8759 7848 7064 8198 4499 4649 7634 2676 963 3995 4505 7342 4927 2627 8165 8893 9164 9869 8392 7887 4361
33 4904 1377 3640 4802 2769 9956 9175 4050 9627 215 3733 1588 9825 393 6427 5433 2266 5512 7916 5090 4736 5265 8348 1517 3370 3574 650 2886 4894 8030 4283 9680 7796
48 7851 666 7229 3832 3209 9136 548 3575 1192 6258 6117 9416 2535 4250 5051 6485 7203 4858 1750 7944 1998 4356 1485 8876 8974 8358 7284 8191 8552 2276 2818 8509 7696 9091 4277 3495 9830 3650 1379 4709 5089 464 4631 9759 9934 7050 3048 2436
57 3592 4801 688 1312 3534 7329 5942 5675 9459 2963 4529 1210 9115 9096 8108 7016 2018 8911 5760 6473 3678 9126 5687 6185 1986 9910 5533 5404 9116 6581 6993 4511 9552 2970 4177 2527 8373 6180 2485 297 5810 5340 9626 2723 8868 5087 8048 1388 3591 4036 186 3729 6960 2968 9296 4771 849
47 4115 1788 159 9957 1468 5771 5209 3316 350 9804 5109 1600 6313 1042 5201 7768 3558 2027 4483 4612 3926 3449 4343 231 2010 2015 9021 4043 536 9017 244 2650 3768 4073 2588 8763 3713 8363 7617 860 8776 4058 8589 6498 7066 9643 7540
47 4967 9872 7132 90 8523 1040 3460 7694 69 9785 1152 9752 4005 7621 794 5176 2281 4174 6651 7076 5000 1742 71 3879 6272 6591 7271 5479 5056 2700 6232 9532 945 6116 4427 8344 2340 7440 5538 8306 7477 882 7214 9971 8132 9982 6051
46 2586 671 1030 839 8227 4996 8797 5815 9219 1124 5151 9625 1300 8968 7489 5639 4003 8680 2132 3105 3228 1056 4090 866 1662 6696 8780 86 9483 5643 3820 4094 2333 3776 8839 3973 5363 9225 3374 8522 6818 2054 6435 1350 503 3504
45 7245 1472 8184 8653 4338 5934 5917 2715 4957 9076 2841 309 4408 7158 6049 4520 8894 8413 8666 7549 1847 6836 1856 6502 2032 2979 4482 1578 599 8280 8508 932 3909 621 2514 6311 1010 3404 3202 4345 4235 4364 5644 3952 722
29 7136 7576 1415 811 6151 1976 3212 5972 5752 9122 388 4800 8155 6307 6894 1356 9834 9840 3572 2566 316 1974 3352 2667 7616 8637 5418 1651 6148
44 8786 9284 9445 3782 1768 89 2933 3201 9129 6556 8575 5229 8594 1521 5167 9485 5822 3683 4095 7614 7305 4064 2382 7663 7623 5477 4139 6930 8614 9981 7410 8259 8580 4253 162 6316 1443 4999 2896 6371 3633 3159 3143 973
37 6613 7828 8404 5383 8447 9951 6493 1442 9967 8726 7359 1688 4290 7766 5488 6213 3584 412 777 376 8475 3343 2697 6962 4654 3433 6604 4725 4491 7571 1696 2434 5996 1428 3120 5507 4502
62 8424 1641 957 7175 4989 2241 6461 3630 8513 1205 7698 8949 6150 9621 462 1740 5224 8727 8239 3997 3871 4809 8000 8840 465 6233 9363 6705 8808 4687 1182 8144 3310 8605 6010 4294 3269 7739 9796 9264 4541 3329 1471 2259 3466 8795 7547 1343 6070 7113 5872 5232 3527 8567 6002 6932 4561 3522 4793 1106 6390 2565
43 9413 3123 7642 8183 7402 6871 6889 7699 6445 82 2664 7931 5425 1693 2646 6800 6033 9110 7082 7873 4284 8455 4379 6025 6082 7712 5379 9931 1567 8999 2420 8947 6555 2199 5300 808 8770 6303 2467 3872 7422 202 4329
47 1808 5325 3643 5612 3405 4286 6322 8651 2295 1412 1004 5223 203 8089 7706 9952 8755 4100 1371 3635 9365 3941 8787 9616 2278 6726 8667 5331 5393 7879 7732 1116 9341 155 146 1318 5624 9201 6324 7604 7970 940 574 368 5621 2594 5779
45 1717 445 4501 6265 8080 6046 3951 5333 6283 3536 4018 6822 1236 5396 3427 4341 6872 1431 7816 345 3464 6060 7588 4351 604 4756 2714 9297 6466 7813 2754 8107 4849 6089 3070 6289 2177 5660 3459 6761 7396 7413 480 4197 3758
53 3249 6152 9591 5903 3278 9702 7986 4144 721 9708 5912 5228 5010 8645 3037 8262 3481 4691 2286 3794 7925 4443 7531 5281 3798 4215 2811 8015 3828 3441 7199 7924 5880 4453 6336 1286 9920 6035 7325 5676 5888 6903 2374 3224 9001 9828 8060 3645 9786 4707 7947 4789 8618
47 175 3256 7006 1734 554 9075 6093 5898 6928 7864 9606 6030 2293 1677 9229 4394 7840 1725 4289 1188 4448 7233 7831 7265 3888 9564 5531 1645 5733 7373 3566 1992 2277 5663 3523 2579 2729 1978 5812 5391 5711 4895 3719 5591 4526 6511 8694
45 8995 3198 4796 8170 4481 1036 2472 9079 9612 9772 1804 8264 4348 9314 2722 6860 5023 3078 1460 3982 2389 3360 6846 2130 1156 17 8171 100 3569 260 2655 4426 2437 7048 5702 9878 2709 1316 453 1015 6755 6135 124 4576 4901
42 9014 4661 2163 6982 7011 5537 2399 3322 7161 2578 9139 7147 7408 8417 1160 4273 9583 9393 1603 2924 3035 1214 5766 1103 9935 6743 96 5026 7836 3043 5131 8674 6896 8719 7452 9433 8682 3138 3366 6240 4965 1298
37 7418 7883 7047 7487 8870 5865 2801 3225 174 888 619 9093 5055 8652 5350 4344 228 8436 4340 3512 2327 2029 3244 9701 342 3900 3206 7140 4613 8596 9615 9580 2532 362 9192 419 1199
46 78 5645 8669 6897 4166 7031 8710 2649 5185 9385 1422 3442 1123 3283 8954 4942 1243 5759 2409 5105 1121 8602 5647 868 4127 2325 5289 9303 7150 914 9066 8133 2229 3276 8984 1463 3509 6158 284 8075 5981 9813 3752 6431 4061 5065
63 9888 8085 1942 9589 182 5997 8829 1325 4715 5258 6995 1515 8937 5166 6519 6676 2748 209 311 3465 530 8274 8783 1007 1039 8391 6171 38 4168 6224 4136 2923 4658 1490 6026 3175 475 5443 6362 9214 2290 299 324 4035 5495 5799 976 6043 935 9333 3626 8326 3577 9348 4038 2065 8520 3940 4619 5926 1533 4767 6730
52 2209 3815 8546 8545 4447 7494 1113 6482 5171 6470 8914 7483 9220 4306 6084 4958 8944 6138 8859 7645 1524 3127 9434 2944 5808 99 274 1122 9098 8461 2133 7961 8379 179 1164 6071 1475 9649 2317 267 2443 2784 8302 8685 3510 7125 20 4762 1295 3059 5044 3107
37 7426 746 601 8579 3235 4622 8584 3949 4137 8620 1433 22 2477 9153 7955 6069 2120 8892 5441 2033 3458 7700 6170 505 6249 9896 9195 3969 9319 5922 1586 8846 5870 5548 9293 9731 7593
56 9189 7313 9887 3628 534 9166 3899 5740 4091 7648 6620 4386 338 9719 8293 7605 3195 4190 9425 2318 1610 7745 6824 4997 3850 2867 300 8931 2877 1280 8279 9609 2300 4819 5242 8023 6526 6789 3666 2958 8408 7895 1669 3424 6797 6532 439 3583 2357 8501 371 518 3071 7911 6202 2423
55 3042 2517 2713 4397 612 4797 4259 1067 1818 6961 9669 9033 2747 1923 795 7259 8285 6128 975 6419 8517 3882 7680 4110 7304 7062 9056 7503 6318 9703 2897 6510 3543 7118 6945 8883 7307 3641 6953 649 7231 912 1624 4886 9088 1334 7451 6066 8218 7553 7839 2786 1235 4871 7534
41 4052 5552 2711 8383 1060 5555 4808 7060 6983 1505 8445 2144 3122 9165 4302 606 4828 2232 4782 8294 9677 4617 9002 305 3152 8597 802 418 2216 9262 4404 9758 9578 6081 5364 3726 3309 9101 6972 3962 5774
51 2805 2378 6956 3288 7539 1365 5197 8134 4068 747 7253 9454 873 6520 2439 3348 674 7927 3100 4938 1683 6918 3298 6773 2044 709 8332 32 7035 5409 492 6924 6724 5602 7945 1982 9514 2883 8542 2626 6920 8409 7174 2829 5481 3106 2386 1954 9527 7652 6614
25 3153 4759 9632 4455 663 565 1207 8390 805 6345 5075 5947 5727 9355 1366 2073 2486 3561 491 7008 8151 4923 946 9558 5453
43 152 9038 5049 8177 330 3383 3099 1756 1465 7603 5896 6866 6409 7078 7671 9818 1233 881 9821 1029 1963 7859 5718 1457 5268 2407 3193 2839 2164 3773 3077 5762 7182 7600 9004 1263 4735 9687 5948 8070 3080 9556 4678
54 6808 6845 9054 4170 6959 8851 3385 9042 3762 779 5658 2352 6766 8970 572 134 80 3934 4025 6675 9178 2320 2802 6893 7400 3622 5720 6450 9312 635 1654 5989 1732 8233 9676 1733 1296 3736 4041 269 7933 5316 1527 1686 4884 2214 6709 5231 8916 2291 6564 7718 2504 4275
38 4071 8730 6785 9202 417 2916 1340 8553 1810 8486 9270 2955 5768 8352 3730 6176 1885 4414 9794 4149 9999 7628 1246 6527 9749 4991 8856 2361 7057 9574 7017 5518 9608 7705 6660 2501 8880 9723
45 1587 2823 1204 3025 523 8654 3051 8503 3698 5696 2430 5680 9907 2873 7952 3722 3091 1222 250 3203 3520 8793 6553 6331 8477 907 3685 1866 4902 4538 595 2307 3718 5047 7507 9271 770 25 4416 8749 5882 6203 4827 2634 9837
44 9111 3902 4581 726 4122 498 6864 2305 3306 9073 9382 2395 6016 1593 956 6393 36 9990 8642 7661 9376 4941 7345 301 3416 5417 6114 4602 2546 3674 5978 4614 6807 8757 2174 3358 9631 3943 1937 1943 3274 8731 5489 1991
44 570 3384 3179 457 336 5031 3932 6382 7976 7625 8439 158 6985 2429 1854 6994 1302 4880 1193 1118 2078 1564 3548 8832 2004 9118 4813 3942 6418 7044 9876 386 255 6695 1058 6568 3793 9108 4336 9034 251 9113 3074 5021
52 4753 6227 2202 9037 7695 2418 7752 850 273 7442 4910 6113 9263 1441 4323 5079 3151 3647 9084 2542 7291 1516 5578 2050 9332 3131 7404 855 1552 6624 3437 6453 1832 8599 6940 5614 2453 6054 1087 9432 3365 5544 1663 7224 2284 8188 4783 4681 3998 1022 5712 5789
28 8346 3651 1420 6163 7765 1980 9919 4544 6585 5890 249 8137 8254 9547 7081 9587 5212 8491 4787 7479 1649 2750 1722 1987 7034 5011 9036 8632
38 3363 9890 2156 1512 6671 8125 8399 915 2005 4006 4777 5182 4192 4314 1133 3430 7835 8122 4021 2913 9497 115 3251 8038 8223 611 4033 9525 853 28 6834 137 7967 8902 6704 447 9154 519
58 7427 9814 4260 3104 2550 5008 7394 9797 9930 6234 6351 1855 605 9302 7412 9456 4969 9892 1149 1730 4293 2887 6456 8801 133 1642 1135 1063 361 9197 2658 3814 5239 4310 2488 3371 1291 829 5267 2023 5494 867 423 1953 7687 823 4790 809 4959 7090 575 8011 145 2371 4708 5851 9354 7260
65 8709 6791 1573 8568 1062 6245 7529 3679 3694 7230 2239 4716 5868 7728 4093 2782 7117 2331 190 5084 111 6472 7415 4124 1526 3315 529 9216 1650 986 6143 3807 782 8864 922 7757 4080 6607 7248 4645 6494 8119 842 8827 631 761 6949 8662 7211 7594 2089 898 9523 5615 6408 6916 9705 12 6762 3985 7729 3474 8240 5991 1185
49 6190 8121 7574 9942 910 1148 7191 2350 291 9268 8615 2401 4817 8257 7375 2608 4387 2021 4575 3500 4647 1092 5983 1589 781 8142 639 4332 66 8982 4438 7210 7975 9706 7357 9518 6020 7646 4928 4675 7055 7306 6077 7453 1812 5275 5002 8887 3399
47 9696 625 9635 1407 8890 2746 8418 2569 970 9943 2687 3984 3429 5045 878 3277 1045 6238 510 5114 4230 1488 7630 8333 9624 9730 6087 1400 8 9226 9663 3230 7987 5657 7595 3649 253 9778 990 6397 5432 8774 6587 4111 4418 1864 8629
49 9446 7704 6578 5069 6294 5511 4239 2469 9817 7416 5460 9761 9777 7865 3019 319 2771 7278 2541 8154 87 5661 1695 5905 6386 6735 3723 6998 131 2740 6965 5186 5414 4029 2438 8428 2360 9953 4584 344 9134 9080 8228 4354 9349 8479 7886 5638 1154
44 2198 2351 9747 3659 3264 2195 4126 5 7572 8791 4487 5406 5969 2175 3785 3336 3986 1166 1630 5442 259 4851 3971 1910 2022 7582 8825 9519 6391 542 9536 7857 8940 9022 4008 5527 6447 3589 7997 1001 4419 6121 2678 6246
53 4980 405 4794 4088 3501 7929 8717 5116 2253 8074 5829 4156 7715 908 7719 4069 7878 4395 9939 5439 5301 1120 2260 2986 2647 258 8435 4601 4779 7844 1830 6439 5827 2727 6009 5628 5272 4744 1041 3133 2856 3447 6911 9557 7411 7542 7804 7801 1607 8187 4556 819 4644
54 3171 6475 4099 5387 1049 4186 3898 5654 3049 8957 4722 7777 8673 9533 1541 2679 980 615 1749 2763 2891 1585 8512 189 7005 918 5095 1496 8764 5541 3204 2379 9174 4056 4595 9512 4285 1357 3307 5709 7486 113 4993 6293 3369 3588 9208 6901 31 2737 2925 4605 4916 6090
50 8339 502 874 7516 9984 4 6374 3764 837 6657 7185 489 675 7054 4734 1802 9327 5568 7876 5781 3506 9689 5309 3631 7830 6178 3303 6063 7290 6772 5565 2419 1351 3253 7783 8822 6107 7193 757 4620 2619 6534 8994 3196 1705 2516 4257 7772 7608 8307
46 3181 314 5334 7496 2524 1080 2242 8649 200 1897 2001 8483 9973 8224 4431 2857 3284 9845 1498 1145 214 7515 494 4623 6120 8303 2898 1844 658 4211 7420 1251 6642 160 1529 8252 7139 2796 1580 4381 7280 6308 1629 7854 4594 1289
43 8983 9257 5247 3682 2755 7109 1390 2167 8454 2334 1932 2674 1657 6944 6236 6277 2457 7875 532 3515 778 8248 8775 1721 7681 7626 1195 1950 538 3408 326 1006 7051 6349 5743 9146 8742 8818 3237 4666 1266 8559 8164
36 5206 5472 6003 659 9636 1380 3347 589 6341 3480 2194 425 5861 1532 7784 3286 872 2116 7701 9279 2082 9902 3801 2151 2060 1456 618 8720 1265 7497 2160 6209 1997 2345 3901 1653
46 9236 3044 961 2965 2036 6255 1913 6580 4076 8320 7061 6295 8460 8322 9289 848 8238 5028 4822 5440 8907 8734 4985 9256 337 30 2125 5737 6111 222 6400 9070 268 8419 2490 46 4269 1234 5004 9744 8323 948 3008 6969 2134 8805
52 61 1590 3350 2614 1053 7519 7769 1612 5706 9494 6205 2853 3821 9660 409 5293 3166 2055 2011 1825 2178 1915 2780 92 5848 643 6670 2372 4373 2411 2070 7425 4572 4861 6682 9005 7640 2172 7819 7469 9550 4210 4362 3948 1834 8247 9285 9542 3734 4872 2487 6524
44 6699 3746 2860 5181 8765 9241 8462 930 9315 1777 2039 3388 7374 4241 7473 8677 7000 5124 5395 6206 6780 8371 989 557 3477 3786 6968 3602 3263 1084 7716 6034 767 9061 7197 9291 455 2264 8002 3840 2620 6639 1177 4659
35 5134 2252 3139 5102 4530 7087 1131 8958 883 1012 8251 4630 670 4500 6847 5547 947 6492 5741 6387 6792 424 535 1850 776 5141 4462 5649 2079 1633 37 3045 7094 749 1634
51 477 4400 3702 1961 1283 8991 5351 9665 9585 8737 8920 9880 8076 383 9854 431 9883 2552 6364 2373 9089 8505 7554 4667 5800 9877 6306 1161 2663 2173 7578 6853 9085 6691 6132 6219 2543 9298 7303 1811 5521 3800 7164 5285 8744 9697 1738 6546 537 7756 7326
50 6509 9806 9273 3323 4629 5797 1344 760 74 8528 4229 7455 2799 6357 7209 7071 8878 4456 3834 9618 109 3011 9414 3806 7919 2560 3137 8200 8996 4059 4893 7217 3419 3728 4554 2190 5932 5873 2383 692 2269 4411 6327 9041 3289 7319 9403 9838 4331 7527
27 1809 5855 5999 3557 2768 2680 9994 1081 7462 2509 5584 7811 2122 5818 527 1128 1879 522 153 8217 3031 5328 6633 3826 2215 8268 5227
43 8273 3050 3716 473 3741 2450 9182 7240 9808 8638 7580 5403 3813 9035 9482 8350 3819 5600 1661 1458 981 5622 2312 4509 2200 6050 8054 4441 6923 7818 6636 312 3135 7602 2962 4459 1333 2850 4339 4685 2296 6804 5255
53 6284 4152 1795 9258 2519 8281 5022 4703 4282 6286 2983 2832 1555 5397 4856 360 2590 8943 6552 6878 5664 8630 8362 7053 1117 985 4070 9266 4670 6549 9105 8570 2880 1814 4024 5735 5824 6593 732 1454 6833 7746 9710 5907 7156 24 9866 7841 9782 5470 4821 2338 6479
36 2135 4573 4567 4183 941 5177 3243 3130 1020 59 3191 8347 5249 2017 6486 4128 6426 9390 2077 6518 8702 3222 2941 2592 9846 6381 3964 9086 9305 4449 2824 3979 4699 8585 4422 8387
33 5910 9790 3267 343 5683 6395 9936 743 4079 110 9908 8222 2316 5108 3470 903 2364 4946 6725 8537 2602 7826 9965 562 3189 6108 4326 4108 4984 9679 4532 617 7123
36 4976 8679 2238 9975 3904 6854 1098 1310 1971 4272 1668 545 4835 5152 8560 4365 1173 9276 9405 2271 8608 5034 3029 6095 1922 2356 1687 1331 2285 5101 4961 6415 1522 3444 1993 582
38 5574 5945 1198 1009 9439 8022 2247 5434 8289 3774 9420 7131 3507 5834 8337 5024 1261 2893 5202 3400 5590 5040 8420 2684 370 7283 8800 4668 2081 4245 5143 765 4968 7204 4324 8485 1841 1716
40 6677 5086 5144 9027 4030 2468 3573 5390 8441 7142 194 734 8309 8330 4728 4019 1459 6484 9217 6741 3461 998 5982 7750 8319 8158 7181 1336 1426 1970 3012 4206 4154 9638 4913 4352 5365 7996 2630 9741
39 5705 5990 62 3479 679 4116 6218 1253 4247 3865 3330 1747 1097 4603 4167 4146 4955 1973 8116 9528 1523 759 992 3337 5641 3140 8729 5715 8962 2991 8203 9253 262 5813 5937 6012 1615 4897 2901
40 949 5744 6500 6634 5323 1342 9107 8506 5802 3340 51 8760 4533 8189 865 4402 8426 1382 7200 9323 7365 4305 524 1480 6064 5094 3935 4626 2117 6909 8192 9124 1181 6181 7029 8743 7806 2936 6164 3810
45 2992 1093 6779 8375 6221 3335 7751 6738 5312 8458 1427 7330 7743 4489 6098 6809 844 3108 8529 2692 7676 9567 5415 7083 279 3999 8656 2688 4939 151 1703 7862 1018 632 5560 9713 6153 9613 4981 3308 5844 6650 4097 7775 2659
34 6280 9909 8012 2673 771 3420 5772 8398 1679 4785 1360 715 3494 9158 7612 4420 3061 7882 9011 9776 9715 1481 6241 3257 752 2778 2095 6717 641 5685 8402 2249 7272 7492
46 167 6099 106 5757 4363 8055 5413 1158 1168 9502 2826 4919 1467 7276 9716 815 3677 6350 8221 7437 2447 7292 9671 801 1684 8459 9566 6383 8021 7254 2461 622 1782 9879 6694 6926 7073 3542 1287 6169 9003 4643 9404 8314 4171 4131
32 813 7693 5975 597 5068 3742 5282 4583 9448 7344 6873 2043 1611 6045 7403 2831 6122 8229 9950 7618 1378 2422 6784 3406 5650 3653 9463 5375 696 6561 7774 1648
37 4788 9467 1258 2322 9324 1549 2788 9308 911 9249 9222 924 4546 5067 3180 9424 3287 9140 6946 2321 1338 8331 5335 8809 9210 6560 5665 9524 1518 6828 2170 8792 9650 2561 277 9204 85
44 6304 2838 6437 9310 3780 4004 8469 9317 5474 9871 334 116 8278 9792 7973 7012 7587 1536 4492 8837 4836 5357 7040 6958 1823 7710 4778 3792 9102 9775 4242 5243 1311 4222 8810 2779 9023 6881 6821 5845 9188 825 9860 4300
35 4694 2489 356 2689 6795 5407 4579 9793 5352 2121 5691 5840 2540 8990 2631 8028 6628 3085 2899 2246 6967 3142 7226 8069 29 1989 5785 2597 1061 8788 2807 2556 8631 5392 9700
38 6710 3300 8478 5556 1167 926 9954 5821 5749 5175 1320 8035 2833 1771 7099 5270 7273 4534 7103 307 463 8098 7825 3296 6118 797 8342 2875 3712 5380 8084 7106 7435 5960 6094 6626 1484 7010
38 466 7392 5911 6708 4163 7257 8623 1557 2808 67 4147 8661 3415 430 2984 4011 2683 7586 1706 5662 7622 4470 5422 6938 4498 9083 5866 469 3002 8772 2109 4705 2964 1957 651 9094 1851 4037
36 3090 6446 107 3299 4953 9491 8316 1671 5793 7352 9664 6310 6115 9736 7702 4637 4421 5505 5539 9471 3056 5060 7208 2460 763 5891 4022 9181 7789 637 5635 8360 5410 2406 9969 5211
33 9184 5784 6747 7748 5878 4457 8904 5133 1680 5951 7906 4882 4873 2019 7809 2967 3054 8338 1710 5927 9396 3282 668 7391 1208 3990 9176 735 5050 341 6480 8753 7134
33 9380 4385 3724 5183 8211 7709 3835 4201 521 822 2606 6915 8960 5295 8321 840 4187 3714 3428 4464 4333 9503 7480 5120 6782 5359 1682 547 8640 7654 655 3876 4915
28 2574 5739 9870 5277 7097 7950 3055 8939 1544 2666 5426 3616 2757 7514 4522 7218 4118 6039 2377 6489 7619 4741 7683 5559 1967 1551 1367 4690
27 987 3955 2825 4428 5874 8007 8871 1783 7378 1272 444 1652 1230 1510 7627 1949 712 1086 5719 7734 1790 2618 7730 3355 9991 6038 531
34 9658 290 7812 313 7122 6590 2502 5847 9135 3759 3026 270 6048 5627 5573 247 5038 6759 1190 6199 5923 9009 3864 8010 9819 7287 2427 3351 8660 7934 2213 9995 7555 1637
26 2415 9835 7522 8245 6287 9780 741 5405 3174 1244 4713 9196 4164 9465 4389 9922 742 6987 1157 136 8173 6370 5437 321 6883 2059
37 4446 893 1852 3608 6367 3923 1761 6996 4598 1719 9588 7763 4328 6714 8210 5081 2492 6476 7285 772 438 2871 7535 2180 5607 7145 3221 1570 9602 4265 1583 7524 4664 892 3354 4682 4600
25 8728 4898 4178 2852 5080 1102 877 1873 5732 7033 5003 4143 4924 6505 2192 8767 7905 5776 1337 3661 4224 7194 6865 4978 7502
36 1519 6715 3637 3797 1889 9993 6954 8691 6187 3390 2204 8341 8422 669 4434 633 5013 398 481 5980 7632 5431 7070 4770 9026 9682 8065 6848 9569 8556 1227 7166 4437 5054 9388 4832
28 2947 6606 2068 2474 644 7785 7429 7288 623 6376 6758 5154 2929 5750 9946 4159 1159 8064 7565 1979 3823 8853 7551 9579 3451 2716 6496 8932
32 3508 4383 1034 4992 8826 1223 9763 8901 5775 9757 4378 6223 3928 4738 5773 8271 8997 4987 2515 6346 3749 346 885 3655 9082 1305 2505 5276 1916 7470 3808 5707
27 373 3280 9526 7334 2188 2397 4696 2314 8094 8242 4693 904 2047 7143 7762 2458 1514 5184 3478 7583 1270 4256 265 6537 9799 6576 5193
26 392 8617 3134 2817 7898 1073 4133 7506 7669 2240 6723 8633 7360 2454 6907 4297 9900 806 4580 448 7837 2814 7655 7471 2497 9138
24 5297 8296 394 9250 7532 2165 6544 2837 183 2695 762 3594 8156 5203 8467 1162 4000 3483 6751 485 889 1975 3663 7938
37 2931 7753 6354 4869 2548 8861 5428 6429 8185 673 4288 8124 9673 4085 905 6964 5179 4781 6514 4234 7913 1362 3087 9306 6986 1112 5764 218 4337 9774 2789 6269 5953 3554 233 2149 8311
36 6263 7243 3771 6757 7493 4213 5299 1221 9507 1511 9040 8034 5651 3852 7262 6736 3916 2605 786 3526 9468 3521 4319 6478 3219 6688 516 3197 1071 5859 8270 4962 6898 7348 1635 4347
31 9760 5279 6719 4074 4748 2615 8762 5642 1 3184 1213 3539 4879 774 5362 7446 7548 6662 1277 7052 9170 181 7991 7858 4840 1385 9422 9916 1540 2670 4866
30 4243 1799 76 8844 6948 6646 1829 3034 6706 5958 7510 9144 1729 3789 7665 1372 6981 5686 8112 894 2093 3717 638 497 4954 1323 3540 4625 8009 6588
22 4032 5497 8686 2235 1353 5540 3657 758 6851 1391 9734 2110 5816 8563 1884 1335 7170 8806 8430 2476 7567 8922
11 9545 7188 6849 3356 3456 9367 9400 884 440 8444 8136
34 7776 6672 3273 2184 7056 3981 729 5104 6365 6323 4740 7591 3046 4202 8016 8138 4606 6458 4920 6679 8169 4270 737 4615 509 1798 9244 7089 9767 6404 8062 7697 2809 6133
22 5304 7423 6460 8558 7018 6462 1828 2564 7314 4853 5920 5979 8091 5575 6260 8823 9865 3207 2041 1678 7270 4063
33 4774 2539 7300 1147 895 4855 6100 5971 9292 2219 6621 1781 755 5498 1180 944 315 9013 114 9766 1576 1396 1361 8658 1655 2123 3381 3580 5681 7907 4977 1363 3232
35 5964 4375 5018 1003 4410 6291 1774 5594 2432 6302 7438 302 325 2227 4860 5061 3915 2816 4932 8101 9472 8905 6501 3586 8088 9221 7457 7517 6495 5491 2306 2895 8945 5930 2582
30 1724 1880 4002 1405 4430 683 6298 3585 2283 8370 4555 8310 5458 672 3965 1432 9206 293 6517 5180 814 9065 2533 3938 5543 7424 6142 5561 7559 2388
33 199 7282 1618 7459 6457 4829 278 3939 8707 7129 1502 9509 4604 5444 9644 9269 2787 3338 8275 6840 9167 18 2694 5017 8777 4905 7246 1801 9829 6737 5877 126 1773
22 5064 7355 7443 3488 4425 9464 1507 2549 8578 4727 2568 3552 5123 8643 2112 967 495 5871 3673 9486 4105 7521
33 1215 8106 3314 3435 9370 8963 9232 1713 3605 2387 3499 5248 3088 1565 347 488 5722 9048 8202 8393 374 6499 3450 4412 4274 3697 3970 6157 7178 9882 6088 7936 3767
17 5327 1908 8335 3839 2092 6728 9068 3321 6594 2466 3799 9469 461 7003 4846 165 827
25 9964 6018 8446 2617 1358 6904 8283 8773 4244 3359 4648 1450 9162 8612 1438 2905 10 7666 1685 5795 4026 4384 5280 1638 3868
25 933 1436 237 1701 3502 1936 7167 4525 1225 2596 6957 4558 5217 3498 5445 5091 7505 3111 4020 9517 1027 2016 6017 411 5517
21 8976 3975 7941 2577 9160 4925 6399 4918 1530 9453 6134 3102 7127 2362 8525 7434 5753 7892 614 9724 5208
23 39 3454 2148 5332 2686 2404 4098 5230 369 7255 7092 1646 8985 7520 5515 856 1800 8298 119 5915 2783 9958 9895
27 2520 9 1452 2982 8713 3250 4750 4780 285 7573 4686 4899 5271 8664 8071 5449 8126 4012 5728 2844 2834 9398 2119 1255 1150 3334 2480
33 567 5198 2114 57 5804 169 8031 3301 2708 6078 9596 1640 5468 7398 5630 6333 6803 1065 3787 9275 3980 1827 7339 1628 4979 754 8535 399 3239 8241 486 1762 5398
21 1126 6129 2903 4862 6220 9823 2798 7834 1906 1789 4023 5139 8086 3017 4772 6943 2105 224 2661 4188 5885
25 9389 1504 6380 6226 2889 955 7808 6689 9530 8705 4203 6831 6196 1455 2074 640 1209 6929 3601 2848 2999 340 5698 1211 4585
12 8489 6644 52 6394 348 4233 7137 2498 7810 1881 7741 6625
13 9177 5577 9852 4129 6343 7476 1806 9377 5294 3547 4702 8574 7899
5 283 6656 8114 8395 2507
2 8670 960
1 9307
0 
0 
0 
0 
0 
0 
0 
0 
0 
0 
0 
0 
0 
0 
0 
0 
0 
0 
0 
0 
0 
0 
0 
0 
0 
0 
0 
0 
0 
0 
0 
0 
0 
0 
0 
0 
0 
0 
0 
0 
0 
0 
0 
0 
0 
0 
0 
0 
0 
0 
0 
0 
0 
0 
0 
0 
0 
0 
0 
0 
0 
0 
0 
0 
0 
0 
0 
0 
0 
0 
0 
0 
0 
0 
0 
0 
0 
0 
0 
0 
0 
0 
0 
0 
0 
0 
0 
0 
0 
0 
0 
0 
0 
0 
0 
0 
0 
0 
0 
0 
0 
0 
0 
0 
0 
0 
0 
0 
0 
0 
0 
0 
0 
0 
0 
0 
0 
0 
0 
