29 2735 7463 3578 6630 3469 9299 6253 1981 8415 9230 4915 6478 7012 94 7306 9356 2826 4462 2733 5740 5203 1894 7303 4305 2185 6317 8013 4951 6417
30 6689 7957 580 1794 1170 3596 9452 5466 481 1326 8796 9949 4034 4327 9133 9912 7629 3845 9264 7384 26 3130 2789 8729 2687 7598 4360 8810 6230 4325
20 3090 7956 6649 7088 5875 5332 6085 4378 678 2308 6362 1858 6315 4589 8240 2879 9120 6087 4799 6870
15 1209 1135 6953 3916 5796 1373 2872 9455 1049 8358 9266 879 3903 8178 9317
23 6466 273 55 583 7229 2589 6740 5377 3842 5650 2771 8804 7118 1768 7498 8051 2229 3772 8186 5104 77 6234 8824
33 5018 4435 2507 1492 8739 4910 3188 2518 6141 6078 4371 7761 4871 4937 6548 2504 214 4547 7521 6938 6869 7121 9502 6667 4392 1549 5797 1408 6334 8392 6011 9711 4545
20 9313 2356 3457 2531 8149 9406 7553 1697 6409 5291 7535 2453 2477 4301 8891 4751 2677 4987 9796 966
24 2519 5424 1883 7287 8209 5744 4170 3989 4080 4666 6526 9761 9481 3867 4853 8864 2402 6462 5171 9489 2759 3745 5121 7600
8 549 1866 8227 7031 6666 8561 8722 6559
26 4525 9675 8395 9291 3147 8493 4111 5040 7341 2948 7091 1715 929 9510 4950 6687 87 2392 9893 1940 1128 7751 7390 1823 6271 1052
32 5934 8029 3138 457 8991 8128 8173 2368 2525 1193 6218 9659 5353 5364 4710 3489 9877 6628 3195 5882 6079 836 367 5206 1333 2450 1961 1966 4446 5280 6919 6342
17 4679 9158 5193 7037 9441 3454 5314 9110 8383 7313 5805 2587 1486 7670 3011 4381 6834
12 88 5497 7227 6109 8999 2594 1301 3703 6492 2329 6439 3617
22 7109 6647 1480 8645 9611 897 459 252 9592 6203 6769 8821 1650 4025 6935 9745 4859 4182 3889 5591 1147 6518
31 2465 3371 8728 4877 8586 6304 4630 3200 6742 8989 4481 9546 7239 8160 9328 5329 6375 3561 5527 9403 3389 9933 9040 4952 7469 2629 2786 1514 5817 8333 7011
10 519 2316 5304 219 6912 5008 2989 4690 2151 6527
15 4309 8670 5475 1761 1596 9725 7137 4573 9076 2080 148 9461 3172 796 3975
18 5970 9550 7665 1443 9408 6094 3986 8289 4899 8544 8470 3234 5000 1011 7615 6027 9049 6152
18 5324 7928 7799 6745 6762 9440 9248 6156 1051 5247 2938 947 7195 7262 2990 2085 6948 923
24 4839 4637 5649 8412 5260 9623 4019 1810 7967 7998 6908 6861 4457 9480 3152 5785 1262 1375 7893 5118 1270 1691 5961 5478
14 719 8973 1143 3330 5019 7084 4926 954 7597 5048 7673 6481 7758 5362
16 606 6916 8675 6418 5727 7891 9144 9252 7153 8972 4168 1950 7887 6577 2262 766
23 423 4008 8578 2480 3754 8746 21 1819 7819 6083 8933 3501 1053 8829 4012 9989 9841 747 3379 7024 139 3641 3890
36 1776 4984 9852 4455 6410 5621 3701 6024 1169 9234 8018 2565 2397 4667 3592 9998 5908 50 5966 8738 7327 3331 8336 2416 3822 5079 8132 5897 3681 2953 1141 9850 8386 1677 5682 5108
27 6031 3082 2665 374 8869 5033 121 8952 4734 3924 4073 279 2956 4852 1786 3684 6564 7500 426 7593 9653 7484 3492 6968 4122 8091 5586
25 6663 9799 2278 7709 3294 4260 4537 4935 6296 4867 5120 7172 3615 3038 348 5557 4532 1203 6104 2024 5715 1027 6644 2030 398
29 187 84 157 9207 1194 8803 7193 529 7019 382 1787 9790 7334 249 7635 1457 2555 2493 3642 38 8491 6510 3240 763 5542 9552 392 1084 2888
28 1066 8758 8187 2033 9134 6784 2667 4879 949 8316 280 2513 1980 7178 9270 2796 2189 8475 5984 6086 1165 4936 932 8982 8606 1718 2441 9887
36 5335 5885 8420 9698 8630 3236 1630 2838 2520 5049 502 119 4782 7628 5584 921 115 2906 7592 8148 1612 2042 776 8793 7003 8248 1577 9174 4707 9206 452 5831 5322 685 307 2225
17 8175 5192 6961 3647 3503 3526 6995 4572 6779 4229 3563 5926 3349 2540 6433 4725 9476
32 1560 3257 1489 9267 7086 9680 1729 3789 7364 7411 2797 3373 7197 2467 5708 8550 2137 2154 6785 1926 2834 4468 9312 1007 868 5414 2650 1703 8251 9895 424 2411
15 4758 1724 1838 7889 7704 3160 9412 1564 3614 2486 4339 8552 5029 2090 5865
38 3817 4618 2559 585 7612 7320 2106 2143 2511 1054 3833 4493 494 7971 9272 1330 2054 7167 1783 4075 2765 8294 6758 7550 3217 6050 373 2125 5594 3214 5806 1133 3460 3184 5644 3922 2606 2172
22 3580 3197 2748 2742 4154 4250 7685 832 8191 8695 5803 3675 396 4247 6677 3750 2052 9333 863 5292 6129 3491
21 6252 5913 3099 8956 5700 9167 6684 4106 6974 5763 8844 7520 8931 8356 8441 4968 9898 188 8044 9915 8897
27 1273 3030 2324 5808 6457 315 6804 6450 4207 7710 5751 6270 6484 2184 5725 6839 5073 7650 613 5530 9261 1656 6126 5987 1099 3456 5578
25 7499 4058 4475 2538 7677 4794 2539 4088 2333 986 595 9070 5014 2648 4689 7806 7453 2583 6981 3734 729 4267 9834 1019 58
19 1867 4829 5782 6211 3597 134 9490 7627 6509 7945 3018 8269 1258 5781 4510 3762 828 5318 4286
10 7965 3855 8406 8271 3540 7585 3426 3191 9738 7110
16 6822 5716 9411 6843 666 2209 514 8691 8446 3225 4230 1764 3185 472 5312 7093
12 2432 3555 7141 113 3546 6150 8346 1655 3885 5234 5091 5891
19 7070 3654 7194 4694 2485 9969 2282 5164 8065 861 4755 7396 2145 6631 6534 5474 7133 4273 1558
13 1178 3949 8272 2680 4406 3846 4638 366 7298 6583 8641 1805 6419
12 8890 9848 7288 2860 798 2182 7544 4149 6310 1602 2926 1139
20 3055 8102 3990 3849 5748 9349 5597 6655 703 8549 605 1849 7258 8409 5269 6074 9311 6073 5046 224
15 4742 1005 7318 8783 7325 8663 6401 6690 1662 4808 3041 4271 3500 1202 4432
9 6002 4855 6115 1978 2233 1593 9459 4390 3887
21 8773 7940 7266 5692 7351 5640 5421 9870 6823 5943 6551 4999 1358 3337 2683 9446 6461 9390 4049 8870 4124
35 8292 4214 9820 8484 4428 9246 7768 284 4704 7856 8737 3434 4244 3862 8871 5569 8450 7823 5801 3428 7286 545 6996 5910 3706 2674 6697 3810 7345 869 3944 8626 6212 9865 1377
33 672 2008 6607 7329 5890 5025 7557 3583 6814 5366 2556 9482 2248 7339 5473 8007 2882 4942 7354 6709 1678 1083 7851 7526 2249 5432 8467 9606 2993 831 8120 4268 9215
25 7475 5902 7188 3005 7230 3329 9602 720 7867 6392 2041 5656 8367 4713 178 6579 1309 5070 8721 8033 7990 2376 4402 1318 8535
33 8477 2576 2313 7455 1605 7180 2791 6786 5954 4202 1684 1693 2171 2693 4343 4357 4009 1471 9029 2522 8081 226 727 8570 712 6464 5363 4180 2372 3335 2227 9131 3618
31 5235 6724 3410 1407 109 6493 2928 2642 6021 5917 8112 1902 7276 120 3657 2875 5372 3799 2607 4456 6642 9358 670 7782 1666 9534 647 2943 3087 7826 218
15 6277 3253 1353 8184 2128 4347 2011 395 8027 6926 3121 3079 1982 5877 7972
27 2720 1105 313 1152 709 1110 7697 5610 3691 1368 7755 6939 8334 3536 5687 9245 9193 1517 4032 7970 6890 7776 6390 1552 143 6032 8934
29 9409 9449 415 9232 3731 1199 2345 1236 7999 5274 9183 155 7914 8443 6632 5144 5315 2968 7251 9069 7639 182 9365 2638 1120 4203 5077 8877 3643
30 2920 7913 645 4099 2505 6737 7316 7727 3757 3710 9420 865 5880 9212 8841 8872 5733 9959 2832 5618 4448 4524 7127 6236 1938 6955 431 9717 2103 5376
22 4094 117 6039 7926 5532 4092 1921 5258 3399 3361 1704 7095 9148 4341 4375 466 637 2643 5148 7831 5819 5758
15 3629 4143 2176 3246 7590 9036 5980 3431 8183 8558 3971 9876 5443 3652 1213
11 3607 7399 7877 7064 7156 6199 2736 4811 2073 4057 6665
33 677 6695 1735 3667 696 4885 5112 4200 5089 1010 4246 417 1102 8176 4503 6832 1117 5105 7305 2498 5031 7757 4135 4745 451 8771 4609 227 3243 3486 5787 5147 6
21 9679 4842 1993 5227 7398 9128 9595 6206 199 596 8995 1239 5951 4328 1710 1417 7987 6921 7009 1592 4941
35 1097 4894 268 3655 7512 3572 1524 7567 172 9018 8421 8882 5837 9132 1455 7984 7415 2191 4898 6469 3351 487 154 4903 3164 2317 7439 4678 5328 5657 5252 5811 6514 1020 3969
8 9752 541 3008 8458 1778 6904 2960 7773
9 6670 7468 362 3954 721 3327 2096 7878 82
14 1757 9283 5402 3918 6123 9985 9702 7785 4605 8101 2173 1067 6441 3478
33 5440 9979 6361 8787 1113 2963 661 9012 6125 1 8937 4880 2075 9992 7894 7508 8562 9983 4248 1688 5919 3187 446 9339 1144 1645 1898 4479 5939 3712 3589 8185 8850
36 9514 8509 5218 2079 945 3424 277 8835 6012 6729 646 5838 560 4195 40 8638 8159 6681 2561 4582 7935 6975 5675 3010 4692 7449 1434 3081 2258 9488 5871 3886 9154 5812 3014 2983
36 2571 6228 6269 2424 4693 7104 2523 825 3585 483 9190 100 8403 91 8970 967 6751 7624 2601 5143 3470 1235 7062 2398 7797 63 4964 2672 1648 1720 8139 5894 1607 8880 5749 7161
21 563 1422 5123 2630 1071 4856 8692 171 9939 6561 4874 4030 4614 4216 764 7571 6065 6348 9336 590 1923
13 6381 1528 1563 6066 461 6566 8125 1922 4691 322 6477 1559 626
12 9003 920 6633 2166 5856 2401 839 4020 330 531 2385 1880
34 3549 8962 1414 4208 7357 6164 8040 4703 6563 7092 2696 9684 9195 9357 7778 5632 3044 6179 7570 5233 1116 2414 149 2739 1763 1933 9588 1285 5044 7039 8859 3287 3591 4241
26 4601 9325 8213 6502 4781 2123 2711 3092 7243 2967 4806 8530 5267 1369 9900 8542 8953 8193 1255 3645 582 6414 7735 8169 4754 978
10 7657 8179 3333 7948 5813 8683 8232 8685 1306 7700
26 2015 92 4913 2270 7014 7918 5005 3 1296 537 8325 9597 7331 5114 3856 2066 1708 630 6545 3713 9797 3522 1636 7374 675 1472
29 8708 372 957 6139 817 2714 5500 4836 9897 3622 4828 52 4939 2534 2175 5958 3832 1945 8048 1654 3023 1808 7736 5551 3791 443 8372 5631 8429
32 5860 4307 3281 7911 9649 2426 9316 3786 6327 5601 7548 1537 1942 3946 138 7490 4062 6888 9884 2580 1320 731 195 6609 4526 6400 6370 9899 496 848 1063 1956
33 9847 5615 4706 842 166 2915 7372 7236 1628 7211 1733 7342 5861 7770 4159 5041 8764 3714 7125 2084 7192 609 1769 9978 1249 3920 5521 4193 8451 6624 8337 391 2755
19 2883 568 2603 7993 2512 7804 8394 6586 1925 9465 2725 1952 7611 6151 1619 8519 6533 8847 7404
28 9913 1245 1352 3205 3904 193 6885 7920 2835 9785 3992 4985 7403 6829 3917 9009 574 3125 7774 8762 488 4142 3275 5545 3929 2821 9545 9417
23 5445 1888 61 3168 2297 6910 8540 936 1217 6612 7101 9250 9050 2728 651 4367 7338 333 2193 3310 1576 8080 5370
27 9976 6541 8932 5491 8629 4635 2904 8521 6634 8795 1079 9242 8378 7988 2122 8857 5556 714 3505 8335 3481 2579 1317 9501 2120 3252 5821
31 4078 8342 7028 6110 9851 8574 9874 7312 4376 7579 6967 4744 6416 3646 1448 4085 1638 527 256 5389 7217 5080 5851 264 784 441 7044 3248 3042 4310 5723
20 8310 222 5245 5393 2293 1121 4717 1539 3101 8400 682 5357 3982 2851 6520 9883 7416 9765 6795 6260
12 9888 5341 3692 5881 3708 2769 7502 399 1402 9205 3962 2430
20 6263 6662 4546 1090 4184 5507 7870 3972 3433 5437 3790 2846 7949 4121 6378 5583 1045 1094 5739 6960
26 1305 6807 3564 4644 5952 353 7503 2867 3231 7045 5386 10 684 1525 3352 7470 3001 8206 3423 6183 2767 8948 2847 1701 6853 406
17 6815 9216 6160 9733 3249 739 699 8774 9559 1904 5012 7246 9068 4798 1412 4206 1855
18 3307 9523 3025 610 4056 7140 8262 8020 5060 9401 7779 6793 2109 5191 8775 5484 1140 3755
30 303 7862 3119 6989 6716 9612 7080 3075 7222 7645 6437 1516 8961 5956 6204 889 1187 1632 9122 4765 9491 1435 4961 4401 7487 7669 2457 2253 2271 8874
17 4071 4495 4586 7435 7198 5721 933 4953 5050 2160 8303 5825 4 2243 749 3313 2658
19 1335 7114 4414 6924 6068 530 5425 5957 8093 1634 7284 1706 3996 2101 7158 3162 7722 5616 3298
31 2917 8840 8564 8557 6658 3170 6053 9487 782 2731 3493 6618 1325 516 1891 7610 386 238 4316 7454 4144 3299 220 1615 6760 9257 251 9024 5150 7814 2276
5 8731 3693 5991 1744 4321
19 8878 7847 6247 3685 5709 2359 7904 9079 1690 5271 2484 7895 1659 5555 755 3733 3633 8808 2163
31 1138 8204 7711 5358 1734 4833 1995 3717 6903 2937 4541 5713 7555 2192 4892 4263 4884 5117 1266 3973 4407 7265 7233 62 995 7261 6598 6311 8332 3914 465
15 9619 489 1332 8290 2147 7226 5503 6480 578 5064 9574 8460 2715 1850 1000
16 7013 9231 8992 6006 4289 8669 2215 8365 5178 2499 3957 8282 9818 9747 343 4695
10 2061 7293 1784 1372 4959 3202 6521 8461 3741 9380
20 5086 961 5598 6767 477 9052 2784 2975 1208 1416 1420 3266 3682 8017 1821 8893 4570 5599 4281 4622
31 7929 741 9020 554 6654 3826 9087 965 9286 8348 7534 5764 3782 2319 3186 3356 3300 2552 6077 6175 356 1068 9715 5767 1445 526 8036 648 5949 2593 5895
34 5300 3149 2327 1228 7210 6669 6220 6356 4139 8742 2404 7456 4969 5684 2910 202 2228 3574 5992 9533 8199 1990 1035 1811 2158 8270 9568 6411 2730 5149 4383 5973 795 2840
12 1315 2418 5098 8305 3324 8452 5434 7481 4901 1962 3858 5504
37 9707 5222 8024 9974 1251 1959 9100 2394 9101 2395 7805 3843 4117 1429 2048 8293 6444 4543 9142 2713 7418 963 4517 9667 4870 8709 2102 9683 4827 9791 5747 479 1813 3923 5439 6917 737
21 7429 567 6329 1024 513 9869 9251 6397 6432 7969 5286 8633 745 192 6193 1663 5647 4883 8654 8777 7937
20 7861 3988 6965 5858 6239 6338 3199 2754 4070 7519 4837 2460 7603 6373 4991 1295 6623 7527 3880 8480
15 4059 24 2429 9166 3579 1013 1635 5189 3396 2305 1272 7492 3778 5298 5903
20 5299 29 6189 726 200 5535 1200 4404 3270 611 7209 2673 3532 4227 8075 8945 808 2621 1844 7182
16 6783 445 7687 1803 4449 319 9001 9934 1911 7440 9302 5729 7273 4974 2099 5501
32 7401 622 8086 1406 5654 5369 5554 326 35 9037 2613 8324 6946 2314 799 4114 4498 3948 2837 9460 9442 1818 8753 5200 8041 6964 4504 8604 5223 7577 1390 2463
31 3167 9935 7116 3384 3354 267 633 1256 2260 1943 5567 2898 1292 1774 2808 9881 7220 83 4251 3262 1572 9422 4669 4252 8340 5141 7863 7307 2922 7833 8217
14 3444 4150 6424 8489 2942 8435 1625 3129 655 8940 2654 1475 9031 6190
24 769 1833 8520 3409 1874 2548 6866 3115 2390 7392 2358 6396 8471 6145 6906 2889 1056 6092 1336 504 8943 6664 623 1562
6 3696 9392 821 2558 2156 4796
35 9305 7952 6694 9405 8425 8459 7224 8410 7934 572 7477 5426 6178 1476 9074 8109 1681 8547 4747 276 1736 693 9032 1520 4108 1506 7589 8216 5676 3665 9703 4918 4277 2200 9172
20 9563 789 9011 7690 378 2919 3345 1521 9516 30 2958 1752 6605 1029 9941 4992 9748 8317 8986 820
15 2247 7716 6154 80 1188 5950 2625 7079 131 7038 3838 5666 1191 4445 6111
17 4377 7119 1323 400 7379 7113 4353 1820 1876 5385 6505 8004 9548 9583 717 3504 1545
26 6412 4687 4873 8302 3029 368 5284 4472 232 7549 870 9788 9173 5355 5013 8781 6899 5580 221 7202 7996 7184 3950 759 7739 5055
31 713 2986 4882 2944 9806 419 5712 8059 7663 380 175 5792 9478 5094 5379 4784 8097 3061 5754 9404 1793 1021 7332 5833 2321 4418 4363 1254 9938 8098 7252
9 2135 2828 1384 6849 6851 5983 1582 7981 3638
23 2949 311 7479 4331 3531 3228 281 7754 4821 151 5154 3027 3844 9594 6320 5072 4908 2628 5489 8278 2408 8594 4716
13 700 2941 3321 3774 5570 8389 5207 9531 5563 3134 7766 2659 1646
35 8703 1664 4098 6794 8055 8426 8902 951 4656 6182 617 9475 2044 7315 3981 5619 3314 215 6301 4515 9994 242 7886 5420 3142 2027 6388 2202 8197 4766 7989 5828 7042 480 7467
19 3442 6952 9670 3527 3608 9072 4276 909 7750 4440 5522 185 7667 4152 8971 973 1091 7450 9569
14 6831 2020 4788 1227 658 9864 3338 7762 118 1589 2393 959 8253 7713
37 1543 3743 6913 5572 8370 9944 2605 9735 6399 1644 9288 3466 7857 8551 2179 2040 9378 9643 8748 8750 4597 7285 4650 6385 2149 5832 1719 5078 1575 834 246 9301 5294 3698 6445 9766 2208
41 6901 6900 7186 9402 4648 6951 2783 4396 2140 8615 4344 6359 1297 3851 2234 4564 4840 6833 5529 8136 6366 5552 7790 9447 8347 875 5512 5109 9905 6010 6539 5924 1881 6153 2656 5162 7002 2223 4649 8957 3569
20 6403 1845 8030 3122 3829 2907 1695 6980 8822 6720 8894 6701 4598 5198 3080 274 7289 1454 2772 2848
13 3156 3103 5027 7810 9463 5480 9921 8061 2961 5536 5964 1288 7714
18 2384 5384 8567 7608 1853 347 4719 9448 4175 9953 960 3644 3226 792 2550 845 7533 7825
13 8518 734 1879 3358 8231 2858 8202 8836 927 3899 9922 948 3120
30 5769 2869 394 7864 3148 6558 3459 9274 442 4733 3220 9375 7595 3165 7081 9553 576 1624 1753 1291 4621 1446 1906 2028 1696 4419 1594 2689 5348 1015
13 9393 2912 5161 2296 1438 7129 7451 2335 4421 3105 2573 5174 9472
10 7040 4346 7640 7849 3276 1860 8715 7638 9927 7733
31 1515 8559 2774 19 9090 4223 4084 8464 2651 1281 2979 546 7103 509 4224 1875 384 9509 4023 2911 6723 2929 3254 9217 9129 5446 7215 1731 7979 4103 9326
33 1992 1269 3976 9965 4299 2112 7692 6280 4256 8263 1338 5702 9106 1709 6495 4430 3154 3000 6429 940 6792 9439 8423 7269 3533 2094 7565 8327 5449 9776 8690 8884 9577
37 6198 9581 8698 1447 3575 9996 9666 5636 6473 5303 2999 8642 300 4415 4773 6571 9843 8025 8074 7402 450 9416 2003 2676 6945 8716 5820 60 3140 9781 6944 8321 5057 6007 1403 2211 8147
12 8640 9121 9471 7706 7168 3567 2199 9716 7720 2152 9775 4005
13 3869 6321 2749 9384 8958 631 5266 1044 968 7218 1473 7008 5063
20 375 5971 5387 7471 8323 1030 3068 6922 7434 5371 3809 2721 5641 9961 9794 1726 7183 756 5896 3480
22 8329 3471 6044 1637 4583 9920 7631 4228 4029 2105 3970 4356 9963 6865 5221 4329 1379 2886 770 1698 5760 2818
40 474 1815 3697 6404 2641 3196 9691 2626 697 9030 977 1835 6570 9177 1523 3258 1930 7712 8063 3404 3894 11 72 5911 2762 4210 8215 2549 6846 5972 4081 8611 7052 4795 7163 797 70 421 5978 4538
20 5868 6456 6780 8965 1411 8863 1918 8704 2226 4900 2255 5930 5515 9956 5773 7946 6364 2238 8123 8331
9 1040 4536 1609 2357 7346 5250 7065 9444 2528
28 5693 5343 5237 8274 7574 3375 8681 6034 9576 2355 9561 6297 5301 8534 5694 4569 1885 6061 1770 8886 5084 6766 1356 4054 3033 59 4348 1825
14 9140 5381 8189 3758 1363 8554 506 9118 4021 4063 5914 9006 7237 8563
36 6706 297 9187 2738 2536 4437 2422 8832 6836 439 8766 8791 6402 7191 6672 508 137 9784 5042 3593 4647 2500 8513 2350 6937 5989 3716 3385 5505 1467 9399 9749 4931 3984 3612 9573
22 5717 9626 3245 1773 3104 4815 9757 2570 2600 1046 2527 2415 6041 4453 4625 2614 37 9368 2632 8165 2590 6753
24 2695 6485 4387 9544 1869 9105 4520 9732 4571 6219 2029 2427 3419 9500 1164 5056 8684 6354 4723 4737 8222 1653 8797 7036
16 768 5990 3067 7406 128 435 5593 2343 9038 4014 1061 6725 5037 7977 6676 5334
13 4090 5406 3239 9046 8158 5710 2118 4153 7323 9345 1529 589 5979
25 9084 4066 7108 2110 7361 544 9300 7142 5658 1075 6813 8016 17 3668 3834 5843 2002 5784 5454 3175 7836 5788 176 913 1705
23 4379 9901 3049 9347 8376 3891 8573 4048 7630 2670 4567 2285 7942 9618 9367 1936 269 5345 9759 4474 535 8666 5547
21 7561 6656 1512 8073 7000 1460 6398 169 2473 9044 7264 6990 7185 1351 1801 7696 1658 1683 587 1809 6191
30 4494 6529 3640 8449 9320 2455 47 1430 39 8413 2065 7866 6824 8745 2611 9092 8067 1265 5590 571 4427 8577 9756 6999 3581 6635 6124 5179 9354 7539
14 8950 8587 190 5743 7319 6003 9804 7253 5409 2119 3974 833 8662 9377
17 4948 6004 1218 2537 1386 2686 657 7808 2290 3230 5272 4447 3224 7391 8592 3347 6221
19 8711 867 7793 6235 8545 4217 9428 2567 8812 3198 5176 7378 2328 6278 4812 6250 1837 4580 8019
16 6135 7846 608 3381 1670 7728 5993 418 9726 4239 5840 7228 783 9168 3928 5173
12 3651 1192 7671 5506 8180 5750 673 7524 4451 1758 4156 9309
30 8736 6884 5295 5156 6584 4786 6062 2187 3798 5959 1069 1012 724 2501 4489 5770 4565 9318 9170 5786 3497 1440 4972 4516 2974 4134 6943 6365 144 2100
14 5213 5948 3208 5746 3601 5214 4875 8614 5187 5642 7684 884 7 9693
21 7020 8713 206 482 9549 7698 7034 4854 9846 1081 7532 7817 4677 1934 3610 2309 4033 5444 8865 321 6323
8 3311 499 9754 9919 5969 5471 6997 4750
30 9473 5818 5487 5006 5307 7882 3759 649 9228 2760 4221 6726 4688 1988 5558 2996 6332 467 4681 9181 4847 2820 1385 3301 7997 5239 6959 6840 6093 3380
21 5113 1973 350 2931 1682 723 8162 5418 5378 7240 9590 3727 3934 4759 4399 8078 8648 3069 7311 9334 6494
10 1651 1421 8088 7813 7719 8265 9786 5857 811 7166
27 627 5698 6765 3193 9767 4487 689 4044 6803 2560 1224 5349 2294 6497 9730 8315 5068 5918 165 4633 7617 9875 5718 1185 9771 3571 2203
33 1984 6752 3334 8868 8768 3802 2076 4497 7837 8062 6932 3811 5163 624 2546 4971 4963 6171 5175 748 3823 8712 5775 5609 8714 9271 2545 3600 3718 7834 5790 3723 8131
26 902 3865 3403 975 9947 98 9179 7732 1738 5603 6930 2842 7749 5670 592 8599 8885 3551 2853 289 2298 9878 4160 430 295 5244
17 9137 4352 8998 3751 6830 6897 8258 1485 261 4166 44 5774 4632 6046 8046 4189 807
26 2788 874 1276 5955 4658 660 4709 6850 6391 5039 6775 3699 3763 5411 5645 3374 2678 3303 3094 6841 5726 236 5544 329 5293 1343
24 8848 7792 493 2856 2235 152 233 1322 2068 4631 1618 6555 5633 9762 4771 8295 6941 4684 4752 4728 8612 5390 6613 8375
28 3951 5510 9255 3066 9512 2551 6132 6593 6248 3997 9724 9268 1308 800 9080 6810 3650 5103 7734 706 8144 8267 6606 9773 1495 4820 3611 8543
34 4511 4255 7737 8772 3807 7203 7730 3609 8510 7234 275 8105 1756 7879 3473 6312 8242 4579 3878 1953 551 5945 2890 3801 4998 7051 4308 5331 757 9332 6931 383 2210 8171
17 2006 6200 2382 2060 3435 9364 4838 1442 562 7559 7973 2318 2998 4996 4553 7537 5232
27 6747 1100 5996 4109 6202 9104 9071 6643 3482 8981 4433 4802 5340 2861 6714 3980 3353 855 198 8126 9108 1426 8411 7350 9307 4332 2814
31 2026 4661 7637 9696 8133 2825 2852 3952 7187 1198 3157 7796 1822 1967 9043 1501 9630 4388 3076 3296 1085 9414 7644 9931 4161 885 5202 7138 7219 7393 7058
15 8021 7347 9462 1743 9835 4982 28 5277 5346 5321 2344 495 9451 8319 5003
16 2436 2957 3603 9925 1623 7545 5916 2481 3630 4817 7943 9589 910 3514 3097 1948
29 2899 892 7546 1994 6567 881 674 5116 387 7794 8661 3776 9237 1566 5168 2646 6691 5938 4783 2371 5834 7437 2564 4079 3012 1903 758 3857 707
20 864 6208 4450 1779 2246 6181 6363 3977 4997 1342 6636 5550 7835 5325 4563 4886 5661 8424 2964 3619
18 5359 4233 3317 7446 3114 2751 9293 4198 8172 5110 5863 9423 3309 2747 4275 7214 6322 7953
9 6877 1588 2690 1252 8071 301 790 4140 4929
20 6735 7373 2464 4749 1968 4872 9822 2547 8111 9750 3720 5845 8756 5874 5735 7985 234 906 2914 6185
35 8699 7927 3073 3554 4957 1884 4485 159 2377 7466 6279 7407 536 2804 2241 6447 1387 5259 1394 2197 4100 5997 4110 3485 1172 525 4269 3780 8488 2554 8939 4185 1055 4592 8377
29 5034 6307 3991 3602 2992 7494 4986 4930 4384 8782 9817 1431 8312 857 8616 6629 9862 7930 6531 2517 460 3151 6194 6768 9189 401 7268 818 7980
11 7575 7854 8946 9338 2946 9294 302 3656 6750 8308 2609
28 8104 3368 601 5627 5495 6313 7425 74 1561 7898 8182 7552 733 4423 803 9697 7106 346 8977 3407 6049 3941 7395 9203 2196 1380 6258 3562
18 9685 3430 4225 4705 6446 3663 85 9381 3155 542 7422 5219 3127 2034 3847 453 5210 3560
32 8566 8462 8207 7277 6652 4171 6380 3839 7907 8506 6120 6696 8108 5243 4188 8621 9506 4369 6308 6802 358 866 8900 5246 140 1398 5683 8726 2322 170 3781 9677
21 7082 4194 2566 935 7386 4966 9964 230 6106 8918 6857 4916 2341 1747 385 3413 1058 7294 6660 829 7482
32 9768 4164 9890 950 4205 5695 3451 6237 5452 8257 2206 3421 9379 9758 5023 3241 2841 6556 4578 2433 2854 114 3392 9415 8084 1661 4284 8304 6249 2492 6782 9673
5 328 6741 4848 3739 2591
14 1689 5771 2056 4065 3905 3308 4654 6713 8571 9371 702 7586 2529 2627
14 1852 6756 9830 5566 4973 9199 9186 6972 3383 7059 1064 8221 6761 3259
32 9191 8328 2649 6703 9180 2930 3326 5847 3211 9240 7865 8533 6920 8099 9239 4912 6754 801 3820 5490 2204 8914 1366 9808 49 859 1244 9210 898 2138 2286 7017
25 8792 2881 9511 9116 5453 7448 2362 1062 636 938 490 2694 9821 9233 6928 1711 8828 2201 3350 2631 6022 5549 1878 9714 9146
24 271 9813 8309 854 9527 1676 8038 3031 4043 819 7328 8496 3365 5215 4215 2459 2647 6302 9290 4077 7702 7238 8861 1579
16 9306 3779 6710 2470 9429 907 2675 993 6163 979 2557 6463 108 6158 6994 2813
2 6377 7678
23 8277 7648 8915 2338 6023 6251 6172 4236 1960 2 3039 4330 402 5502 2237 3516 2524 1089 79 1086 7257 1699 8490
14 8979 3461 9469 5920 381 2952 2900 4123 5400 4857 2346 8397 7304 9860
28 7428 4196 565 3680 6101 8151 9833 4491 2043 523 1639 3210 282 7021 1179 1772 6325 6226 6371 6525 6448 5634 1080 75 4484 3180 1350 247
26 1674 9627 7465 989 5477 7382 9171 5628 1494 9505 1259 9844 6915 3295 2874 8904 5730 2396 1781 7853 1321 6668 6646 5561 2005 1022
6 8967 6015 3040 3273 4324 7146
8 8447 8254 3840 2409 6580 7746 7693 2053
20 1530 7355 8344 7798 4902 7397 6704 4191 1107 2918 4943 3464 1484 5974 8942 3787 8508 4606 994 7649
29 3024 9282 8588 6818 3906 8854 2482 6871 4326 8243 659 8820 3722 8911 8516 9498 6157 2844 8427 1167 2800 2849 4480 7478 257 8070 9970 4319 1410
10 6155 8784 1777 6886 9564 5405 2809 5451 8416 9287
27 7117 2681 1267 3795 2352 6825 5382 9950 7370 9324 4340 434 6146 103 3521 7047 4438 7892 1877 54 2361 3998 7424 7818 7899 3402 1929
27 3176 248 2717 4965 6905 8743 7205 5804 8917 8143 6743 2142 1996 2988 7486 2139 2995 7336 6673 2637 438 4778 6573 8002 8980 7906 3883
27 9495 3557 2663 8379 9948 8585 9639 9322 8767 740 4591 3277 983 8050 6229 8839 9580 9005 3336 8634 5588 2458 9013 6933 926 3408 4662
25 6168 3947 1260 7174 6222 7516 7231 3498 2063 581 5217 5607 5448 344 8068 9435 3582 5524 5493 6616 5460 4927 4393 2032 9770
29 5517 212 6340 4862 3793 4552 8164 9632 4278 7474 3874 779 294 5664 6176 6105 8015 985 8778 8060 7786 4672 8196 6217 5842 265 3229 7356 3386
17 6159 1002 2025 8646 6820 3406 7708 7672 6382 4333 351 5762 5617 4556 8541 9184 1088
15 2230 41 7580 8856 3370 823 9737 397 2885 7383 1289 2666 8658 6651 1284
25 9503 7102 7787 2799 8236 671 2217 5169 524 9229 928 433 2793 8525 1171 4748 3223 3943 312 664 3819 5224 579 3586 410
21 4467 412 7807 3072 7547 186 4809 815 3242 5066 793 4095 8497 7343 8455 8275 6339 9259 9891 1425 5659
27 8892 8434 6550 475 6089 2790 6925 1466 3174 3269 9366 8129 6734 1154 2451 8052 6773 1782 407 5736 9648 8082 7436 1076 8941 7681 1082
19 873 3292 4237 1999 1125 4512 8381 2494 9119 6406 9279 468 4548 4146 2022 7821 0 2819 8089
30 8548 3821 718 6000 4291 7208 3194 3181 2966 1716 9192 7296 3339 1468 8593 9783 6116 8969 9958 8966 7247 9096 2369 2188 7850 8053 7983 2219 1478 3631
14 6455 2198 6413 9450 4585 1319 7071 9126 6233 4488 4022 2007 3064 5538
12 8978 5757 9705 4411 4465 5867 8142 6209 762 7476 980 8949
23 6875 3017 3325 7816 3746 377 4824 255 9571 3141 999 7497 4351 2222 3935 4102 340 5791 336 9567 3687 4069 1359
28 4112 5205 6711 5182 7884 161 4958 6971 5844 6426 8843 320 3959 7646 3013 9966 2454 888 2746 3876 681 8100 8090 9793 86 5652 3043 8507
33 8203 2657 1830 9654 5783 4007 8951 8761 969 7764 163 6680 5101 4921 8628 5166 1229 7405 6289 8322 5081 532 8623 7845 5429 9145 6693 9486 635 3860 2785 2019 8910
11 3773 4863 9042 4595 2954 7176 1831 4651 7529 9911 9868
12 4575 209 2896 4035 1487 3393 7812 6331 76 454 8284 7061
12 9556 6255 8419 3936 5531 3412 2902 3898 2880 8503 9025 8921
19 3291 6452 4533 414 6047 9185 6483 7982 7299 2295 2365 5365 5461 4226 5015 5753 9387 6300 7795
28 3910 1640 6352 3047 9457 3215 177 4888 2108 254 2164 1461 8307 5999 4893 5180 4290 6387 5810 6679 5707 1216 3265 9454 5456 6685 1115 2897
13 1142 615 1508 9872 8298 7933 6962 1643 9303 7763 3767 262 5573
29 7314 8637 6503 2927 6537 1509 3770 4441 3305 4211 7145 2909 5373 1905 8916 7531 9727 1310 8881 1610 4600 4542 3348 1798 5065 5836 9596 9960 1722
16 4624 1233 9951 1685 225 7135 2291 9496 7873 7493 6515 4337 1127 1909 6051 3528
25 245 7248 7085 5539 5263 292 1553 9928 8058 7843 5302 777 9421 2437 7507 2950 8689 7753 1836 9204 8852 9308 3183 9051 6018
20 3362 7483 8755 600 5157 9386 5873 1157 7767 2491 5596 6045 3369 7281 6715 1230 1137 4186 1972 5672
31 8786 8536 849 6196 6272 1511 3785 9388 4113 8928 862 9968 1104 890 6683 5862 4335 3045 1388 6431 6949 9807 4183 1173 9468 2046 299 3637 7160 4741 1935
21 6192 4980 4064 3445 6512 1436 2388 5021 4209 2479 4279 6513 2740 6376 2757 9591 1017 3355 6314 6976 8000
24 8224 6749 4115 9065 772 97 8815 2933 4460 5625 3660 8584 2283 1092 7426 8456 2827 2816 5416 5119 7001 4962 840 2410
22 9845 640 9712 4990 7068 2330 1470 9987 9376 4232 7583 5589 8875 5412 8913 8479 2604 1479 6717 6585 8532 1212
7 3510 1399 9997 8311 4769 9507 1987
17 2074 7444 3955 6347 5826 3956 3577 3306 2334 6867 7022 2194 7154 9782 9389 5953 9918
26 5540 57 6438 1557 9138 8667 1568 4470 6306 8268 5002 4259 9688 1538 9661 4721 8483 2878 9660 7310 8613 3126 9668 8770 8527 2691
28 1177 7337 2781 6639 5170 5100 4397 1944 235 612 9706 8650 2364 7820 1450 4370 4454 6180 9124 3658 804 2823 2307 2098 2697 4911 4490 8453
14 2495 511 3502 2732 6407 1246 7992 1694 6214 1462 8905 8622 1887 1569
23 1970 6927 9276 4636 9624 8603 5462 1591 7560 9780 1827 3178 9924 5612 7124 1483 9443 858 4172 8959 6569 7123 710
26 7975 5090 6984 4615 704 5374 8809 9687 6386 8261 4906 2768 2004 9017 5035 8472 2131 7625 4444 2195 944 2962 3945 8238 1304 4891
28 730 95 4410 9620 3879 3477 8785 9151 6907 6864 3135 7046 2563 4804 8763 6854 2360 8010 7815 33 6144 9984 2836 4554 3518 5876 3218 8195
15 1955 7602 5663 5054 2981 2374 6389 8741 5061 4718 3902 2231 3395 9740 3458
12 2782 8219 4137 607 3940 1211 1299 8830 4358 4443 8974 2445
25 150 5686 8682 922 6216 4593 3439 8028 9160 4701 6891 806 4464 9327 8817 1621 334 7771 9295 9957 2251 4476 2224 4803 2845
17 8440 5347 2787 5674 3290 105 6161 1393 8225 2023 9418 6993 8744 7151 3627 5714 7938
7 9543 5777 2167 3539 6016 3286 5745
22 9636 1797 908 5481 3963 4096 6488 7132 5216 3372 9894 4004 5199 2381 6640 5946 5912 7514 5051 3415 3525 5296
24 9078 4807 6498 8955 6244 1415 3895 1979 8760 5768 6451 7599 1622 4831 7408 6072 4151 2976 9178 3792 9608 794 1547 3032
27 8198 6718 7554 665 3319 3054 5766 1441 7642 2240 5941 9474 9593 6262 2532 6600 2692 404 2980 2807 6621 3388 1327 4923 8163 3664 4018
30 3541 7876 6856 3036 2059 1565 1725 711 4163 9849 5394 2205 7781 8725 4235 1533 8003 9244 2868 2779 5776 411 7348 1585 2671 6052 2280 5977 5273 1378
5 2718 5669 3312 5230 7115
17 9385 4101 241 1349 8665 8984 6882 4775 9741 5559 7077 1275 4549 6459 5793 359 8596
26 409 5626 2077 4652 9981 7010 2275 715 2174 5878 1282 1871 9542 9867 4626 8469 7623 7518 8114 1225 667 2905 4697 6507 5720 7688
13 364 7291 7591 393 3662 2575 8457 9622 4199 8724 9650 2487 6721
8 332 6601 9678 8523 7729 4528 101 2951
18 5887 5756 9832 7162 3315 1004 7830 5134 4046 7353 357 6167 1302 2936 503 5742 9909 4040
18 6879 2284 7326 2871 2688 9855 7852 5333 3769 8751 191 4983 5688 9115 3871 7485 5931 7601
7 2780 6475 5352 942 8118 8938 6544
13 4507 7686 5799 5124 9346 3071 9269 5575 4434 51 9048 7460 4338
25 4665 6245 3453 1215 9466 691 9655 9652 1271 1692 1598 8064 4660 4459 6540 5498 2405 2127 9955 6895 2775 4967 2815 3679 8001
19 9805 4686 1977 5422 1232 2661 1109 3203 8827 9089 6134 6808 3213 7462 8539 184 5419 2378 9515
13 5282 2261 9130 4017 5553 8975 9986 7954 5798 9971 2773 1003 7441
32 4502 2216 3414 4643 2434 9035 7643 1459 7691 4777 5211 6617 7939 9218 4473 5741 8476 4738 7584 3153 2363 3884 123 1419 4408 4726 7054 4364 9811 6273 3035 8113
5 5541 6058 2982 2660 2049
14 8382 9382 8653 1496 6274 6082 4584 586 1861 8605 7069 5508 9906 5543
13 7249 4826 6454 9341 708 9539 7633 7122 9642 900 2310 8226 4042
27 4761 507 4403 9062 4045 485 4800 8798 3007 3070 8807 2596 7189 1989 4212 7652 7480 4849 3132 6516 2624 9840 1180 2170 8499 690 3588
16 1804 6430 2207 7256 1023 2533 9398 2795 8230 2133 7244 5855 7976 325 5253 2794
20 1221 5212 9795 4409 8188 5576 6081 3909 987 9000 6238 4700 160 4813 5047 5499 1573 4865 9430 7223
26 8351 3816 7683 5779 6261 9972 4119 425 5099 8326 8343 7944 3161 8625 53 6522 4928 7241 4841 7955 2287 1290 1865 2862 9558 3302
13 8157 4107 6173 46 990 23 8235 5823 4864 7509 1347 3111 5571
27 6536 9557 2000 8273 5082 3524 8996 2439 3877 8576 9298 547 543 7752 6528 3506 3237 9352 1574 9999 2806 4197 8371 5408 638 8301 5841
16 9744 6966 7096 9263 9641 7564 6056 7931 8814 3271 174 1795 9499 7489 2839 4292
33 3866 5699 3915 6615 6026 3169 4089 5514 2612 2383 561 9880 8115 7419 8776 3523 577 5577 110 652 1404 8639 8818 2985 6136 2704 9936 662 8008 8454 7783 20 2586
14 5017 8747 6969 8876 64 1862 2866 389 9350 3836 6992 1958 3688 3825
4 9631 5888 6293 1817
36 7430 3022 3057 552 1181 9952 5310 9701 9823 4550 501 2438 683 515 9718 2190 7063 8361 5383 2699 9093 7056 5392 4760 3683 9243 9427 1360 7606 7517 5407 2610 5395 9296 8582 7049
12 5285 956 2036 8831 7759 767 872 788 1149 6207 3559 6350
26 3830 9353 3542 6357 3190 8116 826 244 2810 388 5317 1519 4970 3912 8049 3448 3074 3927 9582 5319 5936 2070 1847 2908 7881 6470
27 1527 1518 9657 1667 992 5853 5701 8990 6283 6367 1541 9221 7004 9541 3256 3342 517 1765 3515 7295 5130 5613 3931 5850 5592 9635 6060
16 4349 1580 7464 9708 1124 5128 3427 9470 1829 5893 1452 4162 207 4296 1261 2353
9 6265 3938 4938 3232 643 2407 6699 8492 4471
16 3263 2497 9871 7883 6119 6133 2543 4858 7903 698 8031 4265 2062 8076 5975 9831
24 428 4558 3398 7682 5279 883 5062 8212 518 6578 4810 8954 6847 5761 1242 971 4814 4509 1126 7828 2623 8211 1931 9374
16 1313 1503 5351 8034 6638 4639 1846 5899 8014 1391 2568 15 1283 1073 2431 5513
19 5562 1907 6982 695 2994 6231 6142 6225 2584 4732 416 8619 3837 6770 3322 7991 8879 8156 9329
31 4673 9769 1723 4587 6705 8671 6719 1864 286 1532 6562 5155 3534 1314 5778 2595 2719 3446 7566 1964 7917 9892 5115 7925 3020 6349 7839 4192 1087 2130 3204
12 3462 3108 3966 6076 2288 1129 1158 1507 1868 8676 2865 2134
7 1223 306 5889 9067 8908 3284 8069
30 3512 1111 8445 5660 1985 3429 5608 4426 7488 304 4368 9083 6055 2012 6299 6568 603 3558 4431 2257 2521 2259 6057 3274 9369 4731 4315 8463 4145 1038
31 8448 266 2180 5344 6491 5356 9566 4293 4642 9141 5305 3606 4055 7389 6240 7626 2903 2892 5738 8006 2619 8364 7283 4671 2326 4129 2221 7950 3987 4013 9916
18 3490 3605 9524 8110 1886 2126 3261 2924 1872 6659 65 2636 3145 3752 7855 2894 7910 5067
28 5516 7662 7387 2095 6344 8103 9694 3285 9143 2400 1946 3137 2700 3967 4674 4960 6588 1616 6852 3034 6796 5095 9391 7087 2069 669 8430 7986
18 7666 5668 146 5724 2602 8220 5074 5256 5201 6059 9157 809 6816 9774 5320 6827 3401 9914
12 7255 6474 2323 1762 1182 4588 9519 4303 1680 911 3719 73
25 8338 3411 3921 164 7840 871 7275 2264 4559 964 8360 2256 2091 3235 7723 8349 4283 5927 2490 6731 3280 8526 1093 805 6479
30 2973 9254 846 1647 5036 7041 403 444 2220 5835 6345 2645 458 8366 3139 7718 6733 283 153 5905 1975 2824 3800 5236 7844 8096 7204 3158 432 9536
26 6420 5158 2653 2386 1098 3775 5879 2057 5486 9508 2153 5904 9946 1671 7620 1554 1274 743 1131 8572 390 6991 2516 6702 4158 8022
26 9045 7572 1500 9819 9710 8555 9570 1311 5915 8801 3432 2021 5313 512 2279 7385 1780 9431 1196 4389 1919 6355 1713 6595 2618 1300
14 168 5711 1474 3418 3062 2702 2541 3056 440 5884 6889 204 5697 2169
27 5829 830 9182 3721 2578 4792 3648 7769 8659 8926 3425 3925 3293 1277 1842 7280 620 3109 4116 705 1812 8174 5316 6881 6405 9532 3289
14 533 1601 8155 9127 3098 9284 4249 2373 3282 1702 4746 7871 8553 5225
30 4720 3783 4914 4555 9394 1620 7829 9837 3146 3450 3547 2037 887 9348 9704 7072 8668 752 9903 7157 4640 5410 9007 349 6019 1841 3107 1226 9196 2530
10 9633 6645 1294 5238 8851 8266 4086 7909 3749 181
27 9815 2916 1106 6809 2304 1721 9980 7822 1389 9077 4219 5929 2535 5872 4518 3416 8920 3484 4925 4361 9885 4861 8384 9521 8838 750 8700
27 9628 1843 2639 9135 7636 4300 1859 2107 1799 7726 4539 5519 9225 6552 2644 7653 7872 6880 528 8944 2965 9857 3766 4412 2337 7496 2724
19 6360 4050 5240 8079 9751 1346 9809 9975 5995 2972 1096 7368 3893 4312 3873 250 4082 558 2620
20 9926 8146 2934 6575 9617 1453 4617 6098 8505 9810 2959 594 7250 9605 7032 8600 7105 9967 8276 7376
29 6547 1222 3732 6336 6698 1937 8500 9438 1197 8511 754 4843 8140 4685 6038 6728 2506 3359 2615 8732 7181 6599 3626 5469 7540 1095 9484 5988 8947
12 2399 9575 32 9610 5690 2652 3930 6333 355 5092 129 5071
15 6942 3666 1627 559 7344 6902 9729 4776 408 8345 9902 3595 2582 1119 8330
30 1908 3565 3420 761 3636 4607 8094 886 1016 5864 9709 3496 1050 8528 9235 2267 5789 1329 8032 3179 7744 3715 4501 522 2010 8255 4909 1136 8898 2273
4 9640 3058 3026 4887
27 9586 4940 1355 3124 9645 8780 5907 4125 3077 5526 6838 3328 6940 7743 4165 3777 6117 4218 4148 229 1238 6828 7978 8083 263 3279 3264
4 498 6048 896 4027
9 3632 4869 9681 2776 7043 4006 3297 3705 8054
11 1240 4028 8194 2984 3624 7267 4128 4314 5482 1042 6090
28 3083 210 354 4366 7169 9027 2035 9238 6898 4768 916 5102 8565 6543 3815 331 6860 2083 4380 4702 602 8888 8607 925 5923 2114 5848 8260
12 1206 7924 8428 1603 7809 7951 4041 8279 6650 2449 1247 1006
24 318 208 9537 2745 6589 4664 6067 6674 4561 9136 4060 4620 4000 8478 9034 3634 1611 9772 5096 6291 4994 9467 6434 2300
15 1986 1491 5107 3993 1613 9075 1595 8644 6268 4072 5133 9023 1914 1395 1626
17 135 5816 5662 1331 4400 9019 5190 5438 1851 3707 7358 9746 2830 6914 9214 4790 9304
31 9297 9625 6985 9923 8228 6013 9836 1008 1679 6036 2945 953 3573 2281 7538 6604 3511 3391 8473 6184 3897 7447 6014 1156 7290 1490 2475 7201 962 1951 1134
17 4920 6186 9492 4318 5287 5045 2072 4714 1531 2901 6443 7147 5342 3238 5011 4133 9736
14 69 5602 9477 8529 6597 876 9882 4068 8150 8524 9739 4067 9175 4868
27 3875 290 6739 8368 3818 9159 8560 7274 8895 3163 2144 7099 556 6774 7908 2367 5339 2801 1788 4272 6335 2389 9201 9241 3422 8210 4243
29 3050 4602 4372 2585 6893 5622 8486 9073 8373 7149 7788 7651 4801 8649 8250 4740 1976 654 7400 6500 6295 3854 7029 9529 4416 9601 8087 4091 616
3 4830 2741 5982
22 3544 2577 5135 6346 8860 189 4074 5909 694 201 851 8927 2038 9755 3206 1542 5024 1641 5248 9719 316 2544
3 4011 3911 1018
8 4482 895 8306 5653 1939 6458 5944 9176
26 4285 5892 2442 8546 8239 5083 9292 6970 3673 2443 3283 4619 8887 5681 2218 6267 2876 850 746 3978 9323 6872 3063 1892 4540 6453
15 6029 4629 81 5564 5824 463 8620 8960 1814 7006 1741 5981 7371 1856 9723
28 9485 1792 2250 1910 9202 5866 8190 8485 5009 4623 9054 9908 575 8906 3508 1444 3764 291 2488 2331 5435 5264 9123 5361 3110 8717 7112 2770
11 8816 9954 6285 6986 3671 9792 653 7959 8166 9753 9281
13 7196 9763 5197 1526 6700 3002 7803 5459 6084 3576 8152 3417 7375
16 1997 2212 7139 6835 7582 7126 2750 2165 8677 4534 3189 6611 3797 9097 5629 7173
15 2440 656 4659 3958 8597 5579 8800 6746 7680 1123 6622 7130 1328 3437 3827
23 3475 9314 9497 629 7513 8237 8963 133 3494 2478 1286 2617 2895 1032 9285 4612 4676 2347 9147 9663 6099 5485 901
12 9109 2178 6213 8909 8687 7573 8494 4394 2078 8705 5122 6517
27 8285 6316 5511 5678 5228 6896 2320 379 4981 9433 2452 3661 6862 3796 6436 4634 8141 3805 2155 9662 6661 9932 7885 5883 2289 7824 6603
20 448 8085 1913 5241 930 4130 4398 3133 8296 3621 8288 1464 2268 3201 1424 510 1824 6675 3244 7581
22 6128 4613 376 7263 4756 4819 2977 538 3748 5183 6763 2685 3598 9664 2469 5229 4466 323 9674 5587 1751 4047
29 802 6842 9164 8042 102 5043 7745 8245 9479 4711 4851 2299 2186 6174 4097 632 4425 787 124 2496 6037 5275 5431 4670 7349 2764 1204 998 976
25 780 2181 7901 3530 9082 4907 4266 3474 6165 1668 361 4442 7155 9456 9099 7100 5195 974 4422 6626 7784 7235 8674 9396 9227
33 5732 1465 9538 1324 9647 2045 5160 5465 4924 6821 9407 1767 9155 9355 7461 7260 8627 8498 8417 5585 9059 3517 1974 9088 6506 3613 9413 6112 78 2113 8374 6467 8789
31 2425 4016 1201 6305 5830 553 6243 2766 3509 3173 8431 1834 6042 2859 363 6947 3711 548 6281 9522 5467 7035 7083 9383 6358 6246 7772 5854 7335 1510 4120
22 8823 1873 753 5375 6956 2753 8617 4105 3227 2272 1428 5004 3447 946 814 3913 1606 9995 7721 6499 4823 437
13 1186 5428 8037 8652 2969 4594 7614 4317 6614 7568 5637 722 939
29 6069 2635 4297 7232 9209 7916 6374 2884 4699 3247 584 8598 8291 5097 7352 5326 4845 6790 4176 8802 9149 6017 958 5142 8636 6958 2421 1488 8122
15 7874 5719 8575 9419 3366 7777 8719 628 6732 1712 7170 5960 4753 5705 6288
31 2031 3112 5433 3784 9731 3896 4834 4866 1264 912 4675 3085 4978 7340 3387 9616 4513 2701 765 781 132 6592 5030 644 3019 6394 7242 3113 6978 4641 5665
27 2132 7922 8259 9742 3623 1660 6757 934 3570 7587 3449 3689 205 1036 7302 5671 6524 3440 2446 2336 5935 1153 8707 107 9004 3863 8350
12 211 5679 6610 9525 7053 8124 9277 3378 6368 1195 5399 2117
5 1550 476 3848 4683 6063
11 7097 1686 3117 5457 1048 716 1348 9208 4628 3341 2597
14 9562 4141 1381 2088 8287 1370 7144 4298 8092 2763 8964 9676 4779 5646
15 4003 2997 141 369 352 6103 2086 4566 680 9337 1854 4881 8845 5401 9803
8 9289 3760 5138 6496 6177 7057 6242 6113
24 4657 4024 952 9028 7562 5323 8987 6806 7689 9361 2444 686 8153 420 5483 3059 6759 8907 2812 9764 1312 9555 5476 2509
25 497 5069 7912 9165 4477 6460 342 6868 3635 5986 6264 9699 534 4201 3048 6934 5327 5673 2723 4463 8925 9432 270 8923 6170
9 9483 5518 7359 7995 9787 2502 3965 231 4157
15 9613 66 7278 2406 847 3507 6581 7510 2269 3864 9600 6817 6911 1614 6096
25 9634 3537 2831 6422 7216 7150 6319 9826 4323 634 7966 738 1183 7388 2466 5696 7705 3771 2252 4896 5111 2940 5265 2055 5731
13 856 6009 3729 3926 4178 2616 5423 4181 6080 8138 6241 3812 4955
12 4405 1146 25 1730 1205 573 4261 3028 9827 12 4531 3346
23 3566 4764 7811 2115 1504 2315 1590 405 1882 7536 8318 2489 4708 1103 9253 9437 8352 7964 7888 5159 8723 1293 1456
21 3594 5815 1746 7941 5001 5630 9800 9351 5635 1947 3599 7505 7800 45 3344 1895 9162 899 4354 1642 5354
26 6425 7668 7438 9604 9858 7515 7724 2921 843 8218 5470 8107 1163 7960 4262 5397 324 8393 9854 5800 7089 3084 9198 2148 8057 8618
13 3740 127 9458 4270 7271 8026 8788 4052 3488 9614 9993 5398 7472
16 5620 9064 9410 2857 9222 8610 7075 5127 4577 7869 5311 7300 5494 4568 7175 5937
14 8192 5492 5772 6781 6489 2987 8501 593 1581 3853 9637 1210 3543 1150
29 6771 982 422 8806 1168 1458 4989 1790 8883 7164 3182 1248 9278 2016 305 8362 8354 1775 9016 6878 4917 7756 1374 1334 5022 2843 7530 6294 9829
27 1963 7994 1745 9962 7301 8214 1364 3761 6619 736 6064 6486 4486 6130 8997 8181 5595 5010 1540 8837 5643 6535 1074 1437 4311 8862 142
28 1755 1365 1250 1583 4274 1700 5534 880 2923 8299 3841 213 6490 7292 771 2047 4118 4492 5898 9760 4735 6918 8363 1001 1207 1043 5415 3021
15 7380 9273 5962 2292 1166 6883 9607 6682 8976 8359 5136 5496 6187 9331 835
19 9743 6538 8504 1263 6744 9021 1548 1337 5165 3730 6487 8012 6435 2349 955 4242 7968 9977 5020
10 9579 4944 7221 3476 3556 7842 2978 6290 5600 492
15 6764 6523 1587 2817 6805 8968 8825 9690 8168 1732 7742 5942 5125 5606 2508
14 2245 3116 3468 9156 6197 1785 9063 8515 2301 5204 1400 1060 8137 557
16 9464 6648 5088 8300 7715 4031 5076 3859 7659 8502 6591 6384 6789 4729 9990 7789
25 9002 4544 7245 1631 9889 3669 4147 6800 6140 5268 285 2348 9584 914 7897 2097 2655 8201 5153 4530 1599 2312 3128 7731 6227
9 1949 9033 3102 6587 3465 8244 8481 6542 2939
15 3616 3051 8353 2640 106 3086 5965 6653 4757 4922 8369 1354 4220 7676 4846
17 7442 1175 8609 7282 6476 4213 6727 1748 3694 9798 9056 7974 5257 8569 9211 7027 8422
22 1863 8035 2802 7445 7604 7679 8819 8903 6137 9863 5032 2873 3545 1727 6075 5151 2855 8468 3670 455 1652 4374
26 984 9262 2706 6657 3499 130 6848 2722 1396 484 4608 5463 1740 8399 1401 4946 1673 345 2822 2354 2752 9599 8106 3994 7111 4424
25 7190 4645 8595 7066 1912 8339 9644 3323 5249 1714 1597 9163 1382 2325 4500 3548 1848 8866 8734 296 9669 1161 9721 7641 8154
23 4245 751 9842 3513 4696 9812 6121 3765 6223 2370 6423 4805 5026 8833 3455 4322 7107 8280 8651 6351 6330 1174 3367
11 7152 853 7558 3901 8407 4787 9859 6114 8749 4890 4646
