500
0 6968 1470 9021 3261 2892 148 3082 9807 8413 3436 935 2645 1791 5005 7561 1207
1 6339 5016 6205 8987 8699 2858 2652 241 9079 1924 548 2349 8235 2207
2 3963 238 2425 3110 4055 3849 9231 5244 4092 7 5210 5085 9533 1216 1460
3 3928 5886 1363 4541 7296 2247 3453 5622 8251 2679 4076 6956 5300 1979 6327 1098 79 4230
4 8768 3828 5232 5962 7825 9878 6261 6020 1403 3950 6389 2413 9577 1973
5 9093 1002 6915 8994 6577 9169 6676 2006 1188 4589 8217 1396 7579 2396 5258
6 2460 2028 2640 6826 5621 3012 1087 5948 6452 5993 4958 2555 3877 2962 3143 4412
7 7265 8284 806 5919 4744 2607 6325 6598 2152 4223 6653 2666
8 8696 5259 2272 8994 1084 1615 1472 9733 5783 7997 9096 9285 4120 5848 5228 8125 2240 8846 3188
9 6042 1822 6062 4226 8683 7873 3391 196 3723 3113 3176 4869 4832 8352 8830 6613 7463 8498
10 7672 4569 7854 2868 3859 2067 1303 2175 4851 5131 263
11 7275 4170 5072 9464 1157 7026 213 4875 9745 889 8637 3507 2986 5652 1728 1477 3332 9803
12 2577 580 436 7916 8682 828 4500 6986 4014 8677 2962 389 6831
13 4448 3207 9948 210 5188 490 6999 951 8089 2041 7837 253 9082
14 7744 7699 4352 9914 9303 1114 304 88 493 700 1591 71 252 7228
15 2182 7772 9393 7782 321 2959 9142 602 2240 935 9845 8874 3061 9019 4196 4907
16 8984 7014 723 7888 4216 8132 438 1556 2807 2861 935 2295 9244 3673 9991 2
17 5907 9912 3720 950 9194 7431 3543 4947 6243 1467 7128 6030 7669 2243
18 9848 9976 6502 8005 995 5064 2076 7000 8332 674 1989 7299 8703 4213 7120
19 5269 8221 5848 7001 3835 4988 3371 1212 4060 4998 1507 2663 4861 5942 8858 976 2598 4326 5155 9007 2962
20 4377 4126 2596 2417 1031 9698 4155 836 3877 3320 8441 6245 5148 4547
21 8455 4954 769 5126 1796 5226 2986 5551 215 297 3222 5509 6400 2324
22 8860 6161 6811 1168 6190 4237 4904 7605 5679 7165 4528 1766
23 4313 2451 5341 6475 9689 3418 3184 6280 2636 6335 9125 5409 415 2
24 1668 3936 454 1867 2984 5458 4964 3300 1528 8989 2123 9278 3717 4176 9532 2071
25 3584 3027 624 8644 4666 3894 7332 3913 7031 4687 7 9008 935 6652 316 3719
26 3872 732 4990 9508 689 8636 2724 2508 7389 6749 6490 3457 7949
27 2297 741 4556 5412 8830 3936 4027 8473 2597 7017 3174 5532 7055 9982 5572 5842 9496 5069
28 8931 4486 9526 1400 9968 2886 699 1429 8531 4293 7344 685 1694
29 6438 5925 8293 4136 4199 7493 6787 6702 8502 2842 3355 3382 9871 2114 6920 7413 979 9 5275
30 3612 9742 587 2930 8538 9744 2 9505 6613 3025 6986 3762 935 8055 1307 7129 7849
31 7563 4674 786 6421 8897 1230 4551 115 259 2555 6929 774 4052
32 2946 8040 6330 5166 7335 7664 8870 4626 7890 5962 6901 6776 4985 5903 8523 9838 8812 6374
33 5880 7601 7358 8915 2059 4651 2014 8396 7883 2934 7281 4086 3438
34 9930 3216 4513 7575 106 2680 151 9241 2077 1664 8792 5417 1799 2392 4176
35 7429 8105 2741 221 2876 8511 2166 1492 5156 3185 2240 6029 2835 6993 8137 2684
36 7239 9409 8689 653 4874 5505 9187 8233 2555 5912 5822 6821 2240 9144 5491
37 2288 7716 1533 802 2962 5341 5882 7296 447 9664 8071 2402 5408 7155 5022 4186 9640
38 5024 8220 7626 8680 6547 8402 1401 7162 6109 5338 8125 6263 2475 7614 9235
39 6060 6699 1534 1642 1345 41 7751 2714 4362 7980 8835 3525 3958 476 7153 4726 4717 6823
40 9306 966 8293 7681 5658 8781 2211 268 8648 3167 989 9459 873
41 8120 4314 5548 2570 2958 1906 2851 5398 574 9522 3286 7220 9299
42 3045 867 3936 1534 8905 923 2697 3731 402 6154 555 9592 2653 1042 979 3348 6193 8354
43 9677 3757 4217 8024 393 9835 8179 3103 5461 5884 9846 3529 199 1648 4322
44 8382 2046 8499 7870 9780 6208 6964 2941 2510 4311 46 8794 5248
45 6492 7438 7060 5962 8429 9834 8151 3588 6531 9141 1564 6100 2628 1440 8343 9829 586 4583 6500
46 2739 4468 5917 3586 9266 9554 4858 9124 1043 8990 1774 8955 3807 8605 8866 5285
47 6582 8031 1840 6495 1293 861 9817 3679 7828 231 4302 1368 190 3349
48 3233 5384 3036 3891 498 6538 3857 5180 8529 3021 9063 4751 7938 2871
49 8192 3774 7653 5880 1444 2511 3843 6270 6419 2662 1789 6587 2240 557 7434 1702 4214 5195
50 7474 9528 6639 7764 8331 321 502 1691 3401 1558 8641 3574
51 6573 408 1102 7833 2768 7043 626 7485 5920 4966 6992 1439 7253 4401 7992 4679 6301 1305 9407 5762
52 1740 6456 6925 8114 7755 5778 6938 4347 5284 9244 3954 5322 8130 7699 427 5038 8713 7742 82 4761 2962
53 2838 5322 7699 4834 2755 5171 5595 6613 5147 8549 216 9028 1666 6635
54 2892 5440 9535 4765 3586 5305 7438 3461 9757 3894 8900 7793 9377 5885 6101 1350 9901 2530 9623 8579
55 5565 7932 9120 5412 8977 9429 9016 4804 8917 8144 450 2070 6868 9865 1919
56 6447 8625 6662 3047 7665 3012 2635 2420 8090 656 863 5615 8702 4787 5492 7552 1262 5564 9443
57 4539 5601 8553 1390 2731 4865 9716 7412 3696 5326 8199 7525
58 9688 2677 3776 1770 2544 9619 979 8756 6137 4140 9450 1565 9684 3565 3916 6275
59 6879 9840 22 8932 7088 600 8368 1727 6902 9738 4950 1801
60 6197 8627 4867 2555 1304 1053 8883 2457 4527 9892 7903 7508 3386
61 7662 5008 1975 364 4972 6241 1417 6547 1122 5301 7146 2900
62 5224 6727 427 4047 2122 9682 1682 4481 6381 3996 1900 451 8776 8471 6509 5114
63 2873 6087 5988 1785 1175 5756 3138 5280 9518 6054 250 8953 5497 6541 5804 5390 8442 3907
64 560 6608 8013 2712 7231 3144 3217 9779 4802 2626 5110 1314 964
65 2172 5853 4809 2830 4314 5135 1868 842 6144 6539 1546 2643 908 1574 3023 8811 2422
66 497 696 7447 8527 1075 1606 6071 9129 2147 6972 7269 3706 6074 413 1414 6687
67 3549 6168 7636 715 7762 2319 8583 7738 3651 2492 5561 3546 3393
68 2551 3226 7718 7115 9690 8305 4318 9836 925 2764 7075 3961 1892
69 9848 5493 3792 9382 3964 6547 3992 8276 6801 8134 8684 1430 1781 3195 9900 8894 4951
70 3953 3504 7285 5386 3505 23 2534 4379 4631 8349 1897 439 116 1790 6292 4367 1586
71 1668 9338 2863 921 5784 3660 4020 1429 7949 8887 9968 754 286 8208 5869 8209 326 793 7131 1227 3467
72 3161 4376 3540 4457 6102 8338 4281 8603 3357 6021 9270 5698 9622 9146
73 336 5503 4837 6889 6595 6370 8053 2981 4985 4995 4079 2251 1081 8767 7076
74 1776 8841 2065 9545 7800 5631 5911 8243 3573 7181 478 7651
75 1902 6213 9498 3693 6817 7088 4704 1734 7134 3885 3814 935 4949 6192 2476 8722 8309
76 9848 6003 1515 1083 7762 3721 5950 9492 1788 3841 9736 9529 1763 9954 1431 3376 9470
77 8238 9885 84 3000 4890 8671 5449 284 8017 2815 8757 6642 4168 2963
78 1686 3594 5736 247 1678 9600 204 3049 6316 1160 8711 9557 7004
79 6258 9317 374 7205 5302 1140 6765 79 740 1908 1198 2548 6346 2252
80 2533 4315 1319 6710 2 214 1135 981 5994 4654 7166 9722
81 5456 3747 7329 9823 5441 9239 3011 3048 5819 6640 655 133 2240 7606
82 5124 8994 4981 3946 4721 3398 3749 1626 8644 9798 6963 2662 9872 5869 7607
83 3008 8022 3180 6952 958 7078 7709 4533 1780 1018 7001 2231 72 4311 1603 9299
84 8671 9301 283 5962 2615 8430 9636 9025 3022 9188 9962 9548 2555 1044 4842 4852 6931 5213
85 4350 9111 8248 2047 1625 1040 8528 5382 2032 8666 5004 6210 5544 7443 2485 2962 1757
86 9704 4385 2568 2145 7574 5117 7783 6110 6237 9998 4185 6734 6797
87 5825 5871 1218 9129 6052 1003 9968 4100 9402 8736 8493 952 773 5580 496 8804 937
88 5897 4503 6645 5412 1597 996 9953 3662 9981 5471 6534 5780
89 8552 5385 2263 2092 2408 7799 9293 1203 7820 8306 9422 8831 2468
90 1208 1308 8904 7752 5304 6547 2921 8104 6548 1554 9483 3760 2643 6253 605 5555
91 5547 3378 427 3771 3092 4946 3053 7530 447 3867 9160 2932 8586 1585 3854 6221
92 4629 4971 3181 4180 9265 6035 3146 321 5371 3553 1969 8882 2240 6551 6101 4194 8496 8516
93 9255 183 6393 3325 6187 9185 1138 7762 4182 8277 4138 9421 7424 3278
94 9292 1733 3371 2112 1356 7090 9727 2086 2834 2052 225 839 1379
95 5287 788 5549 5856 7233 5604 8403 4264 4661 891 8343 2836 3943
96 3351 1353 1553 7971 4480 8540 2997 6651 2916 2350 1901
97 2126 5887 2962 4224 6674 8267 6613 3741 1267 2860 1052 1529 7108 477 5715 8387 4150 4429 7883 7183
98 876 2865 257 743 8214 2148 5307 3012 6631 3716 9692 2068 7164 117 2232 136
99 6185 7553 4648 3936 2155 5639 2780 188 152 9099 4330 9038 299
100 1192 1498 7241 4856 6125 34 2212 6488 9252 4050 2340 4501 5194 1118 5708
101 6231 5800 6465 7276 724 634 7439 9077 4740 412 7550 1295 8307 6849 9567 8748
102 9857 5376 6286 7133 6630 2555 1313 4679 7885 9271 8074 4600 2647 3755
103 3567 3936 2605 401 9545 7556 969 7234 1196 3932 1079 4986 2790 6157 3241 3341 6347
104 4808 5240 3909 3522 6537 8158 7996 1668 7007 9357 9007 9530 2998 7012 4438 5933
105 7240 7320 2650 122 9312 5334 4038 4902 6279 745 4957 7586 9225 9702
106 543 5412 7079 1310 5333 1670 1357 2528 2726 2789 5715 2629 6211
107 9137 9606 9632 1299 3838 1831 3019 4290 1950 1437 3103 5138 2961 6471
108 6160 3144 1832 321 6126 5704 5006 529 4286 7578 540 9234 5256 8506 3206
109 9031 4793 7925 7709 412 6713 5769 6805 6355 7327 4538
110 8598 5053 6772 9545 6989 1581 9411 3490 2887 1213 8351 9575 7750 7147 7967 5141
111 7481 2962 8374 113 4991 8761 4199 2472 3923 9449 9593 2422 4474 4519 7949
112 4952 1668 9184 6331 1273 9608 2634 9610 4750 2987 4823 6949 9389 2018
113 3584 1839 4396 6854 6945 321 1458 1852 278 2061 882 5049 1071 7921
114 9723 1488 8167 9616 7762 5665 5063 6586 7864 79 7874 3887 5399 27 4319
115 8652 7428 2290 2218 7223 538 8765 1818 54 8146 1631
116 5152 6034 3074 222 9746 9161 62 3501 396 8145 1134 3528 647 7615 3530
117 6789 4558 9949 5422 5513 6108 2013 2734 935 6516 3024 2718 7120 5762
118 1479 9363 2586 9086 3894 492 3058 4840 3031 4939 8027 4317 3877 9432 100 5636
119 5816 5466 3982 4873 176 1580 2922 9034 6838 3004 4274 2537 8810 5094 7138 505 1298
120 9065 3198 8076 9075 1668 4326 2643 4130 4112 134 9494 6120 7633
121 4720 9192 1984 8203 1265 5090 5064 2571 178 1844 6454 4167 5247 4285 8750 4277
122 2081 5917 3451 8159 3543 9501 4633 3454 5245 6560 3329 468 2494 7669 668 4754
123 9848 300 2857 5108 7133 5829 5929 9988 6578 144 80 1476 3158 5788 4526 2989 2279
124 6896 2504 3981 1722 3603 5989 8951 7072 79 179 6326 8406 1334 7157
125 2199 5052 1362 9040 9786 7699 3073 9545 6900 8674 5578 9573 3012 8675 1152 5662
126 3017 1290 552 688 5500 4649 5442 366 4941 8289 4780 9874 7273 2171
127 9615 1687 5414 4883 4082 6832 2517 4020 7991 9244 9073 2099
128 569 3631 1238 6954 6882 1850 7557 4363 6827 6262 4948 2042 4813 5246 1223 3509 199 2
129 3449 8400 4424 9842 5748 6891 385 1988 9404 2321 8091 2367 9694 2539
130 353 713 6978 8410 4901 491 6936 2707 2555 1476 270 1468 9280 9533 5330
131 9679 4450 8617 8718 1105 4831 6155 1106 8423 9989 6282 4977 2926 4573 5519 4700
132 399 3972 8724 5538 4151 4375 1787 321 259 8839 3492 2141 1144 4087 9380
133 545 3836 1896 321 5608 4672 8062 4490 9323 2150 3365 5715 9576 8190 5176 245
134 3622 6115 7609 6846 7908 7513 7639 9540 7588 6427 434
135 450 5664 2155 6970 4685 78 9861 5146 5588 3653 2034 2962 7624 9839 9461
136 4107 9940 5783 7466 4777 781 7930 3877 4535 2196 4103 8515 7283
137 4880 5367 3521 4008 3442 9049 3480 3894 2583 8253 423 6869
138 8391 8193 7699 3542 5540 3074 5559 2103 8710 5219 7649 647 8181 7444 8938 8056
139 929 8609 3263 7628 1968 4470 2184 8890 6937 7917 9268 5748 4121 3230 6101 79 3160 6365
140 2848 3280 7792 1907 818 3590 4365 3474 3628 3664 2459
141 5637 7995 8968 8950 7069 8923 5386 6827 753 1383 1186 6766 5346 6048 8012
142 6258 9517 6089 4614 7408 6387 7361 7380 7371 2736 4959 5788 4195 7201
143 6303 2704 9607 5144 1895 2678 3389 7610 7179 7936 5293 7180 4382 6724 2431 2
144 9552 7997 240 6982 6613 2555 4328 2582 7461 1917 5949 7714 3476 2
145 9714 4099 6961 6692 8186 5055 4129 5687 7101 3411 6750 1693 6139 5645 3044
146 7509 3514 7296 5982 3831 3084 9673 8727 8783 7173 4967 7929 9110
147 2288 8554 9968 4594 5715 9222 6396 1042 2896 7351 5605 4884 7874 9791 7694 782 9207 820 1963 8344
148 4053 1696 9652 2183 1085 1383 6783 8723 475 7153 3894 5426 4472 2240 2521 2215 1595
149 6592 229 2029 7547 4407 2670 8646 961 800 9710 6327 8766 5014 9434
150 2370 6744 8025 6523 8962 3580 935 2169 8910 7741 6778 5401 8263 7427
151 9102 6276 7762 5558 5715 3672 7153 8711 7587 6561 2007 2908 2962 8785 8930
152 5744 1335 3512 444 2289 1912 2785 8043 4048 5660 8845 7379 5968
153 9831 8862 8386 367 79 9305 6165 8298 2421 4653 6796 8425 983
154 4836 9157 4801 6971 3012 2113 1663 5840 2654 5086 9316 5347 2414
155 7734 1038 7960 3836 3074 9510 9573 321 4093 1142 9926 4923 3744 4229 7517 317
156 569 4144 1534 1909 5855 3885 3041 180 5068 9351 8092 9424 5158 3629
157 9112 5467 6467 8664 3183 2643 926 135 2656 4142 5204
158 7688 4908 9472 8770 1049 6044 7377 2643 8215 7235 854 3869 7759 236
159 9075 993 3739 5674 7673 5477 7762 5731 871 5335 6460 146 4275 1756 6410
160 4241 2550 9732 3521 8780 6379 7963 7568 3014 8010 729 3494
161 2190 9147 1056 1039 3576 8581 4035 7367 9455 3552 447 69 1195 5713 2715 2365 2341 2962 7652
162 472 4377 9820 2074 1636 1169 5192 3302 3600 6022 8821 7949 9011
163 8057 1263 1299 9408 1731 9580 2630 3830 321 6688 6020 6506 2869 7127 8803 5059 9398
164 6680 7365 3613 8050 7249 4505 3326 9968 888 9132 1987 780 5389 3068 1871 917
165 4206 7698 8491 3920 8717 5326 1394 8297 2240 9693 2682 8964 766 2927
166 2657 569 5134 8716 4801 5999 5036 6134 3966 5732 3338 5867 3383 945 2584 3926
167 4017 9463 7213 7519 582 348 4983 5775 9933 1708 4588 4020 684 2062 3772
168 6905 228 6609 7087 3641 9671 6567 1576 2437 6785 7541 4914 2953
169 7807 103 9644 2049 9015 7305 8431 8116 7730 6742 5186
170 9597 8850 1453 5251 6337 7699 3012 3625 6217 2752 2249 3032 397 8272
171 1064 5609 6861 2326 3982 3163 1904 5990 1617 3015 7153 6092 4340 3374 9036 4797 5814 7237 7652 5924
172 5960 3738 3667 2858 1392 3012 6002 2690 4096 2800
173 2766 5997 3802 7736 8942 1625 1634 79 6740 3050 5552 8225 8773 4266 4698 8722
174 1568 8373 3316 6134 8223 5047 1619 6200 6356 9621 6101 702 1972 3980 6131
175 6176 8103 2595 552 3271 2515 2327 3850 3536 7156 8416 6409 3458
176 3990 5961 7348 193 4532 3884 2409 4901 321 2770 9862 3429 2898 1800 8487 1343 1613 2531
177 4232 4638 4359 4882 3218 5675 510 7827 835 7795 4610
178 4323 1246 7915 4378 1823 3534 8133 2329 4975 3240 2693 4061
179 9543 6258 7456 1183 4387 2453 8669 5892 7197 2240 5831 5715 6706 3116 9443
180 5321 8490 7968 5520 5446 6188 7287 2796 3012 4228 3194 6416 650 6677 6886 7859
181 3665 2288 1668 6843 1760 2444 1343 673 9413 6444 8676 3502 2008 8462 9784
182 6358 7861 4487 6359 203 3753 2643 7675 5921 719 4554 5643 6814 5410 4033 1927
183 8824 3432 3820 7843 5153 2732 79 9484 7739 7352 4895 6938 4122 2
184 6366 8947 8021 8121 499 6953 5738 3074 5523 7225 5848 1276 7045 6082 1161 7902 2467 9812
185 1641 445 7186 355 8375 2818 4074 3102 4110 9196 1979 4985 2519 9514 9650
186 2343 1587 4314 6349 2044 4559 3524 1607 4974 9961 5119 8324 6867 4708 1658
187 6798 7950 4242 2505 507 3910 8230 6555 5143 8005 3026 6658 7153 2404 2314 6616 794
188 7040 7023 9444 66 7680 139 8812 4362 6386 410 7027 7864 3698 8387 5030 6094 2116 1127 8714
189 1371 8491 1409 4253 7683 1275 6334 412 6299 395 7775 1583 53 7652 4781 2
190 734 221 4866 4956 2986 664 9800 6623 5715 864 7839 6274 7489 2621
191 2874 3666 8994 9841 6044 4370 330 5650 7864 6613 5651 6704 7136 9197 2223 6626
192 4980 1875 9930 7438 3497 1463 8078 9186 1986 7476 771 9313 357 8116 2176 6417 9279 8147
193 3072 3766 7762 7385 2165 7801 4624 1279 9379 5481 8245 154 7454 3035
194 9219 5854 7889 1814 7727 7322 5666 9842 2194 8008 5893 1774 6705 694 8029
195 625 6244 3077 1495 7652 5025 9777 9311 2904 1104 4996 4963 7450 8315 865 8966 6554 9615 4107 1552 979 6453
196 920 7544 5412 417 3370 9896 5567 938 2158 866 1971 6201 7326 3269 3314
197 5151 6348 5122 1353 7474 9792 3894 4452 736 6227 7622 6912 4690
198 7409 732 4828 7627 6224 3109 5261 8254 9842 1932 4849 7153 2186 1601 7407 3493 8327
199 9416 6186 1146 5494 3819 9337 9140 9384 1710 7153 1375 6613 8387 5517 3627 9657 9558 7526
200 4035 2353 7177 2291 8556 483 7666 420 2 6875 7487 7055 9378 6058 5383 362
201 2611 4332 8140 7602 4489 5057 8342 8973 7686 8389 8650 3745
202 3918 9759 9930 3775 5125 9918 6584 1193 9086 519 7053 6136 9701 5922 3735 2423
203 4278 8580 7419 9075 7933 2894 2957 7296 9771 5473 819 1150 2005 3376 6723 1656 8487 5041
204 7841 6933 6051 4846 9895 7546 311 7676 2735 1559
205 272 4431 9651 4656 8599 4693 4830 9493 8125 6641 4545 7030 8507
206 3080 4520 1893 9992 2533 9374 3452 6251 4534 7883 7217 2213 7560 5391 758 1109
207 3800 147 2668 2740 4289 4154 7945 4564 4709 4177 9236 3098
208 3305 9104 906 4065 726 1590 1149 1058 4418 4544 9062 899 269 2827 6302 4034
209 4936 1759 7254 4496 1418 5218 5451 6938 2709 5328 5463
210 3944 8481 4891 2696 2471 1672 3877 3842 3410 8542 1611 8982 6590 9668
211 2910 6627 4080 8994 8284 427 9041 9752 5711 6054 7413 907 8881 1960 2781 738 2125 6563
212 7904 7743 8705 5358 6295 1723 9248 3777 8287 296 6479 3862 1153 4151 5861
213 1784 453 9238 5719 6169 2480 9770 5027 9538 6399 1621 6202 2305 2603
214 1407 5133 9453 4737 8130 9129 4162 1668 6494 2228 6659 26 3581 613 9721
215 2288 1191 5179 5953 2713 427 7907 7206 9466 2167 8000 4814 5966
216 9318 4855 2245 2722 8941 3506 9168 321 627 6318 7038 9965
217 7266 3729 4414 3847 797 8474 3931 1510 2672 9586 6049 1775 4124
218 6708 5061 8733 5773 4090 8185 2327 8069 3362 3129 9050 6289 1774 3951 6913 2935
219 2055 9075 4104 1012 9283 7790 2948 6980 4192 4273 412 1190 5239 4636 4007 7877 2666
220 4736 8670 7240 5962 2121 7638 2157 6621 745 7342 8125 9395 5336 7946 3681 4402 1864
221 4422 3333 9453 1777 329 4128 4786 5307 6415 2599 3626 2610 5454
222 6364 2622 209 343 3758 1211 8601 5901 3130 7909 8908 9172 9119
223 6391 4792 6455 9023 403 1647 3364 1097 2214 6733 9730 6158
224 7617 5647 8491 9193 4857 7575 5991 1059 9511 5020 7091 4616 6767 5445 7426 6544 6077
225 5952 4368 6412 1405 140 3002 5433 2589 6693 5560 7388 9027 6822 8452
226 6510 8832 6124 850 2264 7142 1847 3163 3759 2275 4015 8125 2033 4238 4886 3088 542 3557
227 6294 9300 4179 1560 1255 8859 2569 3866 3894 8484 6307 6860 2240 9359 4077 4824 207 8083 1566
228 3440 6357 9291 5563 2903 9842 7152 5641 3545 9089 7786 4349
229 425 1047 3262 5278 9364 1201 1562 707 3337 9646 1826 8685 9666 1828 767 7211
230 606 8814 6465 4423 949 5962 265 6143 6152 7970 3956 6161 3074 8098 4561 7396 7884 5904 8975 1226
231 102 8418 8491 5881 9734 5693 4623 8728 7270 9943 2699 9440 6398 4445 5543 9135 1
232 6320 9903 9163 4117 3758 8564 4632 1078 2500 7298 5120 5111 7677 2565 5526 6922
233 2576 4746 5592 9138 9795 8671 7817 581 4699 2454 8377 3905 1980 342 946 4187
234 5700 9264 9758 1625 5099 8052 7316 6974 9215 8559 3700 5203 3503 4421
235 3783 8994 4180 8015 9203 9816 9475 1347 2185 3301 2240 8532 6894 1675 3817
236 8912 111 1327 8491 49 3219 8863 1700 8972 8127 1234 8353 6687
237 5295 4035 1857 3830 2516 5865 5685 4020 8521 2384 6470 8037 4563 1017 8693 2340 9010 7949
238 5672 5348 1497 1480 5082 609 5099 2121 9191 9071 2115 8577 8227 5429 4358 3764
239 9302 5715 321 843 3500 4084 8361 4031 3455 5129 5121 334 2405
240 3676 239 3767 4199 4416 9115 5308 9997 2744 1520 5525 7883 9937 3827
241 5277 1011 9273 7204 1410 1905 3715 1582 52 6613 1125 1287 5986 2359
242 3089 7808 2345 293 5522 1032 7880 9627 9304 916 2555 9108 5813 9847 2972
243 7103 3812 7754 6072 5946 763 9772 6236 2240 621 1890 9928 703
244 281 1767 1524 3343 5395 4531 7359 7215 2220 4139 935 5878 9199
245 489 7366 6565 2866 2 6082 1537 7333 7451 5291 1944 1063 3899
246 6483 4909 1849 1654 7558 1115 3257 5715 5446 2035 8075
247 7697 3153 7392 6530 3192 9735 7414 8260 9340 3392 1871 2412 8046 2962 352
248 3106 4161 4028 8898 6067 5839 4439 315 3249 3547 2224 4655
249 450 5863 4333 9139 3902 8420 9199 7368 3277 5003 666 1998 9181 3151
250 3441 6511 5062 418 8833 4639 8193 50 997 6254 8477 8470 935 1270 4366 9533
251 4593 7545 3242 5683 6800 3758 3543 3291 4372 7955 9521 4688 3877 279 901 3313 1370
252 7160 7709 6428 4200 321 8844 6091 2986 3463 3977 9809 9080 6426 2143 8444 5339
253 1496 3648 1984 4810 7753 5818 780 2986 7927 9133 442 3203 7756 6300 6309 9523
254 632 7383 2883 7977 9990 761 9617 3074 3561 6082 6469 90 6606 9253 928 8390 164
255 3270 6654 7059 5457 9076 6377 9995 1041 798 1420 3563 6425 9107 1934 7652 1478 9533 8570
256 3702 3856 1137 2992 3830 7791 1725 1644 8152 9852 4697 5849 7505 6129 4311 9830 3620
257 8005 8510 7170 2751 3894 2203 7315 4822 8252 4552 1952 2240 9007 3258 1242
258 4215 5340 5351 8889 7774 6164 2852 3796 7453 6014 7922
259 8796 7608 823 1527 6036 3229 5507 7020 8560 29
260 6996 3046 8902 5958 2002 3982 5450 6458 6675 8578 4806 8371 5896 4574 7499
261 7472 3737 2704 8590 8744 745 6290 4400 765 9243 9766 5149 6607
262 9200 2902 8600 590 6278 2363 7881 4199 6180 5794 4011 8566 2340 7776 7894 757 3232
263 3846 9957 2962 760 166 7240 9130 6691 6647 8088 9244 8134 3877 7289 935 9197 4870 8236 3034 4456
264 2288 5835 9939 8239 6493 3163 9457 9628 3707 5715 1224 7535 2189 7355
265 7311 930 4377 1399 8320 14 6918 924 9935 4068 9325 6707
266 2578 226 9428 2121 7692 9403 6271 8134 6371 8198 2078 3691 3304 8291
267 1496 3414 8633 8427 6195 7654 4135 4279 3714 141 79 9764 6670 9649 8111
268 2541 1632 4819 8131 3113 1530 6345 8740 730 2287 3539
269 4782 4071 6267 5913 5340 4909 96 8731 7198 6613 5821 153 9270 5554 7517 8183 1244
270 3135 6834 8014 6538 4361 5657 4303 2994 2968 79 6604 8522 5265 1630 604 271
271 1984 4900 3523 2687 5874 3006 3751 1501 9035 3582 3637 7687
272 4097 4935 4197 2856 3288 4521 8257 8708 5514 9654 1923 7010 2240 2260 352 9101
273 5096 7032 9022 1021 6061 9013 3936 6620 9114 5064 6172 8557 332 1710 2342 8453
274 831 95 3984 2977 8782 9790 3491 6741 2547 9244 6239 9461
275 110 8247 2667 5531 218 9898 4354 790 764 98 5589 8514 4824 4727 3043 5248 5798 83
276 2288 5763 633 48 148 6700 3172 311 9932 6306 8448 8530 935 2358 6743 7724 8651
277 5799 2164 8293 9051 686 6181 1348 2105 4625 1979 6613 6958 3322 2737 9902 6482
278 4592 2703 616 7789 5017 3758 2904 5703 9582 9583 79 5219 5957 6084 9585 883
279 2118 6951 5034 6987 7707 6771 7161 7713 3012 9116 2627 7397 8937 6030 6643 7868
280 2288 6942 6924 5187 6762 7105 2372 8051 6746 9232 2024 3023 8406 9541 3125
281 219 9013 9383 5495 5810 5352 9707 169 2824 2267 6038 7732 7543
282 4071 3837 9588 5097 6287 8123 2121 1861 9476 8153 7821 7506 7229
283 9760 2407 2201 5 2346 159 8406 610 8188 3554 1358 3852 4356 5625 5643 748 9298 4295
284 7077 8148 4800 2191 5692 6402 8654 4838 7314 4929 7413 4345 7740 6507 485
285 6105 6404 8042 1248 3650 2986 692 6938 7262 3331 2593 3215 9245 5123
286 8094 7248 7159 8068 5899 8959 3758 3643 7369 7423 2843 2691 6390 3052 9487 2
287 2513 4665 7438 1309 6216 4758 3750 2355 4619 799 3823 9852 6778 4735 1388 2882
288 3584 1542 5772 8229 9201 6735 8293 2497 4442 2031 4291 160 2240 1260 1665 9414
289 6464 3405 4341 6619 2795 3624 9681 7747 6568 187 8612 1916 4877 1557 4258
290 391 8302 7285 1471 6431 7501 8920 2238 8142 3804 5838 745 7029 3077 7516 5977 6599 8498
291 9056 5215 7438 4937 437 8618 3890 9358 9565 9574 3104 2304 667 2791 3962
292 2127 7788 1524 984 6556 9994 5369 1004 2553 321 448 6525 676 5870 578
293 1352 7167 129 4944 4531 6441 5847 5739 6424 9007 7559 6191 6534 1720 6851
294 3450 1624 4342 2298 3865 9482 1095 5964 5137 6712 2140 5257 9153 5482 3808
295 7689 643 6296 369 8772 9007 421 7036 17 2124 5445 2160 7318 2917 8488 8066
296 9237 5448 9480 2192 2399 5918 259 6209 1197 2538 612 3178 6112 9335 4484
297 9371 1930 4272 6478 1538 4391 1620 810 8505 333 7696 4106
298 2288 5430 5926 6890 6000 1014 321 3265 7415 5139 9216 8885 4475
299 1668 4233 6672 5706 8762 2481 2526 9007 8450 4976 7118 5211 6921 838 182 101
300 6519 7086 5115 4962 2210 5064 6865 2617 8234 9171 4942 2332 1423
301 5600 6285 7050 3406 7798 3334 1688 9761 3146 9818 7577 2375 6920 8910 1638
302 3261 8842 8213 7512 6351 2284 5075 8981 7533 4212 7021
303 1289 5412 5610 8058 7267 7762 1670 9968 2256 8340 1474 6496 9195 2557 8434 974 7787
304 8345 1534 3327 1762 4587 6235 8449 79 2555 8495 7956 4032 4158 4321 847
305 1929 9478 5880 8491 6457 3713 8466 9645 5751 9259 9674 8837 2933 5535
306 2288 8004 1380 8816 9913 9626 338 2986 6748 1187 2870 7037 3754 7751 4394
307 9966 165 4243 9481 7762 707 5963 4507 7360 9349 9755 4769 9205 6327 172 2486 2810
308 7947 5268 6736 202 6385 18 131 7288 7153 8341 6526 2970 63 7255 1711
309 9209 5340 7968 1750 1291 9590 8789 5011 1105 2671 8918 7227 1774 9559
310 8039 5728 4855 7438 3101 3227 2643 2401 6406 5596 6031 3968 4102 2897 8125 4132 7399
311 4845 7770 1336 8878 7500 8275 1697 6863 3684 3659 7699 3994 3319 8720 8711 7066 695 6149 2
312 5044 7042 6547 9968 321 9655 2788 4174 2456 5534 7937 1763 4718 3231 9533 5320 6014 3016
313 895 463 6979 5073 1761 2787 5451 7486 9295 728 8009 1622 2079 4051 8462 7652
314 8624 30 2721 7582 1940 4892 2867 3380 3669 3535 3526 1774 2925 9495 5680
315 7113 6666 4713 5046 3074 2708 3284 2195 9783 2855 2819
316 8067 1569 211 5962 4933 9740 7331 5587 3572 3376 603 2340 7309 2107 7795 6572 5627
317 5737 9968 6480 60 5875 1321 6959 1429 846 6777 2638 8687 1964 4970
318 8518 2983 2480 1364 847 5388 1978 7657 4879 2168 872 45 549 1729 2639 7652 9866
319 4081 8294 1238 9159 376 5272 4624 1637 6859 310 1858 2327 1865 4926 3882 4855 6512 8895 220 8864 9083
320 1425 8797 8707 1328 3983 5458 9347 2391 5397 6793 1465 305 3743 7713 7551 1450
321 7393 7943 1220 5234 897 4695 7647 1086 5150 7153 4309 8125 2240 8163 2745 379 2063 4340 8363
322 8364 4018 3200 3038 464 2354 942 6909 979 718 935
323 3982 76 4747 9968 3308 4912 8143 2383 6794 7013 2230 3607 9676 6725 5978
324 8868 2695 8635 553 9211 7062 9007 9890 7154 4590 8209 2999
325 1289 137 1668 4352 8799 1779 5785 6505 2464 1475 4256 710 5715 6183 7912 6671 1091
326 183 7293 8643 7762 6017 230 2840 5981 8952 3921 3012 6354 6679
327 9372 9156 5340 2985 1815 321 987 8539 6775 412 6542 1125 2754 5193 6266
328 2288 5412 4683 7759 6538 9499 427 4955 3057 2950 6397 7425 6543 7975 9551 3485
329 5375 8994 4783 608 1625 500 3705 1753 2302 440 2349 6166 1838 2117
330 2288 9103 3298 7440 105 1365 9763 4696 979 2978 7190 3826 7652 6770
331 1669 1093 662 4767 8614 3003 1483 7153 170 9262 2918
332 255 9013 8491 7074 3915 5684 3111 1627 5974 358 6550 5758 9090 7210 3385 1523
333 390 750 9804 1110 8113 6827 9078 970 2491 79 3527 1386 2439 5015 1206
334 8336 3675 8976 3066 1284 3885 3156 8224 1105 3877 7064 7865 9007 7623 2197 7435
335 4889 6141 5169 7619 2594 2338 8259 6434 8135 8470 1324 2549 5690
336 7437 751 6529 1752 7719 2833 6712 3373 2644 7153 7137 8218 1883
337 4134 3424 6718 5437 4667 419 6423 6343 6938 575 8397 8109 5653 4844 380 722
338 7663 9265 4982 312 3408 3381 9717 8997 3372 5364 1746 7200 3303 2962
339 7887 6222 9669 9436 6781 5864 6584 7044 3275 5013 4517 5112 8758 6436 5797
340 7581 5628 8464 6852 8572 7114 7232 4035 3363 6433 3086 8910
341 4575 2488 7104 3199 7852 8663 2616 9160 583 1717 4670 7452 8226 5661 8118 1765 2962 7895
342 6041 1398 1092 5898 7375 1174 1931 465 1339 4327 4310 171 8136 2674 1567
343 6824 5781 291 4765 546 5568 520 3256 4292 3555 720 6482
344 5862 8896 6574 9301 5170 5729 8861 4901 1716 2301 601 1807 9533 7796
345 416 3927 804 446 5715 1811 5677 4165 1204 2951 3051 7065 558 4070 5546
346 3189 7041 5404 8249 3668 3354 6895 4605 6747 6991 7567 2555 5724 2962 8174
347 2991 9876 5996 1956 5431 1668 6944 1454 4191 3543 5667 5976 8372
348 7851 9705 81 4325 6827 9081 5748 9007 9908 2465 935 6273 8596 2242 7652 3818
349 857 3 1435 9905 5297 7844 9842 303 511 8278 9026 7012 9370 5726 3701
350 8436 238 6521 7880 8357 7691 321 7652 5507 5264 9018 3456 9334 3997 4546 8084
351 5671 3064 4171 8438 3794 321 1322 1610 8405 2340 4968 5869 2881 9415
352 992 6534 6547 896 4550 9284 2773 1454 9968 2877 9827 3959 7965 6903 8812 9955 7598 7580
353 7902 4613 1829 7728 8242 8729 6030 8595 8640 8974 109 5779 712 4628
354 1505 9400 7438 9990 3883 392 5880 5715 8394 4677 5163 2518 756 1925 9936 5590 8642
355 569 84 2560 6681 3137 977 5298 3993 636 5255 3537 7632 8957
356 8571 3873 5980 2669 9941 7278 9708 8907 3274 9070 6893 1451
357 3982 6628 5962 1022 6810 8817 5199 8421 1349 4635 4788 5941
358 9661 5755 7699 212 6179 3894 3634 8467 952 7981 5634 6076 8786 9218
359 9713 7194 2064 2839 1219 7699 5342 8852 986 3434 6458 427 2403 7272 7732 4483 3736 2414 6986
360 8994 2767 6709 6646 2264 321 7494 351 9386 6382 4565
361 7266 4576 7438 2057 708 3876 2085 4579 8296 5659 9979 9963 6878 8838 1703
362 2317 7430 4326 7260 547 6946 2351 7153 6167 6005 947
363 1145 7570 1128 5035 8672 4127 8376 7611 2825 3978 8362 5951
364 8310 7068 4225 4145 9968 51 979 4724 8936 3447 7804 5392 4743
365 3152 1920 4045 8888 8555 321 2823 5748 2698 8926 8431 8927 5678 1179 4805 1028
366 5079 4764 8922 9904 4647 725 5434 5227 1628 8081 9224 4437 5597 7120 6815 812 8219
367 3728 4153 2209 6413 8483 537 8988 1294 3085 8216
368 2288 1866 3037 8106 3345 321 4299 9718 8980 6028 2333 206 8045 324 2774 3404
369 9903 6906 7779 8446 8626 706 9465 1843 4004 6857 5175 1117 6040 1199 7949
370 5168 1884 4260 2128 1481 8451 4199 4235 2130 9330 7116 3832 7324 2340 5787 8948
371 2875 3704 7313 5945 2058 5747 9581 3020 4993 107 6614 4860 405 1881 541 8030
372 4304 2559 7616 2288 9688 768 4324 6808 640 5387 3111 7413 79 287 5292 1297 1055 7840
373 5196 9354 9129 5826 3361 7998 6001 7460 8963 6613 5508 7174 5852
374 3593 8319 1344 3513 9598 2885 2760 4380 6451 7989 79 3148 6914 7732 6130 830 8138
375 5862 1956 5089 815 4691 6755 4812 6099 9781 7811 5219 5183 5868 340 506
376 345 7924 9859 2030 8231 3830 6153 663 9691 9007 4994 521 935 6597 2765 5483
377 2820 1281 7015 1282 3145 5270 6547 6683 834 4542 5362 7720 3608 4645 6085 2458 955
378 858 8832 9445 9968 4694 8690 501 8269 1060 8630 8909 9604 6121 1792
379 2369 5142 1668 6448 3425 8240 6234 8808 2426 447 3074 8325 4905 406 7282
380 2469 5349 8661 4999 3973 7896 518 9258 1671 5299 1889 1739
381 4413 8634 5745 7951 5702 4609 9851 1283 321 4965 9915 1141 5715 6445 3520 1955
382 2613 3533 3610 2813 6 3462 9043 7372 6487 5748 979 2393 6470 3069 5796 8893 5851 4331
383 7455 372 8994 4296 1156 6178 7285 7700 6855 1051 3860 935 5715 9127 6068 1010
384 8264 7347 6528 4855 6466 5054 7835 6774 1941 8746 9519 5182 971 5220 5715
385 6934 1570 1769 1482 5676 4129 8512 7082 1673 9224 9675 3602 1134 2962 1046 4340 3746
386 7760 6717 9545 6773 3290 8457 2463 2566 143 4095 6778 2270 5402
387 1164 8212 301 4531 7196 5586 7629 5515 6829 7226 8928 3132 9773 28 5365
388 3521 8032 8328 6214 5323 1579 8150 2093 6818 879 4408 8360 523 2540
389 7049 1668 6474 6978 2542 2524 6917 6692 4399 7693 1592 7406 2844 1629 7749 8406
390 3711 8994 1534 3937 374 7340 4181 8645 6010 4705 2239 6218 233 9802 7733
391 4494 1299 4152 2794 1252 833 5972 1517 6967 1373 3075 2943 6004 8246
392 3296 9281 4000 9301 9662 4650 8916 8440 1316
393 5682 1731 6367 5107 7736 427 1383 5767 7261 5750 4572 7218 8064 739 7373
394 6104 4251 3541 2543 3803 6504 9906 132 43 420 321 4381 3012 8739 4843 2
395 3656 8958 4692 4476 9993 4522 5161 6737 6557 8491 5145 4199 4210 8459 2051 1981 7192 2630
396 5412 8994 7949 8447 8996 5370 177 5795 4850 2447 3293 198 1036 3394 1134
397 2288 2109 3468 4449 3657 7410 1050 8241 5443 5056 1376 522 4339 3134 9947
398 2432 4602 1266 1698 7990 8134 6146 5995 5877 5355 3285 8011
399 5727 6258 1805 4434 3597 745 2303 1061 9423 3592 6518 9155
400 5439 3423 7141 4527 4577 5216 6692 8178 8592 4658 474 9834 6613 1557 6669 9720 1719 7823
401 9806 9435 427 9743 1652 3164 9275 8790 7503 2050 7891 5902 6388 4257 8119 9533
402 6752 200 6133 9085 9659 1544 8212 1238 2580 7748 5624 998 2746 659
403 8346 5880 7429 5603 7413 8170 6938 2366 9782 3267 4411 6265 631
404 3783 4917 4755 1326 1299 8033 8177 5857 4111 6973 7163 6065 9007 469 9208 8615
405 2567 2973 3415 2434 1436 7008 1959 276 7531 5326 9709 79 8388 918 3079 7085
406 3126 4026 9967 4938 6873 3822 8628 8439 6486 2986 5317 9467 6613 1233 3375
407 1695 6025 4646 5468 4218 6594 3074 6584 2554 8979 3789 936 3422 4133
408 4199 5378 6324 3562 5290 3670 2996 3238 8432 1774 5748 7462 9568
409 273 4054 4728 7969 1194 3417 1360 2013 8764 1853 910 1117 3169 9533 4763
410 4062 7510 2146 6440 6503 1256 6745 8105 4901 1825 7723 6311 1514
411 1640 183 6618 3297 9401 9797 6602 4091 1834 7549 5273 3797 2872
412 3783 3982 5332 9004 9833 7429 7699 4435 3895 4903 79 7856 9566 6588 8658 2952 4671
413 7256 7824 5097 4684 8678 5504 6269 2777 2265 9032 4308 411 3074 1159 4444 1979 6075 3071
414 2066 9123 3544 4591 776 9602 244 4134 9066 7123 3202 2 3099 8644 8969 6739 8899 2673 3106 9047 227
415 1650 5656 3225 5845 3801 9968 1202 7863 5762 2779 1880 4607 7949 7346
416 7356 8157 1992 3982 2389 9129 7169 1921 1674 5065 4958 5093 5453 7613 5276
417 4385 1677 5178 167 5271 8848 386 783 460 4987 4825 4159
418 1749 7122 2038 5053 2750 7781 1715 8618 2742 6827 5019 3419 108 4042 9974
419 246 6150 3531 2335 7762 9230 6701 8195 7656 8722 4821 6612 8854 205 8387 4013 1845 6021 235 7949
420 9920 714 5611 7304 4766 7151 4945 8069 1878 4596 1419 2590 7028 9637 5102
421 4169 2379 8815 5536 1948 3632 7006 4893 1851 3427 637 8125 1773 8189 1072
422 5537 5359 7303 5962 905 680 9366 6928 5173 6101 4203 6840 7641 4340
423 7302 3100 6394 4928 6153 9007 9332 6362 4760 1645 9287 3096 4501 9460 7939 1288 7706
424 5583 9067 6296 3821 3897 2175 3975 7810 457 9430 5029 7883 1680 2240 3032 4248 2233 47
425 3809 6583 652 2462 4056 7246 321 9970 2536 9404 2240 9945 2655 3133 3465 6437
426 5023 254 6116 42 4920 7763 5775 979 321 593 449 3095 1953 551
427 5198 8079 8043 487 4664 1034 2294 243 4888 3379 7448 571 6836 4462 2878 5040 2666 7457 6558 79 3969
428 2288 2962 7150 7591 9634 3614 1292 1536 3616 5723 3032 6021 4627
429 9534 6141 3784 4036 9176 2255 860 6522 7521 4037 5307 9448 7702 4642 1846 4772
430 8202 33 7593 6549 1329 79 6803 5447 6372 5598 8794 7111 9515
431 4791 2308 427 5162 6054 7836 9502 1412 2330 953 8836 370 2846 443
432 7976 8175 6833 6260 4586 1743 2 843 8125 8738 5327 7416 6940 9290
433 9310 8428 9139 3793 1859 8853 645 4039 458 5103 7652 2161 486 6338
434 5340 7338 8049 3703 1299 9950 8501 9653 456 6729 5705 5975 7317 4337 4420 8210
435 1937 8463 1361 849 3144 9545 1661 2274 6722 1025 8001 4906 9326 4178
436 3900 8994 7816 9094 6250 3119 7277 1130 7107 5445 6203 2701 8992 7652 155
437 6015 21 3982 1426 3811 3154 6315 7126 9044 6101 5130 5725 2962 1369 3989
438 2532 5754 7536 4044 8778 9968 5793 3894 4749 7413 3473 2783 388 5905 38
439 8742 2100 2082 4512 4612 1147 482 6611 1518 4730 7243 8998 8711 7597 5104 3863
440 5890 4073 139 5900 8060 2327 2895 691 7459 1942 6011 2969 6938 2043 7056 9533 4511 3548
441 8921 1182 4360 5575 9562 8610 9842 6837 592 9007 4868 2962
442 4088 2920 7978 6547 8978 3570 8359 925 9206 8495 6624 3718 8461 874 5743
443 9003 9256 9768 2812 6259 527 8250 2337 3813 9223 4580 7207 6938 6613 5815 7490
444 9822 7797 7024 2911 670 8914 1786 1571 3083 646 7495 2240 2879 36 3023 6148
445 2019 7652 4973 3985 142 2806 827 8431 5752 6073 838 9595 1432 2135 7301
446 6603 4271 9204 1898 675 1323 2727 7336 4529 535 8169 4389 8134 4463 6809 5909 6414 8286 9260 3753 8686
447 6636 6249 8077 8681 7650 5748 3939 2060 9747 792 5499 6103
448 8480 759 4341 2615 7349 779 2003 4785 7413 7307 5157 6804 7569 4149 1882 1343 3836 3683
449 1855 5412 6312 8068 6656 1994 2258 1107 8164 191 5132
450 5872 2083 3182 1958 2939 9635 3074 6049 3193 1466 8513 755 5553 2962 7048
451 8337 679 8716 2929 4478 2769 4173 1572 1681 8350 3508 8018 267 3914 9178 6786
452 4702 7357 2155 2624 2102 3236 360 7350 4066 1340 4660 3403 2555 9485 3888 9442 352
453 3728 8967 480 4567 2947 1705 1121 4352 6395 3264 8574 5416 4041 4294 7381 2962
454 6429 1264 1111 5701 8697 320 6170 7413 331 1888 4300 3004 7721
455 5943 309 3117 5043 6070 7484 5730 7188 979 5263 5236 4247 935 6408 5670
456 4664 9903 1668 3460 2138 8097 3318 9069 3246 2069 4491 4464 2828 1946
457 9399 4116 3243 3144 4108 77 4119 1077 6046 844 4725 7659 9388 10
458 8608 7240 1525 7745 2111 3065 8906 9563 7845 8548 8125 3752 2817 8038 5437
459 2262 6439 6196 427 7025 4578 7566 1806 7899 6281 1007 4040 6138 5474
460 1957 1651 1066 9149 6467 5424 168 5353 79 7604 8 3464 9261 1962 935 7957 3395
461 3999 8508 3316 9005 2381 8880 5415 8367 5983 3292 4706 9728 1512 7039 8093
462 641 2847 6258 8715 1416 8653 856 2569 6134 4234 2642 6537 5506 2394 6327 2962 9433
463 1459 6033 4784 6378 7966 6054 6731 4193 1646 5858 4742 982 523 8822 7652
464 9569 8301 9579 9014 2202 3678 2967 972 2501 4383 1657 8191 7949
465 2936 3279 1668 2730 9545 6926 6692 4307 150 7773 7630 3518 2979 5212 2719
466 5249 9641 381 6617 7762 2448 5649 5200 3575 2222 2313 6184 3007
467 7382 9254 4115 6584 9023 4397 9986 3446 7901 9686 8911 7562
468 6257 3234 1237 7330 6673 2318 6332 1301 8644 321 2986 349 5444 5668 197 7290 7767 3781 7022
469 8256 3936 9643 6449 2129 3840 1662 3310 323 8632 6256 6941
470 4269 9507 8193 9815 2418 2328 5757 925 2555 2600 1655 8063 4734 4771 7984
471 5033 6248 3621 1119 6376 2759 6899 3211 6697 4652 7280 9224 7047 9244 5185
472 3431 8994 328 9391 2048 9438 1555 9731 2711 6938 2331 550 5437 208 2575 2378
473 3330 5350 5962 6601 7762 3596 8035 2986 2555 7469 8469 5356 5770 7993
474 5556 660 6024 661 5252 4811 1058 4714 6650 1521 2692 2296 407 1181
475 4854 9867 6593 4369 149 7511 195 915 4606 7883 512 9233 8117 2890
476 1020 4386 8130 4798 7771 8059 5279 1391 5459 8196 638 4644 648 1342 991
477 6545 8949 9931 9199 3371 6063 5127 123 232 1239 2545 979 4553 8270 2 4348 8443 3655 7202
478 1200 1516 9265 2832 2382 7143 1005 6990 8925 9244 5282 2555 4222 8308 5834
479 9344 3377 5403 2217 3190 238 7880 6163 2248 1132 8099 2771 64 4240 956 6635
480 3630 3765 9308 6672 1318 3056 5045 3012 5677 8747 1205 2376 1503 532 5400 3260
481 2406 8445 4314 4728 2685 2850 7642 9331 5307 2356 2240 3682 4537 7274
482 3810 2128 716 2651 2562 1158 1176 8314 7252 6497 4166 2816 2322 829 5159
483 7806 9030 8841 5936 9887 6404 6648 9555 2572 944 935 2512 5418 8793 5761 4862 3251
484 9669 1984 5710 8734 8194 9697 6369 3147 7216 205 2555 2591 3149 657 639 1180 5573 1019
485 2144 4566 7482 7353 1121 4703 4388 3074 6064 1979 1736 6633 2790 1802
486 1280 687 813 5070 4314 5081 7952 8141 7259 7386 467 7784 1918 9711 9199 6698
487 9425 2235 4504 461 6790 9787 7961 4343 3091 6422 2336 5965 4925
488 6258 3352 7295 1427 2282 9087 3543 3012 5570 8999 7919 450 5031 514 1685 6059
489 2802 8176 526 563 1167 6468 3885 5762 934 4148 5066 1241 5462 7712 683 1737 1935 6613 731
490 6780 5944 5889 3081 697 6908 9942 5253 3894 3121 2798 1377 1278 2962 4969 4799
491 6329 1120 2001 3388 9624 7852 5288 1354 4199 285 8043 8737 44 3059 116 8020
492 1793 8823 3486 7842 175 5206 8528 7862 744 4425 4326 5883 5830 5507 5715 7219 1639
493 56 1236 75 2136 598 1381 3955 6665 8101 2608 1817 4752 7948 1982 2747
494 9660 7987 9139 3605 321 6226 1600 8800 9611 4499 6938 3005 325 1306 1991
495 7193 8166 2811 5880 8743 7708 3792 1561 5613 3795 1033 701 2909 893
496 4818 3936 2614 1504 5895 7321 1616 1139 5343 7710 3995 8387 4078 5860 3970 5617 6095
497 3987 7572 8787 4027 2660 1833 3471 8288 4716 9315 6327 2278 7057 3350 4853
498 2676 1938 6872 6764 6170 6360 5109 259 8819 8801 3032 7219 4663
499 8753 671 5095 6738 6242 6117 682 7504 7684 4789 2602 2017 5654
