100
0 4048 4227 1422 91 236 1137 237 93 6614 27 3160 425 3053 66 4171 1687 33 288 1368 36 756 397 146 39 220 43 4040 155 48 192 120 663 339
1 52 88 17 19 21 22 158 61 26 281 159 65 1290 30 176 251 0 180 1 37 2 231 110 3 435 4 5 6 42 7 8 9 477 10 946 12 13 14 15
2 16 17 54 18 21 22 94 23 24 62 27 64 28 65 66 3774 32 2264 69 33 70 35 0 1 2 3 4 3244 797 6 7 8 9584 44 9 45 46 11 85 14 122 15
3 1456 1888 125 5165 161 54 199 235 8444 8948 1065 4630 853 2078 9138 2696 4032 3097 2738 3676 7924 4361 222 906 9906 799 907 585 46 6166 1991 768 590 698 447
4 3293 3689 7687 2791 3946 8518 9493 3769 278 890 7122 3056 862 2413 1623 8428 941 2706 511 1843 1377 2098 1956 5196 2460 6205 8401 2894 7287
5 125 90 128 93 202 1173 95 60 51 96 240 97 422 98 135 245 390 67 500 141 70 0 36 1 109 255 76 1263 40 149 41 78 195
6 17 18 19 20 21 25 170 172 30 67 31 176 0 72 108 1 145 37 38 75 40 112 41 6 7 44 10 46 83 12 48 120 13 1310 50
7 16 17 18 55 20 57 21 58 23 24 63 7624 28 1290 32 35 0 36 1 2 3 4 40 184 6 7 8 9 10 46 11 47 12 13 49 14 15 51
8 484 54 18 631 415 56 596 2148 1572 24 25 64 286 142 178 323 216 179 74 38 75 76 1588 40 2308 41 546 44 11 83 85 50 411
9 16 232 53 163 56 58 95 60 24 62 27 99 65 138 67 69 6729 142 70 4390 0 468 1 109 2 3 4 5 41 6 78 115 8 44 9 45 46 119 48 158
10 16 17 18 20 5926 23 455 61 26 27 28 101 32 34 0 1 2 3 4 40 256 5 2848 6 114 7 43 8 9 513 621 10 1737 11 47 13 14 50 123
11 125 54 55 91 236 93 60 136 64 67 103 142 0 72 1 75 39 111 112 40 41 79 2060 81 117 82 46 48 13 554 51
12 16 18 19 56 20 22 23 26 27 29 32 33 34 35 0 1 2 3 39 4 5 6 42 7 43 8 9 10 11 12 120 13 14
13 1888 2142 4482 4162 3839 5604 7658 567 1828 1865 29 249 393 358 1402 4319 6480 2198 976 4001 186 1087 7027 5120 7316 875 1271 2568 3648
14 1709 1097 450 5850 1207 1027 1748 1641 706 7367 816 3950 245 1902 211 143 503 0 252 362 398 6662 291 2955 185 1985 224 2096 2205 370 3070 1811 7791
15 17 54 89 55 199 92 21 22 708 61 280 138 30 67 68 69 33 0 72 108 1 3 147 1263 4 5 113 6 42 7 43 8 404 9 513 83 84 48 120 87
16 6031 848 380 3548 1100 418 167 4848 2112 350 1754 819 1576 461 5429 355 2983 933 1583 288 4752 1116 1959 506 5222 9471 256 1590 4362 3500 9225 659 1021 303
17 665 1710 199 1352 92 633 346 418 454 5278 8015 5893 602 3735 4278 247 68 1185 3274 3923 0 1 6049 2 759 4 5 257 510 7818 2202 547 3900
18 701 161 450 163 632 21 202 237 94 879 59 204 169 245 66 390 750 355 175 213 7593 37 4 796 2128 77 257 728 189 192 15 267
19 3797 55 775 633 309 22 598 1427 131 599 168 134 62 351 102 139 67 175 358 214 250 826 1114 108 900 253 37 904 871 980 153 81 46 517 158 231 339
20 125 5526 18 20 22 59 24 26 2153 1290 3198 32 33 35 0 36 1 2 3 75 4 148 6 7 43 8 9 10 11 119 12 13 49 14 15
21 124 16 17 19 21 22 26 27 138 176 33 34 71 0 1 2 74 3 39 4 5 77 41 79 44 10 11 83 47 12 3684 14 15
22 89 59 60 133 97 25 26 63 29 30 31 68 33 0 72 1 37 2 3 75 4 5 41 6 7 43 8 224 9 12 9517 1310 15
23 86 269 343 56 345 58 131 275 95 1429 25 135 207 172 462 318 139 678 2479 645 70 215 611 323 252 361 1407 150 42 2169 226 264 48 230 482
24 16 88 53 269 54 271 91 128 56 236 203 167 61 27 426 30 103 644 104 105 0 1 73 74 148 77 185 977 42 114 8 80 188 116 82 83 84 120
25 161 18 127 91 20 202 23 241 602 64 425 101 2587 32 2264 69 34 35 72 36 37 38 40 6 1482 7242 7 8 9 82 5482 120 13 49 86 50 51
26 16 17 161 234 415 91 131 24 25 206 27 66 210 2195 144 0 2052 1 181 2 3 183 222 187 80 907 1052 45 299 47 84 120 85 409 446
27 16 53 17 20 164 57 165 22 23 24 122 25 62 27 28 29 139 34 35 0 107 2700 1 3 39 40 5 151 45 82 1954 11 47 119 157 14 50 15
28 17 54 234 19 128 272 93 309 60 132 61 169 170 64 137 67 31 35 144 107 612 253 2 4 148 41 6 258 114 44 9 621 10 82 11 12 264
29 880 270 1495 236 274 490 2291 887 456 278 3842 27 1000 496 281 66 393 34 360 1908 793 109 290 650 231 437 329 330 223 331 44 442 1378 191 229 337 807
30 198 1026 162 992 1210 94 347 275 1610 602 8740 6097 2156 4801 5792 968 537 70 1401 610 1906 143 1979 1332 2522 110 435 687 150 6450 9295 187 332 2385 154 625
31 16 197 17 18 19 56 20 58 59 96 26 27 65 102 68 105 70 0 1 73 2 1334 3 399 4 5 77 6 42 8 9 549 10 11 12 13 14
32 5921 18 56 20 60 709 25 135 29 101 138 31 104 3849 34 0 1 2 74 38 3 186 8 116 9 10 11 83 47 12 84 13 49
33 124 92 23 204 24 169 63 138 174 31 32 6656 33 0 180 2 39 724 222 43 298 47 48 157 49 87 51
34 52 412 16 17 305 18 20 58 59 23 24 26 63 27 1290 391 175 32 35 0 1 73 2 3 4 76 40 5 8 44 9 1233 10 11 121 14
35 6137 953 344 1065 454 4164 1752 529 1504 316 1074 1363 3236 2516 969 1150 646 899 3923 6012 5221 471 4613 2239 295 259 476 836 8973 190 4551 7970 1959 483
36 412 88 6137 1638 1783 163 4051 1388 561 3730 94 95 998 99 712 1936 2979 137 1797 501 5361 106 647 37 434 469 5005 328 149 5 1481 403 979 406 1127 733 158
37 54 19 56 128 129 166 60 61 25 30 102 31 68 176 968 2591 107 0 1 3097 2 3 40 77 5 41 6 42 114 7 82 154 46 10 48 50
38 268 6064 1062 1314 6284 4809 346 3659 1106 1288 6329 7373 1362 2191 9607 6656 2805 33 360 7776 1370 507 581 1337 5803 945 4221 659 5519 553 735 2067
39 5381 17 55 129 22 60 25 62 207 99 1251 102 68 322 0 108 1 74 2 38 3 40 546 79 439 46 118 731 48 14 50 51
40 160 53 161 521 3761 306 4841 595 308 777 168 135 2475 64 388 317 498 66 859 538 143 539 73 2 1263 292 151 907 1880 1017 405 1053 265
41 91 491 205 554 97 25 64 28 137 283 321 214 0 1 181 38 39 2415 3135 6 7 82 3790 12 156 372 86 50 51
42 16 17 18 234 487 56 60 708 26 170 27 1001 29 284 1184 249 250 34 935 0 1 1729 2 74 3 1263 4 5 41 294 6 7 8 1449 441 46 11 123
43 412 772 664 1889 1566 2611 633 7797 1894 1571 347 1967 132 2507 168 2904 7986 1758 139 3164 1509 9359 4247 5689 325 1876 472 2094 6126 800 1988 116 5554 1128 4838 87
44 378 415 91 272 4089 309 742 1246 239 1033 1070 1826 207 712 65 389 498 1002 1651 175 716 789 465 214 2050 2196 39 148 3604 256 327 79 115 1953 1379 301 86 339
45 52 17 18 55 19 20 21 22 23 26 28 29 138 30 31 32 33 7055 35 0 1 37 2 3 4 5 6 114 7 43 8 9 5661 10 11 12 13 121 14 554 15
46 376 19 489 21 22 59 23 205 25 241 134 352 172 1902 355 69 0 1 289 181 2 218 38 1298 1155 651 183 39 4 4148 5482 983 156 3684 14 15
47 54 90 1495 129 93 130 239 244 138 174 140 1582 0 1 433 109 39 293 583 188 225 82 514 3106 47 192 229 5990
48 1384 55 19 20 164 23 24 96 25 134 99 28 30 103 31 68 104 32 0 1 37 6 366 42 7 8 116 2060 9 81 227 300 48 120 13 51
49 18 3332 1857 21 994 9957 94 22 641 29 498 102 2371 212 32 70 502 0 1671 3 1767 113 473 186 7 763 478 839 13 7718 338 519
50 268 88 592 233 198 126 919 55 739 1391 2292 133 817 926 4347 7624 137 2513 246 140 320 33 322 178 71 251 395 216 3 4 1372 6 587 83 443 228 371 85 445 158
51 16 17 18 20 21 22 24 26 27 64 28 30 33 34 143 35 0 1 2 3 4 5 725 41 6 78 977 7 8 9 45 10 117 11 12 13 14 15
52 1601 5851 57 525 418 310 1643 2327 95 384 1465 6001 676 4025 786 2190 211 753 70 6514 467 2088 2702 868 365 689 78 1950 2345 296 5625 6171 951 51
53 89 846 1495 1315 92 524 170 171 1035 100 1866 246 174 70 215 216 1296 73 289 74 110 38 254 760 77 151 332 225 118 302 194 195
54 52 16 954 451 57 561 95 23 383 24 61 62 99 280 243 29 138 193 31 104 35 0 144 180 1 110 3 40 509 78 7 115 9 81 45 46 13 1489
55 88 53 161 17 55 91 19 57 94 24 71 0 900 1 2 146 1334 3 4 5 6 7 115 8 80 43 9 45 10 117 11 12 13 49 14 15
56 124 196 160 485 90 5276 707 349 242 100 175 177 214 825 142 179 323 181 220 113 78 186 223 115 153 117 948 3756 121 338 481
57 52 268 448 196 53 197 126 3975 19 200 20 308 132 349 3661 422 26 1506 30 102 212 968 429 0 145 37 218 1442 38 110 111 76 5 114 43 296 118 335 480 158 50 375 51
58 6604 520 666 381 21 95 3768 565 97 2619 280 460 244 2153 4133 429 2986 1007 4895 936 144 720 4104 1729 289 325 1228 364 4685 294 7279 909 4474 550 8076 806
59 1566 163 23 204 24 8450 2295 3843 2187 2980 605 123 535 933 33 8601 6408 1728 216 902 1011 1264 294 762 4184 1412 225 585 189 621 6238 479 769 194 195
60 88 1927 235 121 58 130 238 310 25 350 1756 101 103 68 69 105 106 194 143 216 1909 38 758 219 2848 113 80 297 84 120 49 122 15 123
61 916 20 131 815 456 2976 566 63 351 208 4674 103 32 213 105 2014 215 374 468 362 75 7672 112 221 295 404 226 478 444 408 9517 121 230 266
62 700 16 17 5778 21 1571 2076 528 672 1503 3915 27 100 245 101 138 31 6044 0 1 7777 2 146 182 3 111 5 583 117 3429 45 155 120 6025 770 87
63 557 809 489 3478 3299 1283 206 171 8704 353 1147 2840 968 285 971 0 648 900 1 3349 506 2 1765 3 255 256 976 5 2992 6702 1266 1123 298 1054 227 408 445 4009
64 6820 17 126 342 90 379 57 21 778 6035 709 458 63 100 244 71 0 252 1 505 2 146 3 219 327 4 399 3317 6 7 296 3032 8 9 1737 336 157 301 265
65 124 88 20 94 97 64 136 100 568 32 177 72 432 73 1336 77 42 546 43 259 224 44 2132 117 190 47 13 49 3975 1635
66 8116 4336 7325 1424 524 1677 885 2579 1967 61 457 1105 136 3700 65 101 3989 1686 4350 67 1438 1042 0 2664 5834 1156 78 45 1413 947 3324 1452 4477 1959
67 52 160 126 18 19 1387 57 21 26 28 65 29 31 34 71 35 0 36 1 37 2 38 3 4 5 77 725 6 78 7 8 152 9 10 118 11 155 12 13 15
68 377 162 309 1428 62 134 314 279 243 424 248 213 357 465 502 250 0 108 324 397 255 76 724 112 509 1122 79 83 156 84 517 85 193
69 88 89 54 20 240 62 63 171 27 1107 501 142 107 72 936 36 216 73 75 41 689 185 42 977 43 8 224 873 117 10 82 83 11 335 12 84 47 49 15
70 629 54 90 666 378 91 2973 59 240 384 206 315 2513 66 176 69 36 5724 73 577 253 6698 254 76 40 545 762 42 367 332 298 2458 840 49 410 231
71 89 306 2360 202 350 101 66 2477 143 2591 0 36 252 1 2 182 1671 3 903 4 364 327 6 150 546 7 225 49 15
72 124 8512 1384 1353 2433 237 2218 4630 8629 2473 313 98 65 1434 2262 679 356 428 34 755 2 543 328 1408 653 798 475 189 6094 3358 371 2135 3828 3038 2859
73 52 124 197 3403 92 308 597 637 98 1611 1756 137 859 140 6188 320 250 864 3708 252 109 397 470 149 293 2201 474 1484 1953 1845 46 1307 156 228 3110 1311
74 53 89 5526 199 19 201 21 203 25 28 65 102 1038 2014 322 431 1 3097 37 2 109 38 3 4 2848 5 149 582 446 9 5985 10 3502 11 12 13 8365 14 15
75 92 165 562 58 454 23 60 98 64 28 209 29 173 174 392 69 141 34 503 107 217 1671 147 112 5 257 1841 41 401 14 587 86 159 195
76 16 17 19 21 22 23 24 26 63 27 28 66 30 104 33 35 0 1 2 3 39 4 5 6 7 8 2060 9 10 46 11 12 13 121 14 50 15
77 52 90 273 8733 5350 851 554 2942 207 4347 244 2657 533 103 32 249 4138 71 35 144 217 433 254 651 40 725 113 78 44 188 1593 514 155 1130
78 53 845 89 307 237 59 168 96 133 1502 99 352 171 102 391 572 680 285 465 178 325 8402 183 292 1913 654 81 261 154 731 443 119 2282 87 987
79 52 16 53 485 89 164 57 130 238 59 131 24 96 97 98 6402 30 4371 140 33 71 0 1 37 39 76 8 152 81 45 119 156 47 87 51
80 94 2614 239 95 1572 25 316 4241 3017 101 641 1217 287 971 0 4859 108 2 3 75 2883 4 3244 184 688 5 619 224 154 553 1815
81 128 345 273 165 58 131 167 527 95 239 133 277 25 7117 63 209 282 138 355 211 36 363 42 79 259 1627 80 225 156 300 85 49 231 51
82 52 341 126 271 163 235 59 60 348 96 565 4525 241 494 927 99 914 137 677 66 30 247 1759 360 252 73 145 253 3097 1983 508 77 3102 82 334 155 120 229 841 662 2282 2967 339
83 162 235 669 59 779 1932 891 319 68 248 105 70 106 179 0 323 5688 1 2 1515 148 3175 227 1595 157 589 267
84 124 53 3222 127 57 21 22 708 24 168 62 64 136 28 65 29 102 69 34 36 1 38 39 81 1089 45 117 1737 155 12 13 49 86 50 15 51
85 412 201 2652 5641 676 138 174 715 139 355 217 938 75 39 544 293 6234 79 187 656 2024 1449 226 9442 442 83 47 12 120 193 338 951
86 16 17 18 19 20 21 23 60 708 25 26 27 28 100 68 1310 34 35 0 72 1 2 38 3 4 5 6 7 44 9 303 10 11 12 13 14 50 15
87 377 774 882 55 2071 128 130 4738 166 22 419 62 1862 99 1073 2334 32 177 2841 35 323 505 109 253 470 475 82 119 949 302 51
88 772 52 54 127 559 1027 309 130 22 238 96 278 714 139 2552 250 1223 1583 0 1080 216 1 2 38 3 4 796 869 510 6 7 8 9 190 660 554
89 17 161 233 127 1495 272 93 58 22 5350 348 205 277 206 66 1434 103 32 178 36 218 110 111 112 545 41 726 3137 79 43 227 48 912 553 14 49 267
90 88 1384 90 55 19 20 92 201 419 23 25 26 98 63 27 28 425 138 210 30 140 141 34 287 72 108 1260 218 110 111 76 184 5 42 655 331 14 118 83 229 157 158 159
91 8585 414 1746 5275 452 1066 8088 97 1142 281 209 6005 210 425 534 859 4171 970 1474 2665 3244 7600 5 654 438 6018 439 2492 4581 1091 407 1166 374 4370 663 3003
92 16 304 57 1714 132 24 205 122 97 169 100 316 137 210 715 356 248 142 106 71 179 144 107 3097 74 75 293 41 152 81 45 47 551 121 1958 194
93 160 2285 233 842 128 201 597 526 276 6577 208 281 353 245 606 750 502 107 1152 1010 866 1948 185 9798 150 3535 1951 152 549 122 555
94 268 232 2968 6424 130 960 554 1000 1865 857 1506 645 861 1150 1008 180 217 2882 3458 830 218 975 544 402 1663 655 332 4364 262 301 1741 374 842 7971
95 268 3654 55 200 488 344 813 742 311 2436 1679 637 133 818 1863 963 6147 1073 1257 3420 6913 652 580 6629 2670 402 258 583 908 1628 1017 5774 519
96 53 18 127 271 163 56 201 381 58 309 131 24 63 28 137 1361 30 715 139 968 249 105 609 106 71 2 74 219 4 149 41 42 153 45 10 2818 11 12
97 86 5381 90 18 19 21 22 59 29 173 138 31 69 33 178 0 36 1 37 2 3 4 76 5 6 78 7 1591 8 9 2889 10 46 12 84 13 14 15
98 52 16 17 18 55 19 56 20 23 24 62 26 27 28 139 31 32 3849 0 72 1 3097 37 2 38 3 4 40 5 41 6 7 43 8 44 9 10 11 12 121 14 15
99 199 56 22 3767 168 61 62 134 29 101 173 138 139 31 103 32 69 33 3849 178 0 36 1 37 75 39 7 116 81 153 46 406 155 119 84 3110 482 15
