933
121 91
122 92
123 93
124 94
125 95
126 96
127 97
128 98
129 99
130 100
131 101
132 102
133 103
134 104
135 105
136 106
137 107
138 108
139 109
140 110
141 111
142 112
143 113
144 114
145 115
146 116
147 117
148 118
149 119
150 120
151 121
152 122
153 123
154 124
155 125
156 126
157 127
158 128
159 129
160 130
161 130
162 130
163 130
164 130
165 130
166 130
167 130
168 130
169 130
170 130
171 130
172 130
173 131
173 130
174 130
175 130
176 130
177 130
178 130
179 130
180 130
181 129
182 128
183 127
184 126
185 125
186 125
186 124
187 125
188 125
189 125
190 125
191 125
192 125
193 125
194 125
195 125
196 125
197 125
198 125
199 125
200 125
201 126
202 127
202 128
202 129
202 130
202 131
203 127
204 127
205 127
187 123
188 122
189 121
190 120
191 119
192 118
193 117
194 116
195 115
196 114
197 113
198 112
199 111
200 110
201 109
202 108
203 107
204 106
205 106
205 105
204 104
204 103
204 102
204 101
204 100
204 99
204 98
204 97
204 96
204 95
204 94
204 93
204 92
204 91
204 90
204 89
204 88
204 87
204 86
204 85
205 84
205 83
205 82
205 81
205 80
205 79
205 78
205 77
205 76
205 75
205 74
205 73
205 72
205 71
205 70
205 69
205 68
205 67
205 66
205 65
204 64
203 63
202 64
201 64
202 62
201 61
201 60
201 59
201 58
201 57
201 56
201 55
201 54
201 53
201 52
201 51
201 50
201 49
201 48
201 47
202 47
203 47
204 47
205 47
190 118
189 117
188 116
187 115
186 114
185 113
184 112
183 111
182 110
181 109
172 132
171 133
172 134
173 135
174 136
175 137
176 138
177 139
178 140
179 141
180 142
181 143
182 143
170 134
169 135
168 136
167 137
166 138
165 139
164 140
163 141
162 142
161 143
156 124
157 123
158 123
139 111
138 112
137 113
136 114
135 115
134 116
133 117
132 118
131 119
130 120
129 121
128 122
127 123
126 124
125 125
126 126
127 127
128 128
129 129
130 130
131 131
132 132
133 133
134 134
135 135
136 136
137 137
138 138
139 139
140 140
140 141
140 142
140 143
124 126
123 127
122 128
121 129
120 130
119 131
118 132
117 133
116 134
115 135
114 136
113 137
114 138
115 139
116 140
117 141
118 142
119 143
112 138
111 139
110 140
110 141
110 142
110 143
120 128
119 127
118 126
117 125
116 124
115 123
114 122
113 121
112 120
111 119
111 118
110 119
112 117
113 116
114 115
115 114
116 113
117 112
118 111
119 110
121 89
122 88
123 87
124 86
125 85
126 84
127 83
128 82
129 83
130 84
131 85
132 86
133 87
134 88
135 89
136 89
137 89
138 89
129 81
130 80
131 79
132 78
133 77
134 76
135 75
136 74
137 73
138 72
139 71
140 70
141 71
142 72
143 73
144 74
145 75
146 76
147 77
148 78
149 79
150 80
151 81
152 82
153 83
154 84
155 85
156 86
157 87
158 88
159 89
160 90
160 91
159 92
158 93
159 94
159 95
159 96
159 97
159 98
159 99
159 100
159 101
159 102
161 90
162 90
163 90
164 90
165 90
166 90
167 90
168 90
169 90
170 90
171 90
172 90
173 90
174 90
175 90
176 90
177 90
178 90
179 90
180 90
181 90
182 90
183 90
184 90
151 79
152 78
153 77
154 76
155 75
156 74
157 75
158 76
159 77
157 73
158 72
159 71
160 70
161 69
162 68
163 67
164 66
165 65
166 64
167 63
168 62
169 61
170 60
171 59
172 60
173 61
174 62
175 63
176 64
177 65
178 66
179 67
180 68
181 69
172 58
173 57
174 56
175 55
176 54
177 53
178 52
179 51
180 50
177 51
176 50
175 49
174 48
173 47
172 46
171 45
170 44
171 43
172 42
173 41
174 40
175 39
176 38
177 37
178 36
179 35
180 34
181 34
182 34
169 43
168 42
167 41
166 40
165 39
164 38
163 37
162 36
161 35
160 34
165 63
164 62
163 61
162 60
161 59
160 58
159 57
158 56
119 89
118 88
117 87
116 86
115 85
114 86
113 87
112 88
111 89
112 90
110 90
109 91
108 92
107 93
106 94
105 95
104 96
103 97
102 98
101 99
100 100
99 101
98 102
97 103
96 104
95 105
94 106
93 107
92 108
91 109
90 110
89 111
88 112
87 113
86 114
85 115
84 116
83 117
84 118
85 119
86 120
87 121
88 122
89 122
82 118
81 119
80 120
79 121
78 122
77 123
76 123
75 123
74 123
73 123
72 124
72 123
71 123
73 125
74 126
75 127
76 128
77 129
78 130
79 131
80 132
81 133
82 134
83 135
84 136
85 137
86 138
87 139
88 140
89 141
89 142
89 143
77 131
76 132
75 133
74 134
73 135
72 136
71 137
70 138
69 139
68 140
67 141
66 142
67 143
68 143
65 143
64 142
63 141
62 140
61 139
60 138
59 137
58 136
57 135
56 134
55 133
54 132
53 131
52 132
51 133
50 134
49 135
52 130
51 129
50 128
49 127
48 127
47 127
46 127
45 127
44 127
43 127
42 127
41 127
40 127
39 127
38 127
37 127
36 127
35 127
34 127
33 127
88 110
87 109
86 108
85 107
84 106
83 105
82 104
81 103
80 102
79 101
78 100
77 101
76 102
75 102
77 99
76 98
75 97
74 96
73 95
72 94
71 93
70 92
69 91
68 90
67 89
66 88
65 87
64 86
63 86
63 85
62 86
61 86
60 86
59 86
58 86
57 86
56 86
55 86
54 86
53 86
52 87
52 86
51 86
50 85
49 84
48 83
47 82
46 81
45 80
44 79
43 78
42 77
43 76
44 75
45 74
46 73
47 72
48 71
49 70
50 69
51 68
52 67
53 66
54 65
41 76
40 75
39 74
38 73
37 72
36 71
35 71
34 71
33 71
51 88
50 89
49 90
48 91
47 92
46 93
45 94
44 95
43 96
44 97
45 98
46 99
47 100
48 101
49 102
50 103
51 104
52 105
53 106
54 107
42 97
41 98
40 99
39 100
38 101
37 102
36 103
35 104
34 105
33 106
39 98
38 97
37 96
36 95
35 94
34 93
33 92
64 84
65 83
66 82
67 81
68 80
69 79
70 78
71 77
100 98
99 97
98 96
97 95
96 94
95 93
94 92
93 91
92 91
114 84
113 83
112 82
111 81
110 80
109 79
108 78
107 77
106 76
105 75
104 74
103 73
102 72
101 71
100 70
99 70
98 70
97 70
96 70
95 70
94 70
93 70
92 70
91 70
90 70
89 69
88 68
87 67
86 66
85 65
86 64
87 63
88 62
89 61
90 60
91 59
92 58
93 57
94 56
95 55
96 54
97 53
98 52
99 51
100 50
101 49
102 48
103 47
104 46
105 45
106 44
107 43
108 42
109 41
110 40
111 39
112 38
113 37
114 36
115 35
116 34
117 34
118 34
119 34
120 34
121 34
122 34
123 35
123 34
124 34
125 34
126 34
127 34
128 34
129 34
130 34
131 34
132 34
133 34
134 34
135 34
136 34
137 34
138 34
139 34
124 36
125 37
126 38
127 39
128 40
129 41
130 42
131 43
132 44
133 45
134 46
135 47
136 48
137 49
133 47
132 48
131 48
113 35
112 34
111 34
102 46
101 45
100 44
99 43
98 42
97 41
96 40
95 39
94 38
93 37
92 36
91 35
90 34
89 34
88 34
87 34
86 34
85 34
84 34
83 34
82 34
81 34
80 34
79 34
78 34
77 34
76 34
75 34
74 34
73 34
72 34
71 34
70 34
69 35
68 36
67 37
66 38
65 39
64 40
63 41
62 42
61 43
60 44
59 45
58 46
57 47
56 48
55 49
54 50
53 50
52 50
51 50
50 50
49 50
48 50
47 50
46 50
45 50
44 50
43 50
42 50
41 50
40 50
39 50
38 50
37 50
36 50
35 50
34 50
33 50
55 47
54 46
53 45
52 44
51 43
50 42
49 42
49 41
49 40
49 39
49 38
49 37
49 36
49 35
49 34
92 56
84 64
83 63
82 62
81 61
80 60
79 59
78 58
77 57
76 56
75 56
74 56
73 56
72 56
71 56
101 69
102 68
103 67
104 66
105 65
106 64
107 63
108 62
109 61
110 61
111 62
112 63
113 64
114 65
115 66
116 67
117 68
118 69
119 69
86
33 50
33 71
33 92
33 106
33 127
40 50
45 127
48 50
48 127
49 34
49 42
49 135
51 86
54 65
54 107
61 139
65 143
68 143
70 34
71 56
71 77
71 93
71 123
75 102
89 122
89 143
90 34
90 70
90 110
92 56
92 91
98 70
98 102
110 40
110 61
110 119
110 140
110 143
111 34
112 90
115 85
116 86
119 69
119 110
119 143
130 34
131 48
131 131
136 89
137 49
138 89
139 34
140 70
140 110
140 140
140 143
149 119
158 56
158 93
158 123
159 77
159 89
159 102
160 34
161 143
180 50
180 90
180 130
181 34
181 69
181 109
182 34
182 143
184 90
200 125
201 47
201 64
202 131
204 85
204 106
205 47
205 65
205 84
205 105
205 106
205 127
