10817
334 271
335 272
336 273
336 274
336 275
336 276
336 277
336 278
336 279
336 280
336 281
336 282
336 283
336 284
336 285
336 286
336 287
336 288
336 289
336 290
336 291
336 292
336 293
336 294
336 295
336 296
336 297
336 298
336 299
336 300
336 301
336 302
336 303
336 304
336 305
336 306
336 307
336 308
336 309
336 310
336 311
336 312
336 313
336 314
336 315
336 316
336 317
336 318
336 319
336 320
336 321
336 322
336 323
336 324
336 325
336 326
336 327
336 328
336 329
335 330
334 331
333 332
332 333
331 334
330 335
329 336
328 337
327 338
326 339
325 340
324 341
323 342
322 343
331 332
330 331
329 330
328 329
327 328
326 327
325 326
324 325
323 324
322 323
337 316
338 317
339 318
340 319
341 320
342 321
343 322
344 323
345 324
346 325
347 326
348 327
349 328
350 329
351 330
352 331
353 332
354 333
355 334
356 335
357 336
356 337
355 338
354 339
353 340
354 341
355 342
356 343
357 344
358 345
359 346
360 347
361 348
362 349
352 341
351 342
350 343
349 344
348 345
347 346
346 347
345 348
344 349
343 350
344 351
345 352
346 353
347 354
348 355
349 356
350 357
351 358
352 359
353 360
354 361
355 362
356 363
357 364
358 364
359 364
360 364
361 364
362 364
363 364
364 364
365 364
366 365
366 364
367 364
368 364
369 364
370 364
371 364
372 364
373 364
374 364
375 364
376 364
377 364
378 364
379 363
380 362
381 361
382 360
383 359
384 358
385 357
386 358
387 359
388 360
389 361
390 362
391 363
392 364
393 364
394 365
395 365
396 365
397 365
398 365
399 365
400 365
401 365
402 365
403 365
404 365
405 365
406 365
407 365
386 356
387 355
388 354
389 353
390 352
391 351
392 350
393 350
394 350
395 350
396 350
397 350
398 350
399 350
391 349
390 348
389 347
388 346
387 347
386 348
385 349
384 349
387 345
386 344
385 343
384 342
383 341
382 340
383 339
384 338
385 337
386 336
387 335
388 334
389 333
390 332
391 331
392 330
381 339
380 338
379 337
378 336
365 366
364 367
363 368
362 369
361 370
360 371
361 372
362 373
363 374
364 375
365 376
366 377
367 378
368 378
359 372
358 373
357 374
356 375
355 376
354 377
353 378
342 351
341 352
340 353
339 354
338 355
337 356
336 357
336 358
336 359
336 360
336 361
336 362
336 363
336 364
336 365
336 366
336 367
336 368
336 369
336 370
336 371
336 372
336 373
336 374
336 375
336 376
336 377
336 378
336 379
336 380
336 381
336 382
336 383
336 384
336 385
336 386
336 387
336 388
336 389
336 390
336 391
336 392
336 393
336 394
336 395
336 396
336 397
336 398
336 399
336 400
336 401
336 402
336 403
336 404
336 405
336 406
336 407
336 408
336 409
336 410
336 411
336 412
336 413
336 414
336 415
336 416
336 417
336 418
336 419
336 420
337 400
338 401
339 402
340 403
341 404
342 405
343 406
344 407
345 408
346 409
347 410
348 411
349 412
350 413
351 414
352 415
353 416
354 417
355 418
356 419
357 420
358 419
359 418
360 417
361 416
362 415
363 414
364 413
365 412
366 411
367 410
368 411
369 412
370 413
371 414
372 415
372 414
373 416
374 417
375 418
376 419
377 420
378 420
379 421
380 422
381 423
382 424
383 425
384 426
385 427
386 428
386 427
387 427
388 427
389 427
390 427
391 427
392 427
393 427
394 427
395 427
396 427
397 427
398 427
399 427
400 427
400 426
401 427
402 427
403 427
404 427
405 427
406 427
407 427
408 427
409 427
410 427
411 427
412 427
413 427
414 427
415 427
416 427
417 427
418 427
419 427
420 427
421 426
422 425
423 426
424 427
425 428
426 429
427 430
428 431
429 432
430 433
431 434
432 435
433 436
434 437
423 424
424 423
425 422
426 421
427 420
428 420
429 420
430 420
431 420
432 420
433 420
434 420
435 420
435 419
436 420
437 420
438 420
439 420
440 420
441 420
442 419
443 418
444 417
445 416
446 415
447 414
448 413
449 412
450 411
451 410
452 411
453 412
454 413
455 414
456 415
457 416
458 417
459 418
460 419
461 420
460 421
459 422
460 423
461 424
462 425
463 426
464 427
465 428
466 429
467 430
468 431
469 432
470 433
471 434
458 423
457 424
456 425
456 426
456 427
456 428
456 429
456 430
456 431
456 432
456 433
456 434
455 431
454 432
453 433
452 434
451 435
450 436
449 437
462 420
452 409
453 408
454 407
455 406
456 405
457 404
458 403
459 402
460 403
461 403
460 401
461 400
462 399
463 400
463 399
464 399
465 399
466 399
467 399
468 399
468 398
469 399
470 399
471 399
472 399
473 399
474 399
475 399
476 399
467 397
466 396
465 395
464 394
463 393
464 392
465 391
466 390
467 389
468 388
469 387
470 386
471 385
472 384
462 392
461 391
460 390
459 389
458 388
457 387
456 386
455 385
464 401
465 402
466 403
467 404
468 405
469 406
470 407
471 408
472 409
473 410
474 411
475 412
476 413
477 414
478 415
479 416
480 417
481 418
482 419
483 420
484 421
485 422
486 423
487 424
488 425
489 426
490 427
491 427
492 427
493 427
494 427
495 427
496 427
497 427
498 427
499 428
499 427
500 427
501 428
501 427
502 427
503 427
504 427
505 427
506 427
507 427
508 427
508 426
509 427
510 427
511 427
512 427
513 427
514 427
515 427
516 427
517 427
518 427
519 427
520 427
521 427
522 428
522 427
523 427
524 427
525 427
526 427
527 427
528 427
529 427
530 427
531 427
532 427
532 426
533 427
534 427
535 427
536 427
537 427
538 427
539 427
540 427
541 427
542 427
543 427
544 427
545 427
546 427
547 428
548 429
549 430
550 431
551 432
552 433
553 434
554 435
554 434
555 434
556 434
557 434
558 434
559 434
560 434
561 434
562 434
563 434
564 434
565 434
566 434
567 434
568 433
569 432
570 431
571 430
572 429
573 428
574 427
575 428
576 429
577 430
578 431
579 432
580 433
581 434
582 435
583 436
584 437
585 438
586 439
587 440
588 441
589 440
590 439
591 438
592 437
593 436
594 435
595 435
595 434
596 435
597 435
598 435
599 435
600 435
601 435
602 435
596 433
597 432
598 431
599 430
600 429
601 428
602 427
603 426
603 425
603 424
603 423
603 422
575 426
576 425
577 424
578 423
579 422
580 421
581 420
582 420
583 420
584 420
585 420
585 419
586 420
587 420
588 420
584 418
583 417
582 416
581 415
580 414
553 436
552 437
548 427
549 426
550 425
551 424
552 423
553 422
554 421
555 421
533 425
534 424
535 423
536 422
537 421
538 420
539 419
540 418
523 429
524 430
525 431
526 432
527 433
528 434
529 435
530 436
531 437
509 425
510 424
511 423
512 422
513 421
502 429
503 430
504 431
505 432
506 433
507 434
508 435
509 436
510 437
498 429
497 430
496 431
495 432
494 433
493 434
492 435
491 436
490 437
480 415
481 414
482 413
483 412
484 411
485 410
486 409
487 408
488 407
489 406
490 407
491 408
492 409
493 410
494 411
495 412
496 413
497 414
498 414
490 405
491 404
492 403
493 402
494 401
495 400
496 399
497 399
498 400
499 401
500 402
501 403
502 404
503 404
504 404
505 404
506 404
507 404
508 404
509 404
510 404
511 404
495 398
494 397
493 396
492 395
491 394
490 393
489 393
455 404
454 403
453 402
452 401
451 400
450 399
449 399
434 418
433 417
432 416
431 415
430 414
423 422
422 421
421 420
420 419
419 418
418 417
417 416
416 415
415 414
414 413
413 412
412 411
411 410
410 409
409 408
408 407
407 406
406 406
405 405
404 404
403 403
402 402
401 401
400 400
399 399
398 398
397 397
397 396
397 395
397 394
397 393
401 425
402 424
403 423
404 422
405 421
387 429
388 430
389 431
390 432
391 433
392 434
393 435
394 436
395 437
396 438
397 439
398 440
399 441
399 442
399 443
399 444
399 445
399 446
399 447
399 448
400 449
401 450
402 451
403 452
404 453
405 454
406 455
407 456
408 457
408 458
408 459
406 457
405 458
404 459
403 460
402 461
401 462
400 463
399 464
398 465
397 466
396 467
395 468
404 451
405 450
406 449
407 448
408 447
409 446
410 445
411 444
412 443
413 442
414 441
388 432
387 433
380 424
379 425
378 426
377 427
376 428
375 429
374 430
373 431
372 431
382 422
383 421
384 420
385 419
386 418
387 417
388 416
389 415
390 414
391 414
368 409
369 408
370 407
371 406
372 405
373 404
374 403
375 402
376 401
377 400
378 399
377 398
376 397
375 396
374 395
373 394
372 394
349 410
350 409
351 408
352 407
353 406
342 403
343 402
344 401
345 400
346 399
347 398
348 397
349 396
350 395
351 394
352 393
353 393
335 400
334 401
333 402
332 403
331 404
330 405
329 406
328 407
327 408
326 409
325 410
324 411
323 412
322 413
321 414
320 415
319 416
318 417
317 418
316 419
315 420
316 421
317 422
318 423
319 424
320 425
321 426
322 427
323 428
324 429
325 430
326 431
327 432
328 433
329 434
330 435
331 436
332 437
333 438
334 439
335 440
336 441
337 442
338 443
339 444
340 445
341 446
342 447
343 448
343 449
343 450
343 451
343 452
343 453
343 454
343 455
343 456
343 457
343 458
343 459
343 460
343 461
343 462
342 463
341 464
340 465
339 466
340 467
341 468
342 469
343 470
344 471
345 472
346 473
347 474
348 475
349 476
350 477
351 478
352 479
353 480
354 481
355 482
356 483
357 483
358 484
359 485
360 486
361 487
362 488
363 489
364 490
365 491
366 492
367 493
368 494
369 495
370 496
371 497
370 498
370 499
370 500
370 501
370 502
370 503
370 504
370 505
370 506
370 507
370 508
370 509
338 467
337 468
336 469
336 470
336 471
336 472
336 473
336 474
336 475
336 476
336 477
336 478
336 479
336 480
336 481
336 482
336 483
337 484
338 485
339 486
340 487
341 488
342 489
343 490
344 491
345 492
346 493
347 494
348 495
349 496
350 497
350 498
350 499
350 500
350 501
350 502
350 503
350 504
351 505
352 506
353 507
353 508
353 509
353 510
353 511
353 512
353 513
353 514
353 515
353 516
353 517
353 518
351 498
352 498
353 498
354 498
355 498
356 498
343 492
342 493
341 494
340 495
339 496
338 497
337 498
336 498
335 499
334 500
333 501
332 502
332 503
332 504
332 505
332 506
332 507
332 508
335 468
344 449
345 450
346 451
347 452
348 453
349 454
350 455
351 456
352 457
353 458
354 459
355 460
356 461
357 462
358 462
359 462
360 462
361 462
362 462
363 462
364 462
365 463
366 464
367 465
368 466
369 467
370 468
371 469
372 470
373 471
374 472
375 473
376 474
377 475
378 476
379 477
380 478
381 479
382 480
383 481
384 482
385 483
386 483
387 483
388 483
389 483
390 483
391 483
392 483
393 483
394 483
395 483
396 483
397 483
398 483
399 483
400 484
401 485
402 486
403 487
404 488
405 489
406 490
407 491
408 492
409 493
410 493
411 493
412 493
413 493
404 486
405 485
406 484
407 483
408 482
409 481
410 480
411 479
412 478
413 477
375 475
374 476
373 476
350 453
351 452
352 451
353 450
354 449
344 447
345 446
346 445
347 444
348 443
349 442
350 441
351 440
352 439
353 438
354 437
355 436
356 435
357 434
334 437
335 436
336 435
337 434
338 433
339 432
340 431
341 430
342 429
328 435
327 436
326 437
325 438
324 439
323 440
322 441
321 442
320 443
319 444
318 445
317 446
316 447
315 448
314 449
313 450
312 451
311 452
310 453
309 454
308 455
308 456
308 457
308 458
308 459
308 460
308 461
308 462
308 463
308 464
308 465
308 466
308 467
308 468
308 469
308 470
308 471
308 472
308 473
308 474
308 475
308 476
307 477
306 478
305 479
304 480
303 481
302 482
303 483
304 484
305 485
306 486
307 487
308 488
309 489
310 490
311 490
312 489
313 488
314 487
315 486
316 485
317 484
318 483
319 482
320 481
321 481
322 481
323 481
301 483
300 484
299 485
298 486
297 487
296 488
295 489
294 490
300 482
299 481
298 480
297 479
296 478
295 477
294 476
293 476
308 453
307 452
306 451
305 450
304 451
303 452
302 453
301 454
300 455
299 456
298 457
297 458
296 459
295 460
294 460
304 449
303 448
302 447
301 446
300 445
322 429
321 429
314 421
313 422
312 423
311 424
310 425
309 426
308 427
307 427
306 427
305 427
304 427
303 427
302 427
301 428
301 427
300 427
299 427
298 427
297 427
296 427
295 427
294 427
293 427
292 427
291 427
290 427
289 427
288 427
287 427
286 427
285 427
284 427
283 427
282 427
281 427
280 427
279 427
278 427
277 428
277 427
276 427
275 427
274 427
273 427
272 427
271 427
270 427
269 427
268 427
267 427
266 427
265 427
264 427
263 427
262 427
261 427
261 426
260 427
259 427
258 428
258 427
257 427
256 427
255 427
254 427
253 427
252 427
251 427
250 427
249 427
248 427
247 427
246 427
245 427
244 427
243 427
242 427
241 427
240 427
240 426
239 427
238 427
237 428
237 427
236 427
235 427
234 427
233 427
232 427
231 427
230 427
229 427
228 427
227 427
226 427
225 427
224 427
223 427
222 427
221 427
220 427
219 427
218 427
218 426
217 427
216 428
216 427
215 427
214 427
213 427
212 427
211 427
210 427
209 427
208 427
207 427
206 427
205 427
204 427
203 427
202 427
201 427
200 427
199 427
198 427
197 427
197 426
196 427
195 428
195 427
194 427
193 427
192 427
191 427
190 427
189 427
188 427
187 427
186 427
185 427
184 427
183 427
182 427
181 427
180 427
179 427
178 427
177 427
176 427
176 426
175 427
174 428
175 429
176 430
177 431
178 432
179 433
180 434
181 435
173 429
172 430
171 431
170 432
169 433
168 434
167 435
166 435
165 435
164 435
163 435
162 435
161 435
171 429
170 428
169 427
168 426
167 425
166 424
165 423
164 422
163 421
162 420
161 420
177 425
178 424
179 423
180 422
181 421
196 429
197 430
198 431
199 432
200 433
201 434
202 435
198 425
199 424
200 423
201 422
202 421
217 429
218 430
219 431
220 432
221 433
222 434
223 435
219 425
220 424
221 423
222 422
223 421
238 429
239 430
240 431
241 432
242 433
243 434
244 435
241 425
242 424
243 423
244 422
259 429
260 430
261 431
262 432
263 433
264 434
265 435
262 425
263 424
264 423
265 422
278 429
279 430
280 431
281 432
282 433
283 434
284 435
302 429
303 430
332 401
331 400
330 399
329 398
328 397
327 396
326 395
325 394
324 394
337 377
338 378
335 362
334 363
333 364
332 365
331 366
330 367
329 368
328 369
327 370
326 371
325 372
324 373
323 374
322 375
329 366
328 365
327 364
326 363
325 362
324 361
323 360
322 360
345 346
344 345
343 344
342 343
337 295
338 296
339 297
340 298
341 299
342 300
343 301
344 302
345 303
346 304
347 305
348 306
349 307
350 308
351 309
352 310
353 311
354 312
355 313
356 314
357 315
358 316
359 317
360 318
361 319
362 320
363 321
337 274
338 275
339 276
340 277
341 278
342 279
343 280
344 281
345 282
346 283
347 284
348 285
349 286
350 287
351 288
352 289
353 290
354 291
355 292
356 293
357 294
358 295
359 296
360 297
361 298
362 299
363 300
364 301
365 302
366 303
367 304
368 305
369 306
370 307
371 308
372 309
373 310
374 311
375 312
376 313
377 314
378 315
348 283
349 282
332 271
331 272
330 273
329 273
328 273
327 273
326 273
325 273
324 273
323 273
322 273
321 273
320 273
319 273
318 273
317 273
316 273
315 273
334 269
335 268
336 267
336 266
336 265
336 264
336 263
336 262
336 261
336 260
336 259
336 258
336 257
336 256
336 255
336 254
336 253
336 252
337 253
338 254
339 255
340 256
341 257
342 258
343 259
344 260
345 261
346 262
347 263
348 264
349 265
350 266
351 267
352 268
353 269
354 270
355 271
356 272
357 273
358 274
359 275
360 276
361 277
362 278
363 279
364 280
365 281
366 282
367 283
368 284
369 285
370 286
371 287
372 288
373 289
374 290
375 291
376 292
377 293
378 294
379 295
380 296
381 297
382 298
383 299
384 300
385 301
386 302
387 303
388 304
389 305
390 306
391 307
392 308
393 309
394 310
395 311
396 312
397 313
398 314
399 315
400 316
401 317
402 318
403 319
404 320
405 321
406 322
407 323
408 324
409 325
410 326
411 327
412 328
413 329
414 330
415 331
416 332
417 333
418 334
419 335
420 336
421 337
421 336
422 336
423 336
424 336
425 336
426 336
427 336
428 336
429 336
430 336
431 336
432 336
433 336
434 336
435 336
436 336
437 336
438 336
439 336
440 336
441 336
442 337
443 338
444 339
445 340
446 341
447 342
448 343
449 343
450 343
451 343
452 343
453 343
454 343
455 343
456 344
456 343
457 343
458 343
459 343
460 343
461 343
462 343
463 343
464 343
465 343
466 343
467 343
468 343
469 343
470 343
471 343
472 343
473 343
474 343
475 343
476 343
477 344
477 343
478 343
479 343
479 342
480 343
481 343
482 343
483 343
484 343
485 343
486 343
487 343
488 343
489 343
490 343
491 343
492 343
493 343
494 343
495 343
496 343
497 343
498 343
499 343
500 343
501 343
502 343
503 343
504 343
505 344
505 343
506 343
507 343
508 343
509 343
510 343
511 343
512 343
513 343
514 343
515 343
516 343
517 343
518 343
519 343
520 343
521 343
522 343
523 343
524 343
525 343
526 342
527 341
528 340
529 339
530 338
531 337
532 336
533 336
534 336
535 336
536 336
537 336
537 335
538 336
539 336
540 336
541 337
541 336
542 336
543 336
544 336
545 336
546 336
542 338
543 339
544 340
545 341
546 342
547 343
548 344
549 345
550 346
551 347
552 348
553 349
554 350
536 334
535 333
534 332
533 331
532 330
506 345
507 346
508 347
509 348
510 349
511 350
512 351
513 352
514 353
515 354
516 355
517 356
518 357
519 358
520 359
521 360
522 361
523 362
524 363
525 364
526 365
527 366
528 367
529 368
530 369
531 370
532 371
533 372
534 373
535 374
536 375
537 376
538 377
539 378
540 379
541 380
542 381
543 382
544 383
545 384
546 385
540 381
539 382
538 383
537 384
536 385
535 386
534 387
533 388
532 389
532 390
533 391
534 392
535 393
536 394
537 395
538 396
539 397
540 398
541 399
542 400
543 401
543 402
543 403
535 395
534 396
533 397
532 398
531 399
530 400
529 401
528 402
527 403
526 404
525 404
531 389
538 375
539 374
540 373
541 372
542 371
543 370
544 370
528 369
527 370
526 371
527 372
528 373
529 373
525 372
524 373
523 374
522 375
521 376
520 377
519 378
518 378
517 379
516 380
515 381
514 382
514 383
514 384
514 385
514 386
514 387
514 388
514 389
529 366
530 365
531 364
532 363
533 362
534 361
535 360
536 359
537 358
538 357
539 356
523 360
524 359
525 358
526 358
514 355
513 356
512 357
511 358
480 341
481 340
482 339
483 338
484 337
485 336
486 335
487 334
488 333
489 332
478 341
477 340
476 339
475 339
478 345
479 346
480 347
481 348
482 349
483 350
484 351
485 352
486 353
487 354
488 355
489 356
490 357
491 358
492 359
493 360
494 361
495 362
496 363
497 364
498 365
499 366
500 367
500 368
500 369
500 370
500 371
500 372
500 373
500 374
500 375
500 376
500 377
500 378
457 345
458 346
459 347
460 348
461 349
462 350
463 351
464 352
465 353
466 354
467 355
468 356
469 357
470 358
471 359
472 360
473 361
474 362
475 363
476 364
477 365
478 366
479 367
480 368
481 369
482 370
483 371
484 372
484 373
484 374
484 375
484 376
484 377
484 378
472 362
471 363
470 364
469 365
468 366
467 367
466 368
465 369
464 370
466 356
465 357
464 358
456 346
455 347
454 348
453 349
452 350
451 351
450 352
449 352
422 338
423 339
424 340
425 341
426 342
427 343
428 344
429 345
430 346
431 347
432 348
433 349
434 350
434 351
434 352
434 353
434 354
434 355
434 356
434 357
434 358
434 359
434 360
434 361
434 362
434 363
434 364
434 365
434 366
434 367
434 368
434 369
434 370
434 371
434 372
434 373
434 374
434 375
434 376
434 377
434 378
434 379
434 380
434 381
434 382
434 383
434 384
434 385
434 386
434 387
434 388
434 389
434 390
434 391
434 392
434 393
434 394
434 395
434 396
434 397
434 398
434 399
433 382
432 383
431 384
430 385
429 386
428 387
427 388
426 389
425 390
424 391
423 392
422 393
421 394
435 379
436 380
437 381
438 382
439 383
440 384
435 357
436 358
437 359
438 360
439 361
440 362
441 363
442 364
443 365
444 366
445 367
446 368
447 369
428 342
429 342
423 341
422 342
421 343
420 344
419 345
418 346
417 347
416 348
415 349
414 350
411 329
410 330
409 331
408 332
407 333
406 334
405 335
410 324
411 323
412 322
413 321
414 321
349 267
348 267
347 261
348 260
349 259
350 258
351 257
352 256
353 255
354 254
355 253
356 252
357 252
358 253
359 254
360 255
361 256
362 257
363 258
364 259
365 260
366 261
367 262
368 263
369 264
370 265
371 266
372 267
373 268
374 269
375 270
376 271
377 272
378 273
379 274
380 275
381 276
382 277
383 278
384 279
385 280
386 281
387 282
388 283
389 284
390 285
391 286
392 287
393 288
394 289
395 290
396 291
397 292
398 293
399 294
400 295
401 296
402 297
403 297
404 297
405 297
406 297
407 297
408 297
409 297
410 297
411 297
368 261
369 260
370 259
371 258
372 257
373 256
374 255
375 254
376 253
377 252
378 252
379 253
380 254
381 255
382 256
383 257
384 258
385 259
386 260
387 261
388 262
389 263
390 264
391 265
392 266
393 267
394 268
395 269
396 270
397 271
398 272
399 273
389 261
390 260
391 259
392 258
393 257
394 256
395 255
396 254
397 253
398 252
399 252
400 253
401 254
402 255
403 256
404 257
405 258
406 259
407 260
408 261
409 262
410 263
411 264
412 265
413 266
413 267
414 267
415 268
416 269
417 270
418 271
419 272
420 273
421 274
421 273
422 273
423 273
424 273
425 273
426 273
427 273
428 273
429 273
430 273
431 273
432 273
433 273
434 273
422 275
423 276
424 277
425 278
426 279
427 280
428 281
429 282
430 283
431 284
432 285
433 286
434 287
434 288
434 289
434 290
434 291
434 292
434 293
434 294
433 295
432 296
431 297
430 298
429 299
428 300
427 301
427 302
427 303
427 304
427 305
427 306
427 307
427 308
427 309
427 310
427 311
427 312
427 313
427 314
427 315
428 308
429 309
430 310
431 311
432 312
433 313
434 314
435 315
436 316
437 317
438 318
439 319
440 320
441 321
435 288
436 289
437 290
438 291
439 292
440 293
441 294
442 295
443 296
444 297
445 298
446 299
447 300
448 301
449 301
450 301
451 301
452 301
453 301
454 301
455 301
456 301
457 301
458 301
459 301
460 301
461 301
462 301
463 301
464 301
465 301
466 301
467 301
468 301
469 301
470 301
471 301
472 301
473 301
474 302
474 301
475 301
476 301
477 301
478 301
479 301
480 301
481 301
482 301
483 301
484 301
485 301
486 301
487 301
488 301
489 301
490 301
491 301
492 301
493 301
494 301
495 301
496 301
497 301
498 302
499 303
500 304
501 305
502 306
503 307
504 308
505 309
506 310
507 311
508 312
509 313
510 314
511 315
510 316
509 317
508 318
507 319
508 320
509 321
510 322
511 323
512 324
513 325
514 326
515 327
516 328
517 328
506 320
505 321
504 321
512 315
513 315
514 315
515 315
516 315
517 315
518 315
507 309
508 308
509 307
510 306
500 306
499 307
498 308
497 309
496 310
495 311
494 312
493 313
492 314
491 315
490 316
473 303
472 304
471 305
470 306
469 307
468 308
467 309
466 310
465 311
466 312
467 313
468 314
469 315
470 316
471 317
472 318
473 319
474 320
475 321
470 318
469 319
468 320
467 321
466 322
465 323
464 324
463 325
462 326
461 327
460 328
464 312
463 313
462 314
461 315
446 301
445 302
444 303
443 304
442 305
441 306
440 306
443 294
444 293
445 292
446 291
447 290
448 289
449 288
420 275
419 276
418 277
417 278
416 279
415 280
414 281
413 282
417 268
418 267
419 266
420 265
421 264
422 263
423 262
424 261
425 260
426 259
427 258
428 257
429 256
430 255
431 254
432 253
433 252
434 252
435 253
436 254
437 255
438 256
439 257
440 258
441 259
442 260
443 261
444 262
445 263
446 264
447 265
448 266
449 267
450 268
451 269
452 270
453 271
454 272
455 273
456 273
457 273
458 273
459 273
460 273
461 273
462 273
463 273
464 273
465 273
466 273
467 273
468 273
469 273
470 273
471 273
472 273
473 273
474 273
475 273
476 274
476 273
477 273
478 273
479 273
480 273
481 273
482 273
483 273
484 273
485 273
486 273
487 273
488 273
489 273
490 273
491 273
491 272
492 273
493 273
494 273
495 273
496 273
497 273
498 274
498 273
499 273
500 273
501 273
502 273
503 273
504 273
505 273
506 273
507 273
508 273
509 273
510 273
511 273
512 273
513 273
514 273
515 273
516 273
517 273
518 273
519 274
519 273
520 273
521 273
522 273
523 273
524 273
525 273
526 273
527 273
528 273
529 273
530 273
531 273
532 273
533 273
534 273
535 273
536 273
537 273
538 273
539 273
520 275
521 276
522 277
523 278
524 279
525 280
526 281
527 282
528 283
529 284
530 285
531 286
532 287
533 288
534 289
535 290
536 291
537 292
538 293
539 294
540 293
541 292
542 291
543 290
544 289
545 288
546 288
547 288
548 288
549 288
550 288
551 288
552 288
499 275
500 276
501 277
502 278
503 279
504 280
505 281
506 282
507 283
508 284
509 285
510 286
511 287
512 288
513 289
514 290
515 291
516 292
517 293
518 294
519 295
520 296
521 297
522 298
523 299
524 300
525 301
526 302
527 303
528 304
529 305
530 306
531 307
532 308
533 309
534 310
535 311
536 312
537 313
538 314
539 315
540 314
541 313
542 314
543 315
544 316
545 317
546 318
547 319
548 320
549 321
550 322
551 323
552 324
542 312
543 311
544 310
545 309
546 309
547 309
548 309
549 309
550 309
551 309
552 309
506 284
505 285
504 286
503 286
492 271
493 270
494 269
495 268
496 267
497 266
498 265
499 264
500 263
501 262
502 261
503 262
504 263
505 264
506 265
507 266
508 267
503 260
504 259
505 258
506 257
507 256
508 255
509 254
510 253
511 252
512 251
513 250
514 249
515 250
516 251
517 252
518 253
519 254
520 255
521 256
522 257
523 258
515 248
516 247
517 246
518 245
519 245
519 244
520 245
521 245
522 245
523 245
524 245
525 245
526 245
527 245
528 245
529 245
530 245
531 245
532 245
533 246
534 247
535 248
536 249
537 250
538 251
539 252
540 252
541 252
542 252
543 253
543 252
544 252
545 252
546 252
547 252
548 252
549 252
550 252
551 252
552 252
553 252
554 253
555 254
556 255
557 256
558 257
559 258
560 259
561 260
562 261
563 262
564 263
565 264
566 265
567 266
568 267
569 268
570 269
571 270
572 271
573 272
574 273
575 274
575 273
576 273
577 273
578 273
579 273
580 273
581 273
582 274
583 275
584 276
585 277
586 278
587 279
588 280
589 281
590 282
591 283
592 284
593 285
594 286
595 287
596 288
597 289
598 290
599 291
600 292
601 293
602 294
603 295
604 296
605 297
606 298
607 299
608 300
609 301
610 302
611 303
612 304
613 305
614 306
615 307
616 308
617 309
617 308
618 308
619 308
620 308
621 308
622 308
623 308
618 310
619 311
620 312
621 313
622 314
623 315
624 316
625 317
625 318
625 319
625 320
625 321
625 322
626 316
627 315
628 314
629 313
630 312
631 311
632 310
633 309
634 308
635 308
636 308
637 308
638 308
612 306
611 307
610 308
609 309
608 309
576 275
577 276
578 277
579 278
580 279
581 280
581 281
581 282
581 283
581 284
581 285
581 286
581 287
581 288
581 289
581 290
581 291
581 292
581 293
581 294
581 295
581 296
581 297
581 298
581 299
581 300
581 301
581 302
581 303
581 304
581 305
581 306
581 307
581 308
581 309
581 310
581 311
581 312
581 313
581 314
581 315
581 316
581 317
581 318
581 319
581 320
581 321
581 322
581 323
581 324
581 325
581 326
581 327
581 328
581 329
581 330
581 331
581 332
581 333
581 334
581 335
581 336
581 337
581 338
581 339
581 340
581 341
581 342
581 343
581 344
581 345
581 346
581 347
581 348
581 349
581 350
581 351
581 352
581 353
581 354
581 355
581 356
581 357
581 358
581 359
581 360
581 361
581 362
581 363
581 364
581 365
581 366
581 367
581 368
581 369
581 370
581 371
581 372
581 373
581 374
581 375
581 376
581 377
581 378
581 379
581 380
581 381
581 382
581 383
581 384
581 385
581 386
581 387
581 388
581 389
581 390
581 391
581 392
581 393
581 394
581 395
581 396
581 397
581 398
581 399
582 388
583 389
584 390
585 391
586 392
587 393
580 374
579 375
578 376
577 377
576 378
575 379
574 380
573 381
572 382
571 383
570 384
569 385
568 386
567 387
582 372
583 373
584 374
585 375
586 376
587 377
588 378
589 379
590 380
591 381
592 382
593 383
594 384
595 385
596 386
597 387
598 388
599 389
600 390
601 391
602 392
603 391
604 390
605 389
606 390
607 391
608 392
609 393
610 394
611 395
612 396
613 397
614 398
615 399
616 400
617 401
618 402
619 403
620 404
621 405
622 406
623 406
624 405
625 404
626 403
627 404
628 405
629 406
630 407
631 408
632 409
633 410
634 411
635 412
636 413
637 414
638 414
627 402
628 401
629 400
630 400
631 400
632 400
633 400
634 400
635 400
636 400
637 400
613 395
614 394
615 393
616 392
617 392
610 396
609 397
608 398
607 399
606 400
605 401
604 402
603 403
602 404
601 405
600 406
599 407
598 407
606 388
607 387
608 386
609 385
610 385
611 385
612 385
613 385
614 385
614 384
615 385
616 385
617 385
618 385
619 385
620 385
621 385
622 385
623 385
624 385
625 385
626 385
627 385
628 385
629 385
630 385
631 385
632 385
633 385
634 385
635 385
636 385
637 385
638 385
639 385
640 385
641 385
642 385
643 385
644 385
615 383
616 382
617 381
618 380
619 379
620 378
621 377
622 376
623 375
624 374
625 373
626 372
627 371
593 381
594 380
595 379
596 378
587 375
588 374
589 373
590 372
591 371
592 370
593 369
594 368
595 367
596 366
597 365
580 337
579 338
578 339
577 340
576 341
575 342
574 343
573 344
572 345
571 346
570 347
569 348
582 316
583 317
584 318
585 319
586 320
587 321
588 322
589 323
590 324
591 325
592 326
593 327
594 328
595 329
596 330
597 331
598 332
599 333
600 334
601 335
602 336
603 337
604 338
605 339
606 340
607 341
608 342
609 343
610 343
611 343
612 343
613 343
614 343
615 344
615 343
616 344
616 343
617 343
618 343
619 343
620 343
621 343
622 343
623 343
617 345
618 346
619 347
620 348
621 349
622 350
623 351
624 352
625 353
626 354
627 355
628 356
627 353
628 352
629 351
630 350
631 349
632 348
633 347
634 346
635 345
636 344
637 343
638 342
614 345
613 346
612 347
611 348
605 341
604 342
603 343
602 344
601 345
600 346
599 347
598 348
597 349
596 350
580 316
579 317
578 318
577 319
576 320
575 321
582 295
583 296
584 297
585 298
586 299
587 300
588 301
589 302
590 303
591 304
592 305
593 306
594 307
595 308
596 309
597 310
598 311
599 312
600 313
601 314
602 315
580 295
579 296
578 297
577 298
576 299
575 300
570 271
569 272
568 273
567 274
566 275
568 265
569 264
570 263
571 262
572 261
573 260
574 259
575 258
576 257
577 256
578 255
579 254
580 253
581 252
581 251
581 250
581 249
581 248
581 247
581 246
581 245
581 244
581 243
581 242
581 241
581 240
581 239
581 238
581 237
581 236
581 235
581 234
581 233
581 232
581 231
581 230
581 229
581 228
581 227
581 226
581 225
581 224
581 223
581 222
581 221
581 220
581 219
581 218
581 217
581 216
581 215
581 214
581 213
581 212
581 211
581 210
581 209
581 208
581 207
581 206
581 205
581 204
581 203
581 202
581 201
581 200
581 199
581 198
581 197
581 196
581 195
581 194
581 193
581 192
581 191
581 190
581 189
581 188
581 187
581 186
581 185
581 184
581 183
581 182
581 181
581 180
581 179
581 178
581 177
581 176
581 175
581 174
581 173
581 172
581 171
581 170
581 169
581 168
581 167
581 166
581 165
581 164
581 163
581 162
581 161
581 160
581 159
581 158
581 157
581 156
581 155
581 154
581 153
581 152
581 151
581 150
581 149
581 148
581 147
582 148
583 149
584 150
585 151
586 152
587 153
587 154
588 154
589 154
590 154
591 154
592 154
593 154
594 154
595 154
596 154
597 154
598 154
599 154
600 154
601 154
602 154
603 155
604 156
605 157
606 158
607 159
608 160
609 161
610 161
611 161
612 161
613 161
614 161
615 161
616 162
616 161
617 161
618 161
619 161
620 161
621 161
622 161
623 161
617 163
618 164
619 165
620 166
621 167
622 168
623 169
624 170
625 171
626 172
627 173
628 174
606 156
607 155
608 154
609 153
610 152
611 151
612 150
613 151
614 152
615 153
616 154
617 154
613 149
614 148
615 147
616 146
617 145
618 144
619 143
620 142
621 141
622 140
623 140
624 141
625 142
626 143
627 144
628 145
629 146
630 146
631 147
631 146
632 146
633 146
634 146
635 146
636 146
637 146
632 148
633 149
634 150
635 151
636 152
637 153
638 154
639 155
640 156
641 157
642 158
643 159
644 160
626 141
627 140
628 139
629 138
630 137
631 136
632 135
633 134
634 133
635 132
636 132
586 150
587 149
588 148
589 147
590 146
591 145
592 144
593 143
594 142
595 141
596 140
597 139
580 148
579 149
578 150
577 151
576 152
575 153
574 154
573 155
572 156
571 157
570 157
569 157
568 157
567 157
582 161
583 162
584 163
585 164
586 165
587 166
588 167
589 168
590 169
591 170
592 171
593 172
594 173
595 174
580 190
579 191
578 192
577 193
576 194
575 195
582 211
583 212
584 213
585 214
586 215
587 216
588 217
589 218
590 219
591 220
592 221
593 222
594 223
595 224
596 225
597 226
598 227
599 228
600 229
601 230
602 231
603 232
604 233
605 234
606 235
607 236
608 237
592 219
593 218
594 217
595 216
596 215
597 214
598 213
599 212
600 211
601 210
602 210
603 209
604 208
605 207
606 206
607 205
608 204
609 203
610 203
611 203
612 203
613 203
614 203
614 202
615 203
616 203
616 202
617 203
618 203
619 203
620 203
621 203
622 203
623 203
617 201
618 200
619 199
620 198
621 197
622 196
623 195
624 194
625 193
626 192
627 193
628 194
629 195
630 196
631 197
632 198
633 199
634 200
635 201
636 202
637 203
638 203
627 191
628 190
629 189
613 201
612 200
611 199
605 205
604 204
603 203
602 202
601 201
600 200
599 199
598 198
597 197
596 196
582 232
583 233
584 234
585 235
586 236
587 237
582 253
583 254
584 255
585 256
586 257
587 258
588 259
589 260
590 261
591 262
592 263
593 264
594 265
595 266
596 267
597 268
598 269
599 270
600 271
601 272
602 273
592 261
593 260
594 259
595 258
596 257
597 256
598 255
599 254
600 253
601 252
602 252
603 253
604 254
605 255
606 256
607 257
608 258
609 259
610 260
611 261
612 262
613 263
614 264
615 265
616 266
617 267
618 268
619 269
620 270
621 271
622 272
623 273
624 274
625 275
625 276
625 277
625 278
625 279
625 280
625 281
625 282
625 283
625 284
625 285
625 286
625 287
626 274
627 274
628 274
629 274
630 274
631 274
632 274
633 274
634 274
635 274
636 274
637 274
638 274
618 266
619 265
620 264
621 263
622 262
623 261
624 260
625 259
612 264
611 265
610 266
609 267
608 267
606 254
607 253
608 252
609 251
610 250
611 249
612 248
613 247
614 246
615 245
616 244
617 243
618 242
619 241
620 240
621 239
622 238
623 238
623 237
624 236
625 235
626 234
626 233
626 232
626 231
626 230
626 229
626 228
626 227
626 226
626 225
626 224
627 226
628 227
629 228
630 229
631 230
632 231
633 232
634 233
635 234
636 235
637 236
638 237
560 261
559 262
558 263
557 264
556 265
555 266
554 267
553 267
542 254
541 255
540 256
539 257
538 258
533 244
534 243
535 242
536 241
537 240
538 239
520 243
521 242
522 241
523 240
524 239
525 238
526 237
527 236
528 235
529 234
530 233
531 232
532 231
533 230
534 229
535 228
536 227
537 226
538 225
539 224
540 225
541 226
542 227
543 228
544 229
545 230
546 231
547 232
548 233
549 234
550 235
551 236
552 237
553 237
544 227
545 226
546 225
547 224
548 223
549 222
550 221
551 220
552 219
553 218
525 236
524 235
523 234
522 233
521 232
520 231
519 231
500 261
499 260
498 259
497 258
496 258
490 271
489 270
488 269
487 268
486 267
485 266
484 265
483 264
482 263
481 262
480 261
479 260
478 260
475 275
474 276
473 277
472 278
471 279
472 280
473 281
474 282
475 283
476 284
477 285
478 286
479 286
470 280
469 281
468 282
467 283
466 284
465 285
464 286
442 258
443 257
444 256
445 255
446 256
447 257
448 258
446 254
447 253
448 252
449 251
450 250
451 249
452 248
453 249
454 250
455 251
456 252
457 253
458 254
459 255
460 256
461 257
462 258
463 258
453 247
454 246
455 245
456 245
456 244
457 245
458 245
459 245
460 245
461 245
462 245
463 245
464 245
465 245
466 245
467 245
468 245
469 245
470 245
471 245
472 245
473 245
474 245
475 245
476 245
457 243
458 242
459 241
460 240
461 239
432 251
431 250
430 249
429 248
428 247
428 246
427 246
427 245
427 244
427 243
427 242
427 241
427 240
427 239
427 238
427 237
427 236
427 235
427 234
427 233
427 232
427 231
426 230
425 229
424 228
423 227
422 226
421 226
420 226
419 226
418 226
417 226
416 226
415 226
414 226
407 258
408 257
409 256
410 255
411 254
412 253
413 252
355 251
354 250
353 249
352 248
351 247
350 246
332 269
331 268
330 267
329 266
328 265
327 264
326 263
325 262
324 261
323 260
322 259
321 258
320 257
319 256
318 255
317 254
316 253
315 252
314 253
313 254
312 255
311 256
310 257
309 258
308 259
307 260
306 261
305 262
304 263
303 264
302 265
301 266
300 267
299 268
298 269
297 270
296 271
295 272
294 273
295 274
296 275
297 276
298 277
299 278
300 279
301 280
302 281
303 282
304 283
305 284
306 285
307 286
308 287
309 288
310 289
311 290
312 291
313 292
314 293
315 294
316 295
317 296
318 297
319 298
320 299
321 300
321 301
321 302
321 303
321 304
321 305
321 306
321 307
321 308
316 293
317 292
318 291
319 290
320 289
321 288
304 285
303 286
302 287
301 288
300 289
299 290
298 291
297 292
296 293
295 294
295 295
296 296
297 297
298 298
299 299
300 300
301 301
301 302
301 303
301 304
301 305
301 306
301 307
301 308
301 309
301 310
301 311
301 312
301 313
301 314
301 315
302 302
303 303
304 303
305 303
306 303
297 299
296 300
295 301
294 302
293 303
292 304
291 305
290 306
289 307
288 308
287 309
286 310
285 311
284 312
283 313
282 314
281 315
281 316
282 317
283 318
284 319
285 320
286 321
287 322
288 323
289 324
290 325
291 326
292 327
293 328
294 329
295 330
296 331
297 332
298 333
299 334
300 335
301 336
302 337
302 338
302 339
302 340
302 341
302 342
302 343
302 344
302 345
302 346
302 347
302 348
302 349
302 350
303 351
304 352
304 353
304 354
304 355
304 356
304 357
304 358
304 359
304 360
304 361
304 362
304 363
304 364
305 365
306 366
306 367
306 368
306 369
306 370
306 371
306 372
306 373
306 374
306 375
306 376
306 377
306 378
305 379
304 380
304 381
304 382
304 383
304 384
304 385
304 386
304 387
304 388
304 389
304 390
304 391
304 392
290 327
289 328
288 329
287 330
286 331
285 332
284 333
283 334
282 335
281 336
280 336
280 315
279 315
278 315
277 315
276 315
275 315
274 315
273 315
272 315
271 315
270 315
269 315
268 315
267 315
266 315
265 315
264 315
263 315
262 315
261 315
260 315
260 314
259 315
258 315
257 315
256 315
255 315
254 315
253 315
252 315
251 315
250 315
249 315
248 315
247 315
246 315
245 315
244 315
243 315
242 315
241 315
240 315
239 316
239 315
238 315
237 315
236 315
235 315
234 315
233 315
232 315
231 315
230 315
229 315
228 315
227 315
226 315
225 315
224 315
223 315
222 315
221 315
220 315
219 315
218 315
218 314
217 315
216 315
215 315
214 315
213 315
212 315
211 315
210 315
209 315
208 315
207 315
206 315
205 315
204 315
203 315
202 315
201 315
200 315
199 315
198 315
197 316
197 315
196 315
195 316
194 317
193 318
192 319
191 320
190 321
189 322
188 323
187 323
186 323
185 323
184 323
183 323
182 323
198 317
199 318
200 319
201 320
202 321
203 322
204 323
205 324
206 325
207 326
208 327
209 328
210 329
211 330
212 331
213 332
214 333
215 334
216 335
217 336
218 337
219 338
220 339
221 340
222 341
223 342
224 343
225 344
226 345
227 346
228 347
229 348
230 349
231 350
232 351
233 352
234 353
235 354
236 355
237 356
238 357
239 358
240 359
241 360
242 361
243 362
244 363
245 364
246 365
247 366
248 367
249 367
250 367
239 360
238 361
237 362
236 363
235 364
234 365
233 366
232 367
231 368
230 369
229 370
241 358
242 357
243 356
244 355
245 354
246 353
247 352
248 351
249 351
223 344
222 345
221 346
220 347
219 348
220 349
221 350
222 351
223 351
218 349
217 350
216 351
215 352
214 353
213 354
212 355
211 356
210 357
218 335
219 334
220 333
221 332
222 331
223 330
206 327
205 328
204 329
203 330
202 331
201 332
200 333
199 334
198 335
197 336
197 337
198 338
199 339
200 340
201 341
202 342
196 336
195 337
194 338
193 339
192 340
191 341
190 342
189 343
189 344
189 345
189 346
189 347
189 348
189 349
189 350
189 351
189 352
189 353
189 354
189 355
189 356
189 357
189 358
189 359
189 360
189 361
189 362
189 363
189 364
189 365
189 366
189 367
189 368
189 369
189 370
189 371
189 372
189 373
189 374
189 375
189 376
189 377
189 378
188 379
187 380
186 381
185 382
184 383
183 384
182 385
181 386
181 387
181 388
181 389
181 390
181 391
181 392
182 383
181 382
180 381
179 380
178 379
177 378
176 378
190 361
191 362
192 363
193 364
188 342
187 342
186 342
185 342
184 342
183 342
182 342
219 313
220 312
221 311
222 310
223 309
240 317
241 318
242 319
243 320
244 321
245 322
246 323
247 324
248 325
249 326
250 327
251 328
252 329
253 330
254 331
255 332
256 333
257 334
258 335
259 336
260 337
261 338
262 339
263 340
264 341
265 342
266 343
267 344
268 345
269 346
270 347
271 348
272 349
273 350
274 351
275 352
276 353
277 354
278 355
279 356
280 357
280 358
280 359
280 360
280 361
280 362
280 363
280 364
280 365
280 366
280 367
280 368
280 369
280 370
280 371
280 372
280 373
280 374
280 375
280 376
280 377
280 378
280 379
280 380
280 381
280 382
280 383
280 384
280 385
279 386
278 387
277 388
276 389
275 390
274 391
274 392
274 393
274 394
274 395
274 396
274 397
274 398
274 399
281 370
279 365
278 366
277 367
276 368
275 369
274 370
273 371
272 372
271 373
270 374
269 375
268 376
267 377
266 378
265 379
264 380
263 381
262 382
261 383
260 384
259 385
258 385
257 385
256 385
255 385
254 385
253 385
252 385
251 385
250 385
249 385
248 385
247 385
246 385
245 385
244 385
243 386
243 385
242 385
241 385
240 385
239 385
238 385
237 385
236 385
235 385
234 385
233 385
232 385
231 385
230 385
229 385
228 385
227 386
227 385
226 385
225 385
224 385
223 385
222 385
221 385
220 385
219 385
218 385
217 385
216 386
215 387
214 388
213 389
212 390
211 391
210 392
209 393
208 394
207 395
206 396
207 397
208 398
209 399
205 397
204 398
203 399
202 399
201 399
200 399
199 399
198 399
197 399
196 399
210 390
209 389
208 388
207 387
206 386
205 385
204 384
203 383
202 382
203 381
204 380
205 379
206 378
207 377
208 376
209 375
210 374
211 373
211 372
211 371
211 370
228 387
229 388
230 389
231 390
232 391
233 392
234 393
235 394
236 395
237 396
238 397
239 398
240 399
231 392
230 393
229 394
228 395
227 396
226 397
225 398
224 399
223 399
244 387
245 388
246 389
247 390
248 391
249 392
250 393
251 394
252 395
253 396
254 397
255 398
256 399
270 372
269 371
268 370
268 347
267 348
266 349
265 350
264 350
260 335
261 334
262 333
263 332
264 331
265 330
248 327
247 328
246 329
245 330
244 331
243 332
242 333
241 334
240 335
239 336
238 336
261 313
262 312
263 311
264 310
265 309
294 294
304 261
303 260
302 259
301 258
300 257
299 256
298 255
297 254
296 253
295 252
295 251
294 252
293 253
292 254
291 255
290 256
289 257
288 258
287 259
286 260
285 261
284 262
283 263
282 264
281 265
280 266
279 267
278 268
277 269
276 270
275 271
274 272
273 273
283 261
282 260
281 259
280 258
279 257
278 256
277 255
276 254
275 253
274 252
273 252
272 253
271 254
270 255
269 256
268 257
267 258
266 259
265 260
264 261
263 262
262 263
261 264
260 265
259 266
258 267
257 268
256 269
255 270
254 271
253 272
252 273
253 274
254 275
255 276
256 277
257 278
258 279
259 280
260 281
261 282
262 283
263 284
264 285
265 286
266 287
267 288
268 289
269 290
270 291
271 292
272 293
273 294
274 293
275 292
276 291
277 290
278 289
279 288
262 285
261 286
260 287
259 288
258 289
257 290
256 291
255 292
254 293
253 294
252 294
251 295
250 296
249 297
248 298
247 299
246 300
246 301
246 302
246 303
262 261
261 260
260 259
259 258
258 257
257 256
256 255
255 254
254 253
253 252
252 252
251 253
250 254
249 255
248 256
247 257
246 258
245 259
244 260
243 261
242 262
241 263
240 264
239 265
238 266
237 267
236 268
235 269
234 270
233 271
232 272
231 273
241 261
240 260
239 259
238 258
237 257
236 256
235 255
234 254
233 253
232 252
231 252
230 253
229 254
228 255
227 256
226 257
225 258
224 259
223 260
222 261
221 262
220 263
219 264
218 265
217 266
216 267
215 268
214 269
213 270
212 271
211 272
210 273
211 274
212 275
213 276
214 277
215 278
216 279
217 280
218 281
219 282
220 283
221 284
222 285
223 286
224 287
225 288
226 289
227 290
228 291
229 292
230 293
231 294
232 293
233 292
234 291
235 290
236 289
237 288
220 285
219 286
218 287
217 288
216 289
215 290
214 291
213 292
212 293
211 294
210 294
209 295
208 296
207 297
206 298
205 299
204 300
204 301
204 302
204 303
220 261
219 260
218 259
217 258
216 257
215 256
214 255
213 254
212 253
211 252
210 252
209 253
208 254
207 255
206 256
205 257
204 258
203 259
202 260
201 261
200 262
199 263
198 264
197 265
196 266
195 267
194 268
193 269
192 270
191 271
190 272
189 273
199 261
198 260
197 259
196 258
195 257
194 256
193 255
192 254
191 253
190 252
189 252
188 253
187 254
186 255
185 256
184 257
183 258
182 259
181 260
180 261
179 262
178 263
177 264
176 265
175 266
174 267
173 268
172 269
171 270
170 271
169 272
168 273
169 274
170 275
171 276
172 277
173 278
174 279
175 280
176 281
177 282
178 283
179 284
180 285
181 286
182 287
183 288
184 289
185 290
186 291
187 292
188 293
189 294
188 295
187 296
186 297
185 298
184 299
183 300
182 301
181 302
181 303
181 304
181 305
181 306
181 307
181 308
190 293
191 292
192 291
193 290
194 289
195 288
174 281
173 282
172 283
171 284
170 285
171 286
172 287
173 288
174 288
169 286
168 287
167 288
166 289
165 290
164 291
163 292
162 293
161 294
161 295
161 296
161 297
161 298
161 299
161 300
161 301
161 302
161 303
161 304
161 305
161 306
161 307
161 308
161 309
161 310
161 311
161 312
161 313
161 314
161 315
161 316
161 317
161 318
161 319
161 320
161 321
161 322
161 323
161 324
161 325
161 326
161 327
161 328
161 329
161 330
161 331
161 332
161 333
161 334
161 335
161 336
161 337
161 338
161 339
161 340
161 341
161 342
161 343
161 344
161 345
161 346
161 347
161 348
161 349
161 350
161 351
161 352
161 353
161 354
161 355
161 356
161 357
161 358
161 359
161 360
161 361
161 362
161 363
161 364
161 365
161 366
161 367
161 368
161 369
161 370
161 371
161 372
161 373
161 374
161 375
161 376
161 377
161 378
161 379
161 380
161 381
161 382
161 383
161 384
161 385
161 386
161 387
161 388
161 389
161 390
161 391
161 392
161 393
161 394
161 395
161 396
161 397
161 398
161 399
160 379
159 380
158 381
157 382
156 383
155 384
154 385
153 386
152 387
151 388
150 389
149 390
148 391
147 392
146 393
145 394
144 395
145 396
146 397
143 396
142 397
141 398
140 399
139 400
138 401
137 402
136 403
135 404
134 405
133 406
132 407
131 408
130 409
129 410
128 411
127 412
126 413
125 414
124 415
123 416
122 417
123 418
124 419
125 420
126 421
127 422
128 423
129 424
130 425
131 426
132 427
133 428
134 429
135 430
136 431
137 432
138 433
139 434
140 434
132 429
131 430
130 431
129 432
128 433
127 434
126 435
125 436
124 437
123 438
122 439
121 439
133 426
134 425
135 424
136 423
137 422
138 421
139 420
129 426
128 427
127 428
121 418
120 419
119 420
118 421
117 422
116 423
115 424
114 425
113 426
112 427
111 428
110 429
109 430
108 431
107 432
106 433
124 413
130 407
129 406
128 405
127 404
126 403
125 402
124 401
123 400
122 399
121 398
120 398
139 398
138 397
137 396
136 395
135 394
134 393
133 392
132 392
151 386
150 385
149 384
148 383
147 382
162 351
163 352
164 353
165 354
166 355
167 356
168 357
169 358
170 359
171 360
172 361
173 362
174 363
160 351
159 352
158 353
157 354
156 355
155 356
154 357
153 358
152 359
151 360
150 361
149 362
148 363
147 364
146 365
146 364
145 366
144 367
143 368
142 369
141 370
140 371
139 372
138 373
137 374
136 375
135 376
134 377
133 378
138 371
137 370
136 369
135 368
134 367
133 366
132 365
131 364
130 363
129 362
128 361
127 360
126 359
154 355
153 354
152 353
151 352
150 351
149 350
148 349
162 340
163 341
164 342
165 343
166 344
167 345
162 305
163 306
164 307
165 308
166 309
160 295
159 296
158 297
157 298
156 299
155 300
154 301
153 302
152 303
151 304
150 305
149 306
148 307
147 308
146 309
146 310
145 310
144 311
143 312
142 313
141 314
140 315
139 315
138 315
137 316
137 315
136 315
135 315
134 315
133 315
132 315
131 315
130 315
129 315
128 315
127 315
126 315
125 316
125 315
124 315
123 315
122 315
121 315
120 315
119 315
118 315
117 315
116 315
115 315
114 315
113 315
112 315
111 315
110 315
109 315
108 315
107 315
106 315
105 315
104 315
104 314
103 315
102 315
101 315
100 315
99 315
98 315
97 315
96 315
95 315
94 315
93 315
93 314
92 315
91 315
94 313
95 312
96 311
97 310
105 313
106 312
107 311
108 310
109 309
110 308
111 307
112 306
113 305
114 304
115 303
116 302
124 317
123 318
122 319
123 320
124 321
125 322
126 323
127 324
128 325
129 326
130 327
131 327
121 320
120 321
119 322
118 323
117 324
116 325
115 326
116 327
117 328
118 328
114 327
113 328
112 329
111 330
110 331
109 332
108 333
109 334
110 335
111 336
112 337
113 338
114 339
115 340
116 341
117 342
118 343
119 343
120 342
121 342
122 342
123 342
124 342
125 342
126 342
127 342
128 342
129 342
130 342
131 342
132 342
133 342
107 334
106 335
105 336
104 337
103 338
102 339
103 340
104 341
105 342
101 340
100 341
99 342
98 343
97 344
96 345
95 346
94 347
93 348
92 349
91 350
90 351
89 352
88 353
87 354
86 355
85 356
84 357
85 358
86 359
87 360
88 361
89 362
90 363
91 364
91 365
91 366
91 367
91 368
91 369
91 370
91 371
91 372
91 373
91 374
91 375
91 376
91 377
91 378
92 377
93 378
94 379
95 380
96 381
97 382
98 383
99 384
100 385
101 386
102 387
103 388
104 389
105 390
104 387
105 386
106 385
107 384
108 383
109 382
110 381
111 380
112 379
113 378
114 377
115 376
101 388
100 389
99 390
98 391
97 392
96 393
95 394
94 395
93 396
92 397
91 397
90 398
89 399
88 400
87 401
86 402
85 403
84 404
83 404
82 404
81 404
80 404
79 404
78 404
77 404
92 363
93 362
94 361
95 361
96 361
97 361
98 361
99 361
100 361
101 361
102 361
103 361
104 361
105 361
106 361
107 361
108 361
109 361
110 361
111 361
112 361
86 361
85 362
84 363
83 364
82 365
81 366
80 367
79 368
78 369
77 370
76 370
85 354
84 353
83 352
82 351
81 350
80 349
79 348
78 347
77 346
76 345
75 344
74 343
73 343
72 342
71 341
70 340
69 339
68 338
67 337
66 336
65 337
64 338
63 339
62 340
61 341
60 342
59 343
58 344
65 335
66 334
67 333
68 332
69 331
70 330
71 329
72 328
73 328
64 334
63 333
62 332
61 331
60 330
59 330
93 346
92 345
91 345
100 339
99 338
98 337
97 336
96 335
95 334
94 333
93 332
92 331
91 330
109 330
108 329
107 328
106 327
138 317
139 318
140 319
141 320
142 321
143 322
144 323
145 324
146 325
141 312
140 311
139 310
138 309
137 308
136 307
135 306
134 305
133 304
132 303
131 303
156 297
155 296
154 295
153 294
152 293
151 292
150 291
149 290
148 289
147 288
167 273
166 273
165 273
164 273
163 273
162 273
161 273
160 273
159 273
158 273
157 273
156 273
155 273
154 273
153 273
153 272
152 273
151 273
150 273
149 273
148 273
147 273
146 273
145 273
144 273
143 273
142 273
141 273
140 273
139 273
138 273
137 273
136 273
135 273
134 273
133 273
132 273
131 273
130 273
129 273
128 273
127 273
127 272
126 273
125 273
124 273
123 273
122 273
121 273
120 273
119 274
119 273
118 273
117 273
116 273
115 273
114 273
113 273
112 273
111 273
111 272
110 273
109 273
108 273
107 273
106 273
105 273
104 274
103 275
104 276
105 277
106 278
107 279
108 280
109 281
110 282
111 283
112 284
113 285
114 286
115 287
116 287
102 276
101 277
100 278
99 279
98 280
97 281
96 282
95 283
94 284
95 285
96 286
97 287
98 288
99 289
100 290
101 291
93 285
92 286
91 287
110 271
109 270
108 269
109 268
110 267
111 266
112 265
113 264
114 263
115 262
116 261
117 260
118 259
119 258
120 258
107 268
106 267
105 266
104 265
103 264
102 263
101 262
102 261
103 260
104 259
105 258
100 261
99 260
98 259
97 258
96 257
95 256
94 257
93 258
92 259
91 260
90 261
89 262
88 263
87 264
88 265
89 266
90 267
91 267
86 265
85 266
84 267
83 268
82 269
81 270
80 271
79 272
78 273
77 274
76 275
75 276
74 277
73 278
72 279
71 280
70 281
69 282
68 283
67 284
66 285
65 286
66 287
67 288
68 289
69 290
70 291
71 292
72 293
73 293
64 287
63 288
63 289
63 290
63 291
63 292
63 293
63 294
63 295
63 296
63 297
63 298
63 299
63 300
63 301
63 302
63 303
63 304
63 305
63 306
63 307
63 308
64 304
65 305
66 306
67 307
68 308
69 309
70 310
71 311
72 312
73 313
62 288
61 289
60 290
59 291
58 292
57 293
56 294
55 295
54 296
53 297
52 298
51 299
50 300
49 301
48 302
47 303
46 304
45 305
44 306
43 307
42 308
41 309
40 310
39 311
38 312
37 313
36 314
35 315
36 316
37 317
38 318
39 319
40 320
41 321
42 322
43 323
44 324
34 316
33 317
32 318
31 319
30 320
29 321
28 322
27 323
26 324
25 325
24 326
23 327
22 328
21 329
22 330
23 331
24 332
25 333
26 334
27 335
28 336
28 337
28 338
28 339
28 340
28 341
28 342
28 343
28 344
28 345
28 346
28 347
28 348
28 349
28 350
28 351
28 352
28 353
28 354
28 355
28 356
28 357
28 358
28 359
28 360
28 361
28 362
28 363
28 364
29 365
30 366
31 367
32 368
33 369
34 370
35 371
36 372
37 373
38 374
39 375
40 376
41 377
42 378
43 379
44 380
45 381
46 382
47 383
48 384
49 385
50 386
51 387
52 388
53 389
54 390
55 391
56 392
57 393
58 394
59 395
60 396
61 397
62 398
62 399
59 393
60 392
61 391
62 390
63 389
64 388
65 387
66 386
67 385
43 377
44 376
45 375
46 374
47 373
48 372
49 372
40 378
39 379
38 380
37 381
36 382
35 382
27 344
26 345
25 346
24 347
23 348
22 349
21 350
29 337
30 338
31 339
32 340
33 341
34 342
35 343
36 344
37 345
38 346
39 347
40 348
41 349
42 350
43 351
44 352
45 353
46 354
47 355
48 356
49 357
50 358
51 359
52 359
53 359
54 359
55 359
56 359
57 359
58 359
59 359
60 359
61 359
62 359
63 359
38 348
37 349
36 349
31 337
32 336
33 335
34 334
63 287
74 275
73 274
72 273
80 269
79 268
78 267
77 266
76 265
75 264
74 263
73 262
72 261
71 260
70 259
71 258
72 258
69 258
68 259
67 260
66 261
65 262
64 263
63 264
62 265
61 266
60 267
68 257
67 256
66 255
65 254
64 253
63 252
62 251
61 250
60 249
59 248
58 247
57 246
56 245
55 244
54 243
53 242
52 241
53 240
54 239
55 238
56 237
57 236
58 235
59 234
60 233
61 232
62 231
63 231
64 232
65 233
66 234
67 235
68 236
69 236
70 236
71 236
72 236
51 240
50 239
49 238
48 237
47 236
46 235
45 234
44 233
43 232
42 231
41 230
40 229
39 228
38 227
39 226
40 225
41 224
42 223
43 222
44 221
45 220
46 219
47 218
48 217
49 216
50 215
51 214
52 213
53 212
54 211
55 210
56 210
57 209
58 208
59 207
60 206
61 207
62 208
63 209
64 210
65 211
66 212
67 213
68 214
69 215
70 216
71 217
72 217
61 205
62 204
63 203
64 202
65 201
66 200
67 199
68 198
69 197
59 205
58 204
57 203
56 202
55 201
54 200
53 199
52 199
37 226
36 225
35 224
34 223
33 222
32 221
31 220
30 219
31 218
32 217
33 216
34 215
35 215
29 218
28 217
27 216
26 215
25 214
24 213
23 212
22 211
21 210
22 209
23 208
24 207
25 206
26 205
27 204
28 203
28 202
28 201
28 200
28 199
28 198
28 197
28 196
28 195
28 194
28 193
28 192
28 191
28 190
28 189
28 188
28 187
28 186
28 185
28 184
28 183
28 182
29 182
30 182
31 182
32 182
33 182
34 182
35 182
36 182
37 182
38 182
39 182
40 182
41 182
42 182
43 182
44 182
45 182
46 182
47 182
48 182
49 183
49 182
50 182
51 182
52 182
53 182
54 182
55 182
56 182
57 182
58 182
59 182
60 182
61 182
62 182
63 182
64 182
65 182
66 182
67 182
68 182
69 182
70 182
71 182
72 182
73 182
74 182
75 182
76 182
76 181
77 182
78 182
79 182
80 182
81 182
82 182
83 182
84 182
75 180
74 179
73 178
72 177
71 176
70 175
69 174
68 173
67 172
66 171
65 170
64 169
63 168
64 167
62 167
61 166
60 165
59 164
58 163
57 162
56 161
55 162
54 163
53 164
52 165
51 166
50 167
49 168
55 160
54 159
53 158
52 157
51 156
50 155
49 154
48 155
47 156
46 157
45 158
44 158
43 158
42 158
41 158
40 158
39 158
38 158
37 158
36 158
35 158
34 159
33 160
32 161
31 162
30 163
29 164
28 165
27 166
26 167
25 167
24 167
50 153
51 152
52 151
53 150
54 149
55 148
56 147
57 146
58 145
59 144
60 143
61 144
62 145
63 146
64 147
65 148
66 149
67 150
68 151
69 152
70 153
71 154
61 142
62 141
62 140
27 188
26 189
25 190
24 191
23 192
22 193
21 194
20 195
29 194
30 195
31 196
32 197
33 198
34 199
35 200
94 255
93 254
92 253
91 252
120 275
121 276
122 277
123 278
124 279
125 280
126 281
127 282
128 283
129 284
130 285
131 286
132 287
128 271
129 270
130 269
131 268
132 267
154 271
155 270
156 269
157 268
158 267
159 267
152 271
151 270
150 269
149 268
148 267
147 266
146 265
145 264
144 263
143 262
142 261
143 260
144 259
145 258
146 258
141 260
140 259
139 258
138 257
137 256
136 255
135 254
134 253
133 252
133 251
133 250
133 249
133 248
133 247
133 246
133 245
133 244
133 243
133 242
133 241
133 240
133 239
133 238
133 237
133 236
133 235
133 234
133 233
133 232
133 231
132 231
132 230
131 231
130 231
129 231
128 231
127 231
126 231
125 231
124 231
123 231
122 231
121 231
120 231
119 231
118 231
117 231
116 231
115 231
114 231
113 231
112 231
111 231
110 231
109 231
108 231
107 231
106 231
105 231
104 231
103 232
103 231
102 231
101 231
100 231
99 231
98 231
97 231
96 231
95 231
94 231
93 231
92 231
91 231
104 233
105 234
106 235
107 236
108 237
109 238
110 239
111 240
112 241
113 242
114 243
131 229
130 228
129 227
128 226
127 225
126 224
125 223
124 222
123 221
122 220
123 219
124 218
125 217
126 218
127 218
126 216
127 215
128 214
129 213
130 212
131 211
132 210
133 209
134 208
135 207
136 206
137 205
138 204
139 203
140 203
132 208
131 207
130 206
129 205
128 204
127 203
126 203
121 219
120 218
119 217
118 216
117 215
116 214
115 213
114 212
113 211
112 212
111 213
110 214
109 215
108 216
107 217
106 218
112 210
111 209
110 208
109 207
108 206
107 205
106 204
105 203
104 204
103 205
102 206
101 207
100 208
99 209
98 210
97 211
96 212
95 213
94 214
93 215
92 216
91 216
97 209
96 208
95 207
94 206
93 205
92 204
91 203
90 202
134 230
135 229
136 228
137 227
138 226
139 225
140 225
141 225
142 225
143 225
144 225
145 225
146 225
174 265
173 264
172 263
171 262
170 261
171 260
172 259
173 258
174 258
169 260
168 259
167 258
166 257
165 256
164 255
163 254
162 253
161 252
161 251
161 250
161 249
161 248
161 247
161 246
161 245
161 244
161 243
161 242
161 241
161 240
161 239
161 238
161 237
161 236
161 235
161 234
161 233
161 232
161 231
161 230
161 229
161 228
161 227
161 226
161 225
161 224
161 223
161 222
161 221
161 220
161 219
161 218
161 217
161 216
161 215
161 214
161 213
161 212
161 211
161 210
161 209
161 208
161 207
161 206
161 205
161 204
161 203
161 202
161 201
161 200
161 199
161 198
161 197
161 196
161 195
161 194
161 193
161 192
161 191
161 190
161 189
161 188
161 187
161 186
161 185
161 184
161 183
161 182
161 181
161 180
161 179
161 178
161 177
161 176
161 175
161 174
161 173
161 172
161 171
161 170
161 169
161 168
161 167
161 166
161 165
161 164
161 163
161 162
161 161
161 160
161 159
161 158
161 157
161 156
161 155
161 154
161 153
161 152
161 151
161 150
161 149
161 148
161 147
160 148
159 149
158 150
157 151
156 152
156 153
155 153
154 154
153 155
152 156
151 157
150 158
149 159
148 160
147 161
146 161
145 161
144 161
143 161
142 161
141 161
140 161
139 161
139 160
138 161
137 161
136 161
135 161
134 161
133 161
132 161
131 161
130 161
129 161
128 161
127 161
126 161
125 161
124 161
123 161
122 161
121 161
120 161
119 161
118 161
117 161
117 160
116 161
115 161
114 161
113 162
113 161
112 161
111 162
110 163
109 164
108 165
107 166
106 167
105 167
104 167
103 167
114 163
115 164
116 165
117 166
118 167
119 168
120 169
121 170
122 171
123 172
124 173
125 174
126 175
127 176
128 177
129 178
130 179
131 180
132 181
133 182
118 169
117 170
116 171
115 172
114 173
113 174
112 175
111 176
110 177
111 178
112 179
113 180
114 181
115 182
116 183
117 184
118 184
109 178
108 179
107 180
106 181
105 182
116 159
115 158
116 157
117 156
118 155
114 157
113 156
112 155
111 154
110 153
109 152
108 151
107 150
106 149
105 148
104 147
103 148
102 149
101 150
100 151
99 152
98 153
97 154
96 155
95 156
94 157
93 158
92 159
91 159
90 160
90 159
89 161
88 162
87 163
86 164
85 165
84 166
83 167
96 153
95 152
94 151
93 150
92 149
91 148
90 147
89 146
88 145
87 144
86 143
85 143
84 142
83 141
82 140
81 139
80 138
79 137
78 137
77 137
138 159
137 158
136 157
135 156
134 155
133 154
132 153
131 152
130 151
129 150
130 149
131 148
132 147
133 146
128 149
127 148
126 147
125 146
124 145
123 144
122 143
121 142
120 141
119 140
120 139
121 138
122 137
123 136
124 135
125 134
126 133
126 132
126 131
126 130
126 129
126 128
126 127
126 126
126 125
126 124
126 123
126 122
126 121
126 120
126 119
125 118
124 117
123 116
122 115
121 116
120 117
119 118
118 119
117 120
116 121
115 122
114 123
113 124
112 125
111 126
110 127
109 128
108 129
107 130
106 131
105 132
104 132
103 132
102 132
101 132
100 132
121 114
120 113
119 112
120 111
121 110
122 109
123 108
124 107
125 106
126 105
127 105
118 111
117 110
116 109
115 108
114 108
113 108
112 108
127 131
160 174
159 175
158 176
157 177
156 178
155 179
154 180
153 181
152 182
151 183
150 184
149 185
148 186
160 196
159 197
158 198
157 199
156 200
155 201
162 220
163 221
164 222
165 223
166 224
167 225
160 231
159 232
158 233
157 234
156 235
155 236
154 237
153 238
152 239
151 240
188 251
187 250
186 249
185 248
184 247
183 246
182 245
181 244
181 243
181 242
181 241
181 240
181 239
181 238
191 251
192 250
193 249
194 248
195 247
196 246
251 251
250 250
249 249
248 248
247 247
246 246
272 251
271 250
270 249
269 248
268 247
267 246
296 250
297 249
298 248
299 247
300 246
316 251
317 250
318 249
319 248
320 247
321 246
322 245
323 244
324 243
325 242
326 241
327 240
328 239
329 238
330 237
331 236
332 235
333 234
334 233
335 232
336 231
336 230
336 229
336 228
336 227
336 226
336 225
336 224
336 223
336 222
336 221
336 220
336 219
336 218
336 217
336 216
336 215
336 214
336 213
336 212
336 211
336 210
336 209
336 208
336 207
336 206
336 205
336 204
336 203
336 202
336 201
336 200
336 199
336 198
336 197
336 196
336 195
336 194
336 193
336 192
336 191
336 190
336 189
336 188
336 187
336 186
336 185
336 184
336 183
336 182
336 181
336 180
336 179
336 178
336 177
336 176
336 175
336 174
336 173
336 172
336 171
336 170
336 169
336 168
336 167
336 166
336 165
336 164
336 163
336 162
336 161
336 160
336 159
336 158
336 157
336 156
336 155
336 154
336 153
336 152
336 151
336 150
336 149
336 148
336 147
335 147
334 147
333 147
332 147
331 147
330 147
329 147
328 147
327 147
326 147
325 147
324 147
323 147
322 147
321 147
320 147
319 147
318 147
317 147
316 147
316 146
315 147
317 145
318 144
319 143
320 142
321 141
322 140
323 139
324 138
325 137
326 136
327 135
328 134
329 133
330 132
331 132
331 131
332 130
333 129
334 128
335 127
336 126
336 125
336 124
336 123
336 122
336 121
336 120
336 119
337 119
337 118
338 119
339 119
340 119
341 120
341 119
342 119
343 119
344 119
345 119
346 119
347 119
348 119
349 119
350 119
351 119
352 119
353 119
354 119
355 119
356 119
357 119
358 119
359 119
360 119
361 119
362 119
363 119
363 118
364 119
365 119
366 119
367 119
368 119
369 119
370 119
371 119
372 120
372 119
373 119
374 119
375 119
376 119
377 119
378 119
379 119
379 118
380 119
381 119
382 119
383 119
384 119
385 119
386 119
387 119
388 119
389 119
390 119
391 120
391 119
392 119
393 119
394 119
395 119
396 119
397 119
398 119
399 119
392 121
393 122
394 123
395 124
396 125
397 126
398 127
399 128
400 129
401 130
402 131
403 132
380 117
381 116
382 115
383 114
384 113
385 112
386 111
387 110
388 109
389 110
390 111
391 112
392 113
393 113
389 108
390 107
391 106
392 105
393 104
394 103
395 102
396 101
397 100
398 99
399 98
399 97
399 96
399 95
399 94
399 93
399 92
399 91
399 90
399 89
399 88
399 87
399 86
399 85
399 84
399 83
399 82
399 81
399 80
399 79
399 78
399 77
400 76
401 75
402 74
403 75
404 76
405 77
406 78
407 79
408 80
409 81
410 82
411 83
412 84
413 85
403 73
404 72
405 71
406 70
406 69
406 68
406 67
406 66
406 65
406 64
406 63
406 62
406 61
406 60
406 59
406 58
406 57
406 56
407 55
408 54
409 53
410 52
411 51
412 50
413 49
414 48
415 47
415 46
415 45
407 59
408 60
409 61
410 62
411 63
412 64
413 65
414 66
415 67
416 68
417 69
418 70
414 64
415 63
416 62
417 61
418 60
419 59
420 58
421 57
422 56
404 70
403 69
402 68
401 67
400 66
399 65
398 64
397 63
396 62
395 61
394 60
393 59
392 59
400 99
401 100
402 101
403 102
404 103
405 104
406 105
407 106
408 107
409 108
410 109
411 110
412 111
413 112
414 112
415 112
416 112
417 112
418 112
419 112
420 112
421 113
422 114
423 115
424 116
425 117
426 118
427 119
428 120
428 119
429 119
430 119
431 119
432 119
433 119
434 119
435 119
436 119
437 119
438 119
439 119
439 118
440 119
441 119
442 119
443 119
444 119
445 119
446 119
447 119
448 119
449 120
449 119
450 119
451 119
452 119
453 119
454 119
455 119
456 119
457 119
457 118
458 119
459 119
460 119
461 119
462 119
463 119
464 119
465 119
466 119
467 119
468 119
469 119
470 119
471 119
472 119
473 119
474 119
475 119
476 119
477 119
478 119
478 118
479 119
480 119
481 119
482 119
483 119
484 119
485 119
486 119
487 119
488 119
489 119
490 119
491 119
492 119
493 119
494 119
495 119
496 119
497 119
498 119
499 119
499 118
500 119
501 119
502 119
503 119
504 119
505 120
505 119
506 119
507 119
508 119
509 119
510 119
511 119
512 119
513 119
514 119
515 119
516 119
517 119
518 119
519 119
520 119
520 118
521 119
522 119
523 119
524 119
525 119
526 119
527 119
528 119
529 120
529 119
530 119
531 119
532 119
533 119
534 119
535 119
536 119
537 119
538 119
539 119
540 119
541 119
542 119
543 119
544 119
545 119
546 119
547 118
548 117
549 116
550 117
551 118
552 119
553 120
554 121
555 122
556 123
557 124
550 115
551 114
552 113
553 112
554 112
555 112
556 112
556 111
557 112
558 112
559 112
560 112
561 112
562 112
563 112
564 112
565 112
566 112
567 112
568 113
569 114
570 115
571 116
572 117
573 118
574 119
575 120
576 121
577 122
578 123
579 124
580 125
581 126
582 126
583 126
584 126
585 127
585 126
586 126
587 126
588 126
589 125
590 125
591 125
592 125
593 125
594 125
595 125
596 125
597 125
598 125
599 125
600 125
601 125
602 125
584 128
583 129
582 130
581 131
580 132
575 118
576 117
577 116
578 115
579 114
580 113
581 112
582 111
583 110
584 109
585 108
586 107
587 106
588 105
589 106
590 107
591 108
592 109
593 110
594 111
595 111
596 111
597 111
598 111
599 111
600 111
601 111
602 111
555 110
554 109
553 108
552 107
530 121
531 122
532 123
533 124
534 125
535 126
536 127
537 128
538 129
539 130
540 131
541 132
542 133
540 133
539 134
538 135
537 136
536 137
537 138
538 139
539 140
540 141
541 142
542 143
543 144
544 145
545 146
535 138
534 139
533 140
532 141
531 142
530 143
529 143
521 117
522 116
523 115
524 114
525 113
526 112
527 111
528 110
529 109
530 108
531 107
506 121
507 122
508 123
509 124
510 125
500 117
501 116
502 115
503 114
504 113
505 112
506 111
507 110
508 109
509 108
510 107
479 117
480 116
481 115
482 114
483 113
484 112
485 111
486 110
487 109
488 108
489 107
458 117
459 116
460 115
461 114
462 113
463 112
464 111
465 110
466 109
467 108
468 107
450 121
451 122
452 123
453 124
454 125
455 126
456 127
457 128
458 129
459 130
460 131
461 132
462 133
463 134
464 135
465 136
466 137
467 138
468 139
469 140
470 141
471 142
472 143
473 144
474 145
475 146
476 147
477 147
478 148
478 147
479 147
480 147
481 147
482 147
483 147
484 147
485 147
486 147
487 147
488 147
489 147
490 147
491 147
492 147
493 147
494 147
495 147
496 147
497 147
498 146
499 145
500 144
501 143
502 142
503 142
504 142
505 142
506 142
507 142
508 142
509 142
510 142
511 142
501 141
500 140
499 139
498 138
497 137
496 136
495 135
494 134
493 133
492 132
479 149
480 150
481 151
482 152
483 153
474 147
473 148
472 149
471 150
470 151
469 152
468 153
467 154
466 155
465 156
464 157
463 158
462 159
470 139
471 138
472 137
473 136
474 135
475 134
476 133
477 132
466 139
465 140
464 141
463 142
462 142
450 123
449 124
448 125
447 126
446 127
445 128
444 129
443 130
442 131
441 132
440 133
439 134
440 117
441 116
442 115
443 114
444 113
445 112
446 111
447 110
448 109
449 108
450 107
427 121
426 122
426 116
427 115
428 114
429 113
430 112
431 111
432 110
433 109
434 108
435 107
411 112
410 113
409 114
408 114
408 105
409 104
410 103
411 102
412 101
413 100
414 100
373 121
374 122
375 123
376 124
377 125
378 126
379 127
380 128
381 129
382 130
383 131
384 132
374 124
373 125
372 126
371 127
370 128
369 129
368 130
367 131
366 132
365 132
364 117
365 116
366 115
367 114
368 113
342 121
343 122
344 123
345 124
346 125
338 117
339 116
340 115
341 114
342 113
343 112
343 111
343 110
343 109
343 108
343 107
343 106
343 105
343 104
343 103
343 102
343 101
343 100
343 99
343 98
343 97
343 96
343 95
343 94
343 93
343 92
343 91
343 90
343 89
343 88
343 87
343 86
343 85
343 84
343 83
343 82
343 81
343 80
343 79
343 78
343 77
344 77
345 77
346 77
347 77
348 77
349 77
350 77
351 77
352 77
353 77
354 77
355 77
356 77
357 77
358 77
359 77
360 77
361 77
362 77
362 76
363 77
363 78
364 79
365 80
366 81
367 82
368 83
369 84
370 85
364 77
363 75
364 74
365 73
366 72
367 71
368 70
369 69
370 68
371 67
372 66
373 65
374 64
375 63
374 62
373 61
372 60
372 59
372 58
372 57
372 56
342 76
341 75
340 74
339 73
340 72
341 71
342 70
343 69
344 68
345 67
346 66
347 65
348 64
349 63
350 62
351 61
352 60
353 59
354 58
355 57
356 56
357 56
338 72
337 71
336 70
336 69
336 68
336 67
336 66
336 65
336 64
336 63
336 62
336 61
336 60
336 59
336 58
336 57
336 56
337 55
338 54
339 53
340 52
341 51
342 50
343 49
344 48
345 47
346 46
347 45
348 44
349 43
350 42
351 41
352 40
353 39
354 38
355 37
356 36
357 35
358 36
359 37
360 38
361 39
362 40
363 41
364 41
365 41
366 41
367 41
368 41
369 41
370 41
371 41
356 34
355 33
354 32
353 31
353 30
353 29
353 28
353 27
353 26
353 25
353 24
353 23
346 44
345 43
344 42
343 41
342 40
341 39
340 38
339 37
338 36
337 35
336 34
335 34
334 34
333 34
332 34
335 71
344 80
345 81
346 82
347 83
348 84
349 85
350 86
351 87
352 88
353 89
354 90
355 91
344 97
345 98
346 99
347 100
348 101
349 102
350 103
351 104
352 105
353 106
336 117
335 116
334 115
333 114
332 113
331 112
330 112
318 142
317 141
316 140
315 139
314 138
313 137
312 136
311 135
310 134
309 133
308 134
307 135
306 136
305 137
304 138
303 139
302 140
301 141
308 132
307 131
306 130
305 129
304 128
303 127
302 126
301 126
300 125
299 124
298 123
297 122
296 121
295 120
294 119
293 119
292 119
291 119
290 119
289 119
288 119
287 119
286 119
285 119
284 119
283 119
282 119
281 119
281 118
280 119
279 119
278 119
277 119
276 119
275 119
274 119
273 119
272 119
271 119
270 119
269 119
268 119
267 119
266 119
265 119
264 119
263 119
262 119
261 120
261 119
260 119
259 119
258 119
257 119
256 119
255 119
254 119
253 119
252 119
251 119
250 119
249 119
248 119
247 119
246 119
245 119
244 119
243 119
242 119
241 119
240 119
239 119
238 119
237 119
236 119
235 119
234 119
233 120
233 119
233 118
232 119
231 119
230 119
229 119
228 119
227 119
226 119
225 119
224 119
223 119
222 119
221 119
220 119
219 119
218 119
217 119
216 119
215 119
214 120
214 119
213 119
212 119
212 118
211 119
210 119
209 119
208 119
207 119
206 119
205 119
204 119
203 119
202 119
201 119
200 119
199 119
198 119
197 119
196 119
195 119
194 119
193 119
192 119
191 120
191 119
191 118
190 119
189 119
188 119
187 119
186 119
185 119
184 119
183 119
182 119
181 119
180 119
179 119
178 119
177 119
176 120
176 119
175 119
174 119
173 119
172 119
171 119
170 119
170 118
169 119
168 119
167 119
166 119
165 119
164 119
163 119
162 119
161 119
160 119
159 119
158 119
157 119
156 119
155 119
154 119
154 118
153 119
152 120
151 121
150 122
149 123
148 124
147 125
146 126
145 127
144 128
143 129
153 117
152 116
151 115
152 114
153 113
154 112
155 111
156 110
157 109
158 108
159 107
160 107
150 114
149 113
148 112
147 111
146 110
145 109
144 108
143 107
171 117
172 116
173 115
174 114
175 113
176 112
177 111
178 110
179 109
180 108
181 107
175 121
174 122
173 123
174 124
175 125
176 126
177 127
178 128
179 129
180 130
181 131
172 124
171 125
170 126
169 127
168 128
167 129
166 130
165 131
164 132
192 117
193 116
194 115
195 114
196 113
197 112
198 111
199 110
200 109
201 108
202 107
192 121
193 122
194 123
195 124
196 125
197 126
198 127
199 128
200 129
201 130
202 131
213 117
214 116
215 115
216 114
217 113
218 112
219 111
220 110
221 109
222 108
223 107
215 121
216 122
217 123
218 124
219 125
220 126
221 127
222 128
223 129
224 130
225 131
234 117
235 116
236 115
237 114
238 113
239 112
240 111
241 110
242 109
243 108
244 107
245 106
246 105
247 105
248 105
249 105
250 105
251 105
252 105
253 105
254 105
255 105
256 105
257 105
258 105
234 121
235 122
236 123
237 124
238 125
239 126
240 127
241 128
242 129
243 130
244 131
262 121
263 122
264 123
265 124
282 117
283 116
284 115
285 114
286 113
287 112
288 111
289 110
290 109
291 108
292 107
293 106
294 105
295 106
296 107
297 108
298 109
299 110
300 111
301 111
295 104
296 103
297 102
298 101
299 100
300 99
301 98
302 99
303 100
304 101
305 102
306 103
307 104
308 105
309 106
310 107
311 108
312 109
313 110
314 111
315 112
302 97
303 96
304 95
305 94
306 93
307 92
308 91
308 90
308 89
308 88
308 87
308 86
308 85
308 84
308 83
308 82
308 81
308 80
308 79
308 78
308 77
308 76
308 75
308 74
308 73
308 72
308 71
308 70
308 69
308 68
308 67
308 66
308 65
308 64
308 63
308 62
308 61
308 60
308 59
308 58
308 57
308 56
308 55
308 54
308 53
308 52
308 51
308 50
308 49
309 50
310 51
311 52
312 53
313 54
314 55
315 56
316 57
317 58
318 58
319 58
320 58
321 58
307 50
306 51
305 52
304 53
303 54
302 55
301 56
300 57
299 58
298 59
299 60
300 61
301 62
302 62
297 60
296 61
295 62
294 63
293 63
292 63
291 63
290 63
289 63
288 64
288 63
287 63
289 65
290 66
291 67
292 68
293 69
293 70
293 71
293 72
293 73
293 74
293 75
293 76
293 77
300 55
299 54
298 53
297 52
296 51
295 50
294 49
293 49
309 73
310 74
311 75
312 76
301 96
300 96
282 115
281 114
280 113
279 112
278 111
277 110
276 109
275 108
274 107
273 107
337 146
338 145
339 144
340 143
341 143
342 143
343 143
344 143
345 143
346 143
347 143
348 143
349 143
350 143
335 155
334 156
333 157
332 158
331 159
330 160
329 161
328 162
327 163
326 164
325 165
324 166
323 167
322 168
337 163
338 164
339 165
340 166
341 167
342 168
337 182
338 182
339 182
340 182
341 182
342 182
343 182
344 182
344 181
345 182
346 182
347 182
348 182
349 182
350 182
351 182
352 182
353 182
354 182
355 182
356 182
357 182
358 182
359 182
360 182
361 182
362 182
363 182
364 182
365 182
366 182
367 182
368 182
369 182
370 182
371 182
372 182
373 182
374 182
375 182
376 182
377 182
378 182
379 183
380 184
381 185
382 186
383 187
384 188
385 189
386 190
387 191
388 192
389 193
390 194
391 195
392 196
393 196
393 195
394 196
395 196
396 196
397 196
398 196
399 196
400 197
401 198
402 199
403 200
404 201
405 202
406 203
407 204
408 205
409 206
410 207
411 208
412 209
413 210
414 210
414 209
415 210
416 210
417 210
418 210
419 210
420 210
421 210
422 210
423 210
424 211
424 210
425 210
426 210
427 210
428 210
429 210
430 210
431 210
432 210
433 210
434 210
435 210
436 210
437 210
438 210
439 210
440 210
441 210
442 211
443 212
444 213
445 214
446 215
447 216
448 217
449 218
450 219
451 220
452 221
453 222
454 223
455 224
456 224
457 224
458 224
459 224
460 224
461 224
462 224
451 222
450 223
449 224
448 225
447 226
446 227
445 228
444 229
443 230
442 231
449 216
450 215
451 214
452 213
453 212
454 211
455 210
456 209
457 208
458 207
459 206
460 205
461 204
462 203
463 204
464 205
465 206
466 207
467 208
468 209
469 210
470 211
471 212
472 213
473 214
474 215
475 216
476 217
477 218
478 219
479 220
480 221
481 222
482 223
483 224
484 225
485 226
486 227
487 228
488 229
489 230
490 231
491 231
492 231
492 230
493 231
494 231
495 231
496 231
497 231
498 231
499 231
500 231
501 231
502 231
503 232
503 231
504 231
502 233
501 234
500 235
499 236
498 237
497 238
496 239
495 240
494 241
493 242
492 243
491 244
493 229
494 228
495 227
496 226
497 225
498 224
482 225
481 226
480 227
479 228
478 229
477 230
476 230
473 212
474 211
475 210
476 209
477 208
478 207
479 206
480 205
481 204
482 203
483 203
484 203
485 203
486 203
487 203
488 203
489 203
490 203
491 203
492 203
493 203
494 203
495 203
496 203
497 203
498 203
499 203
500 203
501 203
502 203
503 203
504 203
505 203
505 202
506 203
507 203
508 203
509 203
510 203
511 203
512 203
513 203
514 203
515 203
516 203
517 203
518 203
519 203
520 203
521 203
522 203
523 203
524 203
525 203
526 203
527 203
528 203
529 203
530 203
531 203
532 203
533 204
533 203
534 203
535 203
536 203
537 203
538 203
539 203
540 203
541 203
542 203
543 203
544 203
545 203
546 203
547 202
548 201
549 200
550 199
551 198
552 197
553 197
554 197
554 196
555 197
556 197
557 197
558 197
559 197
560 197
553 195
552 194
551 193
550 192
549 191
548 190
547 189
546 188
534 205
535 206
536 207
537 208
538 209
532 205
531 206
530 207
529 208
528 209
527 210
526 211
525 212
524 213
523 214
522 215
521 216
520 217
506 201
507 200
508 199
509 198
510 197
463 202
464 201
465 200
466 199
467 198
468 197
469 196
469 195
469 194
469 193
469 192
469 191
469 190
469 189
469 188
469 187
469 186
469 185
469 184
469 183
469 182
470 182
471 182
472 182
473 182
474 182
475 182
476 182
477 182
478 183
478 182
479 182
480 182
481 182
482 182
483 182
484 182
485 182
486 182
487 182
488 182
489 182
490 182
490 181
491 182
492 182
493 183
493 182
494 182
495 182
496 182
497 182
498 182
499 182
500 182
501 182
502 182
503 182
504 182
505 182
506 182
507 182
508 182
509 182
510 182
511 182
512 181
513 180
514 179
515 178
516 179
517 180
518 181
519 182
520 183
521 184
522 185
523 186
524 187
525 188
516 177
517 176
518 175
519 174
520 173
521 172
522 173
523 173
522 171
523 170
524 169
525 168
526 167
527 166
528 165
529 164
530 165
531 166
532 167
533 168
534 169
535 170
536 171
537 172
538 173
539 174
540 175
530 163
531 162
532 161
533 161
534 161
534 160
535 161
536 161
537 161
538 161
539 161
540 161
541 161
542 161
543 161
544 161
545 161
546 161
533 159
532 158
526 165
525 164
524 163
523 162
522 161
521 160
520 159
519 158
518 157
517 157
518 173
517 172
516 171
515 170
514 169
513 168
512 168
494 184
495 185
496 186
497 187
498 188
489 180
488 179
487 178
486 177
487 176
488 175
489 174
490 173
491 172
492 171
493 170
494 169
495 168
496 168
485 176
484 175
483 174
482 173
481 172
480 171
479 170
478 169
477 168
479 184
480 185
481 186
482 187
483 188
460 203
459 202
458 201
457 200
456 199
455 198
454 197
453 196
452 195
451 194
450 193
449 193
425 212
426 213
427 214
428 215
429 216
415 208
416 207
417 206
418 205
419 204
420 203
421 202
422 201
423 200
424 199
425 200
426 201
427 202
428 203
429 204
425 198
426 197
427 196
428 195
429 194
430 193
431 192
432 191
433 190
434 189
434 188
434 187
434 186
434 185
434 184
434 183
434 182
434 181
434 180
434 179
434 178
434 177
434 176
434 175
434 174
434 173
434 172
434 171
434 170
434 169
434 168
434 167
434 166
434 165
434 164
434 163
434 162
434 161
434 160
434 159
434 158
434 157
434 156
434 155
434 154
434 153
434 152
434 151
434 150
434 149
434 148
434 147
433 148
432 149
431 150
430 151
429 152
428 153
435 161
436 162
437 163
438 164
439 165
440 166
441 167
442 168
443 169
444 170
445 171
446 172
447 173
448 174
439 163
440 162
441 161
442 160
443 159
444 158
445 157
446 156
447 155
419 202
418 201
417 200
416 199
415 198
414 197
406 205
405 206
404 207
403 208
402 209
403 210
404 211
405 211
401 210
400 211
399 212
398 213
397 214
396 215
395 216
394 217
393 217
394 194
395 193
396 192
397 191
398 190
399 189
400 188
401 187
402 186
403 185
404 184
405 183
406 182
407 181
408 180
409 179
409 178
409 177
409 176
409 175
409 174
409 173
409 172
409 171
387 193
386 194
385 195
384 195
384 186
385 185
386 184
387 183
388 182
389 181
390 180
391 179
345 180
346 179
347 178
348 177
349 176
350 175
351 174
352 173
353 172
354 171
355 170
356 169
357 168
358 167
359 166
360 165
361 166
362 167
363 168
361 164
362 163
363 162
364 161
365 160
366 159
367 158
368 157
369 158
370 159
371 160
372 161
373 162
374 163
375 164
376 165
377 166
378 167
369 156
370 155
371 154
372 153
373 152
374 151
375 150
376 149
377 148
378 147
379 147
380 147
381 147
382 147
383 147
384 147
385 147
386 147
387 147
388 147
389 147
390 147
391 147
392 147
393 147
394 147
395 147
396 147
397 147
398 147
399 147
400 148
401 149
402 150
403 150
404 150
405 150
406 150
407 150
408 150
409 150
410 150
411 150
412 150
413 150
369 154
368 153
367 152
366 151
365 150
364 149
363 148
337 190
338 191
339 192
340 193
341 194
342 195
335 190
334 191
333 192
332 193
331 194
330 195
329 196
328 197
327 198
326 199
325 200
324 201
323 202
322 203
331 192
330 191
329 190
328 189
327 188
326 187
325 186
324 185
323 184
322 183
335 205
334 206
333 207
332 208
331 209
330 210
329 211
328 212
327 213
326 214
325 215
324 216
323 217
322 218
337 211
338 212
339 213
340 214
341 215
342 216
343 217
344 218
345 219
346 220
347 221
348 222
349 223
350 224
351 225
352 226
353 227
354 228
355 229
356 230
357 231
347 219
348 218
349 217
350 216
351 215
352 214
353 213
354 212
355 211
356 210
357 210
357 209
358 208
359 207
360 206
361 205
362 204
363 203
358 211
359 212
360 213
361 214
362 215
363 216
364 217
365 218
366 219
367 220
368 221
369 222
370 223
371 224
372 225
373 226
374 227
375 228
376 229
377 230
378 231
377 232
376 233
375 234
374 235
373 236
372 237
379 231
380 231
381 231
382 232
382 231
383 231
384 231
385 231
386 231
387 231
388 231
389 231
390 231
391 231
392 231
393 231
394 231
395 231
396 231
397 231
398 231
399 231
400 232
401 233
402 234
403 235
404 236
405 237
406 237
383 233
384 234
385 235
386 236
387 237
368 219
369 218
370 217
371 216
372 215
373 214
374 213
375 212
376 211
377 210
378 210
318 247
317 246
316 245
315 244
314 243
313 242
312 241
311 240
312 239
313 238
314 237
315 237
310 239
309 238
308 237
307 236
306 235
305 234
304 233
303 232
302 231
301 231
300 231
299 231
298 231
297 231
296 231
295 231
294 231
293 231
292 231
291 231
290 231
289 231
288 231
287 231
286 231
285 231
284 231
283 231
282 231
281 232
281 231
281 230
280 231
279 231
278 231
277 231
276 231
275 231
274 231
273 231
272 231
271 231
270 231
269 231
268 231
267 231
266 231
265 231
264 231
263 231
262 231
261 231
260 231
260 230
259 231
258 231
257 231
256 231
255 231
254 231
253 231
252 231
251 231
250 231
249 231
248 231
247 231
246 231
245 231
244 231
243 231
242 231
241 231
240 231
239 231
239 230
238 231
237 231
236 231
235 231
234 231
233 231
232 231
231 231
230 231
229 231
228 231
227 231
226 231
225 231
224 231
223 231
222 231
221 232
221 231
220 231
219 231
218 231
217 231
216 231
215 231
214 231
213 231
212 231
211 231
210 231
209 231
208 231
207 231
206 232
206 231
205 231
204 231
203 231
202 231
201 231
200 231
199 231
198 231
197 231
196 231
207 233
208 234
209 235
210 236
211 237
222 233
223 234
224 235
225 236
226 237
240 229
241 228
242 227
243 226
244 225
261 229
262 228
263 227
264 226
265 225
282 229
283 228
284 227
285 226
286 225
287 224
288 223
289 222
290 221
291 220
292 219
293 218
294 217
295 216
296 215
297 214
298 213
299 212
300 211
301 210
290 219
289 218
288 217
287 216
286 215
285 214
284 213
283 212
282 211
281 210
281 209
280 210
279 210
278 210
277 210
276 210
275 210
274 210
273 210
272 210
271 210
270 210
269 210
268 210
267 210
266 210
265 210
264 210
263 210
262 210
261 210
260 210
260 209
259 210
258 210
257 210
256 210
255 210
254 210
253 210
252 210
251 210
250 210
249 210
248 210
247 210
246 210
245 210
244 210
243 210
242 210
241 210
240 210
239 210
239 209
238 210
237 210
236 210
235 210
234 210
233 210
232 210
231 210
230 210
229 210
228 210
227 210
226 210
225 210
224 210
223 210
222 210
221 210
220 210
219 210
218 211
218 210
217 210
216 210
215 210
214 210
213 210
212 210
211 210
210 210
209 210
209 209
208 210
207 210
206 210
205 210
204 210
203 210
202 210
201 210
200 210
199 210
198 210
197 211
197 210
196 210
195 211
194 212
193 213
192 214
191 215
190 216
189 217
188 218
187 219
186 220
185 220
184 220
183 220
182 220
191 213
190 212
189 211
188 210
187 209
186 208
185 207
184 206
183 205
182 205
198 212
199 213
200 214
201 215
202 216
210 208
211 207
212 206
213 205
214 204
215 203
216 202
217 201
218 200
219 199
220 198
221 197
222 196
223 196
223 195
224 194
225 193
226 192
227 191
228 190
229 189
230 188
230 187
230 186
230 185
230 184
230 183
230 182
208 208
207 207
206 206
205 205
204 204
203 203
202 202
201 201
200 200
201 199
202 198
203 197
204 196
199 199
198 198
197 197
196 196
195 195
194 194
193 193
192 192
193 191
194 190
195 189
196 188
197 187
198 186
199 185
200 184
201 183
202 182
203 181
191 191
190 190
189 189
188 188
187 187
186 186
185 185
184 184
183 183
184 182
185 181
186 180
187 179
188 178
189 177
190 176
191 176
182 182
181 181
180 181
179 181
178 181
177 181
176 181
219 212
220 213
221 214
222 215
223 216
240 208
241 207
242 206
243 205
244 204
261 208
262 207
263 206
264 205
265 204
282 208
283 207
284 206
285 205
286 204
287 203
288 202
289 201
290 200
291 199
292 198
293 199
294 200
295 200
293 197
294 196
295 195
296 194
297 193
298 192
299 191
300 190
301 189
301 188
301 187
301 186
301 185
301 184
301 183
301 182
301 181
301 180
301 179
301 178
301 177
301 176
301 175
301 174
301 173
301 172
301 171
301 170
301 169
301 168
300 167
299 166
298 165
297 164
296 163
295 162
294 161
293 161
292 161
291 161
290 161
289 161
288 161
287 161
286 161
285 161
284 161
283 161
282 161
281 161
280 161
279 161
278 161
277 161
276 161
275 161
274 161
273 161
272 161
271 161
270 161
269 161
268 161
267 161
266 161
265 161
264 161
263 161
262 161
261 161
261 160
260 161
259 161
258 161
257 161
256 161
255 161
254 161
253 161
252 161
251 161
250 161
249 161
248 161
247 161
246 161
245 161
244 161
243 161
242 161
241 161
240 161
239 161
238 162
238 161
237 161
236 161
235 161
234 161
233 161
232 161
231 161
231 160
230 161
229 161
228 161
227 161
226 161
225 161
224 161
223 161
222 161
221 161
220 161
219 161
218 161
217 161
216 161
215 161
214 161
213 161
212 161
212 160
211 161
210 161
209 161
208 161
207 161
206 161
205 161
204 161
203 161
202 161
201 161
200 161
199 161
198 161
197 161
196 161
196 160
195 159
194 158
193 157
192 156
193 155
194 154
195 153
196 152
197 151
198 150
199 149
200 148
201 147
202 147
191 155
190 156
189 157
188 158
187 159
186 160
185 161
184 162
183 162
190 154
189 153
188 152
187 151
186 150
185 149
184 148
183 147
213 159
214 158
215 157
216 156
217 155
218 154
219 153
220 152
221 151
222 150
223 149
224 148
225 147
232 159
233 158
234 157
235 156
236 155
237 154
238 153
239 152
240 151
241 150
242 149
243 148
244 147
239 163
240 164
241 165
242 166
243 167
244 168
245 169
246 170
247 171
248 172
249 173
250 174
262 159
263 158
264 157
265 156
266 155
267 154
268 153
269 152
270 151
271 150
272 149
273 148
274 147
275 146
276 145
277 144
278 143
279 142
280 141
281 140
282 139
282 138
282 137
282 136
282 135
270 149
269 148
268 147
267 146
266 145
265 144
264 143
263 142
262 142
295 160
296 159
297 158
298 157
299 156
300 155
283 205
282 204
281 203
280 202
279 201
278 200
277 199
276 198
277 197
278 196
279 195
280 195
275 197
274 196
273 195
272 194
271 193
270 192
271 191
272 190
273 189
274 188
275 187
276 186
277 185
278 184
279 183
280 182
281 181
276 184
275 183
274 182
273 181
272 180
271 179
270 178
269 177
268 176
267 175
266 174
265 174
269 191
268 190
267 189
266 189
265 189
264 189
263 189
262 189
261 189
260 189
259 189
258 189
257 189
256 189
255 189
254 189
253 189
252 189
251 189
250 189
249 189
248 189
247 189
246 189
245 189
282 233
283 234
284 235
285 236
286 237
840
20 195
21 210
21 329
21 350
24 167
28 182
28 364
34 334
35 158
35 200
35 215
35 382
36 349
44 324
49 154
49 168
49 183
49 357
49 372
49 385
52 199
56 210
58 344
59 330
60 267
62 140
62 399
63 182
63 231
63 252
63 287
63 308
63 359
64 167
67 385
69 197
71 154
72 217
72 236
72 258
72 273
73 293
73 313
73 328
73 343
76 370
77 137
77 404
83 167
84 182
84 357
85 143
90 159
90 202
91 216
91 231
91 252
91 267
91 287
91 315
91 330
91 345
91 378
91 397
97 310
98 361
100 132
101 291
103 167
104 147
105 182
105 203
105 258
105 273
105 342
105 390
106 218
106 327
106 433
112 108
112 125
112 161
112 231
112 315
112 361
112 427
114 243
115 376
116 287
116 302
118 155
118 169
118 184
118 328
119 140
119 343
120 258
120 398
121 439
124 413
126 119
126 203
126 273
126 359
127 105
127 131
127 218
127 428
131 303
131 327
132 267
132 287
132 392
133 146
133 161
133 182
133 231
133 252
133 315
133 342
133 378
139 420
140 203
140 434
143 107
143 129
146 225
146 258
146 310
146 325
146 364
146 397
147 273
147 288
147 382
148 186
148 349
151 240
154 119
155 201
156 153
159 267
160 107
161 147
161 168
161 189
161 210
161 231
161 252
161 294
161 315
161 336
161 357
161 378
161 399
161 420
161 435
164 132
166 309
167 225
167 345
168 273
174 258
174 288
174 363
175 119
175 427
176 181
176 378
181 107
181 131
181 238
181 308
181 392
181 421
181 435
182 205
182 220
182 323
182 342
183 147
183 162
189 189
189 252
189 273
189 294
189 357
189 378
191 176
193 364
195 267
195 288
196 119
196 161
196 210
196 231
196 246
196 315
196 336
196 399
196 427
202 107
202 131
202 147
202 216
202 342
202 382
202 421
202 435
203 181
203 322
204 196
204 303
209 399
210 252
210 273
210 294
210 357
211 237
211 370
216 267
217 119
217 161
217 210
217 231
217 288
217 315
217 336
217 385
217 427
223 107
223 196
223 216
223 309
223 330
223 351
223 399
223 421
223 435
225 131
225 147
226 237
229 370
230 182
231 252
231 273
231 294
237 267
237 288
238 119
238 161
238 210
238 231
238 315
238 336
238 357
238 385
238 427
240 399
244 107
244 131
244 147
244 204
244 225
244 422
244 435
245 189
245 322
246 246
246 303
249 351
250 174
250 367
252 252
252 273
252 294
256 399
258 105
258 267
259 119
259 161
259 210
259 231
259 288
259 315
259 336
259 385
259 427
262 142
264 350
265 124
265 174
265 204
265 225
265 309
265 330
265 422
265 435
266 189
267 246
268 370
273 107
273 252
273 273
273 294
274 147
274 399
279 267
279 288
280 119
280 161
280 195
280 210
280 231
280 315
280 336
280 357
280 385
280 427
281 181
281 370
282 135
284 435
286 237
287 63
287 309
293 49
293 77
293 476
294 252
294 273
294 294
294 460
294 490
295 200
300 96
300 155
300 246
300 267
300 445
301 111
301 126
301 141
301 168
301 189
301 210
301 231
301 288
301 315
301 336
302 62
302 350
303 430
304 364
304 392
306 303
306 378
308 49
308 70
308 91
308 455
308 476
311 490
312 76
314 449
315 112
315 147
315 237
315 252
315 273
315 294
315 420
321 58
321 258
321 288
321 308
321 429
322 168
322 183
322 203
322 218
322 323
322 343
322 360
322 375
323 481
324 394
330 112
330 237
331 132
332 34
332 508
333 270
335 71
335 468
336 56
336 119
336 147
336 182
336 210
336 231
336 252
336 287
336 308
336 329
336 364
336 399
336 420
336 483
336 498
338 378
342 168
342 195
342 343
342 429
343 41
343 77
343 217
343 301
343 322
343 462
346 125
348 267
349 282
349 476
350 62
350 143
350 246
350 504
353 23
353 106
353 378
353 393
353 406
353 518
354 449
355 91
356 498
357 35
357 56
357 119
357 182
357 210
357 231
357 252
357 273
357 294
357 315
357 336
357 364
357 420
357 434
357 483
362 349
363 148
363 168
363 203
363 321
364 77
364 259
364 280
364 301
364 462
365 132
365 218
368 113
368 378
370 85
370 509
371 41
371 497
372 56
372 237
372 394
372 414
372 431
373 476
375 63
378 119
378 147
378 167
378 182
378 210
378 231
378 252
378 273
378 294
378 315
378 336
378 364
378 399
378 420
384 132
384 195
384 349
384 482
385 259
385 280
385 301
387 237
387 433
391 179
391 414
392 59
392 330
393 113
393 217
393 364
395 468
397 393
399 77
399 98
399 119
399 147
399 196
399 231
399 252
399 273
399 294
399 315
399 350
399 427
399 448
399 483
403 132
405 211
405 335
405 421
406 56
406 182
406 237
406 406
407 365
408 114
408 459
409 171
411 297
413 85
413 150
413 252
413 267
413 282
413 477
413 493
414 100
414 197
414 226
414 321
414 350
414 441
415 45
418 70
420 112
420 210
420 336
420 427
421 394
422 56
426 122
427 231
427 315
428 153
428 246
429 204
429 216
429 342
430 414
434 147
434 168
434 189
434 252
434 273
434 294
434 357
434 378
434 399
434 437
435 107
439 134
440 306
440 384
441 119
441 210
441 321
441 336
441 420
442 231
447 155
447 369
448 174
448 258
449 193
449 288
449 352
449 399
449 437
450 107
454 125
455 245
455 273
455 301
455 385
456 434
460 328
461 239
461 315
461 403
462 119
462 142
462 159
462 203
462 224
462 343
462 420
463 258
464 286
464 358
464 370
468 107
468 197
469 182
471 434
472 384
475 321
475 339
476 147
476 230
476 245
476 273
476 301
476 364
476 399
477 132
477 168
478 260
479 286
483 119
483 153
483 188
483 203
483 224
483 343
483 420
484 378
489 107
489 332
489 356
489 393
490 182
490 316
490 437
491 244
492 132
496 168
496 258
497 147
497 273
497 301
497 364
497 399
498 188
498 224
498 414
500 378
503 286
504 119
504 203
504 231
504 321
504 343
504 427
508 267
510 107
510 125
510 197
510 306
510 437
511 142
511 182
511 252
511 358
511 404
512 168
513 421
514 389
517 157
517 246
517 328
518 273
518 294
518 315
518 378
519 231
520 217
523 173
523 258
524 279
525 119
525 188
525 203
525 301
525 343
525 404
525 427
526 358
529 143
529 373
531 107
531 389
531 437
532 158
532 245
532 330
538 209
538 239
538 258
539 224
539 273
539 294
539 315
539 356
540 175
540 418
542 133
543 403
544 370
545 146
546 119
546 161
546 188
546 203
546 336
546 385
546 427
552 107
552 288
552 309
552 324
552 437
553 218
553 237
553 252
553 267
554 350
555 421
557 124
560 197
566 275
567 112
567 157
567 387
567 434
569 348
575 195
575 300
575 321
580 132
580 414
581 147
581 168
581 189
581 210
581 231
581 252
581 273
581 294
581 315
581 336
581 357
581 378
581 399
582 111
582 435
587 154
587 237
587 393
588 105
588 126
588 217
588 259
588 280
588 301
588 322
588 420
588 441
595 174
596 196
596 350
596 378
597 139
597 365
598 407
602 111
602 125
602 154
602 210
602 231
602 252
602 273
602 294
602 315
602 336
602 392
602 435
603 422
608 237
608 267
608 309
611 199
611 348
617 154
617 392
623 140
623 161
623 203
623 238
623 273
623 308
623 343
623 385
623 406
625 259
625 287
625 322
626 224
627 371
628 174
628 356
629 189
636 132
637 146
637 400
638 203
638 237
638 274
638 308
638 342
638 414
644 160
644 385
