3080
280 203
281 204
282 205
283 206
284 207
285 208
286 209
287 210
288 210
289 210
289 209
290 210
291 210
292 210
293 210
294 210
295 210
296 210
297 210
298 210
299 210
300 210
301 211
301 210
301 209
302 210
303 210
304 210
305 210
306 210
307 210
308 210
308 209
309 210
310 210
311 210
312 210
313 210
314 210
315 210
316 210
317 210
318 210
319 210
320 210
321 210
322 210
323 210
324 210
325 210
326 210
327 210
328 210
329 210
330 210
331 211
332 212
333 213
334 214
335 215
336 216
337 217
338 218
339 219
340 219
341 219
342 219
343 219
344 219
345 219
334 212
335 211
336 210
337 209
338 208
339 207
340 206
341 205
342 204
343 203
344 202
345 201
346 201
309 208
302 208
303 207
304 206
305 205
306 204
307 203
308 202
309 201
310 200
311 199
312 198
313 197
314 196
315 195
316 194
317 193
318 192
319 191
320 190
321 189
322 188
323 187
324 186
325 185
326 184
327 183
328 182
329 181
330 180
330 179
330 178
330 177
330 176
330 175
330 174
330 173
330 172
330 171
330 170
330 169
330 168
330 167
330 166
330 165
330 164
330 163
330 162
330 161
330 160
330 159
330 158
330 157
330 156
330 155
330 154
330 153
330 152
330 151
330 150
331 149
332 148
333 147
334 148
335 149
336 150
337 151
338 152
339 153
340 154
341 155
342 156
343 157
344 158
345 159
346 160
347 161
348 162
349 163
350 163
334 146
335 145
336 144
337 143
338 142
339 141
340 140
340 139
340 138
340 137
340 136
340 135
340 134
340 133
340 132
340 131
340 130
340 129
340 128
340 127
340 126
340 125
340 124
340 123
340 122
340 121
340 120
340 119
340 118
340 117
340 116
340 115
340 114
340 113
340 112
340 111
340 110
341 111
342 112
343 113
344 114
345 115
346 116
347 117
348 118
349 119
350 120
351 121
352 122
353 123
354 124
355 125
356 126
357 127
358 128
359 129
360 130
361 131
362 132
363 133
364 134
365 135
366 136
367 137
368 138
369 139
370 140
371 141
372 142
373 143
374 144
375 145
376 146
377 147
378 148
379 149
380 150
381 151
382 152
383 153
384 154
385 155
386 156
387 157
388 158
389 159
390 160
391 161
392 162
393 163
394 164
395 165
396 166
397 167
398 168
399 169
400 170
401 171
402 172
403 173
404 174
405 175
406 176
407 177
408 178
409 179
410 180
411 181
412 182
413 183
414 184
415 185
416 186
417 187
418 188
419 189
420 190
421 191
422 192
423 193
424 194
425 195
426 196
427 197
428 198
429 199
430 200
431 201
432 202
433 203
434 204
435 205
436 206
437 207
438 208
439 209
440 210
441 211
442 212
443 213
444 214
445 215
446 216
447 217
448 218
449 219
450 220
451 221
452 222
453 223
454 224
455 225
456 226
457 227
458 228
459 229
460 230
461 231
462 232
463 233
464 234
465 235
466 236
467 237
468 238
469 239
470 240
471 241
471 240
472 240
473 240
474 240
475 240
476 240
477 240
478 240
479 240
480 240
481 240
482 240
483 240
484 240
485 240
486 240
487 240
488 240
489 240
490 240
490 239
491 238
492 237
493 236
494 235
495 234
496 233
497 232
498 231
499 230
500 229
501 230
502 231
503 232
504 233
505 234
506 235
507 236
508 237
509 238
510 239
511 240
512 241
501 228
502 227
503 226
504 225
505 224
506 223
507 222
508 221
509 220
494 233
493 232
492 231
491 230
490 229
489 228
488 228
472 242
473 243
474 244
475 245
476 246
477 247
478 248
479 249
480 250
481 251
482 252
483 253
484 254
485 255
486 256
487 257
488 258
489 259
490 260
490 261
490 262
490 263
490 264
490 265
490 266
490 267
490 268
490 269
490 270
489 271
488 272
487 273
486 274
485 275
484 276
484 277
484 278
484 279
484 280
484 281
484 282
491 261
492 262
493 263
494 264
495 265
496 266
497 267
498 268
499 269
500 270
501 271
502 272
503 273
504 274
505 275
506 276
507 277
508 278
509 279
510 280
511 280
512 280
513 280
514 280
514 279
515 280
515 281
516 282
517 283
518 284
519 285
520 286
521 287
522 288
523 289
516 280
517 280
518 280
519 280
520 280
515 278
516 277
517 276
518 275
519 274
520 273
521 272
522 271
523 270
524 269
505 277
504 278
503 279
502 280
501 281
500 282
499 283
500 268
501 267
502 266
503 265
504 264
505 263
506 262
507 261
508 260
509 259
510 258
483 251
484 250
485 249
486 249
476 248
475 249
474 250
473 251
472 252
471 253
470 254
469 255
468 256
467 257
466 258
465 259
459 231
458 232
457 233
456 234
455 235
454 236
453 237
452 238
451 239
450 240
449 241
448 242
447 243
446 244
445 245
444 246
443 247
442 248
441 249
440 250
441 251
442 252
443 253
444 254
445 255
446 256
447 257
448 258
449 259
450 260
439 251
438 252
437 253
436 254
435 255
434 256
433 257
432 258
431 259
430 260
429 261
428 262
429 263
430 264
431 265
432 266
433 267
434 268
435 269
436 270
437 271
438 272
439 273
440 274
441 274
427 263
426 264
425 265
424 266
423 267
422 268
421 269
420 270
419 269
418 268
417 267
416 266
415 265
414 264
413 263
412 262
411 261
410 260
409 260
408 260
407 260
406 260
405 260
404 260
403 260
402 260
401 260
400 260
399 260
398 260
397 260
396 260
396 259
395 260
394 260
393 260
392 261
392 260
391 260
390 260
389 260
388 260
387 260
386 260
385 260
384 260
383 260
382 260
381 260
380 260
379 259
378 258
377 257
376 256
377 255
378 254
379 253
380 252
381 251
375 255
374 254
373 253
372 252
371 251
370 251
369 251
368 251
367 251
366 251
365 251
364 251
363 251
362 251
361 252
361 251
361 250
360 251
360 249
359 248
358 247
357 246
356 245
355 244
354 243
353 242
352 241
351 240
360 253
359 254
358 255
357 256
356 257
355 258
354 259
353 260
352 261
393 262
394 263
395 264
396 265
397 266
398 267
399 268
397 258
398 257
399 256
400 255
401 254
402 253
403 252
404 252
405 252
406 252
407 252
408 252
431 257
430 256
429 256
431 199
432 198
433 197
434 196
435 195
436 194
437 193
438 192
439 191
440 190
441 189
442 188
443 187
444 186
445 185
446 184
447 183
448 182
449 181
450 180
451 179
452 178
453 177
454 176
455 175
456 174
457 173
458 172
459 171
460 170
461 169
462 168
463 167
464 166
465 165
466 164
467 163
468 162
469 161
470 160
471 159
472 158
473 157
474 156
475 155
476 154
477 153
478 152
479 151
480 150
481 149
482 148
483 147
484 146
485 145
486 144
487 143
488 142
489 141
490 140
491 141
492 142
493 143
494 144
495 145
496 146
497 147
498 148
499 149
500 150
501 151
502 152
503 153
504 154
505 155
506 156
507 157
508 158
509 159
510 160
511 161
512 162
513 163
514 164
515 165
516 166
517 167
518 168
519 169
520 170
521 171
522 172
523 173
524 174
525 175
526 176
527 177
528 178
529 179
530 180
529 181
528 182
527 183
526 184
525 185
524 186
523 187
522 188
521 189
520 190
519 191
518 192
517 193
516 194
515 195
515 196
515 197
515 198
515 199
528 176
529 175
530 174
531 173
532 172
533 171
534 170
535 169
536 168
537 167
538 167
491 139
492 138
493 137
494 136
495 135
496 134
497 133
498 132
499 131
500 130
501 129
502 128
503 127
504 126
505 125
506 124
507 123
508 124
509 125
510 126
511 127
512 128
513 129
514 130
515 131
516 132
517 133
518 134
519 135
520 136
508 122
509 121
510 120
506 122
505 121
504 120
503 119
502 118
501 117
500 116
499 115
498 114
497 113
496 112
495 112
352 120
353 120
343 111
344 110
345 109
346 108
347 107
348 106
349 105
350 104
351 103
352 102
353 101
354 100
355 99
349 103
348 102
347 101
346 100
345 99
344 98
343 97
342 96
341 96
339 111
338 112
337 113
336 114
335 115
334 116
333 117
332 117
331 117
330 117
329 117
328 117
327 117
326 117
325 117
324 117
323 117
322 117
321 117
320 117
337 111
336 110
335 109
334 108
333 107
332 106
331 105
330 104
329 103
328 102
327 101
326 100
325 99
324 98
323 97
322 96
321 95
320 95
341 133
342 134
343 135
344 136
345 137
346 138
347 139
348 140
349 141
350 142
338 140
337 139
336 138
335 137
334 136
333 135
332 134
331 133
330 132
329 131
329 154
328 155
327 156
326 157
325 158
324 159
331 168
332 169
333 170
334 171
335 172
336 173
337 174
338 175
339 176
340 177
341 178
342 179
343 180
344 181
345 182
346 183
347 184
348 185
349 186
319 189
318 188
317 187
316 186
315 185
314 184
313 183
312 182
311 181
310 180
309 179
309 178
308 178
307 177
306 176
305 175
304 174
303 173
302 172
301 171
300 170
299 169
298 168
297 167
296 166
295 165
296 164
297 163
298 162
299 161
300 160
301 159
302 158
303 157
294 164
293 163
292 162
291 161
290 160
289 159
288 158
287 157
286 156
287 155
288 154
289 153
290 152
291 151
292 150
293 149
294 148
295 147
296 146
297 145
298 144
299 143
300 142
301 141
302 140
303 139
304 138
305 137
285 155
284 154
283 153
282 152
281 151
280 150
279 149
278 148
277 147
276 146
275 145
274 144
273 143
272 142
271 141
270 140
269 139
268 138
267 137
266 136
265 135
264 134
263 133
262 132
261 131
260 130
259 129
258 128
257 127
256 126
255 125
254 124
253 123
252 122
251 121
250 120
249 119
248 118
247 117
246 116
245 115
244 114
243 113
242 112
241 111
240 110
239 109
238 108
237 107
236 106
235 105
236 104
237 103
238 102
239 101
240 100
241 99
242 98
243 97
244 96
245 95
246 94
247 93
248 92
249 91
250 92
251 93
252 94
253 95
254 96
255 97
256 98
257 99
258 100
259 101
260 102
261 103
262 104
250 90
251 90
252 90
253 90
254 90
255 90
256 90
256 89
257 90
258 90
259 90
260 90
261 90
262 90
263 90
264 90
265 90
266 90
267 90
268 90
269 90
270 90
271 90
272 90
273 90
274 90
275 90
276 90
277 90
278 90
279 90
280 91
280 90
281 92
282 93
283 94
284 95
285 96
286 97
287 98
288 99
289 100
290 101
291 102
292 103
293 104
294 105
295 106
296 107
297 108
291 100
292 99
293 98
294 97
295 96
296 95
297 94
298 93
299 92
300 91
301 91
287 100
286 101
285 102
284 103
283 104
282 105
281 106
280 106
257 88
258 87
259 86
234 104
233 103
232 102
231 101
230 100
229 99
228 98
227 97
226 96
225 97
224 98
223 99
222 100
225 95
224 94
223 93
222 92
221 91
222 90
223 89
224 88
225 87
226 86
227 85
228 84
229 83
220 90
219 90
218 90
217 90
216 90
215 90
214 90
213 90
212 90
211 90
210 90
209 90
208 90
207 90
206 90
205 90
204 90
203 90
202 90
201 90
200 90
199 90
198 90
197 90
196 90
195 90
194 90
193 91
193 90
192 90
192 89
191 90
190 90
189 90
188 90
187 90
186 90
185 90
184 90
183 90
182 90
181 90
180 90
179 89
178 88
177 87
176 86
175 87
174 88
173 89
172 90
171 91
170 92
169 93
168 94
167 95
166 96
165 96
175 85
174 84
173 83
172 82
171 81
170 80
169 80
169 79
168 80
167 80
166 80
165 80
164 80
163 80
162 80
161 80
160 80
159 80
158 80
157 80
156 80
155 80
154 80
153 80
152 80
151 80
150 80
149 81
148 82
147 83
146 84
145 85
144 86
143 87
142 88
141 89
140 90
139 91
139 90
138 90
137 90
136 90
135 90
134 90
133 90
132 90
131 90
130 90
129 90
128 90
127 90
126 90
125 90
124 90
123 90
122 90
121 90
120 90
119 89
118 88
117 87
116 86
115 85
114 84
113 83
112 82
111 81
110 80
109 79
108 80
107 81
106 82
105 83
104 84
103 85
102 86
101 87
100 88
99 89
108 78
107 77
106 76
105 75
106 74
107 73
108 72
109 71
110 70
111 70
104 74
103 73
102 72
101 71
100 70
99 70
98 70
97 70
96 70
95 70
94 70
93 70
92 70
91 70
90 70
140 92
141 93
144 84
143 83
142 82
141 81
140 80
139 79
138 78
137 77
136 76
135 75
134 74
133 73
132 72
170 78
171 77
193 88
194 87
195 86
196 85
197 84
198 83
199 82
194 92
195 93
196 94
197 95
198 96
199 97
200 98
201 99
308 200
307 199
306 198
305 197
304 196
303 195
302 194
301 193
300 193
302 212
303 213
304 214
305 215
306 216
307 217
308 218
309 219
310 220
311 221
312 222
313 223
314 224
315 225
316 226
317 227
318 228
319 229
320 230
321 231
322 232
323 233
324 234
325 235
326 236
327 237
328 238
329 239
330 240
331 241
331 242
331 243
331 244
331 245
331 246
331 247
331 248
331 249
331 250
331 251
331 252
331 253
331 254
331 255
331 256
331 257
331 258
331 259
331 260
321 229
314 226
313 227
312 228
311 229
310 230
309 231
308 232
307 233
306 234
305 235
304 236
303 237
302 238
301 239
300 240
301 241
302 242
303 243
304 244
305 245
306 246
307 247
308 248
309 248
299 241
298 242
297 243
296 244
295 245
294 246
293 247
292 248
291 249
290 250
291 251
292 252
293 253
294 254
295 255
296 256
297 257
298 258
299 259
300 260
301 261
302 262
303 263
304 264
305 265
306 266
307 267
308 268
309 269
310 269
298 260
297 261
296 262
295 263
294 264
293 265
292 266
291 267
290 268
289 269
288 270
287 271
296 242
295 241
294 240
293 239
292 238
291 237
290 236
289 235
288 234
287 233
286 232
285 231
284 231
306 232
305 231
304 230
303 229
302 228
301 227
300 227
283 208
282 209
281 210
280 210
278 203
277 204
276 205
275 206
274 207
273 208
272 209
271 210
270 210
269 210
268 210
267 210
266 210
265 210
264 210
263 210
262 210
261 210
260 210
259 210
258 210
258 209
257 210
256 210
255 210
254 210
253 210
252 210
251 210
250 210
249 210
248 210
247 210
246 210
245 210
244 211
244 210
243 210
242 210
241 210
240 210
239 210
238 210
237 210
236 210
235 210
234 210
233 210
232 210
231 210
230 210
229 211
229 210
228 210
227 210
226 210
225 210
224 210
223 210
223 209
222 210
221 210
220 210
219 210
218 210
217 210
216 210
215 210
214 210
213 210
212 210
211 210
210 210
209 210
208 210
207 210
206 210
205 210
204 210
203 210
202 210
201 210
201 209
200 210
200 211
199 212
198 213
197 214
196 215
195 216
194 217
193 218
192 219
191 220
199 209
198 208
197 207
196 206
195 205
194 204
193 203
192 202
191 201
190 200
189 200
188 200
187 200
186 200
185 200
184 200
183 200
182 200
181 200
180 200
180 199
179 200
178 200
177 200
176 200
175 200
174 200
173 200
172 200
171 200
170 200
169 200
168 200
167 200
166 200
165 200
164 200
163 200
162 200
161 200
160 200
159 200
158 200
157 200
156 200
156 199
155 200
154 200
153 200
152 200
151 201
151 200
150 200
149 200
148 200
147 200
146 200
145 200
144 200
143 200
142 200
141 200
140 200
139 201
139 200
138 200
137 200
136 200
135 200
134 200
133 200
132 200
131 200
130 200
129 200
128 200
127 200
126 200
125 200
124 200
123 200
122 200
122 199
121 200
120 200
119 200
118 200
117 200
116 200
115 200
114 200
113 200
112 200
111 200
110 200
109 199
108 198
107 197
106 196
105 195
104 194
103 193
102 192
101 191
100 190
99 190
98 190
97 190
96 190
95 190
94 190
93 190
92 190
91 190
90 190
89 190
89 189
88 190
87 190
86 190
85 190
84 190
83 190
82 190
81 190
80 190
79 191
78 192
77 193
76 194
75 195
74 196
73 197
72 198
71 199
70 200
69 201
70 202
71 203
72 204
73 205
74 206
75 207
76 208
77 209
78 210
79 211
80 212
81 213
82 214
83 215
84 216
85 217
86 218
87 219
88 220
89 220
83 213
84 212
85 211
86 210
68 202
67 203
66 204
65 205
64 206
63 207
64 208
65 208
62 208
61 209
60 210
59 211
58 212
57 213
56 214
55 215
54 216
53 217
52 218
51 219
50 220
51 221
52 222
53 223
54 224
55 225
56 226
57 227
58 228
59 229
60 230
61 231
62 232
63 233
64 234
65 235
66 236
67 237
68 238
69 239
70 240
64 232
65 231
66 230
67 229
68 229
56 228
55 229
54 230
53 230
49 221
48 222
47 223
46 224
45 225
44 226
43 227
42 228
41 229
40 230
41 231
42 232
43 233
44 234
45 235
46 236
47 237
48 238
49 239
39 230
38 230
37 230
36 230
35 230
34 230
33 230
32 230
31 230
30 230
49 219
48 218
47 217
46 216
45 215
44 214
43 213
42 212
41 211
42 210
43 209
44 209
40 210
39 209
38 208
37 207
36 206
35 205
34 204
33 205
32 206
31 207
30 208
29 209
33 203
32 202
31 201
30 200
31 199
32 198
33 197
34 196
35 195
36 194
37 193
38 192
39 191
39 190
39 189
39 188
71 197
70 196
69 195
68 194
67 193
66 192
65 191
64 190
63 189
62 188
61 187
60 186
88 188
87 187
86 186
85 185
84 184
83 183
82 182
81 181
80 180
79 179
78 178
77 177
76 176
75 175
74 174
73 173
72 172
71 171
70 170
69 169
68 168
67 167
66 166
65 165
64 164
63 163
62 162
61 161
60 160
59 159
58 158
57 159
56 160
55 161
54 162
53 163
52 164
51 165
57 157
56 156
55 155
54 154
53 153
52 152
51 151
50 150
49 151
48 152
47 153
46 154
45 155
44 156
43 157
42 158
41 159
40 160
39 161
38 162
37 163
36 164
35 165
34 166
33 167
32 168
31 169
30 170
49 149
48 148
47 147
46 146
45 145
44 144
43 143
42 144
41 145
40 146
39 147
38 148
37 149
36 149
35 149
34 149
33 149
32 149
31 149
30 149
42 142
41 141
40 140
39 139
40 138
41 137
42 136
43 135
44 134
45 133
46 132
47 131
48 130
49 129
50 129
38 138
37 137
36 136
35 135
34 134
33 133
32 132
31 131
30 130
30 129
30 128
30 127
30 126
30 125
30 124
30 123
30 122
30 121
30 120
30 119
30 118
30 117
30 116
30 115
30 114
30 113
30 112
30 111
30 110
30 109
30 108
30 107
30 106
30 105
30 104
30 103
30 102
30 101
30 100
30 99
30 98
30 97
30 96
30 95
30 94
30 93
30 92
30 91
30 90
30 89
30 88
30 87
30 86
30 85
30 84
30 83
30 82
30 81
30 80
31 79
31 78
31 77
31 76
31 75
31 74
31 73
31 72
31 71
31 70
31 69
31 68
31 67
31 66
31 65
31 64
31 63
31 62
31 61
31 60
32 61
33 62
34 63
35 64
36 64
37 64
38 64
39 64
40 64
41 64
42 64
43 64
44 64
45 64
46 64
47 65
47 64
48 64
49 64
50 64
51 64
48 66
49 67
50 68
51 69
52 70
53 71
54 72
55 73
56 74
57 75
58 76
59 77
60 78
61 79
62 80
63 81
64 82
65 83
66 84
67 85
68 86
69 87
70 87
71 87
72 87
73 87
74 87
75 87
76 87
77 87
78 87
79 87
60 76
61 75
62 74
63 73
64 72
65 71
66 70
67 69
68 68
69 67
70 66
71 65
72 65
57 77
56 78
55 79
54 80
53 81
52 82
51 83
50 84
49 85
48 86
47 87
46 88
45 89
46 90
47 91
48 92
49 93
50 94
51 95
52 96
53 97
54 98
55 99
56 100
57 101
58 102
59 103
59 104
59 105
31 103
32 104
33 105
34 106
35 107
36 108
37 109
38 110
101 189
123 198
124 197
125 196
126 195
127 194
128 193
138 202
137 203
136 204
135 205
134 206
133 207
132 208
131 209
130 210
131 211
132 212
133 213
134 214
135 215
136 216
137 217
138 218
139 219
140 220
129 211
128 212
127 213
126 214
125 215
124 216
123 217
122 218
121 219
120 220
119 221
118 222
117 223
116 224
115 225
114 226
113 227
114 228
115 229
116 230
117 231
118 232
119 233
120 234
121 235
122 236
123 237
124 238
125 239
126 240
127 241
128 242
129 243
130 243
131 244
132 244
133 244
134 244
135 244
136 244
137 244
138 244
139 244
140 244
141 244
142 244
143 244
144 244
145 244
146 244
147 244
148 244
149 244
150 244
112 228
111 229
110 230
109 231
108 232
107 233
106 234
105 235
104 236
103 237
104 238
105 239
106 240
107 241
108 242
109 243
102 238
101 239
100 240
99 241
98 241
97 241
96 241
95 241
94 241
93 241
92 241
91 241
119 219
152 202
153 203
154 204
155 205
156 206
157 207
158 208
159 209
160 210
161 211
162 212
163 213
164 214
165 215
166 216
167 217
168 218
169 219
170 220
165 217
164 218
163 219
162 220
161 221
157 198
158 197
159 196
202 208
203 207
204 206
205 205
206 204
207 203
208 202
209 201
224 208
225 207
226 206
227 205
228 204
229 203
230 202
228 212
227 213
226 214
225 215
224 216
223 217
224 218
225 219
226 220
227 221
228 222
229 223
230 224
231 225
232 226
233 227
234 228
235 229
236 230
237 230
222 218
221 219
220 220
219 221
218 222
217 223
216 224
215 225
214 226
213 227
214 228
215 229
216 229
212 228
211 229
210 230
209 231
208 232
207 233
206 234
205 235
204 236
203 237
202 238
201 239
200 240
201 241
202 242
203 243
204 244
205 245
206 246
207 247
208 248
209 249
210 250
211 251
212 252
213 253
214 254
215 255
216 256
217 257
218 258
219 259
220 260
221 261
222 262
223 263
224 264
225 265
226 266
227 267
228 268
229 269
230 270
231 271
232 272
233 273
234 274
235 275
236 276
237 277
238 278
239 279
240 280
241 281
242 282
243 283
244 284
245 285
246 286
247 287
248 288
249 289
250 290
250 291
250 292
250 293
250 294
250 295
250 296
250 297
250 298
250 299
250 300
250 301
250 302
250 303
250 304
250 305
250 306
250 307
250 308
250 309
250 310
250 311
250 312
250 313
250 314
250 315
250 316
250 317
250 318
250 319
250 320
250 321
250 322
250 323
250 324
250 325
250 326
250 327
250 328
250 329
250 330
251 326
252 327
253 328
254 329
255 330
256 331
257 332
258 333
259 334
260 335
261 336
251 301
252 302
253 303
254 304
255 305
256 306
257 307
258 308
259 309
260 310
261 311
262 312
263 313
264 314
265 315
266 316
266 315
267 317
268 318
269 319
270 320
271 321
272 322
273 323
274 324
275 325
276 326
277 327
278 328
279 329
280 330
281 331
282 332
283 333
284 334
285 335
286 336
287 337
288 338
289 339
290 340
291 341
292 342
293 343
294 344
295 345
296 346
297 347
298 348
299 349
300 350
301 351
302 352
303 353
304 354
305 355
306 356
307 357
308 358
309 359
310 360
311 361
312 362
313 363
314 364
315 365
316 366
316 367
316 368
316 369
316 370
311 359
312 358
313 357
314 356
315 355
316 354
317 353
318 352
319 351
301 349
302 348
303 347
304 346
305 345
306 344
307 343
308 342
309 341
310 340
311 339
312 338
313 337
314 336
315 335
316 334
317 333
318 332
319 331
320 330
294 346
293 347
292 348
291 349
290 350
289 351
288 352
287 353
286 354
285 355
284 356
285 357
286 358
287 359
288 360
289 361
290 362
291 363
292 364
293 365
294 366
295 366
283 357
282 358
281 359
280 360
285 353
284 352
283 351
282 351
295 343
296 342
297 341
298 340
299 339
300 339
281 329
282 328
283 327
284 326
285 325
286 324
287 323
288 322
289 321
290 320
291 319
292 318
293 317
294 316
295 315
296 314
297 315
298 316
299 317
300 318
301 318
297 313
298 312
299 311
300 310
301 309
302 308
303 307
304 306
305 305
306 304
307 303
308 302
309 301
310 300
311 299
312 300
313 301
314 302
315 303
316 304
317 305
318 306
319 307
320 308
321 309
322 309
312 298
313 297
314 296
315 295
316 294
317 293
318 292
319 291
320 290
321 289
322 288
323 287
324 286
325 285
326 284
327 283
328 282
329 281
330 281
331 281
308 300
307 299
306 298
305 297
304 296
303 295
302 294
301 293
300 292
299 291
298 290
297 290
293 315
292 314
291 313
290 312
289 311
288 310
287 310
257 309
256 310
252 300
253 299
254 298
255 297
256 296
257 295
258 294
259 293
260 292
261 291
262 290
263 291
264 292
265 292
266 292
267 292
268 292
269 292
270 292
271 292
272 292
273 292
274 292
275 292
276 292
249 296
248 297
247 298
246 299
245 300
244 301
243 302
242 303
241 304
240 305
239 306
238 307
237 308
236 309
247 285
248 284
249 283
250 282
251 281
252 281
241 279
242 278
243 277
244 276
245 275
246 274
247 273
248 272
249 271
250 270
251 269
252 268
253 267
254 266
255 265
256 264
257 263
258 262
259 263
260 264
261 265
262 266
263 267
264 268
265 269
266 270
267 271
259 261
260 260
261 259
262 258
263 257
264 256
265 255
266 254
267 253
268 252
269 251
257 261
256 260
255 259
254 258
253 257
252 256
251 255
250 254
249 253
248 252
247 251
246 251
234 276
233 277
232 278
231 279
230 280
229 281
228 282
227 283
226 284
225 285
224 286
223 287
222 288
221 289
220 290
219 291
218 292
217 293
216 294
215 295
214 296
213 297
212 298
211 299
210 300
209 301
208 302
207 303
206 304
205 305
204 306
203 307
202 308
201 309
200 310
199 311
198 312
197 313
196 314
195 315
194 316
193 317
192 318
191 319
190 320
191 321
192 322
193 323
194 324
195 325
196 326
197 327
198 328
199 329
200 330
201 331
202 332
203 333
204 334
205 335
206 336
207 337
208 338
209 339
210 340
211 341
212 342
213 343
214 344
215 345
216 346
217 347
218 348
219 349
220 350
215 343
216 342
217 341
218 340
219 339
220 338
221 337
222 336
223 335
224 336
225 337
226 338
227 339
228 340
229 341
230 342
231 343
232 344
233 345
234 346
235 347
236 348
237 349
238 350
239 351
240 351
241 352
242 353
243 354
244 355
245 356
246 357
247 357
248 357
249 357
250 357
251 357
252 357
253 357
254 357
255 357
256 357
257 357
258 357
259 357
260 357
224 334
225 333
226 332
227 331
228 330
229 330
203 335
202 336
201 337
200 338
199 339
198 340
197 340
196 341
195 342
195 343
195 344
195 345
195 346
195 347
202 330
203 329
204 328
205 327
206 326
207 325
208 324
209 323
210 322
211 322
191 323
190 324
189 325
188 326
187 327
186 328
185 329
184 330
183 331
182 332
181 333
180 334
179 335
178 336
177 337
176 338
175 339
174 340
185 327
184 326
183 325
182 324
181 323
180 322
179 321
178 320
177 319
176 318
175 317
174 317
218 256
219 255
220 254
221 253
222 252
223 251
224 250
206 248
205 249
204 250
203 251
199 241
198 242
197 243
196 244
195 245
194 246
193 247
192 248
191 248
190 248
189 248
188 248
187 248
186 248
185 248
184 248
183 248
182 248
181 248
180 248
179 247
178 246
177 245
176 244
175 243
174 242
173 241
172 241
171 241
245 212
246 213
247 214
248 215
249 216
250 217
251 218
252 219
253 220
254 221
255 222
256 223
257 224
258 225
259 226
260 227
261 228
262 229
263 230
259 208
260 207
261 206
185
29 209
30 80
30 101
30 130
30 149
30 170
30 200
30 230
31 60
37 149
38 110
39 188
44 209
45 89
48 148
49 239
50 129
51 64
51 165
53 230
59 105
60 186
65 208
66 84
68 229
70 240
72 65
79 87
80 190
86 210
89 220
90 70
91 241
99 89
101 189
109 243
110 200
110 230
111 70
119 219
120 90
128 193
130 243
132 72
140 220
141 93
149 200
150 80
150 244
159 196
161 221
165 96
170 220
171 77
171 241
174 317
174 340
180 90
180 199
180 248
190 320
191 220
195 347
197 340
199 82
200 210
200 240
201 99
203 251
209 201
211 322
216 229
220 90
220 350
222 100
224 250
229 83
229 330
230 202
230 210
236 309
237 230
238 102
240 351
246 251
250 90
250 330
251 210
252 281
256 310
259 86
260 260
260 357
261 206
261 336
262 104
262 290
263 230
266 315
267 271
269 251
276 292
280 90
280 106
280 210
280 330
280 360
282 351
284 231
287 271
287 310
289 209
290 250
295 366
297 108
297 290
300 193
300 227
300 339
301 91
301 318
303 157
305 137
309 178
309 208
309 248
310 269
310 360
316 370
319 351
320 95
320 117
320 290
320 330
321 189
321 229
322 309
324 159
329 131
330 150
330 180
330 210
330 240
331 260
331 281
340 110
341 96
345 219
346 201
349 186
350 142
350 163
351 240
352 261
353 120
355 99
360 251
380 260
381 251
399 268
401 254
408 252
420 270
429 256
441 274
450 260
465 259
484 282
486 249
488 228
490 240
490 270
495 112
499 283
509 220
510 120
510 258
512 241
515 199
520 136
520 280
523 289
524 269
530 180
538 167
