....................................................................................MMT...................................................................................................................................................................
..........................................................................................................................................................................................................................................................
..........................................................................................................................................................................................................................................................
..........................................................................................................................................................................................................................................................
.....................................................................TTM..................................................................................................................................................................................
.....................................................................TTT..................................................................................................................................................................................
.....................................................................MTT..................................................................................................................................................................................
.....................................................................MTT..................................................................................................................................................................................
..........................................................................................................................................................................................................................................................
..........................................................................................................................................................................................................................................................
.....................................................................................................................................................................................................................................MM...................
.....................................................................................................................................................................................................................................TM...................
.............TT...............................................................MMT....................................TTT.......................................................MT......MMT.........................................T......................
.............TT...............................................................MMM....................................MTM.......................................................TM......MMM.........................................T......................
..............................................................................MMT..............................................................................................MM......MMM.........................................T......................
..............................................................................MMM..................................................................................................................................................T......................
...................................................................................................................................................................................................................................T......................
..........................................................................................................................................................................................................................................................
..........................................................................................................................................................................................................................................................
....................................................................................................................................................................................................................................MMT...................
.............TT...........................................................................................................................................................................................................................................
...............................................................................................................................................................................MM.........................................................................
.....................................................................................................................MMM.......................................................TM.........................................................................
......TT.............................................................................................................MMM.......................................................MM......TMT................................................................
......TTM...................MM....TT.............................................MMT....................................TTM.....................................T...........................................MMM...........................................
............................MM...................................................TTM............................................................................T.........................................................................................
.................................................................................T..............................................................................T.........................................................................................
.................................................................................T..............................................................................T.........................................................................................
.................................................................................T.................................................M............................T.....................................MTT.................................................
........M........................................................................T.................................................M............................T.........................................................................................
........M........................................................................T.......................M.........................M............................T.........................................................................................
........M.........................TT.............................................T.......................M.........................MT...........................T.............................................................T...........................
........M.........................TT.....................................................................M.........................MT...........................T.............................................................T...........................
........T.........................TT.....................................................................T.........................TT.................................................................TTT.......TT............T...........................
........M.........................TT.....................................................................M.......................TTTM.................................................................TTM.......TT............T...........................
......MMM.........................MT.....................................................................M.......................MTTT.................................................................MTT.......TT............T...........................
TT......................................M....MMM.....................................................................TTM.......................................MT.................................................TTM.....................................
........................................M............................................................................MMM.......................................MM.........................................................................................
........................................M............................................................................MMM..................................................................................................................................
........................................M.................................................................................................................................................................................................................
........................................M.................................................................................................................................................................................................................
........................................M.................................................................................................................................................................................................................
........................................M.................................................................................................................................................................................................................
........................................M............................................................................MMM........................TTT.................................MMM...................................................................
........................................M.................................................................................................................................................................................................................
........................................T.................................................................................................................................................................................................................
........................................T................................................................................................................TT...............................................................................................
........................................M................................................................................................................TM.......................MM......................................................................
......................................................................................................MMM.........................................................................TM...........................TMM...........................TM....TTT....
..................................................................................................................................................................................TT.........................................................MM...........
.............................................................................................................................................................................................................................................MM...........
.............................................................................................................................................................................................T...............................................MM...........
.............................................................................................................................................................................................T...............................................MT...........
.............................................................................................................................................................................................T...............................................MM....MTM....
.............................................................................................................................................................................................T.....................................................TTT....
.............................................................................................................................................................................................T.....................................................MTT....
................................................MMT..........................................................................................................................................T............................................................
................................................MMM.......................................................................................................................................................................................................
................................................MMT.......................................................................................................................................................................................................
.............................................TT.TMM........................................................................................................................TTT............................................................................
................................................................TT................................................TTT....TM...............................................................................................................MTM.............
..................................................................................................................TTT....TT...............................................................................................................MMM.............
..................................................................................................................TMT....TT...............................................................................................................................
..................................................................................................................MTT.....................................................................................................................................
.....................................TT.............................................................................................................................................................................................TM.........M..........
....................................................................................................................................................................................................................................MM.........M..........
..............................................................................................................................................................................................................................T...........TMM..M..........
..............................................................................................................................................................................................................................T...........MMM..M..........
..............................................................................................................................................................................................................................M...........MMM..M..........
..............................................................................................................................................................................................................................T...........TTM..M..........
..............................................................................................................................................................................................................................T...........MMMMMM..........
.....................TTT.............TM...TTM.................................................................................................................................................................................T...........MMTMMM..........
.....................................................................TTT....................................TTT........MTMM..............................TMT...TTT..................TMM...................................................................
.....................................................................TTT...............................................MMMT..............................TTT...TMT..................TMM...................................................................
.....................................................................MTT...............................................M..M....................................TTM........................................................................................
.....................................................................TTM...............................................M..M...............................................................................................................................
.......................................................................................................................M..M...............TTT...................................................................................................MMM.......
............................................................................................................TMT........T..T...............TTT.............................................................................................................
............................................................................................................MMT...........M...............TTM.............................................................................................................
...........................................................................TTT............................................M...............MMT.............................................................................................................
........................................................................................................................MMM........................................................................MMM....................................................
........................................................................................................................MMM........................................................................MMM....................................................
.....................................................................................................................MMMMMT..............................TTT........................MMM............MMT....................................................
............................................................................................................TTT......MTMMTM..............................MTT...TTT..................MTM............MTM................................................TMT.
............TMM.................M.........TMM.........MM..........MMM........................................................M........................TM............................................MM...................................................T
............MMM.................M............................................................................................M........................MT.................................................................................................T
................................M............................................................................................M........................TT.................................................................................................T
................................M............................................................................................M........................TT.................................................................................................T
................................M............................................................................................M........................TT.................................................................................................M
................................M.........TTT................................................................................M...........................................................................................................................T
............MMM...........................TTT............................................................................................................................................................................................................T
............MMM...........................TTT..................................................................................................................................................................MMM......M................................M
........................................................................................................................................................................................................................M................................T
........................................................................................................................................................................................................................M................................T
........................................................................................................................................................................................................................M................................T
...................................................................................................MMM................................................TT................................................................M..MM............................M
MTM..................TTM.............................................MMM..........................................MM.....................................TTT...............MTM................................................TT..........................
MMM..................TTT.............................................TMM..........................................MM.....................................T.................TTM................................................TM..........................
MTM....................................................................M..........................................MM.....................................T....................................................................MM..........................
MMM....................................................................M..........................................MM.....................................T....................................................................MM..........................
.......................................................................M..........................................MT.....................................M....................................................................MM..........................
.......................................................................M..........................................MT.....................................T....................................................................MM..........................
.......................................................................M.............................................MT..................................T.................MMM............................................................................
.......................................................................M.............................................MT...................................................................................................................................
.....................................................................................................................MM...................................................................................................................................
.....................................................................................................................MM...................................................................................................................................
.....................TTM.............................................................................................MM...................................................................................................................................
.....................TTT......................TT.....................................................................TM..................................TTT...............MMM............................................................................
............MMT..................................................................................................................................................................T...........................................................MTT..........
............TMM..................................................................................................................................................................M...........................................................MTT..........
.................................................................................................................................................................................M...........................................................TTT..........
.................................................................................................................................................................................M...........................................................TTM..........
.................................................................................................................................................................................T........................................................................
.................................................................................................................................................................................M........................................................................
............T....................................................................................................................................................................T........................................................................
............T...............................................................................................MMT..............................MMT.................................M..............MMM.......................................................
............T....................................................................................................................................................................M........................................................................
............T....................................................................................................................................................................M........................................................................
............T....................................................................................................................................................................M........................................................................
............T..MM........................................TT.......................................................................................................TTT............M........................................................................
......................................................................................................................................................................................................................................................TTM.
..........................................................................................................................................................................................................................................................
..........................................................................................................................................................................................................................................................
..........................................................................................................................................................................................................................................................
.....................TTT..................................................................................................................................................................................................................................
.....................TTM..............................................................................................................................................................................................................................TTT.
.....................TTT..............................................................................................................................................................................................................................TTM.
.....................MMT..............................................................................................................................................................................................................................TTT.
..........................................................................................................................................................................................................................................................
..........................................................................................................................................................................................................................................................
..........................................................................................................................................................................................................................................................
............................................................................................................................................................................MT............................................................................
...........................................................................MTM...MMM....................................MMM.........MTT.....................TM..................................TTT..........................................TT...........
.................................................................................M......................................MTT.........TTT.........................................................TMT.......................................................
.................................................................................M..................................................TTT...................................................................................................................
.................................................................................M...........................TM.....................MTT...................................................................................................................
.....................MMM.........................................................M...........................MM...........................................................................................................................................
.....................MMM.........................................................M...........................MM...........................................................................................................................................
.......................M.........................................................M......................................MMT.....................................................................MMM.......................................................
...............MMM.....M.........................................................MMM........................................................................TT..................................MMM..........................................TT...........
.......................T.........................................................TMM......................................................................................................................................................................
.......................M.........................................................MMM......................................................................................................................................................................
.......................M.........................................................TMM......................................................................................................................................................................
.......................M.........................................................MMM....................................TMM...............................................................................................................................
..........................................................................................MT................................................................TTM.........MMM......MMM...............TTM.................................TT..........MT.....
........................................................................................................................................................................TMM........................................................................MM.....
...................................................................................................................................................................................................................................................MM.....
...................................................................................................................................................................................................................................................MM.....
...........................................................................M.......................................................................................................................................................................MM.....
...........................................................................M.......................................................................................................................................................................MM.....
...........................................................................M............................................................................................MMM..........................................T....................................
...........................................................................M.........................................................................................................................................T....................................
...........................................................................T.........................................................................................................................................T....................................
...........................................................................M.........................................................................................................................................T....................................
...........................................................................TMM.......................................................................................................................................T....................................
...........................................................................MMM..........................................................................................MMM..........................................T....................................
.............TT...........................MTM.............................................MTT.............................................................................................MTM.............................................................
..........................................MMM.............................................TTT.............................................................................................T...............................................................
..........................................................................................MTT.............................................................................................T...............................................................
..........................................................................................TTT.............................................................................................T...............................................................
.........................................................................................................MMT...........................T..................................................T...............................................................
.......................................................................................................................................T..................................................T...............................................................
..........................................MMM..........................................................................................T..................................................T...............................................................
..........................................MMM...MMM....................................................................................M..................................................TTT.............................................................
.......................................................................................................................................M..................................................................................................................
.......................................................................................................................................T..................................................................................................................
.......................................................................................................................................TTT................................................................................................................
.......................................................................................................................................TTM................................................................................................................
.............MM.............................................................................................TMT.........MMT...............TMM...........................TTT.......................................TTM.................................MM..
.............MM.............................................................................................MMM.........TMM...............TMM...........................TTT...........................................................................MT..
............................................................................................................TMM...........................MMM...........................TTM...........................................................................TM..
............................................................................................................MMM...........................MTM.........................................................................................................MM..
......................................................................................................................................................................................................................................................MM..
..................................................................................................................................................................................................................TTT.....................................
........................................................................................................................MMM.......................................................................................TMT.....................................
........................................................................................................................MTM.............................................TTT.......................................TTT.....................................
..........................................................................................................................................................................................................................................................
..........................................................................................................................................................................................................................................................
..........................................................................................................................................................................................................................................................
.................................MMM..................................................................................................................................................................................................................MM..
.....................MTTMMT.........................................................................................................MMM...MMM......MTM.......MM...............TM........................................MMM...............................
.....................TTT............................................................................................................MTT...MTM......TMM........................MM..........................................................................
.....................TTT............................................................................................................M.....MTT.................................MM..........................................................................
.....................TTM............................................................................................................M.....MMM.................................MT..........................................................................
................................................................MM..................................................................M.........................................MM.................................................TTT......................
........................MMM.....................................MM..................................................................M.........................................TM.................................................TTM......................
........................TMM.........................................................................................................M..............MMM...........................................................................T........................
MMM.....................MMM.........................................................................................................T..............MTM...........................................................................T........................
........................MMM......................................................................................................................................................................................................T........................
........................MTT......................................................................................................................................................................................................T........................
........................MMM......................................................................................................................................................................................................M........................
........................MTM.........MMM..........................................................................................................................................................................................T........................
......TMT......TTMTM................MMMTMT............MT.......................MMTTMTMM.........TMMMTM.................................TT........TT...MT.......MMT.........................MMMTTTMMTTT......MMM..............................TTM.........M
..................MM................MTMMTT............TM.......................MMTMTTTT.........TTMMMT.................................TT.............MT.......MTM.........................MTTTTTMMTTT...................................................T
....................................MTTTTT..........................................TTM............MMM.........................................................MMM...........................MMTMMMTMT...................................................M
....................................MMMMTT..........................................TTT........................................................................MMT...........................TTT.........................................................T
.....................................................................................................................................................................MTT.................................................................................T
...............TTT...................................................................................................................................................TTT....................................TTT..........................................T
...............TTT...............................................................TMT............MMM..................................................................MTT....................................TMT..........................................M
...............TTM.................................TMM.....................TMT...TTT...TTT......MMTMMT...........................................MM..................TTM........................TTMMMM......TMT.....................TTT..................T
