812
121 91
122 92
123 93
124 94
125 95
126 96
127 97
128 98
129 99
130 100
131 101
132 102
133 103
134 104
135 105
136 105
137 106
138 107
139 108
140 109
141 110
142 111
143 112
144 113
145 114
146 115
147 116
148 117
149 118
150 119
151 120
152 121
153 122
154 123
155 124
156 125
157 126
158 127
159 128
159 129
160 130
161 131
162 132
163 133
164 134
165 135
166 136
167 137
168 138
169 139
170 140
171 141
172 142
173 143
174 142
175 141
176 140
177 139
178 139
179 139
180 139
181 138
182 137
183 136
184 135
185 134
186 133
187 132
188 131
189 130
190 129
191 130
192 131
193 130
194 129
195 128
196 127
197 126
198 125
199 124
200 123
201 122
202 123
203 124
204 125
205 126
202 121
203 120
204 119
204 118
204 117
204 116
204 115
204 114
204 113
204 112
204 111
204 110
204 109
204 108
204 107
204 106
205 105
204 104
204 103
204 102
204 101
204 100
204 99
204 98
204 97
204 96
204 95
204 94
205 94
189 128
188 127
187 126
186 125
185 124
184 123
183 122
182 121
181 120
181 119
181 118
161 133
160 134
159 135
158 136
157 137
156 138
155 139
154 140
153 141
152 142
152 143
148 115
149 114
150 113
151 112
152 111
153 110
154 109
155 108
156 107
157 108
158 108
144 115
143 116
142 117
141 118
140 119
139 120
138 121
137 122
136 123
135 124
134 125
133 126
132 127
131 128
130 129
129 130
128 131
127 132
126 133
125 134
124 135
123 136
124 137
125 138
126 139
127 140
128 141
129 142
130 143
131 143
122 135
121 134
120 133
119 132
118 131
117 130
116 130
115 130
114 130
113 130
112 130
111 130
110 131
109 132
108 133
107 134
106 135
105 136
106 137
107 138
108 139
109 140
110 141
111 142
111 143
104 135
103 134
102 133
101 132
100 133
99 134
98 135
97 136
96 137
95 138
94 139
93 140
92 141
91 142
90 143
100 131
99 130
98 129
97 128
96 127
95 126
94 125
93 124
92 123
91 123
90 122
89 121
88 120
87 119
86 118
85 117
84 116
83 117
82 118
81 119
80 120
79 121
78 122
77 123
76 124
75 125
74 126
73 127
72 128
71 129
71 130
71 131
70 132
69 133
68 134
67 135
66 136
65 137
64 138
65 139
66 140
67 141
68 142
69 143
63 139
62 140
61 141
60 142
59 143
58 142
57 141
56 140
55 139
54 138
53 137
52 136
51 135
50 134
49 133
48 132
47 131
46 130
45 129
44 128
43 127
42 126
41 125
40 124
39 123
38 122
37 123
36 124
35 125
34 126
33 127
39 121
40 120
41 119
42 118
43 117
44 116
45 115
46 114
47 113
48 112
48 111
47 110
46 109
45 108
44 107
43 106
42 105
41 104
40 103
39 102
38 103
37 104
36 105
35 106
34 107
33 108
33 109
40 101
41 100
42 99
43 98
44 97
45 96
46 95
47 94
48 93
49 92
50 91
51 90
51 89
52 88
53 87
54 86
55 85
56 84
57 83
58 82
59 81
60 80
61 79
62 78
63 77
64 78
65 79
66 80
67 81
68 82
69 83
70 84
71 85
72 86
66 78
67 77
68 76
69 75
70 74
71 73
72 72
73 71
73 70
74 69
75 68
76 67
77 66
78 65
79 64
80 64
81 64
82 64
83 64
84 64
85 63
86 64
87 65
88 66
89 67
90 68
91 69
92 70
93 71
86 62
87 61
88 60
89 59
90 58
91 57
92 56
93 56
94 55
95 54
96 53
97 52
98 51
99 50
100 49
101 48
101 47
102 46
103 45
104 44
105 43
106 42
107 42
108 43
109 44
110 45
111 46
112 47
113 48
114 49
115 50
116 51
117 52
118 53
119 54
120 55
121 56
122 57
123 58
124 59
125 60
126 61
127 62
128 63
129 64
130 65
131 66
132 67
133 68
134 69
135 70
136 71
136 72
129 62
130 61
131 60
132 59
133 58
134 57
135 56
136 56
137 56
137 55
138 54
139 53
140 52
141 51
142 50
143 49
144 48
145 49
146 50
147 51
148 52
149 53
150 54
151 55
152 56
153 57
154 58
155 59
156 60
157 61
157 62
157 63
157 64
157 65
157 66
157 67
157 68
157 69
157 70
157 71
158 72
159 73
159 74
160 75
161 76
162 77
163 78
164 79
165 80
164 81
163 82
162 83
161 84
160 85
159 86
158 87
157 88
156 89
155 90
154 91
153 92
166 80
167 80
168 81
169 82
170 83
171 84
172 85
173 86
174 87
175 88
176 89
177 90
178 91
179 92
180 93
181 94
181 95
181 96
181 97
173 84
174 83
175 82
176 81
177 80
178 79
179 78
180 77
181 76
182 75
183 74
184 73
185 72
186 71
187 70
188 69
189 68
190 67
191 66
192 65
193 64
194 65
195 66
196 66
197 66
198 67
199 68
200 69
201 70
202 71
203 72
204 73
205 73
194 63
195 62
196 61
197 60
198 59
199 58
200 57
201 56
202 55
203 54
204 53
205 52
203 52
202 51
201 50
200 49
199 48
198 47
197 46
196 45
195 44
194 43
193 42
192 41
191 40
190 39
189 39
188 39
187 39
186 39
185 39
184 38
183 37
182 36
181 35
180 34
179 34
178 34
177 34
176 34
175 34
174 34
173 34
172 34
191 64
190 63
189 62
188 61
187 60
186 59
185 58
184 57
183 56
182 55
181 55
156 58
157 57
158 56
143 47
142 46
141 45
140 44
141 43
142 42
143 41
144 40
145 39
146 38
147 37
148 36
149 35
150 34
151 34
139 43
138 42
137 41
136 40
135 39
134 38
133 37
132 36
131 35
130 34
123 60
122 61
121 62
120 63
119 64
118 65
117 66
116 67
115 68
108 41
109 40
109 39
109 38
109 37
109 36
109 35
109 34
100 46
99 45
98 44
97 43
96 42
95 41
94 40
93 39
92 38
91 37
90 36
89 35
88 34
78 63
77 62
76 61
75 60
74 59
73 58
72 57
71 56
60 78
59 77
58 76
57 75
56 74
55 73
54 72
53 71
52 70
51 69
50 68
49 67
48 66
47 65
46 64
45 63
44 62
43 61
42 62
41 63
40 64
39 65
38 66
37 67
36 68
35 69
34 70
33 71
33 72
44 60
45 59
46 58
47 57
48 56
48 55
48 54
48 53
48 52
48 51
47 50
46 49
45 48
46 47
47 46
48 45
49 44
50 43
51 42
52 41
53 40
54 39
55 38
56 37
57 36
58 35
59 34
60 33
61 32
62 32
63 32
64 32
65 32
66 33
67 34
42 60
41 59
40 58
39 57
38 56
37 55
36 54
35 53
34 52
33 51
38 101
37 100
36 99
35 98
34 97
33 96
32 95
31 94
30 93
29 93
81 117
80 116
79 115
78 114
77 113
76 112
75 111
74 110
73 109
72 108
71 108
85 115
86 114
87 113
88 112
89 111
90 110
91 109
92 108
93 107
93 106
93 105
93 104
93 103
93 102
93 101
93 100
93 99
93 98
93 97
93 96
93 95
93 94
93 93
127 99
126 100
125 101
124 102
123 103
122 104
121 105
120 106
119 107
118 108
117 109
116 110
129 97
130 96
131 95
132 94
133 93
134 92
119 90
118 90
117 90
116 90
115 90
114 89
79
92 123
48 111
33 51
199 48
33 72
51 90
173 86
98 51
33 127
48 56
92 56
71 56
114 89
29 93
93 93
136 123
157 126
71 129
205 52
205 126
45 129
181 55
97 128
48 132
136 56
153 92
134 92
159 128
158 56
137 56
204 94
112 130
205 94
192 131
181 97
33 109
61 32
130 34
51 69
67 34
88 34
93 107
90 143
180 139
69 143
93 71
73 71
59 143
71 108
92 108
196 66
205 105
135 105
180 34
172 34
173 143
151 34
109 34
157 71
111 143
131 143
158 108
116 51
156 107
152 143
136 72
205 73
63 77
204 73
116 110
159 74
51 42
190 39
181 76
115 68
204 115
45 48
72 86
181 118
