9148
333 269
333 268
333 267
333 266
333 265
333 264
334 263
332 270
331 271
330 272
329 273
330 274
331 275
332 276
333 277
333 278
333 279
333 280
334 281
335 282
336 283
337 284
338 285
339 286
340 287
341 288
342 289
343 290
344 291
345 292
345 293
346 294
347 295
348 296
349 297
350 298
351 299
352 300
351 301
350 302
349 303
349 304
349 305
349 306
349 307
349 308
349 309
348 310
347 311
346 312
345 313
344 314
343 315
342 316
343 317
344 318
345 319
346 320
347 321
348 322
349 323
350 324
351 325
352 326
353 327
354 328
355 329
356 330
357 331
358 332
359 333
360 334
361 335
362 336
363 337
364 338
365 338
356 332
355 333
354 334
353 335
352 336
351 337
350 338
350 339
358 330
359 329
360 328
361 327
362 326
363 325
364 324
365 323
365 322
365 321
366 320
367 319
368 318
369 317
370 316
371 315
372 314
373 315
374 316
375 317
376 318
377 319
378 320
379 321
380 322
381 323
382 324
383 325
384 326
385 327
386 328
387 329
386 330
385 331
384 332
383 333
382 334
381 335
380 336
380 337
388 328
389 327
390 326
391 326
392 326
393 326
394 326
395 326
373 313
374 312
375 311
376 310
377 309
378 308
379 307
379 306
380 305
381 304
382 303
383 302
384 301
385 300
386 299
387 298
388 297
389 296
390 295
391 294
392 295
393 296
394 297
395 298
396 299
397 300
398 301
399 302
400 303
401 304
402 305
403 306
404 306
405 306
406 306
407 306
408 306
400 305
399 306
398 307
397 308
396 309
395 310
394 311
392 293
393 292
394 291
395 290
396 289
397 288
398 287
399 286
400 285
401 284
402 285
403 286
404 287
405 288
406 289
407 290
408 291
409 291
402 283
403 282
404 281
405 280
406 279
407 278
408 277
409 276
398 285
397 284
396 283
395 282
394 281
383 300
382 299
381 298
380 297
379 296
378 295
377 294
376 293
375 293
370 314
369 313
368 312
367 311
366 310
365 309
364 308
341 317
340 318
339 319
338 320
337 321
336 322
335 323
334 324
333 325
332 326
331 327
330 328
329 329
328 330
327 331
328 332
329 333
330 334
331 335
332 336
333 337
334 338
335 338
326 332
325 333
324 334
323 335
322 336
321 337
320 338
320 339
320 340
320 341
325 331
324 330
323 329
322 328
321 327
320 326
341 315
340 314
339 313
338 312
337 311
336 310
335 309
334 308
353 299
354 298
355 297
356 296
357 295
358 294
359 293
360 293
341 286
342 285
343 284
344 283
345 282
346 281
347 280
348 279
349 278
337 286
336 287
335 288
334 289
333 290
332 291
331 292
330 293
329 294
328 295
327 296
326 296
325 296
324 296
323 296
322 296
321 296
320 296
319 296
318 296
317 297
316 298
315 299
314 300
313 301
312 302
311 303
312 304
313 305
314 306
315 307
316 308
317 309
318 310
319 311
310 304
309 305
308 306
307 307
306 308
305 309
304 310
303 311
302 312
301 313
300 314
299 315
298 316
297 317
296 318
295 319
294 320
295 321
296 322
297 323
298 324
299 325
300 326
293 320
292 320
291 319
290 318
289 317
288 316
310 302
309 301
308 300
307 299
306 298
305 297
304 296
303 295
303 294
302 294
301 293
300 292
299 291
298 290
297 289
296 288
295 287
294 288
293 289
292 290
291 291
290 292
289 293
288 294
288 295
288 296
288 297
288 298
288 299
288 300
288 301
291 289
290 288
289 287
288 286
296 286
297 285
298 284
299 283
300 282
301 281
302 280
303 279
328 272
327 271
326 270
325 271
324 272
323 273
322 274
321 275
320 276
319 277
318 278
325 269
324 268
323 267
322 266
321 265
320 264
319 263
318 263
317 263
316 263
315 263
314 263
313 263
312 263
311 263
310 262
309 262
308 261
307 260
306 259
305 258
304 257
303 256
302 257
301 258
300 259
299 260
298 261
297 262
296 263
295 264
302 255
303 254
304 253
305 252
306 251
307 250
308 249
309 248
310 247
311 246
312 245
313 244
314 243
315 242
316 241
317 240
318 241
319 242
320 243
321 244
322 245
323 246
324 247
325 248
318 239
319 238
320 237
321 236
322 235
323 234
324 233
325 233
325 232
326 231
327 230
328 229
329 228
330 227
331 226
332 225
333 226
334 227
335 228
336 229
337 230
338 231
339 232
340 232
333 224
334 223
335 222
336 221
337 220
338 219
339 218
340 217
341 216
342 215
343 214
344 213
345 212
346 211
347 210
348 211
349 212
350 213
351 214
352 215
353 216
354 217
355 218
356 218
357 219
358 220
359 221
360 222
361 223
362 224
363 225
364 226
365 227
366 228
367 229
368 230
369 231
370 232
371 233
372 234
373 235
373 236
373 237
373 238
372 239
371 240
370 241
371 242
372 243
373 244
374 245
375 246
376 247
377 248
378 249
369 242
368 243
367 244
366 245
365 246
364 247
363 248
362 249
361 250
360 251
359 252
358 253
357 254
356 255
357 256
358 257
359 258
360 259
361 260
362 261
363 262
364 263
364 264
365 265
366 266
367 267
368 268
369 269
370 270
371 271
372 272
373 273
374 274
375 275
376 276
377 277
378 278
379 279
370 272
369 273
368 274
367 275
366 276
365 277
364 278
372 270
373 269
374 268
375 267
376 266
377 265
378 264
379 264
355 256
354 257
353 258
352 259
351 260
350 261
349 262
349 263
355 254
354 253
353 252
352 251
351 250
350 249
349 248
348 248
347 248
346 248
345 248
344 248
343 248
342 248
341 248
340 247
374 234
365 225
366 224
367 223
368 222
369 221
370 221
370 220
371 219
372 218
373 217
374 216
375 215
376 214
377 213
378 212
379 212
380 212
381 212
382 212
383 212
384 212
385 212
386 211
387 210
388 211
389 212
390 213
391 214
392 215
393 216
394 217
395 218
394 219
393 220
392 221
391 222
390 223
389 224
389 225
389 226
389 227
389 228
389 229
389 230
389 231
390 232
391 233
392 234
393 235
394 236
395 237
396 238
397 239
398 240
399 241
400 242
401 243
402 244
403 245
404 246
405 247
406 248
405 249
405 250
405 251
405 252
405 253
405 254
406 255
407 256
408 257
409 258
410 259
411 260
412 261
413 261
404 255
403 256
402 257
401 258
400 259
399 260
398 261
397 262
396 263
395 264
394 265
394 266
407 247
408 246
397 241
396 242
395 243
394 244
393 245
393 246
398 238
399 237
400 236
401 235
402 234
403 233
404 232
388 209
389 208
390 207
391 206
392 205
393 204
394 203
395 202
396 201
397 200
398 200
399 199
400 198
401 199
402 200
403 201
404 202
405 203
406 204
407 205
408 206
409 207
410 208
411 209
412 210
413 211
414 212
415 213
416 214
417 215
418 216
419 217
420 218
421 219
422 220
423 221
423 222
423 223
423 224
423 225
423 226
423 227
424 228
425 229
426 230
427 231
428 232
429 233
430 234
431 235
430 236
429 237
429 238
429 239
429 240
430 240
431 241
432 242
433 243
434 244
435 245
436 246
437 247
437 248
438 249
439 250
440 251
441 252
442 253
443 254
444 255
444 256
444 257
443 258
442 259
441 260
442 261
443 262
444 263
445 264
446 265
447 266
448 267
449 268
450 269
451 270
452 271
453 272
454 273
455 274
456 275
457 276
458 277
459 278
460 279
461 280
462 281
463 282
464 283
465 284
466 285
467 286
468 287
467 288
466 289
465 290
464 291
463 292
462 293
461 294
469 287
470 288
471 289
472 290
473 291
474 292
475 293
476 294
470 286
471 285
472 284
473 283
474 282
475 281
476 280
477 279
478 278
479 277
480 276
481 275
482 274
483 273
484 272
485 271
486 272
487 273
488 274
489 275
490 276
491 277
492 278
492 279
492 280
493 281
494 282
495 283
496 284
497 285
498 286
499 287
500 288
501 289
502 290
503 291
504 292
505 293
506 294
507 295
508 296
509 297
510 298
511 299
512 300
511 301
510 302
509 303
508 304
507 305
506 306
507 307
508 308
509 309
510 310
511 311
512 312
513 313
514 314
515 315
516 316
517 317
518 318
519 319
520 320
520 321
520 322
520 323
520 324
520 325
520 326
520 327
520 328
520 329
520 330
520 331
521 332
522 333
523 334
524 335
525 336
526 337
526 338
527 339
528 340
529 341
530 342
531 343
532 344
533 345
532 346
532 347
533 348
534 349
535 350
536 351
537 352
538 353
539 354
540 355
541 356
542 357
543 358
544 359
545 360
546 360
547 360
548 360
549 360
550 360
531 348
530 349
529 350
528 351
527 352
526 353
525 353
524 353
523 353
522 353
521 353
520 353
519 353
518 353
517 353
516 353
515 354
514 354
513 355
512 356
511 357
510 358
509 359
508 360
507 361
508 362
509 363
510 364
511 365
512 366
513 367
514 368
515 369
506 362
505 363
504 364
503 365
502 366
501 367
500 368
500 369
499 369
498 369
497 369
496 369
495 369
494 370
493 371
492 372
491 373
490 374
489 375
488 376
487 377
486 378
487 379
488 380
489 381
490 382
491 383
492 384
493 385
494 386
495 387
496 388
497 389
498 389
499 389
500 390
500 389
501 391
502 392
503 393
504 394
505 395
506 396
507 397
508 398
509 399
510 400
511 401
512 402
513 403
514 404
515 404
516 404
517 404
518 404
519 404
520 404
521 404
522 403
523 402
524 401
525 400
526 399
527 398
528 397
529 396
530 395
531 394
532 393
533 392
534 391
535 392
536 393
537 394
538 395
539 396
540 397
541 398
542 399
543 400
544 401
544 402
544 403
544 404
544 405
544 406
544 407
544 408
545 409
546 410
547 411
548 412
549 413
550 414
551 415
552 416
553 417
554 418
555 419
556 420
557 421
558 422
559 423
560 424
561 425
562 426
563 427
564 428
565 429
566 430
567 431
566 432
565 433
564 434
563 435
562 436
561 437
560 438
568 430
569 429
570 429
571 429
572 429
573 429
574 429
575 430
576 431
577 432
578 433
579 434
580 435
581 436
582 437
583 438
584 439
583 440
582 441
581 442
580 443
579 444
585 438
586 438
587 438
588 438
589 438
590 437
591 436
592 435
593 434
594 433
595 432
596 431
597 432
598 433
599 434
600 435
601 436
602 437
603 438
604 439
597 430
598 429
599 428
600 427
601 426
602 425
603 424
604 424
595 430
594 429
593 428
592 427
591 426
590 425
589 424
589 423
589 422
589 421
589 420
589 419
589 418
589 417
589 416
589 415
590 414
591 413
592 412
593 411
594 410
595 409
596 408
596 407
596 406
596 405
596 404
597 403
598 402
599 401
600 400
601 399
602 398
603 397
604 396
605 395
606 394
607 393
608 392
609 391
610 390
611 389
612 388
613 387
614 386
615 385
616 384
616 383
616 382
617 381
618 380
619 379
620 378
621 377
622 376
623 375
624 376
625 377
626 378
627 379
628 380
629 381
630 382
631 383
632 384
633 385
634 386
635 387
636 388
637 389
638 390
639 391
638 392
638 393
638 394
638 395
638 396
638 397
638 398
637 399
636 400
635 401
634 402
633 403
634 404
635 405
636 406
637 407
638 408
639 409
640 410
641 411
632 404
631 405
630 406
629 407
628 408
627 409
626 410
626 411
626 412
626 413
630 404
629 403
628 402
627 401
626 400
625 399
624 398
623 398
640 390
641 389
642 388
643 387
644 386
645 385
646 384
624 374
625 373
626 372
627 371
627 370
627 369
627 368
599 399
598 398
597 397
596 396
595 395
594 394
593 393
592 392
591 391
590 390
589 389
588 388
587 387
586 386
585 385
584 386
583 387
582 388
581 389
580 390
579 391
578 392
578 393
586 384
587 383
588 382
589 381
590 380
591 379
592 378
593 378
594 377
595 376
596 375
597 374
597 373
597 372
597 371
597 370
597 369
597 368
597 367
597 366
597 365
596 364
595 363
594 362
593 361
592 360
591 359
590 358
589 357
588 358
587 359
586 360
585 361
584 362
583 363
582 363
581 363
590 356
591 355
592 354
593 353
594 352
595 351
596 350
595 349
594 348
593 347
592 346
591 345
590 344
589 343
588 342
587 341
586 340
585 339
584 340
583 340
582 341
581 342
580 343
579 344
578 345
577 346
576 347
575 348
582 339
581 338
580 337
579 336
578 335
577 334
576 333
575 333
586 338
587 337
588 336
589 335
590 335
591 335
592 335
593 335
594 335
595 335
596 335
597 334
598 333
599 332
600 333
601 334
602 335
603 336
604 337
605 338
606 339
607 340
608 341
609 342
610 343
611 344
612 344
613 344
614 344
615 344
616 344
617 344
618 344
619 344
620 345
621 346
622 347
623 348
624 349
625 350
626 351
627 352
628 353
620 343
621 342
622 341
623 340
624 339
625 338
626 338
600 331
601 330
602 329
601 328
600 327
599 326
598 325
597 324
596 323
595 322
594 321
593 320
592 319
591 318
590 317
589 317
588 316
587 315
586 314
585 313
584 312
583 311
582 310
581 311
580 312
579 313
578 314
577 315
576 316
575 317
575 318
583 309
584 308
585 307
586 306
587 305
588 304
589 303
590 302
590 301
590 300
590 299
591 298
592 297
593 296
594 295
595 294
596 293
597 292
598 293
599 294
600 295
601 296
602 297
603 298
604 299
605 300
605 299
606 301
607 302
608 303
609 304
610 305
611 306
612 307
613 308
614 309
615 310
616 311
617 312
618 313
619 314
620 315
621 316
622 317
623 318
624 319
625 320
618 311
619 310
620 309
621 308
622 307
623 306
624 305
625 305
613 310
612 311
611 312
610 313
598 291
599 290
600 289
601 288
602 287
603 286
604 285
605 284
605 283
606 282
607 281
608 280
609 279
610 278
611 277
612 276
613 275
614 274
615 273
616 272
617 271
618 270
619 269
620 268
621 269
622 270
623 271
624 272
625 273
626 274
627 275
628 276
627 277
626 278
625 279
625 280
625 281
625 282
625 283
625 284
629 275
630 274
631 273
632 272
633 271
611 275
610 274
609 273
608 272
607 271
606 270
605 269
604 268
603 267
602 266
601 265
600 264
599 263
598 262
597 261
596 260
597 259
598 258
599 257
600 256
601 255
602 254
595 259
594 258
593 257
592 257
591 257
590 256
589 255
588 254
587 253
586 252
585 251
584 250
583 249
582 250
581 251
580 252
579 253
578 254
577 255
576 256
576 257
582 248
581 247
580 246
579 245
578 244
577 243
576 242
577 241
578 240
579 239
580 238
581 237
582 236
583 235
584 234
585 235
586 236
587 237
588 238
589 239
590 240
591 240
583 233
584 232
585 231
586 230
587 229
588 228
589 227
590 226
591 225
591 224
592 223
593 222
594 221
595 220
596 219
597 218
598 217
599 218
600 219
601 220
602 221
603 222
604 223
605 224
606 224
607 225
608 226
609 227
610 228
611 229
612 230
611 231
610 232
609 233
608 234
607 235
606 236
606 237
606 238
606 239
613 229
614 230
615 231
616 232
617 233
618 234
619 235
620 236
621 237
622 238
623 239
624 240
625 241
625 242
625 243
625 244
625 245
625 246
625 247
625 248
625 249
626 240
627 239
628 238
629 237
630 236
631 235
632 234
633 234
614 228
615 227
616 226
617 225
618 224
619 223
620 222
621 221
622 220
623 219
599 216
600 215
601 214
602 213
603 212
604 211
605 210
606 209
607 208
608 207
609 206
610 205
611 204
612 203
613 202
614 202
615 202
616 202
617 202
618 202
619 201
620 200
621 199
622 198
623 197
624 196
625 195
626 194
627 195
628 196
629 197
630 198
631 199
632 200
633 201
627 193
628 192
628 191
628 190
628 189
628 188
628 187
610 203
609 202
608 201
607 200
606 199
605 198
604 197
603 196
602 195
597 216
596 215
595 214
594 213
593 212
592 211
591 210
590 210
589 210
588 210
587 210
586 210
585 209
584 208
583 207
582 206
581 207
580 208
579 209
578 210
577 211
576 212
581 205
580 204
579 203
580 202
581 201
582 200
583 199
584 198
585 197
586 196
587 195
587 194
587 193
587 192
587 191
587 190
587 189
587 188
587 187
587 186
588 185
589 184
590 183
591 182
592 181
593 180
594 179
595 180
596 180
593 178
593 177
593 176
593 175
593 174
593 173
593 172
593 171
593 170
593 169
593 168
593 167
593 166
593 165
592 164
591 163
590 162
589 161
588 160
587 159
586 158
585 157
584 158
583 159
582 160
581 161
580 162
579 163
578 164
578 165
586 156
587 155
588 154
589 153
590 152
591 151
592 150
593 150
593 149
594 148
595 147
596 146
597 145
598 144
599 145
600 146
601 147
602 148
603 149
604 150
605 151
606 152
607 153
608 154
609 155
610 156
611 157
612 158
613 159
614 160
615 161
616 162
617 162
618 162
619 163
620 164
621 165
622 166
623 167
624 168
625 169
626 170
627 171
628 172
622 164
623 163
624 162
625 161
626 160
627 159
628 158
629 157
630 156
631 155
632 154
633 153
634 152
635 151
636 150
637 151
638 152
639 153
640 154
641 155
642 156
643 157
644 157
635 149
634 148
635 147
636 146
637 145
638 144
639 143
640 142
633 147
632 146
631 145
630 144
629 143
628 142
627 143
626 144
625 145
624 146
623 147
627 141
626 140
625 139
625 138
625 137
625 136
625 135
625 134
625 133
625 132
597 143
597 142
597 141
597 140
597 139
597 138
597 137
597 136
597 135
597 134
596 133
595 132
594 131
593 130
592 129
591 128
590 127
589 128
588 129
587 130
586 131
585 132
584 133
583 134
582 135
591 126
592 125
593 124
594 123
595 122
596 121
597 120
598 119
599 118
600 119
601 120
602 121
600 117
601 116
602 115
602 114
602 113
602 112
602 111
602 110
602 109
602 108
602 107
590 125
589 124
588 123
587 122
586 121
585 120
586 119
587 118
584 119
583 118
582 117
581 116
580 115
579 114
578 115
577 116
576 117
575 118
574 119
573 120
573 121
578 113
578 112
579 111
580 110
581 109
582 108
583 107
584 106
585 105
586 104
587 103
577 111
576 110
575 109
574 108
573 107
572 106
584 156
583 155
582 154
581 153
580 152
579 151
578 150
586 185
585 184
584 183
583 182
582 181
581 180
578 202
577 201
576 200
575 199
574 198
573 197
572 197
582 232
581 231
580 230
579 229
578 228
577 227
576 227
595 292
594 291
593 290
592 289
591 288
590 287
589 287
588 286
587 285
586 284
585 283
584 282
583 281
582 280
581 281
580 282
579 283
578 284
577 285
576 286
575 287
575 288
583 279
584 278
585 277
586 276
587 275
588 274
589 273
590 272
581 279
580 278
579 277
578 276
577 275
576 274
575 273
581 309
580 308
579 307
578 306
577 305
576 304
575 303
584 384
583 383
582 382
581 381
580 380
579 379
578 378
588 414
587 413
586 412
585 411
584 410
583 409
582 408
581 408
550 416
549 417
548 418
547 419
546 420
545 421
544 422
543 423
542 424
541 425
540 426
539 427
538 428
537 429
538 430
539 431
540 432
541 433
542 434
543 435
544 436
545 437
536 430
535 431
534 432
533 433
532 434
531 435
530 436
530 437
536 428
535 427
534 426
533 425
532 424
531 423
530 422
541 396
542 395
543 394
544 393
545 392
546 391
546 390
547 389
548 388
549 387
550 386
551 385
552 384
553 383
554 382
555 383
556 384
557 385
558 386
559 386
560 386
561 386
562 386
563 386
553 381
552 380
551 379
550 378
549 377
548 376
533 390
532 389
531 388
530 387
505 397
504 398
503 399
502 400
501 401
500 402
499 403
499 404
498 404
497 405
496 406
495 407
495 408
495 409
495 410
495 411
494 412
493 413
492 414
493 415
494 416
495 417
496 418
497 419
498 420
499 421
500 422
501 423
502 424
503 425
504 426
505 427
506 428
507 429
508 430
509 431
510 432
511 433
512 434
513 435
514 436
515 437
506 430
505 431
504 432
503 433
502 434
501 435
500 436
500 437
508 428
509 427
510 426
511 425
512 424
513 423
514 422
515 421
491 415
490 416
489 417
488 418
487 419
486 420
485 421
484 422
483 423
482 424
481 425
480 426
479 427
478 428
477 429
478 430
479 431
480 432
481 433
482 434
483 435
484 436
485 437
476 430
475 431
474 432
473 433
472 434
471 435
470 436
470 437
476 428
475 427
474 426
473 425
472 424
471 423
470 422
494 406
493 405
492 404
491 403
490 402
489 401
488 400
487 399
506 394
507 393
508 392
509 391
510 390
511 389
512 388
513 387
514 386
515 385
516 384
485 379
484 380
483 381
482 382
481 383
480 384
479 385
478 385
477 385
476 385
475 385
474 385
473 385
472 385
471 385
470 385
469 386
468 387
467 388
466 389
465 390
464 391
465 392
466 393
467 394
468 395
469 396
470 397
471 398
472 399
472 400
463 392
462 393
461 394
460 395
459 396
458 397
457 398
456 399
455 400
454 401
453 402
452 403
451 403
450 403
449 403
448 403
447 403
446 403
445 403
444 403
443 403
442 403
441 402
440 401
439 400
438 401
437 402
436 403
435 404
434 405
433 406
432 407
431 408
431 409
431 410
431 411
431 412
431 413
432 414
433 415
434 416
435 417
436 418
437 419
438 420
439 421
440 422
441 423
442 424
443 425
444 426
445 427
446 428
447 429
448 430
449 431
450 432
451 433
452 434
453 435
454 436
455 436
446 430
445 431
444 432
443 433
442 434
441 435
440 436
440 437
448 428
449 427
450 426
451 425
452 424
453 423
454 422
455 421
431 415
430 416
429 417
428 418
427 419
426 420
425 421
425 422
424 422
423 423
422 424
421 425
420 426
419 427
418 428
417 429
418 430
419 431
420 432
421 433
422 434
423 435
424 436
425 437
416 430
415 431
414 432
413 433
412 434
411 435
410 436
410 437
409 437
408 437
407 437
406 438
405 439
404 440
403 441
402 442
401 443
401 444
402 445
403 446
404 447
405 448
406 449
407 450
408 451
408 452
400 445
399 446
398 447
397 448
396 449
395 450
401 441
400 440
399 439
398 438
397 437
396 436
395 435
394 434
393 433
392 432
391 431
390 430
389 429
388 428
387 427
388 426
389 425
390 424
391 423
392 422
393 421
394 420
395 420
395 419
395 418
395 417
395 416
395 415
395 414
396 413
397 412
398 411
399 410
400 409
401 408
402 407
403 406
404 405
386 426
385 425
384 425
383 425
382 425
381 425
380 425
379 424
378 425
377 426
376 427
375 428
374 429
373 430
372 431
378 423
377 422
376 421
375 420
374 419
373 418
372 417
372 416
371 417
370 418
369 419
368 419
367 419
366 419
365 419
364 419
363 419
362 419
361 419
360 419
359 419
358 419
357 419
356 420
355 421
355 422
354 423
353 424
352 425
351 426
350 427
349 428
350 429
351 430
352 431
353 432
354 433
355 434
356 435
357 436
348 429
354 420
353 419
352 418
351 417
350 416
349 415
348 414
347 413
346 412
345 411
344 410
343 409
342 408
342 407
342 406
343 405
344 404
345 403
346 402
347 401
348 400
349 401
350 402
351 403
352 404
353 404
349 399
350 398
351 397
352 396
353 395
353 394
353 393
353 392
353 391
353 390
354 389
355 388
356 387
357 386
358 385
359 384
360 383
361 383
362 384
363 385
364 386
365 387
366 388
367 389
368 390
369 391
370 392
371 393
372 394
373 395
362 382
363 381
364 380
365 379
366 378
367 377
368 377
369 376
370 375
371 374
372 373
373 372
374 371
375 372
376 373
377 373
375 370
376 369
377 368
378 367
379 366
380 365
381 364
382 363
383 362
384 361
385 362
386 363
387 364
388 365
389 366
390 367
391 368
392 368
385 360
386 359
387 358
388 357
389 356
390 355
391 354
392 353
393 353
394 353
395 353
396 353
397 353
398 352
399 351
400 352
401 353
402 354
403 355
404 356
405 357
406 358
407 359
408 360
409 361
409 362
409 363
409 364
409 365
409 366
409 367
409 368
409 369
409 370
409 371
409 372
409 373
400 350
401 349
402 348
403 347
404 346
405 345
406 344
407 344
381 362
380 361
379 360
378 359
377 358
372 371
371 370
370 369
369 368
368 367
367 366
366 365
365 364
364 363
363 362
362 361
359 382
358 381
357 380
356 379
355 378
354 377
353 376
352 376
351 375
350 374
349 373
348 372
347 371
346 370
345 369
344 368
343 367
342 366
341 367
340 368
339 369
338 370
337 371
337 372
337 373
337 374
337 375
337 376
337 377
338 368
337 367
336 366
335 365
334 364
333 363
332 362
331 362
330 362
329 362
328 362
327 362
326 363
325 364
324 365
323 366
322 367
321 368
320 368
319 368
318 368
317 368
316 368
315 368
314 368
313 367
312 368
311 369
310 370
309 371
308 372
307 373
306 374
306 375
312 366
311 365
310 364
309 363
308 362
307 361
306 360
343 365
344 364
345 363
346 362
347 361
341 405
340 404
339 403
338 402
337 401
336 400
335 399
335 398
335 397
334 396
333 395
332 394
331 393
341 409
340 410
339 411
338 412
337 413
336 414
335 415
334 416
333 417
333 418
332 418
331 419
330 420
329 421
328 422
327 423
328 424
329 425
330 426
331 427
332 428
333 429
326 422
325 423
324 424
323 425
322 426
321 427
320 428
319 429
318 429
317 429
316 430
315 431
314 432
313 433
312 434
311 435
310 436
309 437
308 438
307 439
308 440
309 441
310 442
311 443
312 444
313 445
313 446
313 447
313 448
312 448
311 449
310 450
309 451
308 452
307 453
306 454
305 455
306 456
307 457
308 458
309 459
310 460
311 461
312 462
313 463
313 464
313 465
313 466
313 467
313 468
313 469
313 470
313 471
312 472
311 473
310 474
311 475
312 476
313 477
314 478
315 479
316 480
317 481
318 481
319 481
320 481
321 481
322 481
323 481
324 481
325 480
326 479
327 478
328 479
329 480
330 481
331 482
332 483
333 483
334 484
335 485
336 486
337 487
338 488
339 489
340 490
339 491
338 492
337 493
336 494
335 495
335 496
335 497
335 498
334 499
333 500
332 501
332 502
332 503
332 504
332 505
332 506
332 507
332 508
341 489
342 490
343 491
344 492
345 493
346 494
347 495
348 496
349 497
350 498
351 499
352 500
353 501
354 502
355 503
356 504
357 505
358 506
359 507
358 508
357 509
356 510
355 511
354 512
354 513
360 506
361 505
362 504
363 503
364 502
365 501
365 500
366 499
367 498
368 497
368 496
368 495
368 494
368 493
368 492
368 491
369 490
370 489
371 488
372 487
373 486
374 485
375 484
376 483
377 482
378 482
379 481
380 480
381 479
382 478
383 477
384 476
385 477
386 478
387 479
388 480
389 481
390 482
391 482
392 483
393 484
394 485
395 486
396 487
397 488
398 489
399 490
400 491
401 492
402 493
403 493
404 493
405 493
406 492
407 491
408 490
408 489
409 488
410 487
411 486
412 485
413 484
414 483
415 483
416 483
413 482
412 481
411 480
410 479
409 478
408 477
409 491
410 492
411 493
412 494
413 495
414 496
415 497
416 498
392 481
393 480
385 475
386 474
387 473
388 472
389 471
390 470
391 469
392 468
393 467
394 466
395 465
382 476
381 475
380 474
379 473
378 472
377 471
376 470
375 469
374 468
373 467
372 467
367 490
366 489
365 488
364 487
363 486
369 498
370 499
371 500
372 501
373 502
374 503
375 504
376 505
342 488
343 487
344 486
345 485
346 484
347 483
328 477
329 476
330 475
331 474
332 473
333 472
334 471
335 470
336 469
337 468
338 468
339 467
340 466
341 465
342 464
343 463
344 462
345 461
346 460
347 460
348 460
349 460
350 461
351 462
352 463
353 464
354 465
355 466
356 467
357 468
350 459
351 458
352 457
353 456
354 455
355 454
356 453
357 453
344 460
343 459
342 458
309 475
308 476
307 477
306 478
305 479
304 480
303 481
302 482
301 483
300 484
301 485
302 486
303 487
304 488
305 489
306 490
307 491
308 492
299 485
298 486
297 487
296 488
295 489
294 490
293 491
299 483
298 482
297 481
296 480
295 479
294 478
293 477
293 476
304 454
303 453
302 452
301 451
300 451
299 451
306 438
305 437
304 436
303 435
302 434
301 433
300 432
299 431
298 430
297 429
296 428
295 427
294 428
293 429
292 430
291 431
290 432
289 433
288 434
287 435
286 435
285 435
284 435
283 434
282 433
281 432
280 431
279 430
278 429
277 428
276 427
275 426
275 425
274 425
273 426
272 427
271 428
270 429
269 430
269 431
269 432
269 433
269 434
269 435
269 428
268 427
267 426
266 425
265 424
264 423
263 422
262 422
261 423
260 424
259 425
258 426
257 427
256 428
255 429
254 430
253 431
252 432
251 433
251 434
251 435
254 428
253 427
252 426
251 425
250 424
249 423
248 422
276 424
277 423
278 422
296 426
297 425
298 424
299 423
300 422
301 421
302 420
303 420
325 421
324 420
323 419
322 418
321 417
320 416
319 415
318 414
318 413
318 412
318 411
317 410
316 409
315 408
314 407
313 406
312 405
311 404
310 403
309 402
308 401
307 400
306 399
305 398
304 397
373 415
374 414
375 413
376 412
377 411
378 410
416 428
415 427
414 426
413 425
412 424
411 423
410 422
431 407
438 399
437 398
436 397
435 396
435 395
436 394
437 393
438 392
439 391
440 390
441 389
442 388
442 387
443 388
441 386
440 385
439 384
438 383
437 382
436 381
435 380
436 379
437 378
438 377
439 376
440 375
441 374
442 373
443 372
434 379
433 379
432 379
431 379
434 394
433 394
432 394
431 394
430 394
429 394
428 394
463 390
462 389
461 388
460 387
459 386
459 385
488 374
487 373
486 372
485 371
484 370
483 369
483 368
482 367
481 366
480 365
479 364
478 363
477 362
478 361
479 360
480 359
481 358
482 357
483 356
484 355
485 354
476 361
475 362
474 363
473 364
472 365
471 366
470 367
469 368
468 369
475 360
474 359
473 358
472 357
471 356
470 355
470 354
506 360
505 359
504 358
503 357
502 356
501 355
500 354
534 344
535 343
536 342
537 341
538 341
539 341
540 341
541 341
542 340
543 339
544 338
545 337
546 336
547 337
548 338
549 339
550 340
551 341
552 342
553 343
554 344
555 345
556 345
547 335
548 334
549 333
550 332
551 331
552 330
551 329
550 328
549 327
548 326
547 325
546 324
545 323
544 322
543 323
542 324
541 325
540 326
539 326
538 326
537 326
545 321
546 320
547 319
548 318
549 317
550 316
551 315
551 314
552 315
550 313
549 312
548 311
547 310
546 309
545 308
544 307
543 306
543 305
544 304
545 303
546 302
547 301
548 300
549 300
550 300
551 300
552 300
543 303
542 302
541 301
540 300
539 299
538 298
537 297
536 296
542 307
541 308
540 309
539 310
538 311
519 332
518 333
517 334
516 335
515 336
514 337
513 338
512 339
512 314
511 315
510 316
509 317
508 318
507 319
506 320
505 321
504 321
503 321
502 321
501 321
500 321
499 322
498 323
497 324
496 325
495 326
494 327
493 328
492 329
491 330
490 331
491 332
492 333
493 334
494 335
495 336
496 337
497 338
497 339
489 332
488 333
487 334
486 335
485 336
484 337
483 338
482 339
494 325
493 324
492 323
491 322
490 321
489 320
488 319
487 318
486 317
485 316
484 315
485 314
486 313
487 312
488 311
489 310
490 309
483 314
482 314
481 315
480 316
479 317
478 318
477 319
476 320
475 321
474 321
473 321
472 321
471 320
470 319
469 318
468 317
467 316
466 315
465 316
464 317
463 318
462 319
461 320
460 321
460 322
460 323
460 324
460 325
460 326
460 327
460 328
460 329
460 330
459 331
460 332
461 333
462 334
463 335
464 336
465 337
466 338
467 339
458 332
457 333
456 334
455 335
454 336
453 337
452 338
452 339
451 339
450 340
449 341
448 342
447 343
446 344
445 345
444 346
443 347
444 348
445 349
446 350
447 351
448 352
449 353
450 354
442 348
441 349
440 350
439 351
438 352
437 353
436 354
435 355
434 356
433 357
442 346
441 345
440 344
439 343
438 342
437 342
436 341
435 340
434 339
433 338
432 337
431 336
430 335
429 334
428 335
427 336
426 337
425 338
424 339
423 340
422 341
422 342
430 333
431 332
432 331
433 330
434 329
435 328
436 327
428 333
427 332
426 331
425 330
424 329
423 328
422 327
421 327
465 314
464 313
463 312
462 311
461 310
460 309
481 313
480 312
479 311
478 310
477 309
476 308
475 308
514 312
515 311
516 310
517 309
518 308
519 307
520 306
521 306
513 299
514 298
515 297
516 296
517 295
518 294
519 293
520 292
521 291
499 289
498 290
497 291
496 292
495 293
494 294
493 295
492 296
491 297
491 298
501 287
502 286
503 285
504 284
505 283
506 282
507 281
508 280
509 279
510 278
511 277
512 276
513 275
514 274
515 273
516 272
517 271
518 270
519 270
520 270
521 270
522 270
523 270
524 269
525 268
526 267
527 266
528 265
529 264
530 263
531 264
532 265
533 266
534 267
535 268
536 269
537 270
538 271
538 270
539 272
540 273
541 274
542 275
543 276
544 277
545 278
546 279
547 280
548 281
549 282
550 283
551 284
552 285
546 277
547 276
548 275
549 274
550 273
551 272
552 271
553 270
542 277
541 278
540 279
539 280
538 281
537 282
531 262
532 261
533 260
534 259
535 258
536 257
537 256
538 255
538 254
539 253
540 252
541 251
542 250
543 249
544 248
545 247
546 248
547 249
548 250
549 251
550 252
551 253
552 254
553 255
546 246
547 245
548 244
549 243
550 242
551 241
552 240
553 240
544 246
543 245
542 244
541 243
540 242
539 241
538 240
537 239
536 238
535 237
534 236
533 235
532 234
531 233
530 233
529 233
528 234
527 235
526 236
525 237
524 238
523 239
522 240
521 240
520 240
519 240
518 240
517 240
516 240
515 240
514 239
513 240
512 241
511 242
510 243
509 244
508 245
507 246
507 247
513 238
512 237
511 236
510 235
509 234
508 233
507 232
506 231
505 230
504 229
503 228
502 227
501 227
500 228
499 229
498 230
497 231
496 232
495 233
494 234
493 235
492 236
491 237
491 238
492 239
490 239
489 240
488 241
487 242
486 243
485 244
484 245
483 245
482 245
481 245
480 246
479 247
478 248
478 249
480 244
479 243
478 242
477 241
476 240
475 239
474 238
473 237
472 236
471 235
470 234
469 233
468 232
467 231
466 232
465 233
464 234
463 235
462 236
461 237
460 238
460 239
468 230
469 229
470 228
471 227
472 226
473 225
474 224
475 224
466 230
465 229
464 228
463 227
462 226
461 225
460 224
496 230
495 229
494 228
493 227
492 226
491 225
490 224
503 226
504 225
505 224
528 232
527 231
526 230
525 229
524 228
523 227
522 226
521 225
532 232
533 231
534 230
535 229
536 228
537 227
538 226
539 225
540 224
541 223
542 222
543 221
544 220
545 219
546 218
547 217
548 218
549 219
550 220
551 220
552 220
553 220
546 216
545 215
544 214
545 213
546 212
547 211
548 210
549 209
550 208
551 207
552 206
553 205
543 213
542 212
541 211
540 210
539 209
538 209
538 208
538 207
538 206
538 205
538 204
538 203
538 202
538 201
538 200
539 199
540 198
541 197
542 196
543 195
544 194
545 193
546 192
547 191
548 190
549 190
538 198
537 197
536 196
535 195
534 194
529 262
528 261
527 260
526 259
525 258
524 257
523 256
522 255
514 272
513 271
512 270
511 269
510 268
509 267
508 266
487 271
488 270
489 269
490 268
491 267
492 266
493 265
484 270
483 269
482 268
481 267
480 266
479 265
478 264
454 275
453 276
452 277
451 278
450 279
449 280
448 281
447 282
446 283
445 284
444 285
443 286
442 287
441 288
440 289
439 290
440 291
441 292
442 293
443 294
444 295
445 296
446 297
438 291
437 292
436 293
435 294
434 295
433 296
432 297
432 298
433 299
433 300
433 301
433 302
433 303
433 304
434 305
435 306
436 307
437 308
438 309
439 310
440 311
441 312
432 305
431 306
430 307
429 308
428 309
427 310
426 311
426 312
431 297
438 289
437 288
436 287
435 286
434 285
433 284
432 283
456 273
457 272
458 271
459 270
460 269
461 268
462 267
463 266
463 265
463 264
463 263
463 262
463 261
463 260
463 259
463 258
463 257
463 256
463 255
463 254
440 261
439 262
438 263
437 264
436 265
435 266
434 267
433 268
445 254
446 253
436 249
435 250
434 251
433 252
432 253
431 254
431 255
438 246
439 245
440 244
441 243
442 242
443 241
444 240
432 234
433 233
434 232
435 231
436 230
437 229
438 228
439 227
440 226
441 225
442 225
421 217
422 216
423 215
424 214
425 213
426 212
427 212
428 211
429 210
430 209
431 208
432 207
433 206
434 205
435 204
436 205
437 206
438 207
439 208
440 209
441 210
442 211
436 203
437 202
438 201
439 200
440 199
441 198
442 197
443 196
443 195
444 194
445 193
446 192
447 191
448 190
449 189
450 190
451 191
452 192
453 193
454 194
455 195
456 196
457 197
458 198
459 199
459 200
459 201
459 202
459 203
459 204
459 205
456 194
457 193
458 192
448 188
447 187
446 186
445 185
444 184
443 183
442 182
441 181
440 180
439 179
438 178
437 177
436 176
435 175
434 174
433 173
433 172
433 171
433 170
433 169
433 168
433 167
433 166
434 165
435 164
436 163
437 162
438 161
439 160
440 159
441 158
442 157
443 156
444 155
445 154
446 153
447 152
448 151
449 150
449 149
450 148
451 147
452 146
453 145
454 145
455 145
456 146
457 147
458 148
459 149
460 150
461 151
462 152
463 153
462 154
462 155
463 156
464 157
465 158
466 159
467 160
468 160
469 161
470 162
471 163
472 164
473 165
474 166
475 167
476 168
477 169
478 170
479 171
480 172
481 173
482 174
483 175
484 175
485 175
486 176
487 177
488 178
489 179
490 180
491 181
492 182
491 183
490 184
489 185
489 186
489 187
489 188
489 189
489 190
488 191
487 192
486 193
485 194
484 195
483 196
482 197
481 198
482 199
483 200
484 201
485 202
486 203
487 204
488 205
489 205
480 199
479 200
478 201
477 202
476 203
475 204
474 205
480 197
479 196
478 195
477 194
476 193
475 192
474 191
473 190
493 181
494 180
495 181
496 182
497 183
498 184
499 185
500 186
501 187
502 188
503 189
504 190
505 191
506 192
507 193
508 194
509 195
510 196
511 197
512 198
513 199
514 200
515 201
516 202
517 203
518 204
519 205
510 198
509 199
508 200
507 201
506 202
505 203
504 204
504 205
512 196
513 195
514 194
515 193
516 192
517 191
518 190
519 190
495 179
496 178
497 177
498 176
499 175
499 174
500 173
501 172
502 171
503 170
504 169
505 168
506 167
506 166
507 165
508 164
509 163
510 162
511 161
512 160
513 159
514 158
515 157
515 156
516 155
517 154
518 153
519 152
520 151
521 152
522 153
523 154
524 155
525 156
526 157
527 158
528 157
529 157
530 157
531 157
532 157
533 157
534 157
535 157
536 157
537 157
538 157
539 157
540 157
541 157
542 157
543 158
544 159
545 160
546 161
547 162
548 163
549 164
550 165
549 166
548 167
547 168
547 169
547 170
547 171
547 172
551 164
552 163
553 162
554 161
555 160
556 159
557 159
519 150
518 149
519 148
520 147
521 146
522 145
523 144
524 143
517 148
516 147
515 146
514 145
513 144
512 143
512 142
511 142
510 142
509 141
508 140
507 139
506 138
505 137
504 138
503 139
502 140
501 141
500 142
499 143
498 144
497 145
504 136
503 135
502 134
501 133
500 132
501 131
502 130
503 129
504 128
505 127
506 126
507 125
508 124
509 123
510 122
511 121
512 120
513 119
514 118
515 117
515 116
516 115
517 114
518 113
519 112
520 111
521 110
522 109
523 108
524 107
525 107
526 107
515 114
514 113
513 112
512 111
511 110
516 118
517 119
518 120
519 121
520 122
521 123
522 124
522 125
523 125
524 125
525 125
526 125
527 125
528 125
529 125
530 125
531 125
532 125
533 126
534 127
535 128
536 129
537 130
538 131
539 132
540 133
541 134
542 135
543 136
544 137
534 125
535 124
536 123
537 122
538 121
539 120
540 119
541 118
542 117
543 116
544 115
545 114
546 115
547 116
548 117
549 118
550 119
551 120
552 121
552 122
548 115
549 114
550 113
551 112
552 111
553 110
554 109
555 108
556 107
544 113
543 112
542 111
541 110
541 109
541 108
541 107
499 131
498 130
497 129
496 128
495 127
494 126
493 125
492 124
492 123
492 122
492 121
492 120
492 119
492 118
491 117
490 116
489 115
490 114
491 113
492 112
493 111
494 110
495 109
496 108
488 114
487 113
486 112
485 111
484 110
483 109
482 108
481 107
480 108
479 109
478 110
477 111
476 112
475 113
474 114
473 115
472 116
473 117
474 118
475 119
476 120
477 121
477 122
471 115
470 114
469 115
468 116
467 117
466 118
465 119
464 120
463 121
462 122
469 113
468 112
467 111
466 110
466 109
466 108
466 107
505 165
504 164
503 163
502 162
501 161
500 160
499 160
498 160
497 160
496 160
495 160
494 160
493 161
507 168
508 169
509 170
510 171
511 172
512 173
513 174
514 175
475 169
474 170
473 171
472 172
471 173
470 174
469 175
474 164
475 163
476 162
477 161
478 160
461 156
460 157
459 158
458 159
457 160
464 152
465 151
466 150
467 149
468 148
469 147
470 146
471 145
472 145
473 145
474 145
475 145
476 145
477 145
478 145
479 145
480 144
481 143
482 142
448 148
447 147
446 146
445 145
444 144
443 143
442 142
435 162
434 161
433 160
432 159
431 158
430 157
429 156
428 155
427 154
426 153
425 152
424 151
423 150
422 149
421 148
420 149
419 150
418 150
417 150
416 150
415 150
414 150
413 150
412 150
411 149
410 148
409 147
408 146
407 145
406 144
405 143
404 144
403 145
402 146
401 147
400 148
399 149
398 150
397 149
396 148
395 147
394 146
393 145
392 144
391 143
390 143
389 143
388 142
387 141
386 140
385 139
384 138
383 137
382 136
382 135
383 134
384 133
385 132
386 131
387 130
388 129
389 128
390 128
391 128
392 128
393 128
394 127
395 126
396 125
397 124
398 123
399 122
400 123
401 124
402 124
403 124
398 121
397 120
396 119
397 118
398 117
399 116
400 115
401 114
402 113
403 112
404 111
405 110
406 109
407 109
408 109
409 109
410 109
411 109
412 109
413 109
414 110
415 111
416 112
417 113
418 114
419 115
420 116
421 117
422 117
423 117
424 117
425 118
426 119
427 120
428 121
429 122
430 123
431 124
432 125
433 124
434 123
435 122
436 121
437 120
438 119
439 118
440 117
441 116
442 117
443 118
444 119
445 120
446 121
447 122
442 115
443 114
444 113
445 112
446 111
447 110
448 109
449 108
450 107
451 107
442 113
441 112
440 111
439 110
438 109
437 108
436 107
416 110
417 109
418 108
419 107
420 106
421 105
405 108
404 107
403 106
402 105
401 104
400 103
401 102
402 101
403 100
404 99
405 98
406 97
407 96
408 95
409 94
405 96
404 95
403 94
402 93
401 92
400 91
399 90
398 89
397 88
396 87
399 102
398 101
397 100
396 99
395 118
394 117
393 116
392 115
391 114
383 132
382 131
381 130
380 129
379 128
378 127
377 126
376 125
375 124
374 123
373 122
372 121
371 120
370 119
369 120
368 121
367 122
366 123
365 124
364 125
363 125
371 118
372 117
373 116
374 115
375 114
376 113
369 118
368 117
367 116
366 115
365 114
364 113
363 112
362 111
361 110
360 109
359 108
358 107
357 106
356 105
355 104
354 103
354 102
354 101
354 100
354 99
354 98
354 97
354 96
355 95
356 94
357 93
358 92
359 91
360 90
361 89
362 88
363 87
364 86
365 85
366 84
367 83
368 82
369 81
370 81
360 88
359 87
358 86
357 85
356 84
355 83
354 82
353 81
352 80
351 79
350 78
349 77
348 76
347 75
346 74
345 75
344 76
343 77
342 78
341 79
340 80
340 81
340 82
340 83
344 74
343 73
342 72
341 71
340 70
339 69
338 68
337 68
336 67
335 66
334 65
333 64
332 63
331 62
330 61
329 60
328 59
327 58
328 57
329 56
330 55
331 54
332 53
333 53
333 52
334 51
335 50
336 49
337 48
338 47
339 46
340 45
340 44
341 43
342 42
343 41
344 40
345 39
346 38
347 37
348 36
348 35
349 34
350 33
351 32
352 31
353 30
354 29
355 28
356 29
357 30
358 31
359 32
360 33
361 34
362 35
363 36
364 37
365 38
366 39
367 40
368 41
369 42
368 43
369 44
370 45
371 46
372 47
373 48
374 49
375 50
375 51
376 52
377 53
378 54
379 55
380 56
381 57
382 58
383 59
384 60
385 61
386 62
387 63
388 64
389 65
390 66
391 67
392 68
393 69
394 70
395 71
396 72
397 72
398 72
399 72
400 72
401 71
402 70
403 71
404 72
405 73
406 74
407 75
408 76
409 77
410 78
411 79
403 69
404 68
405 67
406 66
407 65
408 64
409 63
410 62
411 61
412 60
413 59
414 60
415 61
416 62
417 63
418 64
419 65
420 66
421 67
422 68
422 69
416 60
417 59
418 58
419 57
420 56
421 55
422 54
412 58
411 57
410 56
409 55
408 54
407 53
407 52
407 51
407 50
387 61
388 60
389 59
390 58
391 57
392 57
382 60
381 61
380 62
379 63
378 64
377 65
367 44
366 45
365 46
364 47
363 48
362 49
361 50
360 51
370 41
371 40
372 39
373 38
374 37
375 36
376 35
377 35
354 27
354 26
354 25
354 24
354 23
354 22
354 21
339 43
338 42
337 41
336 40
335 39
334 38
333 37
341 46
342 47
343 48
344 49
345 50
346 51
347 52
348 53
326 57
325 57
324 57
323 57
322 57
321 57
320 58
319 59
318 60
317 61
316 62
315 63
314 64
313 65
312 66
311 67
310 68
309 69
308 70
307 71
308 72
309 73
310 74
311 75
312 76
312 77
306 72
305 73
304 74
303 75
302 76
301 77
300 78
299 79
300 80
301 81
302 82
303 83
304 84
305 85
306 86
307 87
308 88
309 89
310 90
311 91
312 92
311 93
310 94
309 95
308 96
307 97
306 98
305 99
304 100
305 101
306 102
307 103
308 104
309 105
310 106
311 107
312 108
313 109
314 110
315 111
316 112
307 105
306 106
305 107
304 108
303 109
302 110
301 111
303 99
302 98
301 97
300 96
299 96
298 80
297 81
296 81
295 80
294 79
293 78
292 77
291 76
290 75
289 74
288 73
287 72
286 71
306 70
305 69
304 68
303 67
302 66
301 65
301 64
320 56
319 55
318 54
317 53
316 52
315 51
314 50
313 49
312 49
311 49
310 49
309 49
308 49
307 49
306 49
305 49
304 49
303 49
302 49
301 49
300 49
299 49
298 49
297 49
296 48
295 47
294 48
293 49
292 50
291 51
290 52
289 53
288 54
287 55
286 56
294 46
293 45
292 44
347 73
348 72
349 71
350 70
351 69
352 68
353 67
354 66
355 66
356 66
357 66
358 66
359 66
360 66
361 66
362 66
363 66
353 104
352 105
351 106
350 107
349 108
348 109
347 110
346 111
346 112
345 113
344 114
343 115
342 116
341 117
340 118
341 119
342 120
343 121
344 122
345 123
346 124
347 125
348 125
339 119
338 120
337 121
336 122
335 123
334 124
333 125
333 126
333 127
333 128
333 129
333 130
333 131
333 132
333 133
333 134
333 135
332 136
331 137
332 138
333 139
334 140
335 141
336 142
337 143
338 144
339 145
340 146
341 147
342 148
343 149
344 150
345 151
346 152
347 153
348 154
347 155
346 156
345 157
344 158
344 159
345 160
346 161
347 162
348 163
349 164
350 165
351 166
352 167
352 168
353 169
354 170
355 171
356 172
357 173
358 174
359 175
360 176
361 177
362 178
363 179
364 180
365 181
366 182
367 183
358 176
357 177
356 178
355 179
354 180
353 181
352 182
352 183
360 174
361 173
362 172
363 171
364 170
365 169
366 168
367 168
343 160
342 161
341 162
340 163
339 164
338 165
337 166
336 167
335 168
334 169
333 170
332 171
331 172
330 173
329 174
330 175
331 176
332 177
333 178
334 179
335 180
336 181
337 181
328 175
327 176
326 177
325 178
324 179
323 180
322 181
322 182
328 173
327 172
326 171
325 170
324 169
323 168
322 167
349 153
350 152
351 151
352 150
353 149
354 148
355 148
356 148
330 138
329 139
328 140
327 141
326 142
325 142
324 142
323 142
322 142
321 142
320 142
319 143
318 144
317 145
316 146
315 147
314 147
313 147
312 147
311 147
310 147
309 147
308 147
307 146
306 147
305 148
304 149
303 150
302 151
301 152
300 153
300 154
306 145
305 144
304 143
303 142
302 141
301 140
300 139
301 138
302 137
303 136
304 135
304 134
304 133
304 132
304 131
304 130
304 129
304 128
304 127
304 126
338 118
337 117
336 116
335 115
334 114
333 113
332 112
331 112
381 137
380 138
379 139
378 140
377 141
376 142
375 143
374 144
422 147
423 146
424 145
425 144
426 143
427 143
434 203
433 202
432 201
431 200
430 199
429 198
428 197
401 197
402 196
403 195
404 194
405 193
405 192
406 193
407 194
408 195
409 195
410 195
411 195
412 195
413 195
404 191
403 190
402 189
401 188
400 187
399 186
398 185
397 185
396 185
395 185
394 185
393 185
392 185
391 184
390 183
389 184
388 185
387 186
386 187
385 188
384 189
383 190
389 182
388 181
387 180
386 179
385 178
384 177
383 176
382 175
399 184
400 183
401 182
402 181
403 180
404 179
405 178
406 177
407 176
408 175
409 174
409 173
376 212
375 211
374 210
373 209
372 208
371 207
370 206
362 226
361 227
360 228
359 229
358 230
357 231
356 232
355 233
348 209
349 208
350 207
351 206
352 205
353 204
354 203
355 203
331 224
330 223
329 222
328 221
327 220
326 219
325 218
325 217
325 216
325 215
326 214
327 213
328 212
329 211
330 210
331 209
332 208
333 207
334 206
335 205
336 204
337 203
338 202
329 209
328 208
327 207
326 206
325 205
324 204
323 203
316 239
315 238
314 237
313 236
312 235
311 234
310 233
310 232
301 254
300 253
299 252
298 251
297 250
296 249
295 249
294 248
293 247
292 246
291 245
290 244
289 243
288 242
287 241
286 242
285 242
284 242
283 242
282 242
281 242
280 242
280 241
279 240
278 239
277 238
276 237
275 236
274 235
273 234
273 233
274 232
275 231
276 230
277 229
278 228
279 227
280 226
281 225
282 224
283 223
284 222
285 222
285 221
285 220
285 219
285 218
286 217
287 216
288 215
289 214
290 213
291 212
292 211
293 210
294 211
295 212
296 213
297 214
298 215
299 216
300 217
294 209
295 208
296 207
297 206
298 205
299 204
300 203
301 202
290 211
289 210
288 209
287 208
286 207
285 207
284 207
283 207
282 206
281 205
280 204
279 203
278 202
277 201
276 200
275 199
274 198
273 197
272 197
271 197
270 197
269 198
268 199
267 200
266 201
265 202
264 203
263 204
264 205
265 206
266 207
267 208
268 209
269 210
270 211
270 212
262 205
261 206
260 207
259 208
258 209
257 210
256 211
255 212
254 213
253 214
252 215
251 216
250 217
249 218
248 219
249 220
250 221
251 222
252 223
253 224
254 225
255 226
256 227
247 220
246 221
245 222
244 223
243 224
242 225
241 226
241 227
247 218
246 217
245 216
244 215
243 214
242 213
241 212
240 212
240 211
239 210
238 209
237 208
236 207
235 206
234 205
233 204
232 205
231 206
230 207
229 208
228 209
227 210
226 211
225 212
224 213
223 214
222 215
221 216
220 217
219 218
218 219
219 220
220 221
221 222
222 223
223 224
224 225
225 226
226 227
217 220
216 221
215 222
214 223
213 224
212 225
211 226
211 227
217 218
216 217
215 216
214 215
213 214
212 213
211 212
210 212
234 203
235 202
236 201
237 200
238 199
239 198
240 197
241 197
242 197
243 197
233 202
232 201
231 200
230 199
229 198
228 197
227 196
226 195
225 194
224 193
223 192
222 191
221 190
220 189
219 190
218 191
217 192
216 193
215 194
214 195
213 196
213 197
218 189
217 188
216 187
215 186
214 185
213 184
212 183
211 182
210 182
209 183
208 184
207 185
206 186
205 187
204 188
203 189
202 190
201 191
200 192
199 193
199 194
199 195
198 195
197 196
196 197
195 198
194 199
193 200
192 201
191 202
192 203
193 204
194 205
195 206
195 207
190 201
189 200
188 199
187 198
186 199
185 200
184 201
183 202
182 203
181 204
180 205
179 206
178 207
177 208
176 209
175 210
174 211
173 212
174 213
175 214
176 215
177 216
178 217
179 218
180 219
180 220
181 221
182 222
183 223
184 224
185 225
186 226
187 227
188 228
189 229
190 230
191 231
192 232
193 233
194 234
195 235
196 236
187 229
186 230
185 231
184 232
183 233
182 234
181 235
181 236
189 227
190 226
191 225
192 224
193 223
194 222
195 222
172 213
171 214
170 215
169 216
168 216
167 216
166 216
165 217
164 218
163 219
162 220
161 221
160 222
159 223
160 224
161 225
162 226
163 227
164 228
165 229
166 230
166 231
158 224
157 225
156 226
155 227
154 228
153 229
152 230
151 231
158 222
157 221
156 220
155 219
154 218
153 217
152 216
151 216
150 216
149 216
148 216
147 216
146 216
145 216
144 215
143 214
142 215
141 216
140 217
139 218
138 219
137 220
136 221
135 222
134 223
133 224
132 225
131 226
130 227
129 228
128 229
128 230
128 231
128 232
128 233
128 227
127 226
126 225
125 224
124 223
123 222
122 221
121 220
120 221
119 222
118 223
117 224
116 225
115 226
114 227
113 228
113 229
113 230
113 231
113 232
113 233
113 234
113 235
113 236
112 227
111 226
110 225
109 224
108 223
107 222
106 221
142 213
141 212
140 211
139 210
138 209
139 208
140 207
141 206
142 205
143 204
144 203
145 202
146 201
147 201
148 200
149 199
150 198
151 197
152 196
153 195
154 194
155 193
156 194
157 195
158 196
159 197
160 198
161 199
162 200
162 201
156 192
157 191
158 190
159 189
160 188
161 187
162 186
163 186
164 186
165 186
166 186
167 186
167 185
168 184
169 183
170 182
171 181
172 180
173 180
174 180
175 180
176 180
177 180
178 180
179 180
171 179
170 178
169 177
168 176
167 175
166 174
165 173
164 172
164 171
164 170
164 169
164 168
163 167
162 166
161 165
160 164
159 163
160 162
161 161
162 160
163 159
164 158
165 157
164 156
163 155
162 154
161 153
160 152
159 151
160 150
161 149
162 148
163 147
164 146
165 145
166 144
167 143
168 142
169 141
170 140
171 139
172 138
173 137
174 136
175 135
176 136
177 137
178 138
179 139
180 140
181 141
182 142
183 143
183 144
184 145
185 146
186 147
187 148
188 149
189 150
190 151
190 152
191 153
192 154
193 155
194 156
195 157
196 158
197 159
198 160
189 153
188 154
187 155
186 156
185 157
184 158
183 159
191 150
192 149
193 148
194 147
195 146
196 145
197 145
198 145
199 145
200 145
201 145
202 145
203 145
204 145
205 145
206 145
207 145
208 145
209 144
210 145
211 146
212 147
213 148
214 149
215 150
216 151
217 152
218 153
217 154
216 155
215 156
214 157
213 158
213 159
213 160
213 161
219 152
220 153
221 154
222 155
223 156
224 157
225 158
226 159
227 160
228 161
220 151
221 150
222 149
223 148
224 147
225 146
226 145
227 144
228 143
229 143
230 143
231 143
232 143
233 143
234 143
235 143
235 142
236 141
237 140
238 139
239 138
240 137
241 138
242 139
243 140
244 141
245 142
246 143
247 144
248 145
249 146
250 147
251 148
252 149
251 150
250 151
249 152
248 153
247 154
246 155
245 156
244 157
243 158
243 159
253 148
254 147
255 146
256 145
257 144
258 144
259 144
260 145
261 146
262 147
263 148
264 149
265 150
266 151
267 152
268 153
269 154
270 155
271 156
272 157
273 158
273 159
274 160
275 161
276 162
277 163
278 164
279 165
278 166
277 167
276 168
275 169
274 170
273 171
272 172
273 173
274 174
275 175
276 176
277 177
278 178
279 179
280 180
281 181
282 182
283 182
284 182
285 182
286 182
287 181
288 180
289 179
290 178
291 177
292 178
293 179
294 180
295 181
296 182
297 183
298 184
299 185
300 186
292 176
293 175
294 174
295 173
296 172
297 171
298 170
299 169
300 169
271 173
270 174
269 174
268 175
268 174
267 176
266 177
265 178
264 179
263 180
262 181
261 182
280 164
281 163
282 162
265 152
264 153
263 154
262 155
261 156
260 157
259 158
258 159
267 150
268 149
269 148
270 147
271 146
272 145
273 144
274 143
275 143
276 143
277 143
278 143
279 143
280 143
281 143
282 142
241 136
242 135
243 134
243 133
243 132
244 131
245 130
246 129
247 128
248 127
249 126
250 125
251 124
252 123
253 122
254 121
255 120
256 119
257 118
258 117
259 118
260 119
261 120
262 121
263 122
264 122
265 122
266 122
267 121
268 120
269 119
270 118
271 117
272 116
273 115
274 116
275 117
276 118
277 119
278 120
279 121
280 122
281 122
274 114
275 113
276 112
277 111
278 110
279 109
280 108
281 107
272 114
271 113
270 112
269 111
268 110
267 109
266 108
265 107
257 116
256 115
255 114
254 113
253 112
252 111
251 110
250 109
242 131
241 130
240 129
239 128
238 127
237 126
236 125
235 124
234 124
233 123
232 122
231 121
230 120
229 119
228 118
227 117
226 116
225 117
224 118
223 119
222 120
221 121
220 122
219 123
219 124
227 115
228 114
229 113
230 112
231 111
232 110
233 109
225 115
224 114
223 113
222 112
221 111
220 110
219 109
218 109
176 134
177 133
178 132
179 131
180 130
180 129
181 128
182 127
183 126
184 125
185 124
186 123
187 122
188 122
189 123
189 121
190 120
191 119
192 118
193 117
194 116
195 115
196 116
197 117
198 118
199 119
200 120
201 121
202 122
203 123
204 124
196 114
197 113
198 112
199 111
200 110
201 109
202 108
203 107
194 114
193 113
192 112
191 111
190 110
189 109
188 108
179 128
178 127
177 126
176 125
175 124
174 123
173 122
172 121
171 120
170 119
169 118
168 117
167 116
166 115
165 116
164 117
163 118
162 119
161 120
160 121
159 122
167 114
168 113
169 112
170 111
171 110
172 109
173 108
173 107
165 114
164 113
163 112
162 111
161 110
160 109
159 108
158 107
157 108
156 109
155 110
154 111
153 112
152 113
151 114
150 115
149 116
148 117
147 118
146 119
145 120
144 121
144 122
144 123
149 114
148 113
147 112
146 111
145 110
144 109
143 108
158 150
157 149
156 148
155 147
154 146
153 145
158 162
157 161
156 160
156 190
155 189
154 188
153 187
152 186
137 208
136 207
135 206
134 205
133 204
132 203
132 202
132 201
132 200
132 199
132 198
132 197
132 196
132 195
132 194
132 193
132 192
131 191
130 190
131 189
132 188
133 187
134 186
135 185
136 184
137 184
129 189
128 188
127 187
126 186
125 185
124 184
123 183
122 183
121 183
120 182
119 181
118 180
117 179
116 178
115 179
114 180
113 181
112 182
111 183
110 184
109 184
108 185
107 186
106 187
105 188
104 189
103 190
102 191
101 192
100 193
99 194
98 195
97 196
96 197
97 198
98 199
99 200
100 201
101 202
102 202
95 198
94 199
93 200
92 201
91 202
90 203
89 203
88 203
87 203
86 203
85 203
84 203
83 202
82 201
81 200
80 199
79 198
78 197
77 196
76 195
75 196
74 197
74 198
73 199
72 200
71 201
70 202
69 203
68 204
69 205
70 206
71 207
72 208
72 209
72 210
72 211
72 212
72 213
72 214
72 215
73 216
74 217
75 218
76 219
77 220
78 221
79 222
80 223
81 224
82 225
83 226
84 227
85 228
86 229
87 230
88 231
89 232
90 233
91 234
84 225
85 224
86 223
87 222
88 221
89 220
90 219
81 226
80 227
79 228
78 229
77 230
76 231
75 231
74 232
73 233
72 234
71 235
70 236
69 237
68 238
67 239
66 240
67 241
68 242
69 243
70 244
71 245
72 246
71 247
70 248
69 249
68 250
67 251
66 252
65 253
64 254
63 255
62 256
61 257
60 258
59 259
59 260
59 261
59 262
59 263
59 264
59 265
59 266
60 267
61 268
62 269
63 270
64 271
65 272
66 273
65 274
64 275
63 276
62 277
61 278
60 279
61 280
62 281
63 282
64 283
65 284
66 285
67 286
68 287
69 288
70 289
71 290
72 291
73 292
73 293
73 294
72 295
71 296
70 297
69 298
68 299
67 300
66 301
65 302
64 303
63 304
62 305
61 306
66 287
65 288
64 289
64 290
67 272
68 271
69 270
70 269
71 268
72 268
73 268
63 253
62 252
65 239
64 238
63 237
62 236
67 203
66 202
65 201
75 194
74 193
73 192
72 191
72 190
73 189
74 188
75 187
76 186
77 185
78 184
79 183
80 183
71 189
70 188
69 187
68 186
67 185
66 184
65 183
64 183
63 183
62 183
61 183
60 183
59 183
58 183
57 183
56 183
55 183
54 183
53 183
52 183
51 183
50 183
49 183
48 184
47 185
46 186
45 187
44 188
43 189
42 190
41 191
40 192
39 193
38 194
37 195
37 196
37 197
38 198
39 199
40 200
41 201
42 202
43 203
44 204
45 205
46 206
47 207
48 208
49 209
36 198
35 199
35 200
34 201
33 202
32 203
31 204
30 205
29 206
28 207
27 208
28 209
29 210
30 211
31 212
32 213
33 214
34 215
27 210
26 211
25 212
24 213
23 214
22 215
26 207
25 206
24 205
23 204
22 203
21 202
20 202
41 189
40 188
39 187
38 186
37 185
36 184
35 183
34 183
33 182
32 181
31 180
30 179
29 178
28 179
27 180
26 181
25 182
24 183
23 184
22 185
21 186
20 187
28 177
27 176
26 175
25 174
24 173
25 172
26 171
27 170
28 169
29 168
30 167
31 166
32 165
33 164
34 163
35 162
36 161
37 160
38 159
39 158
40 157
41 156
42 155
43 154
44 153
45 152
46 151
47 150
48 149
49 150
50 151
51 152
52 153
53 154
54 155
55 156
49 148
50 147
51 146
52 145
53 144
54 143
55 142
55 141
56 142
57 143
58 144
59 145
60 146
61 147
62 148
63 149
64 150
65 151
66 152
67 152
62 146
63 145
64 144
65 143
66 142
67 141
68 140
69 139
70 138
71 137
101 190
100 189
99 188
98 187
97 186
96 185
95 184
115 177
114 176
113 175
114 174
115 173
116 172
117 171
118 170
119 169
120 168
121 167
122 166
123 165
124 164
125 163
126 162
127 161
128 160
129 161
130 161
131 161
132 161
133 161
134 161
127 159
126 158
125 157
124 156
125 155
126 154
127 153
128 152
129 151
130 150
131 149
132 148
133 147
134 146
123 155
122 154
121 153
120 152
119 152
112 174
111 173
110 172
109 171
108 170
107 169
106 169
106 168
106 167
106 166
106 165
106 164
106 163
106 162
106 161
105 160
104 159
103 158
104 157
102 157
101 156
100 155
99 154
98 153
97 152
96 151
95 152
94 153
93 154
92 155
91 156
90 157
89 158
88 159
88 160
88 161
88 162
88 163
88 164
88 165
88 166
87 167
97 150
98 149
99 148
100 147
101 146
102 145
103 144
104 143
104 142
104 141
104 140
104 139
104 138
104 137
104 136
104 135
103 134
102 133
101 132
102 131
103 130
104 129
105 128
106 127
107 126
108 126
109 127
110 128
111 129
112 130
113 131
114 132
115 133
116 134
117 135
118 136
119 137
109 125
110 124
111 123
112 122
112 121
113 120
114 119
115 118
116 117
117 116
118 115
119 114
120 115
121 116
122 117
123 118
124 119
125 120
126 121
127 122
120 113
121 112
122 111
123 110
124 109
125 108
126 107
127 106
118 113
117 112
116 111
115 110
114 109
113 108
112 107
100 131
95 150
94 149
93 148
92 147
91 146
90 145
89 144
88 143
87 143
186 197
185 196
184 195
202 188
201 187
200 186
199 185
198 184
197 183
196 182
195 181
194 180
221 188
222 187
223 186
224 185
225 184
226 183
227 182
228 182
229 182
230 182
231 182
232 182
233 182
234 182
235 182
236 182
237 182
238 182
239 182
240 182
241 182
242 182
243 182
244 182
245 181
263 202
262 201
261 200
260 199
259 198
258 197
274 230
273 229
272 228
271 227
272 235
271 236
270 237
269 238
268 239
267 240
266 241
265 242
264 242
263 243
262 244
261 245
260 246
259 247
258 248
257 249
258 250
259 251
260 252
261 253
262 254
263 255
264 256
265 257
266 258
267 259
268 260
269 261
270 262
271 263
272 264
273 265
274 266
275 267
276 268
277 269
278 270
279 271
280 272
271 265
270 266
269 267
268 268
267 269
266 270
265 271
265 272
273 263
274 262
275 261
276 260
277 259
278 258
279 257
280 257
256 250
255 251
254 252
253 253
252 254
251 255
250 256
250 257
249 257
248 258
247 259
246 260
245 261
244 262
243 263
242 264
243 265
244 266
245 267
246 268
247 269
248 270
249 271
250 272
241 265
240 266
239 267
238 268
237 269
236 270
235 271
235 272
234 272
233 273
232 274
231 275
230 276
229 277
228 278
227 279
227 280
227 281
227 282
226 283
225 284
226 285
227 286
228 287
229 288
230 289
231 290
232 291
233 292
234 293
235 294
236 295
237 296
238 297
239 298
240 299
241 300
242 301
243 302
244 303
245 304
246 305
247 306
248 307
249 308
250 309
251 310
252 311
253 312
254 313
255 314
256 315
257 316
258 317
259 318
260 319
261 320
262 321
263 322
264 323
265 324
266 325
267 326
268 327
269 328
270 329
271 330
272 331
273 332
274 333
275 334
276 335
277 336
276 337
275 338
274 339
274 340
275 341
276 342
277 343
278 344
279 345
280 346
281 347
282 348
282 349
283 350
284 351
285 352
286 353
287 354
286 355
285 356
284 357
283 358
282 359
281 360
280 361
280 362
280 363
280 364
288 353
289 352
290 351
291 350
292 349
293 348
294 347
295 346
296 345
297 344
298 343
299 342
300 341
273 341
272 342
271 343
270 344
269 345
268 346
267 347
266 347
265 348
264 349
263 350
262 351
261 352
260 353
259 354
258 355
259 356
260 357
261 358
262 359
263 360
264 361
265 362
257 356
256 357
255 358
254 359
253 360
252 361
251 362
250 363
249 363
248 363
247 363
246 363
245 363
244 364
243 365
242 366
241 367
240 366
239 365
238 364
237 363
236 364
235 365
234 366
233 366
232 366
231 366
230 366
229 366
228 366
238 362
258 353
257 352
256 351
255 350
254 349
253 348
252 347
278 335
279 334
280 334
281 334
282 334
264 325
263 326
262 327
261 328
260 329
259 330
258 331
258 332
266 323
267 322
268 321
269 320
270 319
271 318
272 317
273 317
249 310
248 311
247 312
246 313
245 314
244 315
243 316
243 317
242 317
241 318
240 319
239 320
238 321
237 322
236 323
235 324
236 325
237 326
238 327
239 328
240 329
241 330
242 331
243 332
234 325
233 326
232 327
231 328
230 329
229 330
228 331
228 332
227 332
226 333
225 334
226 335
227 336
228 337
229 338
230 339
231 340
232 341
233 342
234 343
235 344
236 345
237 346
238 347
224 333
223 333
222 333
221 333
220 334
220 333
219 332
218 331
217 330
216 329
215 328
214 327
213 326
212 326
211 325
210 324
209 323
208 322
207 321
206 320
205 319
204 320
203 321
202 322
201 323
200 324
199 325
198 326
198 327
198 328
198 329
197 329
196 330
195 331
194 332
193 333
192 334
191 335
190 336
191 337
192 338
193 339
194 340
195 341
196 342
197 343
198 344
198 345
198 346
198 347
198 348
198 349
198 350
198 351
198 352
198 353
199 354
200 355
201 356
202 357
203 358
204 359
197 354
196 355
195 356
194 357
193 358
193 359
192 359
191 359
190 359
189 359
188 359
187 359
186 360
185 361
184 362
183 363
182 364
181 365
180 365
179 366
178 367
177 368
176 369
175 370
174 371
173 372
172 373
173 374
174 375
175 376
176 377
177 378
178 379
179 380
180 381
181 382
182 383
183 384
184 385
185 386
186 387
187 388
188 389
187 390
187 391
188 392
189 393
190 394
191 395
192 396
193 397
194 397
195 397
196 397
197 397
198 397
199 397
200 397
201 396
202 396
203 396
204 396
205 396
206 396
207 396
208 396
209 396
210 396
211 397
212 396
213 395
214 394
215 393
216 394
217 395
216 392
217 391
218 390
218 389
219 390
220 389
221 390
222 391
223 392
224 393
225 394
226 395
227 396
228 397
229 398
230 399
231 399
232 399
233 399
234 399
235 399
236 399
237 399
238 399
239 399
240 399
241 398
242 397
243 396
244 395
245 394
246 393
247 392
247 391
248 390
249 389
250 388
251 387
252 386
253 385
254 384
255 384
256 384
257 384
258 384
259 384
260 384
261 384
262 384
263 384
264 384
265 384
266 384
266 383
267 385
268 386
269 387
270 388
271 389
272 390
273 391
273 392
274 393
275 394
276 395
277 396
278 397
279 398
280 399
281 400
273 394
272 395
271 396
270 397
270 398
274 390
275 389
276 388
277 387
278 386
279 385
280 384
281 383
246 390
245 389
244 388
243 387
242 386
241 385
240 384
248 393
249 394
250 395
251 396
252 397
253 398
254 399
221 388
222 387
223 386
224 385
225 384
226 383
217 388
216 387
215 386
214 385
213 384
212 383
211 382
186 392
185 393
184 394
183 395
182 396
181 397
189 388
190 387
191 386
192 385
193 384
194 383
195 382
196 382
171 373
170 373
169 373
168 373
167 373
166 373
165 373
164 374
163 375
162 376
161 377
160 378
159 379
158 380
157 381
156 382
157 383
158 384
159 385
160 386
161 387
162 388
163 388
164 388
165 388
159 387
158 388
157 389
156 390
155 391
154 392
153 393
154 394
155 395
156 396
157 397
158 398
159 399
160 400
161 401
162 402
163 403
163 404
162 405
161 406
160 407
159 408
158 409
157 410
156 411
155 412
154 413
153 414
152 415
153 416
154 417
155 418
156 419
157 420
158 420
159 421
160 422
161 423
162 424
163 425
164 426
165 427
166 428
167 429
168 430
169 431
170 432
171 433
172 434
173 435
174 434
175 433
176 432
177 431
178 430
179 429
180 428
181 427
182 426
183 425
184 424
185 423
186 422
187 421
188 421
189 422
190 423
191 424
192 425
193 426
194 427
195 428
196 429
197 430
198 431
199 432
200 433
201 434
202 435
203 435
204 434
205 433
206 432
207 431
208 430
209 429
210 428
211 427
212 426
213 425
214 424
215 423
216 422
217 421
218 420
219 421
220 422
221 423
222 424
223 425
224 426
225 427
226 428
227 429
228 430
229 431
230 432
231 433
232 434
233 435
225 429
224 430
223 431
222 432
221 433
220 434
219 435
218 435
227 427
228 426
229 425
230 424
231 423
232 422
233 421
194 429
193 430
192 431
191 432
190 433
189 434
188 435
196 427
197 426
198 425
199 424
200 423
201 422
202 421
164 428
163 429
162 430
161 431
160 432
159 433
158 434
158 435
166 426
167 425
168 424
169 423
170 422
171 421
172 420
151 416
150 417
149 418
148 418
147 418
146 418
145 418
144 418
143 418
142 418
141 418
140 418
139 418
138 419
137 420
136 421
135 422
134 423
133 424
132 425
133 426
134 427
135 428
136 429
137 430
138 431
139 432
140 433
131 426
130 427
130 428
131 424
130 423
129 422
128 421
127 420
126 419
125 418
124 417
123 416
122 415
121 416
120 417
119 418
118 419
117 420
116 421
115 422
115 423
115 424
114 425
113 426
112 427
111 428
110 429
111 430
112 431
113 432
114 433
115 434
116 435
117 436
118 437
119 438
120 439
109 430
108 431
107 432
106 433
123 414
124 413
124 412
124 411
124 410
124 409
164 403
152 394
155 381
154 380
153 379
152 379
151 378
150 377
149 376
148 375
147 374
146 373
145 372
144 371
143 370
142 369
141 368
141 367
142 366
143 366
144 365
145 364
146 363
147 362
148 361
149 362
150 363
151 364
149 360
150 359
151 358
152 357
153 356
154 355
155 354
156 353
157 352
158 351
159 352
160 353
161 354
162 355
163 356
164 357
165 358
166 358
159 350
160 349
161 348
162 347
163 346
164 345
165 344
166 343
166 342
166 341
166 340
166 339
166 338
165 337
164 336
163 335
162 334
161 333
160 332
161 331
162 330
163 330
159 331
158 330
157 329
156 328
155 327
154 326
153 325
155 352
154 351
153 350
152 349
151 349
141 365
140 364
139 363
138 362
137 361
136 360
135 359
134 358
133 357
132 356
131 355
130 354
129 353
128 352
127 353
126 354
125 355
124 356
123 357
122 358
121 359
120 359
119 359
118 359
117 359
116 359
115 359
114 359
113 359
112 359
111 359
110 360
109 361
108 361
107 362
106 363
105 364
104 365
103 366
102 367
101 368
102 369
103 370
103 371
103 372
103 373
102 374
101 375
100 376
99 377
98 378
97 379
96 380
95 381
94 382
95 383
96 384
97 385
98 386
99 387
100 388
101 389
102 390
93 381
92 380
91 379
90 378
89 377
88 377
87 378
86 379
85 380
84 381
83 382
82 383
81 384
80 385
79 386
78 387
77 388
76 389
75 390
76 391
77 392
78 393
79 394
80 395
81 396
82 397
83 398
84 399
85 400
86 401
74 391
73 392
72 392
71 392
70 392
69 392
68 393
67 394
66 395
65 396
64 397
63 398
62 399
63 400
64 401
65 402
66 403
67 404
68 405
69 406
70 407
61 399
60 399
59 399
58 399
57 399
56 399
55 399
55 398
54 397
53 396
52 395
51 394
50 393
49 392
48 391
49 390
50 389
51 388
52 387
53 386
54 385
55 384
47 390
46 389
45 388
44 387
43 386
42 385
41 384
40 383
100 367
99 366
98 365
97 364
96 363
95 362
94 361
93 361
92 360
91 359
90 358
89 357
88 356
87 355
86 354
85 353
84 354
83 355
82 356
81 357
80 358
79 359
84 352
83 351
84 350
85 349
86 348
87 347
88 346
89 345
90 344
82 350
81 349
80 348
79 347
78 346
77 345
76 346
75 347
74 348
73 349
72 350
71 351
70 352
69 353
68 354
67 355
66 356
65 357
64 358
76 344
75 343
74 342
73 341
72 340
71 339
70 338
69 337
68 336
67 335
66 334
65 335
64 336
63 337
62 338
61 337
60 336
59 335
58 334
57 333
56 332
55 331
54 331
53 331
52 331
51 331
50 331
49 331
48 332
47 333
46 334
45 335
44 336
43 337
42 338
41 339
40 340
39 341
38 342
37 343
37 344
37 345
37 346
37 347
37 348
38 349
39 350
40 351
41 352
42 353
43 354
44 355
45 356
46 357
47 358
48 359
49 359
36 349
35 350
34 351
33 352
32 353
31 354
30 355
29 356
28 357
27 358
26 359
37 341
36 340
35 339
34 338
33 337
32 336
31 335
30 334
29 333
28 332
27 333
26 334
25 335
24 336
23 337
22 338
21 339
21 340
29 331
30 330
31 329
32 328
33 327
34 326
35 325
36 325
27 331
26 330
25 329
24 328
23 327
22 326
21 325
67 333
68 332
69 331
70 330
71 329
72 328
127 351
127 350
128 349
129 348
130 347
131 346
132 345
133 344
134 343
135 342
126 349
125 348
124 347
123 346
122 345
121 344
120 343
120 342
120 341
119 340
118 339
117 338
116 337
115 336
114 335
113 334
112 333
111 334
110 335
109 336
108 337
107 338
106 339
105 340
104 341
103 342
113 332
114 331
115 330
116 329
117 328
118 327
119 326
120 325
121 324
122 323
123 322
124 321
125 320
126 319
127 318
128 317
129 318
130 319
131 320
132 321
133 322
134 323
135 324
135 325
129 316
130 315
131 314
132 313
133 312
134 311
135 310
136 310
127 316
126 315
125 314
124 313
123 312
122 311
121 310
111 332
110 331
109 330
108 329
107 328
106 327
105 326
105 325
105 324
104 323
103 322
102 321
101 320
100 319
99 318
98 317
97 318
96 319
95 320
94 321
93 322
92 323
91 324
90 325
99 316
100 315
101 314
102 313
103 312
104 311
105 310
106 310
97 316
96 315
95 314
94 313
93 312
92 311
91 310
140 369
139 370
138 371
137 372
136 373
135 374
134 375
133 375
132 376
131 377
130 378
129 379
128 380
127 381
126 382
125 383
126 384
127 385
128 386
129 387
130 388
131 389
132 390
124 384
123 385
122 385
121 385
120 385
119 385
118 385
117 385
189 337
188 338
187 339
186 340
185 341
184 342
183 343
183 344
189 335
188 334
187 333
186 332
185 331
184 330
183 329
203 319
202 318
201 317
200 316
199 315
198 314
197 313
196 312
195 311
194 310
193 309
192 308
191 307
190 306
189 307
188 308
187 309
186 310
185 311
184 312
183 313
183 314
191 305
192 304
193 303
194 302
195 301
196 300
197 299
198 299
189 305
188 304
187 303
186 302
185 301
184 300
183 299
183 298
183 297
183 296
183 295
183 294
182 293
181 292
182 291
183 290
184 289
185 288
186 287
187 286
188 285
189 284
190 283
180 291
179 290
178 289
177 288
176 287
175 286
174 285
173 284
172 283
171 282
170 281
169 280
168 279
167 278
166 279
165 280
164 281
163 282
162 283
161 284
160 285
160 286
159 287
158 288
157 289
156 290
155 291
155 292
156 293
157 294
158 295
159 296
160 297
161 298
162 299
163 300
164 301
163 302
162 303
161 304
160 305
159 306
160 307
161 308
162 309
163 310
164 311
165 312
166 313
167 314
168 315
158 307
157 308
156 309
155 310
154 310
153 310
152 310
151 310
155 294
154 295
154 290
153 289
152 288
151 287
150 286
149 285
148 284
147 283
146 282
145 281
144 281
143 282
142 283
141 284
140 285
139 286
138 287
137 288
136 289
135 290
134 291
134 292
134 293
134 294
134 295
134 296
136 287
135 286
134 285
133 284
132 283
131 282
130 281
129 280
128 279
127 278
126 277
125 276
124 275
123 274
122 273
121 272
120 271
119 270
118 271
117 272
116 273
115 274
114 275
113 276
112 277
111 278
110 279
109 280
108 281
109 282
110 283
111 284
112 285
113 286
114 287
115 288
116 289
116 290
116 291
116 292
116 293
116 294
116 295
107 282
106 283
105 284
104 285
103 286
102 287
101 288
100 289
99 290
98 291
98 289
97 288
96 287
95 286
94 285
93 284
92 283
91 282
111 276
110 275
109 274
108 273
107 272
106 271
106 270
105 269
104 268
103 267
102 266
101 265
100 264
99 263
100 262
101 261
102 260
103 259
104 258
105 257
106 256
98 262
97 261
96 262
95 263
94 264
93 265
92 266
91 267
96 260
95 259
94 258
93 257
92 256
91 255
91 254
91 253
91 252
120 269
121 268
122 267
123 266
124 265
125 264
126 263
127 262
128 263
129 264
130 265
131 266
132 266
126 261
127 260
128 259
129 258
130 257
131 256
132 255
133 254
134 253
135 252
136 251
125 260
124 259
123 258
122 257
121 256
168 277
169 276
170 275
171 274
172 273
173 272
174 271
175 271
166 277
165 276
164 275
163 274
162 273
161 272
160 271
159 270
158 269
157 268
156 267
155 266
154 265
153 264
152 263
151 264
150 265
149 266
148 266
147 266
153 262
154 261
155 260
156 259
157 258
158 257
159 256
160 256
160 255
161 254
162 253
163 254
164 255
165 256
166 256
167 256
168 256
169 256
170 256
171 256
172 256
173 256
174 256
175 256
161 252
160 251
159 250
158 249
157 248
156 247
155 246
206 318
207 317
208 316
209 315
210 314
211 313
212 312
213 311
219 335
218 336
217 337
216 338
215 339
216 340
217 341
218 342
219 343
220 344
221 345
222 346
223 347
214 340
213 341
234 323
233 322
232 321
231 320
230 319
229 318
228 317
251 308
252 307
253 306
254 305
255 304
256 303
257 302
258 302
258 301
259 300
260 299
261 298
262 297
263 296
264 295
265 294
266 295
267 296
268 297
269 298
270 299
271 300
272 301
273 302
266 293
267 292
268 291
269 290
270 289
271 288
272 287
273 287
264 293
263 292
262 291
261 290
260 289
259 288
258 287
234 295
233 296
232 297
231 298
230 299
229 300
228 301
228 302
236 293
237 292
238 291
239 290
240 289
241 288
242 287
243 287
224 285
223 286
222 287
221 288
220 289
219 290
218 291
217 292
216 293
215 294
214 295
213 296
226 278
225 277
224 276
223 275
222 274
221 273
220 272
219 272
218 272
217 272
216 272
215 272
214 272
213 272
212 273
211 274
210 275
209 276
208 277
207 278
206 279
205 280
205 281
211 272
210 271
209 270
208 269
207 268
206 267
205 266
204 265
203 264
202 263
201 262
200 261
199 260
198 259
197 258
196 259
195 260
194 261
193 262
192 263
191 264
190 265
190 266
198 257
199 256
200 255
201 254
202 253
203 252
204 251
205 251
196 257
195 256
194 255
193 254
192 253
191 252
190 251
241 263
240 262
239 261
238 260
237 259
236 258
235 257
234 256
233 255
232 254
231 253
230 252
229 251
228 250
227 249
226 250
225 251
224 252
223 253
222 254
221 255
220 256
220 257
228 248
229 247
230 246
231 245
232 244
233 243
234 242
235 242
226 248
225 247
224 246
223 245
222 244
221 243
220 242
256 248
255 247
254 246
253 245
252 244
251 243
250 242
288 240
289 239
290 238
291 237
292 236
293 235
294 234
295 234
853
331 393
295 249
593 393
482 142
217 395
524 143
481 107
179 180
173 107
258 287
258 144
333 37
140 433
64 290
332 362
218 435
335 399
553 255
180 220
332 508
370 221
293 476
519 190
295 264
407 50
258 302
413 195
258 159
219 124
443 196
333 53
523 270
553 270
633 271
408 452
334 308
633 201
147 201
293 491
223 347
480 384
522 240
444 240
519 205
333 278
220 242
559 423
597 135
145 281
407 65
258 317
408 246
484 175
255 212
365 501
218 109
250 109
173 435
522 255
375 293
181 365
220 257
593 150
258 332
292 44
483 369
521 225
408 477
364 263
334 263
629 157
174 123
332 483
258 197
337 377
213 161
633 234
220 272
593 165
409 94
181 382
218 420
367 168
180 205
364 278
596 350
370 206
410 422
60 279
69 392
64 358
265 107
228 287
372 431
143 108
335 323
104 143
152 216
340 217
376 505
337 181
105 325
300 217
181 397
261 182
65 183
265 257
106 221
410 437
523 402
560 438
183 329
443 403
446 297
413 261
370 81
300 154
489 190
379 264
104 157
228 302
375 50
147 266
447 122
335 338
340 232
333 125
374 234
103 342
265 272
183 344
65 201
333 418
490 382
106 310
266 383
267 347
226 383
300 169
106 169
485 421
342 458
489 205
530 387
379 279
228 317
102 390
447 282
335 498
485 354
340 247
333 429
377 358
602 107
372 467
526 107
183 144
338 468
602 254
638 398
225 146
300 326
106 256
602 329
485 437
300 186
411 79
228 332
297 81
70 407
183 299
602 121
377 373
103 373
527 158
62 338
378 482
526 338
184 195
452 339
602 195
448 267
183 159
482 339
557 159
300 341
522 125
295 234
299 451
106 271
379 307
181 236
102 202
337 166
338 202
151 310
100 131
265 242
530 422
563 386
183 314
380 425
409 173
526 353
412 210
450 354
72 214
640 142
34 215
451 107
373 395
153 325
227 182
487 399
301 111
188 435
455 400
421 327
530 437
154 295
536 296
383 190
608 154
340 83
226 227
493 265
644 157
76 231
641 411
73 268
228 161
605 269
273 197
152 379
490 309
301 202
606 239
492 239
646 384
455 421
187 421
151 349
263 422
303 279
71 137
537 282
72 246
268 174
605 284
337 68
225 212
348 248
490 321
378 249
380 322
152 394
188 108
455 145
109 361
265 362
270 398
341 147
269 435
455 436
110 184
151 364
72 328
345 293
346 112
73 292
303 294
376 113
152 186
67 152
491 298
605 299
458 192
380 337
266 122
378 410
144 123
151 231
457 160
492 124
228 197
74 198
304 126
378 127
303 311
299 96
492 279
604 424
300 139
270 212
576 212
422 69
574 429
348 429
421 105
274 143
377 35
306 360
106 433
233 109
196 145
537 326
237 182
231 399
158 435
35 183
374 144
235 257
228 366
416 150
116 295
604 439
490 224
460 224
273 332
421 117
198 299
576 227
349 263
301 49
537 122
306 375
497 339
347 483
156 160
189 123
75 343
235 272
35 200
611 344
196 236
575 273
460 309
196 382
460 239
538 311
303 420
538 240
459 205
610 313
115 422
198 314
576 242
349 278
195 207
301 64
377 65
382 175
608 392
385 212
460 321
113 286
572 106
112 107
190 251
273 287
350 324
194 180
575 288
348 36
153 145
347 361
497 145
304 397
496 108
36 325
303 435
538 255
160 256
193 359
198 329
576 257
195 222
461 294
605 224
308 476
539 225
423 227
271 227
190 266
462 122
112 122
534 194
350 339
273 158
273 302
575 303
416 483
36 340
493 161
572 197
348 53
422 342
538 270
348 125
348 414
160 271
113 236
198 344
349 308
308 492
459 385
117 385
606 209
273 317
538 209
500 354
350 498
575 318
416 498
190 283
155 246
462 281
352 68
160 286
541 107
281 107
193 397
238 362
463 254
123 183
121 359
280 364
121 256
500 437
312 77
578 150
391 114
392 368
318 296
499 404
500 369
575 333
319 263
573 121
463 266
281 122
159 122
467 339
199 195
310 232
500 160
235 124
198 160
541 341
352 376
312 92
578 165
40 383
616 383
394 311
426 312
575 348
157 420
240 384
470 385
425 422
41 352
119 137
500 389
310 247
541 356
427 212
466 107
235 143
158 107
120 325
581 363
80 183
315 147
316 112
240 399
425 437
86 401
241 367
119 152
310 262
504 190
579 444
389 231
428 197
422 54
120 342
121 310
319 311
238 347
121 167
281 383
84 203
504 205
235 242
500 422
470 422
278 422
353 390
499 175
240 212
318 429
505 321
168 142
127 106
204 359
205 251
203 107
581 180
201 396
91 252
245 181
395 326
90 219
79 359
431 255
356 148
281 400
506 294
163 330
398 150
167 186
120 439
243 332
354 513
468 369
473 190
581 408
313 49
164 301
317 481
205 266
127 122
587 195
166 231
91 267
88 159
243 197
506 306
578 378
616 162
618 234
393 128
354 21
355 203
395 420
352 168
233 421
280 242
285 207
164 172
507 281
205 281
49 209
91 282
578 393
428 394
245 142
243 287
389 143
427 143
167 216
471 145
90 325
395 218
355 218
203 435
395 435
623 219
352 183
233 435
121 220
50 183
398 185
280 257
285 222
505 224
393 296
321 368
398 261
431 297
282 334
241 227
124 409
243 302
508 266
39 158
394 266
204 124
313 448
507 232
467 160
355 233
395 450
91 234
120 271
431 379
398 200
280 272
90 344
162 201
618 202
91 310
429 240
282 349
474 205
202 421
316 62
318 278
582 135
392 353
243 317
394 281
470 354
393 246
432 283
469 175
313 463
507 247
130 428
325 248
625 320
395 465
475 321
625 249
282 142
288 286
512 142
166 358
286 71
590 287
20 187
357 468
396 72
211 397
623 398
511 110
134 146
213 326
250 363
284 435
98 291
95 184
591 257
470 437
360 293
476 294
134 296
353 404
587 103
549 190
587 118
431 407
393 480
542 157
288 301
590 302
20 202
396 87
433 268
548 376
88 377
507 125
134 161
282 162
437 342
213 341
128 233
323 203
322 167
625 132
545 421
354 98
168 315
396 99
589 423
288 316
590 317
132 390
546 391
625 284
433 357
436 107
87 143
49 359
320 326
210 182
322 182
282 182
436 327
623 147
357 436
472 400
545 437
589 438
164 403
50 331
475 224
544 406
355 83
590 335
165 373
165 157
626 338
431 158
132 266
360 51
243 159
512 339
620 268
432 125
320 341
625 305
318 414
166 343
475 308
357 453
392 57
211 382
87 167
475 239
165 388
547 172
544 137
433 173
130 281
210 212
363 248
552 285
442 142
326 142
365 323
136 360
363 36
550 360
362 361
94 361
441 181
361 110
135 325
55 399
367 183
331 112
137 184
175 256
136 221
330 293
440 437
442 225
256 227
552 300
442 157
477 122
365 338
59 266
134 375
478 160
403 124
404 232
251 124
213 197
363 125
363 486
408 306
135 342
175 271
364 308
62 236
407 344
139 418
136 310
363 419
409 276
254 384
516 384
515 421
553 205
250 242
477 279
552 315
22 215
26 359
628 172
21 325
515 354
363 66
591 210
514 175
520 321
55 141
478 249
175 286
407 359
136 251
405 143
596 180
62 252
209 144
556 107
446 253
406 109
325 218
251 435
409 291
521 291
553 220
254 399
250 257
515 437
597 365
552 330
628 187
514 404
627 368
213 296
404 405
591 225
21 340
515 369
211 227
55 156
443 372
478 264
596 408
409 373
515 157
552 122
367 377
626 413
325 233
61 306
521 306
593 378
286 56
590 272
250 272
556 345
24 173
132 203
252 347
213 311
591 240
55 384
553 240
172 420
402 493
631 383
441 312
248 422
440 422
443 388
628 353
442 211
