2501
280 203
281 204
280 205
279 206
278 207
277 208
277 209
276 210
275 211
274 212
273 213
272 214
271 215
270 216
269 217
268 218
267 219
266 220
265 221
266 222
267 223
268 224
269 225
270 226
271 227
272 228
273 229
274 230
275 230
276 230
266 224
265 225
264 226
263 227
262 228
261 229
260 230
259 231
258 232
257 233
257 234
256 234
255 235
254 236
253 237
252 238
251 239
250 240
249 241
248 242
247 243
246 244
245 245
246 246
247 247
248 248
249 249
250 250
251 251
252 252
253 253
254 254
255 255
256 256
257 255
258 255
259 255
260 255
261 255
262 255
263 255
264 255
265 255
266 255
267 255
268 255
269 255
251 253
250 254
249 255
248 256
247 257
246 258
245 259
244 244
243 243
242 242
241 241
240 240
239 239
238 238
237 237
236 238
236 239
235 240
234 241
233 242
232 243
231 244
230 245
229 246
228 247
227 248
226 249
225 250
224 251
224 252
236 236
236 235
236 234
236 233
236 232
236 231
236 230
236 229
236 228
236 227
236 226
236 225
236 224
236 223
237 223
235 222
234 221
233 220
232 219
231 218
230 217
229 216
228 215
227 216
226 217
225 218
224 219
223 220
222 221
221 222
221 223
220 223
219 223
218 223
217 223
216 222
215 221
214 220
213 221
212 222
211 223
210 224
209 225
208 226
207 227
206 228
205 229
204 230
203 231
202 232
201 233
200 234
199 235
198 236
197 237
196 238
195 239
194 240
193 241
193 242
194 243
195 244
196 245
197 246
198 247
199 248
200 249
201 250
202 251
194 245
193 246
192 247
191 248
190 249
189 250
192 240
191 239
190 238
189 237
188 236
187 235
186 234
185 233
184 232
183 231
183 230
182 232
181 233
180 234
179 235
178 236
177 237
176 238
175 239
174 240
173 241
172 242
171 243
170 244
169 245
168 246
167 247
168 248
169 249
166 246
165 245
164 244
163 243
162 242
161 241
160 240
159 239
158 238
157 237
156 238
155 239
154 240
153 241
152 242
151 243
150 244
149 245
148 246
147 245
146 244
145 243
144 242
143 242
142 242
141 242
140 242
139 242
138 242
137 242
136 242
135 242
134 242
133 242
156 236
155 235
154 234
153 233
153 232
153 231
153 230
154 229
155 228
156 227
157 226
158 225
159 224
160 223
161 222
162 221
152 229
151 228
150 227
149 226
148 225
147 224
146 223
145 222
144 221
143 220
142 220
141 219
140 218
139 217
138 216
137 215
136 214
135 213
134 213
133 213
132 213
131 213
130 213
129 213
128 213
127 213
126 214
125 215
124 216
123 217
122 218
121 219
120 220
119 221
118 222
117 223
116 224
115 225
114 226
113 227
112 228
111 229
110 230
109 231
108 232
107 233
106 234
105 235
104 236
105 237
106 238
107 239
108 240
109 241
110 242
111 243
103 237
102 238
101 239
100 240
99 241
98 241
97 241
96 241
95 241
94 241
124 214
123 213
122 212
121 211
120 210
119 209
118 208
117 207
116 206
115 205
114 204
113 203
112 202
111 201
111 200
112 199
113 198
114 197
115 196
116 195
117 194
118 193
119 193
120 193
111 198
110 197
109 196
108 195
107 194
106 193
105 192
104 191
103 190
102 189
110 202
109 203
108 204
107 205
106 206
105 207
104 208
103 209
102 210
101 211
100 212
99 213
98 214
97 215
96 216
95 217
94 218
93 219
92 220
96 214
95 213
94 212
93 211
92 210
91 209
90 208
89 207
88 206
87 205
86 204
85 203
84 202
83 201
82 200
81 199
80 198
79 197
78 196
77 195
76 194
75 195
74 196
73 197
72 198
71 199
70 200
69 201
68 202
67 203
66 204
65 205
64 206
65 207
66 208
67 209
68 210
69 211
70 212
71 213
72 214
73 215
74 216
75 217
75 218
74 219
73 220
72 221
71 222
70 223
69 224
68 225
67 226
66 227
65 228
64 229
63 230
64 231
65 232
66 233
67 234
68 235
69 236
70 237
71 238
72 239
73 240
62 231
74 194
73 193
72 192
71 191
72 190
73 189
74 188
75 187
76 186
77 185
78 184
79 183
80 182
81 181
82 180
83 179
70 190
69 189
68 188
67 187
66 186
65 185
64 185
63 184
62 183
61 182
60 181
59 180
58 179
57 178
56 177
55 176
54 175
53 174
52 173
51 172
50 171
49 170
49 169
48 169
47 169
46 169
45 169
44 169
43 169
42 169
41 169
40 169
39 169
38 169
37 170
36 171
35 172
34 173
33 174
32 175
31 176
30 177
30 178
31 179
32 180
33 181
34 182
35 183
36 184
37 185
38 186
39 187
40 188
41 189
42 190
43 191
38 188
37 189
36 190
35 191
34 192
33 193
32 194
31 195
30 196
29 197
29 198
29 199
29 200
29 201
29 202
29 203
29 204
29 205
29 206
29 207
29 208
28 209
27 210
26 211
25 212
24 213
23 214
22 215
23 216
24 217
25 218
26 219
27 220
28 221
29 222
30 223
31 224
32 225
33 226
33 227
34 228
35 229
36 230
37 231
38 232
39 233
40 234
41 235
42 236
43 237
33 229
32 230
31 231
30 231
34 225
35 224
36 223
37 222
38 221
39 220
40 219
41 218
42 217
43 216
35 170
34 169
33 168
32 167
31 166
30 165
29 164
29 163
29 162
29 161
29 160
29 159
30 158
31 157
32 156
33 155
34 154
35 153
34 152
33 151
32 150
31 149
30 148
30 147
30 146
30 145
30 144
30 143
30 142
30 141
30 140
30 139
30 138
31 137
32 136
33 135
34 134
35 133
36 132
37 131
38 130
39 129
40 128
41 127
42 128
43 129
44 130
45 131
46 132
47 133
48 134
49 135
50 136
51 137
52 138
53 139
54 140
44 128
45 127
46 126
47 125
48 124
49 123
50 122
39 127
38 126
37 125
36 124
35 123
34 122
33 121
32 120
31 119
30 118
29 117
30 116
31 115
32 114
33 113
34 112
35 111
36 110
37 109
38 108
39 107
40 107
41 107
42 107
43 107
44 106
45 105
46 104
47 103
48 102
49 101
49 100
50 99
51 98
52 97
53 96
54 95
55 94
56 93
57 92
58 91
59 90
60 89
61 88
62 87
63 86
64 85
65 85
66 85
66 84
67 83
68 82
69 81
70 80
71 79
72 78
73 77
74 76
75 75
76 74
77 74
78 74
79 74
80 74
81 73
82 72
83 71
84 70
85 69
86 68
87 67
88 66
89 67
90 68
91 69
92 70
93 71
94 72
95 73
96 74
97 75
98 76
99 77
100 78
101 79
102 80
103 81
104 82
105 83
106 84
105 85
105 86
105 87
105 88
105 89
105 90
105 91
107 83
108 82
109 81
110 80
111 79
112 78
113 79
114 80
115 81
116 82
117 83
118 84
119 85
120 86
121 86
115 79
116 78
117 77
118 76
119 75
120 74
121 73
122 72
123 71
102 78
103 77
104 76
105 75
106 75
96 76
95 77
94 78
93 79
92 80
91 81
90 82
89 82
97 73
98 72
99 71
100 70
101 69
102 68
75 73
74 72
73 71
72 70
71 69
70 68
69 67
68 66
67 65
59 88
58 87
57 86
56 85
55 84
54 83
53 82
52 81
51 80
50 79
49 78
48 77
47 77
46 77
45 76
44 75
43 74
42 73
41 74
40 75
39 76
38 77
37 78
36 79
35 80
34 81
33 82
32 83
41 72
40 71
39 70
38 69
39 68
40 67
41 66
42 65
43 64
44 63
45 62
37 68
36 67
35 66
34 65
33 64
32 63
31 62
50 102
51 103
52 104
36 108
35 107
34 106
33 105
32 104
31 103
30 102
29 101
28 100
27 99
26 98
136 212
137 211
138 210
139 209
140 208
141 207
142 206
143 205
144 204
145 203
146 202
147 201
148 200
149 199
150 198
147 199
146 198
145 197
144 196
143 195
142 194
213 219
212 218
211 217
210 216
209 215
208 214
207 213
206 212
207 211
208 210
209 209
210 208
211 207
212 206
213 205
214 204
215 203
216 202
217 202
205 211
204 210
203 209
202 208
201 207
200 206
199 205
198 204
197 203
196 202
195 201
194 200
193 200
192 200
191 201
190 202
189 203
188 204
187 205
186 206
185 207
184 208
183 209
182 210
183 207
182 206
181 205
180 204
179 203
178 202
177 201
176 200
175 199
174 198
173 197
229 214
230 213
231 212
232 211
233 210
234 209
235 208
236 207
237 206
238 205
264 220
263 219
262 218
261 217
260 216
259 215
272 212
271 211
270 210
269 209
268 208
267 207
266 206
265 205
264 204
263 203
262 202
261 201
260 200
259 199
258 198
282 204
283 204
284 204
285 204
286 204
287 205
288 206
289 207
290 208
291 209
292 210
293 211
294 212
295 213
296 214
297 215
298 216
299 215
300 214
301 213
302 213
303 213
290 206
291 205
292 204
293 203
294 202
295 201
296 200
297 199
298 198
299 197
300 196
301 195
302 194
303 193
304 192
305 191
306 190
307 189
308 188
309 187
310 186
311 185
312 184
313 183
314 182
315 181
316 180
317 180
318 180
319 179
320 178
321 179
322 180
323 181
324 182
325 183
326 184
327 185
328 186
329 187
330 188
331 189
332 190
333 191
334 192
335 193
336 194
337 195
338 196
337 197
336 198
335 199
334 200
333 201
332 202
331 203
330 204
329 205
328 206
327 207
326 208
327 209
328 210
329 211
330 212
331 213
332 214
333 215
334 216
335 217
334 218
333 219
333 220
334 221
335 222
336 223
337 224
338 225
339 226
340 227
341 228
342 229
343 230
344 231
345 232
332 221
331 222
330 223
329 224
328 225
327 226
326 227
325 228
324 229
323 230
322 231
321 232
320 233
319 234
318 235
317 236
316 237
315 238
314 239
313 240
312 241
313 242
314 243
315 244
316 245
317 246
318 247
319 248
320 249
321 250
322 250
323 251
324 252
325 253
326 254
327 254
328 254
329 254
330 254
331 254
332 255
333 256
334 257
335 258
336 259
337 260
336 261
335 262
334 263
333 264
332 265
331 266
330 267
330 268
329 269
328 270
327 271
326 272
325 273
324 274
323 275
322 276
321 277
320 278
319 279
318 280
317 281
318 282
319 283
320 284
321 285
321 286
320 287
319 288
318 289
317 290
318 291
319 292
320 293
321 294
322 295
323 296
324 297
325 298
316 291
315 292
314 293
313 294
312 294
311 294
310 294
309 294
308 294
307 294
306 294
305 295
304 296
303 297
302 298
301 299
300 300
299 301
298 302
297 303
296 304
295 305
294 306
293 307
294 308
295 309
296 310
297 311
298 312
299 313
300 314
292 308
291 309
290 309
289 309
288 309
287 309
286 310
285 311
284 312
283 313
282 314
281 315
280 316
279 317
279 318
279 319
279 320
279 321
279 322
279 323
279 324
280 325
281 326
282 327
283 328
284 329
285 330
286 331
287 332
288 333
289 334
290 334
291 334
292 334
293 334
294 334
295 334
296 334
297 334
298 334
299 335
300 336
301 337
302 338
303 339
302 340
301 341
300 342
299 343
298 344
297 345
296 346
295 347
294 348
293 349
293 350
293 351
293 352
293 353
293 354
292 355
291 356
292 357
293 358
294 359
295 360
296 361
297 362
298 363
299 364
300 365
301 366
302 367
303 368
304 369
305 370
306 370
307 370
308 370
309 370
310 370
311 370
312 370
313 370
314 370
315 370
316 370
290 357
289 358
288 359
287 360
286 361
285 362
284 363
283 364
283 365
282 364
281 363
280 362
279 361
278 360
277 359
276 358
275 357
274 356
274 355
274 354
274 353
274 352
274 351
274 350
274 349
273 357
272 358
271 359
270 360
269 361
268 362
267 363
266 364
304 339
305 339
306 339
307 340
308 341
309 342
310 343
311 344
312 345
313 346
314 347
315 348
316 349
317 349
318 349
309 340
310 339
311 338
312 337
313 336
314 335
315 334
316 333
317 332
318 331
319 330
320 329
321 328
320 327
319 326
318 325
317 324
317 323
317 322
317 321
317 320
317 319
278 325
277 326
276 327
275 328
274 329
273 330
272 331
271 332
270 332
269 332
268 332
267 332
266 332
265 333
264 334
263 335
262 336
261 337
260 338
259 339
258 340
257 341
256 342
255 343
254 344
253 344
252 345
251 346
250 347
249 348
248 349
247 350
246 351
245 352
244 353
243 354
244 355
245 356
246 357
247 358
248 359
249 360
250 361
251 362
242 353
241 353
240 353
239 353
238 353
237 353
236 353
235 353
234 353
233 353
232 353
231 353
230 353
229 352
228 351
227 350
226 349
225 348
224 347
223 346
222 345
222 344
221 344
220 345
219 346
218 346
217 346
216 346
215 346
214 346
213 346
212 346
211 346
210 346
209 346
208 346
207 346
206 346
205 346
204 346
203 346
202 346
201 346
200 346
199 346
198 346
197 346
196 345
195 344
194 343
193 342
192 341
191 340
190 339
189 338
188 337
187 336
186 335
185 334
186 333
187 332
188 331
189 330
190 329
191 328
192 327
193 326
194 325
195 324
196 323
197 322
198 321
184 333
183 332
182 332
181 333
180 334
179 335
178 336
177 337
176 338
175 339
174 340
173 341
172 342
181 331
180 330
179 329
178 328
177 327
176 326
175 325
174 324
175 323
176 322
177 321
177 320
177 319
177 318
177 317
177 316
177 315
223 343
224 342
225 341
226 340
227 339
228 338
229 337
230 336
231 335
232 334
233 333
234 332
232 332
231 331
230 330
229 329
228 328
227 327
226 326
225 325
224 324
223 324
264 332
263 331
262 330
261 329
260 328
259 327
258 326
257 325
256 324
255 323
278 316
277 315
276 314
275 314
274 313
273 312
272 311
271 310
270 309
269 308
268 307
267 306
266 305
265 304
265 303
265 302
264 301
263 300
262 299
261 298
260 297
259 296
259 295
259 294
259 293
259 292
259 291
259 290
260 289
261 288
262 287
263 286
264 285
265 284
266 283
267 282
268 283
269 284
270 285
271 286
272 287
273 288
274 289
275 290
276 291
268 281
258 289
257 288
256 287
255 286
254 285
253 284
252 283
258 297
257 298
256 299
255 300
254 301
253 302
252 303
251 304
303 295
302 294
301 293
300 292
299 291
298 290
297 289
296 288
322 286
316 280
315 279
314 278
313 277
312 276
311 275
310 274
309 273
338 259
339 258
340 257
341 256
342 255
343 254
344 253
345 254
346 255
347 255
348 255
349 255
350 255
351 255
352 255
353 255
354 255
355 255
356 255
357 255
358 255
359 255
360 255
361 255
362 255
363 255
364 255
365 256
366 257
367 258
368 259
369 260
370 261
371 262
372 263
373 264
374 265
375 266
376 266
377 266
378 266
379 266
380 266
381 266
382 266
383 266
384 266
385 266
386 266
387 266
388 266
389 266
390 266
391 266
392 266
393 265
394 264
395 263
396 262
397 261
398 260
399 259
400 258
401 257
402 256
403 257
404 258
405 259
406 260
407 261
408 262
409 263
410 264
411 265
412 266
413 267
413 268
414 268
415 268
416 268
417 268
418 268
419 268
420 268
421 268
422 268
423 268
424 268
425 268
426 268
427 269
428 270
429 271
429 270
430 269
431 268
432 267
433 266
434 265
435 264
436 263
437 262
438 261
439 260
440 259
441 258
442 257
443 256
444 257
445 258
446 259
447 260
448 261
449 261
450 261
451 261
452 261
453 260
454 259
455 258
456 257
457 256
458 255
459 254
460 254
461 254
462 254
463 254
464 254
465 254
466 254
467 254
468 254
469 254
470 253
471 252
472 251
473 250
474 249
475 248
476 247
477 246
478 245
479 244
480 243
481 242
482 241
483 240
484 240
485 240
486 239
487 238
488 237
489 236
490 235
491 236
492 237
493 238
494 239
495 240
496 241
497 242
498 243
499 244
500 245
501 246
502 247
502 248
501 249
500 250
499 251
498 252
497 253
496 254
495 255
494 256
493 257
492 258
491 259
490 260
489 261
490 262
491 263
492 264
493 265
494 266
495 267
496 268
497 269
496 270
495 271
494 272
493 273
492 274
491 275
490 276
489 277
488 278
487 279
486 280
485 281
484 282
498 268
499 268
500 269
500 268
501 270
502 271
503 272
504 273
505 274
506 275
507 276
508 277
509 278
510 279
511 280
512 281
513 282
514 283
513 280
514 279
515 280
516 281
517 282
518 283
519 284
520 285
521 286
522 287
523 288
515 278
516 277
517 276
518 275
519 274
520 273
521 272
522 271
523 270
503 247
504 246
505 245
506 244
507 244
508 244
509 244
510 244
511 244
512 244
491 234
492 233
493 232
494 231
495 230
496 229
497 228
498 227
499 226
500 226
500 225
500 224
500 223
500 222
500 221
500 220
500 219
501 218
502 217
503 216
504 215
505 214
506 213
507 212
508 211
509 210
510 209
511 208
512 207
513 206
514 205
515 204
516 203
517 202
518 201
519 200
519 199
519 198
519 197
519 196
519 195
519 194
519 193
519 192
519 191
519 190
519 189
519 188
519 187
520 186
521 185
522 184
523 183
524 182
525 181
526 180
527 179
528 178
529 177
530 176
531 175
532 174
533 173
532 172
531 171
530 170
529 169
528 168
527 167
526 166
525 165
524 164
523 163
522 162
521 161
521 160
521 159
521 158
521 157
521 156
521 155
521 154
521 153
521 152
521 151
521 150
521 149
521 148
521 147
521 146
521 145
521 144
521 143
521 142
521 141
521 140
521 139
521 138
521 137
521 136
520 135
519 134
518 133
517 132
516 131
515 130
514 129
513 128
512 127
511 126
510 125
509 124
508 123
507 122
506 121
505 120
504 119
505 118
506 117
507 116
508 115
509 115
503 118
502 117
501 116
500 115
499 114
498 113
497 112
496 111
495 110
494 109
493 109
492 109
438 259
437 258
436 257
435 256
407 259
408 258
409 257
410 256
411 255
412 254
413 253
414 252
399 257
398 256
397 255
396 254
395 253
394 253
367 256
368 255
369 254
370 253
371 252
372 251
373 250
311 242
310 243
309 244
308 245
307 246
306 247
305 248
304 249
303 250
302 251
301 252
302 253
300 252
299 252
298 253
297 254
296 255
295 256
294 257
293 258
292 259
291 260
290 261
289 262
288 263
288 264
295 254
294 253
293 252
292 251
291 250
290 249
289 248
310 241
309 240
308 239
307 238
306 237
305 236
304 235
303 234
302 234
336 216
337 215
338 214
339 213
340 212
341 211
342 211
343 211
344 211
345 211
346 211
339 195
340 194
341 193
342 192
343 191
344 190
345 189
346 188
347 188
348 188
321 177
322 176
323 175
324 174
325 173
326 172
327 171
328 171
328 170
329 169
330 168
331 167
332 166
333 165
334 164
335 163
336 162
337 161
338 160
339 159
340 158
341 159
342 160
343 161
344 162
345 163
346 164
347 165
348 166
349 167
341 157
342 156
343 155
344 154
345 153
346 152
347 151
348 150
349 149
350 148
351 147
352 146
351 145
350 144
349 143
349 142
349 141
337 159
336 158
335 157
334 156
333 155
332 154
331 153
330 152
329 151
328 150
328 149
328 148
328 147
328 146
328 145
328 144
328 143
328 142
328 141
328 140
328 139
328 138
327 137
326 136
325 135
324 134
323 133
322 132
321 131
320 130
319 129
318 128
317 127
316 126
315 125
314 124
313 125
312 126
311 127
310 128
309 129
308 130
307 131
306 132
305 133
304 134
303 135
303 136
303 137
303 138
303 139
303 140
303 141
303 142
303 143
303 144
303 145
303 146
303 147
303 148
303 149
315 123
316 122
317 121
318 120
319 119
319 118
320 117
321 117
322 117
323 117
324 117
325 117
326 117
327 117
328 117
329 117
330 117
331 117
332 116
333 115
334 114
335 113
336 112
337 111
338 110
339 109
340 108
341 107
342 108
343 109
344 110
345 111
346 112
347 113
348 114
349 115
350 116
351 117
352 118
353 119
342 106
343 105
344 104
345 103
346 102
347 101
348 100
349 99
350 98
351 98
352 98
353 98
341 105
340 104
339 103
338 102
337 101
336 100
335 99
334 98
333 97
332 96
318 117
317 116
316 115
315 114
314 113
313 112
312 111
311 110
310 109
309 108
308 107
307 106
306 105
305 104
304 103
303 102
304 101
305 100
306 99
307 98
308 97
309 96
310 95
311 94
302 101
301 100
300 99
299 98
298 97
297 96
296 95
295 94
294 93
293 92
292 91
291 91
290 91
289 91
288 92
287 93
286 94
285 95
284 96
283 97
282 98
281 99
280 100
281 101
282 102
283 103
284 104
285 105
286 106
287 107
288 107
279 99
278 98
277 97
276 96
275 95
274 94
273 93
272 92
271 91
270 90
269 89
268 89
267 90
266 91
265 92
264 93
263 94
262 95
261 96
260 97
259 98
258 99
259 100
260 101
261 102
262 103
263 104
257 98
256 97
255 96
254 95
253 96
252 97
251 98
250 99
249 100
248 101
247 102
246 103
245 104
253 94
252 93
251 92
250 91
249 90
248 89
247 88
246 87
247 86
245 86
244 85
243 84
242 84
241 84
240 84
239 84
238 84
237 84
236 84
235 84
234 84
233 84
232 84
231 84
230 84
229 84
228 84
227 85
226 86
225 87
224 88
223 89
222 90
221 91
220 92
219 93
218 94
219 95
220 96
221 97
222 98
223 99
224 100
217 93
216 92
215 91
214 92
213 93
212 94
211 95
210 96
209 97
208 98
207 99
206 100
205 100
204 99
203 98
202 97
201 97
200 97
199 97
198 97
197 97
196 97
195 97
194 97
193 96
192 95
191 94
190 93
189 92
188 91
187 90
186 89
185 88
184 87
183 86
182 87
181 88
180 89
179 90
178 91
177 92
176 93
175 94
174 95
173 96
184 85
185 84
186 83
187 82
188 81
189 80
190 79
191 79
182 85
181 84
180 83
179 82
178 81
177 80
176 79
175 78
174 77
173 76
172 76
171 76
170 76
169 76
168 76
167 76
166 76
165 76
164 76
163 76
162 76
161 76
160 76
159 76
158 76
157 77
156 78
155 79
154 80
153 81
152 82
151 83
150 84
149 85
148 86
147 87
146 88
145 89
144 90
143 91
143 92
152 80
151 79
150 78
149 77
148 76
147 75
146 74
145 73
144 72
214 90
213 89
212 88
211 87
210 86
209 85
208 84
208 83
208 82
315 179
314 178
313 177
312 176
311 175
310 174
309 173
308 172
307 171
306 170
305 169
191
81 199
43 216
345 232
102 68
302 253
306 294
189 250
326 208
413 268
533 173
303 213
469 254
247 86
268 89
265 302
492 109
318 349
502 247
105 91
310 343
332 96
305 133
303 149
316 370
208 82
142 194
392 266
348 188
521 136
512 244
172 342
394 253
89 82
257 234
41 107
255 323
245 259
43 237
523 270
286 331
346 211
162 221
435 256
133 242
258 198
251 362
143 92
304 192
198 321
230 353
483 240
414 252
236 239
94 241
30 177
31 62
22 215
106 75
523 288
142 220
174 324
103 209
75 217
288 264
268 281
287 309
500 226
193 342
316 115
276 291
321 328
305 169
344 253
298 334
362 255
223 324
144 72
120 193
302 234
191 79
452 261
170 244
62 231
289 91
296 288
269 255
202 251
429 271
123 71
203 209
83 179
269 332
52 104
174 77
50 122
514 283
289 248
92 220
49 169
26 98
353 98
229 84
150 198
298 216
148 246
352 146
45 62
221 223
317 319
245 104
263 104
324 229
277 209
48 77
197 346
29 117
349 141
374 265
322 250
259 215
500 268
206 100
224 100
238 205
274 349
66 85
35 153
30 231
194 200
169 249
311 94
328 138
353 119
224 252
330 268
327 185
177 315
373 250
275 314
217 202
306 105
489 261
64 185
32 83
288 107
124 214
328 150
515 204
349 167
234 332
251 304
266 364
67 65
309 273
29 198
509 115
183 230
182 210
300 314
484 282
173 197
43 191
54 140
73 240
102 189
162 76
322 286
325 298
64 206
519 187
299 364
216 346
331 254
328 171
276 230
204 230
29 164
87 67
293 349
194 97
331 117
121 86
252 283
237 223
173 96
111 243
113 227
254 344
256 256
283 365
30 138
