2581
278 203
277 204
276 205
275 206
275 207
276 208
277 209
277 210
278 211
279 212
280 213
281 214
282 215
283 216
284 217
285 218
286 219
285 220
284 221
283 222
282 223
281 224
280 225
279 226
278 227
277 228
278 229
276 227
275 226
274 226
273 227
272 228
271 229
270 230
269 231
268 232
267 233
266 234
265 235
264 236
263 237
262 238
261 239
260 240
259 241
258 242
257 243
256 244
257 245
258 246
259 247
260 248
261 249
262 250
263 251
264 252
265 253
266 254
267 255
268 256
269 256
255 245
254 246
253 247
252 248
251 249
250 250
251 251
252 252
253 253
254 254
255 255
256 256
251 253
250 254
249 255
248 256
247 257
246 258
245 259
249 249
248 248
247 247
246 246
245 245
244 244
243 243
242 242
242 241
243 240
244 239
243 238
242 237
241 236
240 235
239 234
238 233
237 232
236 231
235 230
234 229
233 228
232 227
231 226
230 225
231 224
232 223
233 222
234 221
235 220
236 219
237 218
237 217
237 216
237 215
237 214
237 213
237 212
237 211
237 210
237 209
237 208
237 207
237 206
237 205
237 204
229 224
228 224
227 225
226 226
225 227
224 228
223 229
222 230
221 231
220 232
219 233
218 234
217 235
216 236
215 237
214 238
213 239
212 240
213 241
214 242
215 243
216 244
217 245
218 246
219 247
220 248
221 249
222 250
223 251
224 252
211 239
210 238
209 237
208 236
207 235
206 234
205 233
204 232
203 232
203 231
202 230
202 233
201 234
200 235
199 236
198 237
197 238
196 239
195 240
194 241
193 242
194 243
195 244
196 245
197 246
198 247
199 248
200 249
201 250
202 251
192 243
191 244
190 245
189 246
188 247
187 248
186 249
185 250
184 249
183 248
182 247
181 246
180 245
179 244
178 243
177 242
176 241
175 242
174 243
173 244
172 245
171 246
170 247
169 248
168 249
174 241
173 240
172 239
171 238
170 237
169 236
169 235
170 234
171 233
172 232
173 231
174 230
175 229
176 228
177 227
178 226
179 227
180 228
181 229
177 225
176 224
175 223
174 222
173 221
172 220
171 219
170 218
169 217
168 216
167 215
166 216
165 217
164 218
163 219
162 220
161 221
160 221
159 220
158 219
157 218
156 217
155 216
154 215
153 214
152 213
151 212
150 212
149 213
148 214
147 215
146 216
145 217
144 218
143 219
142 220
141 220
140 221
139 222
138 223
137 224
136 225
135 226
134 227
133 228
132 229
131 230
130 231
129 232
128 233
127 234
126 235
127 236
128 237
129 238
130 239
131 240
132 241
133 242
134 243
135 244
136 245
137 246
138 246
139 246
140 246
141 246
142 246
143 246
144 246
145 246
146 246
147 246
148 246
125 234
124 233
123 232
122 231
121 230
120 229
119 228
118 227
117 226
116 227
115 228
114 229
113 230
112 231
111 232
111 233
110 232
109 231
108 230
107 229
106 228
105 229
104 230
103 231
102 232
101 233
102 234
103 235
104 236
105 237
106 238
107 239
108 240
109 241
110 242
111 243
100 234
99 235
98 236
97 237
96 238
95 239
94 240
93 241
105 227
104 226
103 225
102 224
101 223
100 222
99 221
98 220
97 219
96 218
95 217
94 216
93 215
93 214
92 214
91 213
90 212
89 212
88 213
87 214
86 215
85 216
84 217
83 218
82 219
81 218
80 217
79 216
78 215
77 216
76 217
75 218
74 219
73 220
72 221
71 222
70 223
69 224
68 225
67 226
66 227
65 228
64 229
63 230
64 231
65 232
66 233
67 234
68 235
69 236
70 237
71 238
72 239
73 240
62 231
77 214
76 213
75 212
74 211
73 210
72 209
71 208
70 207
69 206
68 205
67 204
66 205
65 206
64 207
68 203
69 202
70 201
71 200
72 199
73 198
74 197
75 196
76 195
77 194
78 193
79 194
80 195
81 196
77 192
76 191
75 190
74 189
74 188
73 188
72 187
71 186
70 185
69 184
68 184
67 185
66 186
65 185
64 184
63 183
62 182
61 181
60 180
59 179
58 178
57 177
56 176
55 175
54 174
53 173
52 172
51 171
50 170
49 169
48 168
47 167
46 166
45 165
44 164
43 163
42 162
41 161
40 160
39 159
38 158
37 158
37 157
36 156
35 155
35 154
36 153
37 152
38 151
39 150
40 149
41 148
42 147
43 146
44 145
45 144
46 143
47 142
48 141
49 140
50 140
51 140
52 140
53 140
54 140
47 140
46 139
45 138
44 137
43 136
42 135
41 134
40 133
39 132
38 131
39 130
40 129
41 128
42 127
43 126
44 125
45 124
46 123
47 122
48 121
49 120
50 119
49 118
48 117
47 116
46 115
45 114
44 113
44 112
45 111
46 110
47 109
48 108
49 107
50 106
51 105
52 104
44 110
43 109
42 108
41 107
42 106
43 105
43 104
42 103
41 102
40 101
39 100
38 99
37 98
36 97
35 96
34 95
33 94
32 93
31 94
30 95
29 96
28 97
27 98
33 92
34 91
35 90
36 89
37 88
38 87
39 86
40 85
41 84
42 83
43 82
44 81
45 80
46 79
47 78
48 77
49 76
50 75
51 74
52 73
53 72
54 73
55 74
56 75
57 76
58 77
59 78
60 79
61 80
62 81
63 82
64 83
65 84
66 85
67 84
68 83
69 82
70 81
71 80
72 79
73 78
74 77
75 76
76 75
77 76
78 77
79 78
80 79
81 80
82 81
83 82
77 74
78 73
79 72
80 71
81 70
82 69
83 68
84 67
85 66
86 65
87 64
88 64
89 65
90 66
91 67
92 68
93 69
94 70
94 69
95 71
96 72
97 73
98 74
99 75
100 76
101 77
102 78
103 79
104 80
105 81
106 82
107 83
108 84
109 85
108 86
107 87
106 88
105 89
104 90
104 91
110 84
111 83
112 82
113 81
114 80
115 80
115 79
116 78
117 77
118 76
119 75
120 74
121 73
122 72
122 71
123 70
124 69
125 68
126 67
127 68
128 69
129 70
130 71
131 72
132 73
133 74
134 75
135 76
136 77
137 78
138 79
138 78
139 77
140 76
141 75
142 74
143 73
144 72
139 80
140 81
141 82
142 83
143 84
144 85
145 86
146 87
147 88
146 89
145 90
144 91
143 92
148 87
149 87
150 86
151 85
152 84
153 83
154 82
155 81
156 80
157 79
158 78
159 77
160 76
161 77
162 78
163 79
164 80
165 81
166 82
167 83
167 82
168 84
169 85
170 86
171 87
172 88
173 89
174 90
175 91
176 92
175 93
174 94
173 95
172 96
177 91
178 90
179 89
180 89
180 88
181 87
182 86
183 85
184 84
185 83
186 82
187 81
188 80
189 79
190 78
191 79
192 80
193 81
194 82
195 83
196 84
197 85
198 86
198 85
199 84
200 83
201 82
202 81
203 80
204 79
199 87
200 88
201 89
202 90
203 91
204 92
205 93
206 94
207 95
208 96
207 97
206 98
205 99
204 100
209 95
210 94
211 93
212 92
213 91
214 90
215 91
216 92
217 93
218 94
219 95
220 96
221 97
222 98
223 99
224 100
217 91
218 90
219 89
220 88
221 87
222 86
223 85
224 84
225 83
181 90
182 91
183 92
184 93
185 94
186 95
187 96
188 97
169 83
170 82
171 81
172 80
173 79
174 78
116 81
117 82
118 83
119 84
120 85
121 86
98 72
99 71
100 70
101 69
102 68
82 67
81 66
56 73
57 72
58 71
59 70
60 69
61 68
62 67
41 82
40 81
39 80
38 79
37 78
36 77
35 78
34 79
33 80
32 81
35 76
34 75
33 74
33 73
34 73
35 72
36 71
37 70
38 69
39 68
39 67
40 67
41 66
42 65
43 64
44 63
45 62
36 69
35 68
34 67
33 66
32 65
31 64
30 63
29 62
28 61
27 60
37 130
36 129
35 128
34 127
33 126
32 125
31 124
30 123
37 150
36 149
35 148
34 147
33 146
32 145
31 144
30 144
36 159
35 160
34 161
33 162
32 163
31 164
30 165
31 166
32 167
33 168
34 169
35 170
35 171
34 172
33 173
32 174
31 175
30 176
29 177
30 178
31 179
32 180
33 181
34 182
35 183
36 184
37 185
38 186
39 187
40 188
41 189
42 190
43 191
37 187
36 188
35 189
34 190
33 191
32 192
31 193
30 194
29 195
28 196
27 197
26 198
26 199
27 200
28 201
29 202
30 203
31 204
32 205
33 206
34 207
35 208
36 209
37 210
38 211
39 212
40 213
41 214
42 215
43 216
41 216
40 217
39 218
38 219
37 220
36 221
35 222
34 223
33 224
32 225
31 226
32 227
33 228
34 229
35 230
36 231
37 232
38 233
39 234
40 235
41 236
42 237
43 237
30 227
29 228
28 203
27 204
26 205
25 206
24 207
75 187
76 186
77 185
78 184
79 183
80 182
81 181
82 180
83 179
84 178
85 177
86 176
87 175
88 175
89 176
90 177
91 178
92 179
93 180
94 181
95 182
96 183
97 184
98 185
99 186
100 187
101 188
102 189
103 188
104 187
105 187
106 188
107 189
108 190
109 191
110 192
111 193
112 194
113 195
114 196
115 197
116 198
117 199
118 200
119 201
116 196
117 195
118 194
119 193
120 192
121 191
94 213
95 212
96 211
97 210
98 209
118 225
119 224
120 223
121 222
149 211
148 210
147 209
146 208
145 207
144 206
143 205
144 204
145 203
146 202
147 201
148 200
149 199
150 198
147 199
146 198
145 197
144 196
143 195
142 194
168 214
169 213
170 212
171 211
172 210
173 209
174 208
175 207
176 206
177 205
178 204
179 203
180 202
181 201
182 200
183 199
184 198
185 199
186 200
186 199
187 201
188 202
189 203
190 204
191 205
192 206
193 207
194 208
195 209
196 208
197 207
198 206
199 205
200 204
201 203
202 202
203 201
204 200
205 199
206 199
207 200
208 201
208 200
209 202
210 203
211 204
212 205
213 206
214 207
215 208
216 209
212 203
213 202
214 201
215 200
191 203
192 202
193 201
194 200
178 202
177 201
176 200
175 199
174 198
173 197
287 218
288 217
289 217
289 216
290 218
291 219
292 220
293 221
294 222
295 223
296 224
297 225
298 226
299 227
300 228
301 229
302 230
303 231
304 232
303 233
302 234
301 235
300 236
299 237
298 238
297 239
296 240
295 241
294 242
294 243
295 244
296 245
297 246
298 247
299 248
300 249
301 250
301 251
300 252
299 253
298 254
297 255
296 256
295 257
294 258
294 259
295 260
296 261
297 262
298 263
299 264
300 265
301 266
302 267
303 268
304 269
305 270
306 271
307 272
308 273
309 274
310 275
311 276
312 277
313 278
314 279
313 280
312 281
311 282
310 283
309 284
308 285
307 286
306 287
305 288
304 289
303 290
302 291
301 292
300 293
300 294
299 294
298 295
297 296
296 297
296 296
295 295
294 294
293 293
292 292
291 291
290 290
289 289
288 288
287 287
286 286
285 285
284 284
283 284
282 285
281 286
280 287
279 288
278 289
277 290
276 291
276 289
275 288
274 287
273 286
272 285
271 284
270 283
269 282
268 281
295 298
294 299
293 300
292 301
291 302
290 303
290 304
291 305
292 306
293 307
294 308
295 309
296 310
297 311
298 312
299 313
300 313
290 306
289 307
288 308
287 309
286 310
285 311
284 312
283 313
282 314
281 315
280 316
279 317
278 318
277 319
276 320
275 321
274 322
275 323
276 324
277 325
278 326
279 327
280 328
281 329
282 330
283 331
284 332
285 333
286 334
287 335
288 336
289 337
290 338
291 339
292 340
293 339
294 338
295 337
296 336
297 337
298 338
299 339
300 340
301 341
300 342
299 343
298 344
297 345
296 346
295 347
294 348
293 349
292 350
291 351
290 352
289 353
288 354
288 355
289 356
290 357
291 358
292 359
293 360
294 361
295 362
296 363
297 364
298 365
299 366
300 367
301 368
302 369
303 370
304 370
305 370
306 370
307 370
308 370
309 370
310 370
311 370
312 370
313 370
314 370
315 370
316 370
289 358
288 359
287 360
286 361
285 362
284 363
283 364
282 365
302 341
303 342
304 343
305 342
306 341
307 340
308 339
309 340
310 341
311 342
312 343
313 344
314 345
315 346
316 347
317 348
318 349
310 339
311 338
312 337
313 336
314 335
315 334
316 333
317 332
318 331
319 330
320 329
321 328
320 327
319 326
318 325
317 324
317 323
317 322
317 321
317 320
317 319
297 335
298 334
299 333
299 332
299 331
274 324
273 325
272 326
271 327
270 328
269 329
268 330
267 329
266 329
265 330
264 331
263 332
263 331
262 330
261 329
260 328
259 327
258 326
257 325
256 324
255 323
254 322
253 321
252 320
251 319
250 318
249 317
248 318
247 319
246 320
245 321
244 322
243 323
242 324
241 325
240 326
239 327
238 328
237 329
236 330
235 331
234 332
233 331
232 330
231 329
230 329
229 330
228 331
227 332
226 333
225 334
224 335
223 336
222 337
221 338
220 339
219 340
218 341
219 342
220 343
221 344
222 345
223 346
224 347
225 348
226 349
227 350
228 351
229 352
230 353
217 342
216 343
215 344
214 345
213 346
212 345
211 344
210 343
209 342
208 341
207 340
206 339
205 338
204 339
203 340
202 341
201 342
200 343
199 344
198 345
197 346
204 337
203 336
202 335
201 334
200 333
199 332
198 331
197 330
196 329
195 328
194 327
195 326
195 325
196 325
197 324
198 323
199 322
200 321
201 320
194 325
193 326
192 326
191 327
190 328
189 329
188 330
187 331
186 332
185 333
184 334
183 335
182 336
181 337
180 338
179 339
178 340
177 341
176 342
177 339
176 338
175 337
174 336
173 335
189 327
188 326
187 325
186 324
185 323
184 322
183 321
182 320
181 319
180 318
179 317
178 316
177 315
176 314
228 329
227 328
226 327
225 326
224 325
223 324
262 333
261 334
260 335
261 336
262 337
263 338
264 339
265 340
266 341
267 342
268 343
269 344
270 345
271 346
272 347
273 348
274 349
268 345
267 346
266 347
265 348
264 349
263 350
262 351
261 352
260 353
259 354
258 355
257 356
256 357
255 358
254 359
253 360
252 361
259 336
258 337
257 338
256 339
255 340
254 341
277 317
276 316
275 315
274 314
273 313
272 312
271 311
270 310
269 309
268 308
267 307
266 306
265 305
264 304
263 303
262 302
261 301
260 300
259 299
259 298
260 297
259 296
258 297
257 298
256 299
255 300
254 301
253 302
252 303
251 304
258 295
257 294
256 293
255 292
254 291
253 290
252 289
251 288
250 287
249 286
248 285
247 284
246 283
315 279
316 280
317 281
318 282
319 283
320 284
321 285
322 286
323 287
324 288
325 289
325 290
325 291
325 292
325 293
325 294
325 295
325 296
325 297
325 298
317 279
318 278
319 277
320 276
321 275
322 274
323 273
324 272
325 271
326 270
327 269
328 268
329 267
330 267
330 266
331 265
332 264
333 263
334 262
335 261
336 260
336 259
337 259
338 258
339 257
340 256
341 255
342 254
343 253
344 253
345 252
346 251
347 250
348 251
349 252
350 253
351 254
352 255
353 256
354 257
355 258
356 259
357 260
357 261
357 262
357 263
358 259
359 258
360 257
361 256
362 255
363 254
364 255
365 256
366 257
367 258
368 259
369 260
370 261
371 262
372 263
373 262
374 261
375 260
376 259
377 258
378 257
379 256
380 256
381 257
382 258
383 259
384 260
385 261
386 262
387 263
388 264
389 265
390 264
391 263
392 262
393 261
394 260
395 259
396 258
397 257
398 258
399 259
400 260
401 261
402 262
403 263
404 264
405 265
406 266
407 267
408 268
401 259
402 258
403 257
404 256
405 255
406 254
407 253
408 252
409 251
410 252
411 253
412 254
413 255
414 256
415 257
416 258
417 259
418 260
419 261
420 262
421 263
422 264
423 265
424 266
425 267
426 268
427 269
428 270
429 271
421 261
422 260
423 259
424 258
425 257
426 256
427 255
428 254
429 253
430 252
431 251
432 250
433 249
434 248
435 248
436 247
437 246
438 247
439 248
440 249
441 250
442 251
443 252
444 253
445 254
446 255
447 256
448 257
449 258
450 259
451 260
452 261
453 260
454 259
455 258
456 257
457 256
458 255
459 254
460 253
461 252
462 251
463 250
464 249
465 248
466 247
467 246
468 245
469 245
470 246
471 247
472 248
473 249
474 250
475 251
476 252
477 253
478 254
479 255
480 256
473 247
474 246
475 245
476 244
477 243
478 242
479 241
480 240
481 239
482 238
483 237
484 236
485 237
486 238
487 239
488 240
489 241
490 242
491 243
492 242
493 241
494 240
495 239
496 238
497 237
498 236
499 235
500 234
501 233
502 234
503 235
504 236
505 237
506 238
507 239
508 240
509 241
510 242
511 243
512 244
511 245
510 246
509 247
509 248
510 249
511 250
512 251
513 252
514 253
515 254
516 255
517 256
518 257
519 258
520 259
521 260
522 261
523 262
522 263
521 264
520 265
519 266
518 267
517 268
516 269
515 270
514 271
513 272
512 273
511 274
510 275
511 276
512 277
513 278
514 279
515 280
516 281
517 282
518 283
519 284
520 285
521 286
522 287
523 288
515 282
514 283
509 274
508 273
507 272
506 271
505 270
504 269
503 268
502 267
501 268
500 269
499 270
498 271
497 272
496 273
495 274
494 275
493 276
492 277
491 278
490 279
489 280
488 281
487 282
486 282
485 282
484 282
508 249
507 250
506 251
505 252
504 253
503 254
502 255
501 256
500 232
499 231
498 230
497 229
496 228
497 227
498 226
499 225
500 224
501 223
502 222
503 221
504 220
505 219
504 218
503 217
503 216
504 215
505 214
506 213
507 212
508 211
509 210
510 209
511 208
512 207
513 206
514 205
515 204
514 203
513 202
512 201
511 200
510 199
509 198
509 197
510 196
511 195
512 194
513 193
514 192
515 191
516 190
517 189
518 188
519 187
520 186
521 185
522 184
523 183
524 182
525 181
526 180
527 179
528 178
529 177
530 176
531 175
532 174
533 173
532 172
531 171
530 170
529 169
528 168
527 167
526 166
525 165
524 164
523 163
522 162
521 161
520 160
519 159
518 158
517 157
516 156
515 155
514 154
513 153
512 152
511 151
510 150
509 149
509 148
510 147
511 146
512 145
513 144
514 143
515 142
516 141
517 140
518 139
519 138
520 137
521 136
520 135
519 134
518 133
517 132
516 131
515 130
514 129
513 128
512 127
511 126
510 125
509 124
508 123
507 122
506 121
505 120
505 119
504 119
503 118
502 117
501 116
500 115
499 114
498 113
497 112
496 111
495 110
494 109
493 108
492 108
506 118
507 117
508 116
509 115
411 251
395 257
394 256
393 255
392 254
391 253
390 252
365 254
366 253
367 252
368 251
335 258
334 257
333 256
332 255
331 254
330 253
329 252
328 251
327 250
326 250
325 250
324 250
323 250
322 250
328 249
329 248
330 247
331 246
332 245
333 244
334 243
335 242
336 241
337 240
338 239
339 238
340 237
341 236
342 235
343 234
344 233
345 232
335 240
334 239
333 238
332 237
331 236
330 235
329 234
328 233
327 232
326 231
325 230
324 229
293 259
292 260
291 261
290 262
289 263
288 264
302 251
293 244
292 245
291 246
290 247
289 248
294 220
295 219
296 218
297 217
298 216
299 215
300 214
301 213
302 212
303 211
304 210
305 209
306 208
307 207
308 206
309 205
310 204
311 203
312 202
313 201
314 200
315 199
316 198
317 199
318 200
319 201
320 202
321 203
322 204
323 205
324 206
325 207
326 208
327 209
328 210
329 211
330 211
331 211
332 211
333 211
334 211
335 211
336 211
337 211
338 211
339 211
340 211
341 211
342 211
343 211
344 211
345 211
346 211
315 197
314 196
315 195
316 194
317 193
318 192
319 191
320 190
321 189
322 188
323 187
324 186
325 185
326 184
327 183
328 182
329 181
330 180
331 179
332 178
333 177
334 176
335 175
336 176
337 177
338 178
339 179
340 180
341 181
342 182
343 183
344 184
345 185
346 186
347 187
348 188
339 177
340 176
341 175
342 174
343 173
344 172
345 171
346 170
347 169
348 168
349 167
322 186
321 185
320 184
319 183
318 182
317 181
316 180
315 179
314 178
313 177
314 176
315 175
316 174
317 173
318 172
319 171
320 170
321 169
322 168
323 167
324 166
325 165
326 164
327 163
328 162
329 161
330 160
331 159
332 158
333 157
334 156
335 155
336 154
337 153
338 152
339 151
340 150
341 149
342 148
343 147
344 146
345 145
346 144
347 144
348 145
349 146
349 144
350 143
351 142
352 141
321 167
320 166
319 165
318 164
317 163
316 162
315 161
314 160
313 159
312 158
312 157
311 157
310 156
309 155
308 154
307 153
306 152
305 151
304 150
303 149
313 156
314 155
315 154
316 153
317 152
318 151
319 150
320 149
321 148
322 147
323 146
324 145
325 144
326 143
327 142
328 141
322 145
321 144
320 143
319 142
318 141
317 140
316 139
315 138
314 137
313 136
314 135
315 134
316 133
317 132
318 131
319 130
320 129
321 128
322 127
323 126
324 125
325 124
326 123
326 122
327 121
328 120
329 119
330 118
331 117
332 116
333 115
334 114
335 113
336 112
337 111
338 110
339 109
340 108
341 108
342 109
342 108
343 107
344 106
345 105
346 104
347 103
348 102
349 101
350 100
351 99
352 98
353 98
342 106
341 105
340 104
339 103
338 102
337 101
336 100
335 99
334 98
333 97
332 96
343 110
344 111
345 112
346 113
347 114
348 115
349 116
350 117
351 118
352 119
312 135
311 134
310 133
309 132
308 131
307 130
306 129
305 128
304 127
303 126
302 125
301 124
302 123
303 122
304 121
305 120
306 119
307 118
308 117
309 116
310 115
309 114
308 113
307 112
306 111
305 110
304 109
303 108
302 107
301 106
302 105
301 104
300 105
299 104
298 103
297 102
296 101
295 100
294 101
293 102
292 103
291 104
290 105
289 106
288 107
294 99
293 98
292 97
291 96
290 95
289 94
288 93
287 92
286 91
287 90
285 90
284 89
284 88
283 88
282 87
281 86
280 87
279 88
278 89
277 90
276 91
275 92
274 93
273 94
272 95
272 94
271 93
270 92
269 91
268 90
267 89
266 88
271 96
270 97
269 98
268 99
267 100
266 101
265 102
264 103
263 104
262 103
261 102
260 101
259 100
258 99
257 98
256 97
255 96
254 95
253 96
252 97
251 98
250 99
249 100
248 101
247 102
246 103
245 104
253 94
252 93
251 92
250 91
249 90
248 89
247 88
246 87
246 86
246 85
302 103
303 102
304 101
305 100
306 99
307 98
308 97
309 96
310 95
311 94
312 176
311 175
310 174
309 173
308 172
307 171
306 170
305 169
312 200
311 199
310 198
309 197
308 196
307 195
306 194
305 193
304 192
274 206
273 205
272 204
271 203
270 204
269 205
268 206
267 207
266 208
265 209
264 210
263 211
262 212
261 213
260 214
259 215
266 206
265 205
264 204
263 203
262 202
261 201
260 200
259 199
258 198
190
344 253
305 169
302 230
325 298
181 229
30 176
104 91
357 263
142 220
160 76
390 252
452 261
237 218
216 209
27 98
66 186
73 240
102 189
43 191
64 207
144 72
256 256
308 273
121 222
310 115
302 251
408 268
345 232
484 236
195 209
278 229
194 325
62 231
326 208
168 249
121 86
123 70
318 349
324 229
100 222
197 346
111 243
83 179
81 196
332 96
303 149
322 250
246 283
259 215
348 188
201 320
521 136
255 323
43 216
299 331
49 169
311 94
330 267
346 211
45 62
328 141
282 365
150 198
32 81
244 239
172 96
304 192
173 197
29 195
119 201
246 85
185 250
304 343
169 236
297 364
41 107
24 207
43 237
251 304
133 242
202 230
287 90
505 219
225 83
288 264
287 309
268 281
328 162
484 282
276 291
501 256
322 286
37 152
204 79
352 119
519 187
266 88
223 324
98 209
331 254
274 314
62 67
160 221
148 246
83 82
480 256
293 349
331 117
176 314
29 228
202 251
429 271
54 140
269 256
254 341
213 346
372 263
288 288
252 361
302 105
514 283
204 100
289 248
352 141
433 249
30 123
353 98
303 211
533 173
317 319
82 219
305 128
245 104
263 104
277 209
492 108
93 241
215 200
499 235
265 235
174 208
188 97
316 370
50 119
523 262
52 104
512 244
224 100
102 68
274 349
105 81
262 302
176 342
349 146
245 259
194 200
268 330
30 144
327 183
27 60
368 251
224 252
173 335
389 265
300 294
258 198
81 66
174 78
48 77
230 353
223 229
142 194
288 107
492 277
66 85
283 331
515 204
349 167
189 79
121 191
289 216
523 288
234 332
509 115
411 251
30 165
143 92
237 204
300 313
321 328
